E-type mean values
1
mean
      6.5358
      6.4705
      6.1640
      4.9358
      3.8376
      2.7830
      2.2125
      2.1903
      1.9543
      1.9724
      3.3384
      3.4973
      1.2943
      1.3007
      1.0112
      0.4875
      0.4202
      0.4389
      0.1626
      0.1358
      0.1796
      0.2667
      0.3821
      0.4996
      0.5864
      0.6155
      0.6595
      0.7041
      0.7537
      0.7775
      0.8435
      0.9396
      0.8441
      0.7778
      0.7116
      0.6602
      0.4741
      0.4161
      0.3853
      0.4103
      0.4126
      0.4212
      0.4528
      0.4796
      0.4956
      0.4788
      0.4292
      0.3480
      0.4265
      0.4757
      7.3773
      6.8465
      4.1637
      5.6734
      3.8765
      0.0840
      2.1845
      2.1812
      1.8969
      3.2754
      3.6732
      3.9338
      3.8291
      0.9096
      0.3483
      0.3398
      0.6566
      0.6165
      0.3278
      0.0920
      0.0840
      0.2334
      0.4038
      0.6104
      0.7248
      0.7762
      0.7213
      0.8442
      0.9073
      0.9212
      0.9653
      1.0482
      0.9619
      0.8051
      0.6865
      0.4785
      0.3770
      0.3177
      0.3233
      0.3213
      0.3409
      0.3964
      0.4595
      0.5222
      0.5685
      0.5859
      0.5620
      0.5386
      0.5489
      0.5849
      8.0735
      7.4746
      6.6587
      5.8439
      4.3217
      2.9658
      2.2340
      2.1984
      2.1400
      1.6704
      4.0279
      4.4217
      4.6539
      4.0689
      0.2179
      0.8573
      0.5620
      0.3338
      0.3419
      0.1472
      0.1491
      0.2783
      0.4692
      0.7558
      0.9890
      1.0867
      1.1105
      1.0890
      1.0949
      1.0746
      1.0196
      1.1472
      1.0315
      0.8427
      0.6733
      0.4422
      0.3267
      0.2659
      0.2325
      0.2509
      0.2996
      0.3929
      0.4977
      0.6017
      0.6985
      0.7591
      0.7690
      0.7477
      0.7335
      0.7115
      8.2421
      7.6199
      7.1371
      6.0440
      4.9437
      3.5675
      2.5883
      2.2467
      2.1618
      1.6824
      4.5962
      5.0111
      5.3557
      5.3800
      0.3812
      0.0840
      0.5618
      0.5757
      0.5866
      0.3785
      0.3773
      0.2930
      0.5536
      1.1489
      1.2567
      1.4834
      1.4790
      1.3583
      1.2801
      1.2184
      1.2877
      1.2070
      1.0894
      0.9015
      0.6173
      0.4196
      0.3266
      0.2254
      0.1693
      0.1866
      0.2704
      0.4073
      0.5638
      0.7288
      0.8840
      0.9924
      1.0217
      0.9999
      0.9505
      0.9263
      8.5095
      7.8424
      7.3553
      6.3445
      5.4046
      4.0474
      3.0692
      2.3594
      2.0119
      1.7006
      1.3299
      5.3712
      0.9440
      0.7130
      0.3975
      0.5939
      0.5900
      0.6129
      0.6278
      0.6279
      0.4098
      0.2727
      0.5874
      1.1950
      1.4516
      1.9220
      1.7333
      1.5516
      1.4307
      1.3338
      1.3804
      1.2794
      1.1398
      0.9246
      0.6670
      0.4326
      0.3317
      0.2054
      0.1176
      0.1507
      0.2496
      0.4463
      0.6785
      0.9159
      1.1344
      1.2834
      1.3118
      1.2697
      1.2199
      1.1324
      8.7486
      8.4923
      7.7035
      6.6970
      5.8832
      4.6368
      3.7462
      2.6277
      2.0625
      1.7214
      1.3367
      0.9490
      0.9599
      0.9504
      0.6372
      0.6281
      0.6479
      0.6760
      0.6954
      0.6781
      0.6487
      5.3800
      0.8160
      1.2505
      1.4454
      1.7246
      1.7574
      1.6258
      1.5119
      1.4104
      1.4340
      1.3238
      1.1834
      0.9547
      0.7041
      0.5241
      0.3695
      0.2191
      0.0840
      0.1469
      0.2457
      0.4980
      0.8132
      1.1225
      1.3900
      1.5912
      1.6030
      1.5237
      1.4429
      1.3262
      9.0320
      8.8174
      8.3803
      7.1333
      6.3000
      5.2161
      4.0738
      2.8229
      2.1205
      1.7498
      1.1836
      0.9459
      0.9738
      0.7208
      0.7303
      0.7552
      0.7270
      0.7448
      0.3480
      0.7534
      0.7676
      0.6686
      0.9230
      1.2536
      1.5507
      1.5615
      1.6238
      1.5826
      1.5110
      1.4349
      1.4565
      1.3470
      1.1960
      0.9664
      0.7645
      0.6010
      0.4447
      0.3042
      0.1870
      0.1383
      0.2300
      0.5649
      0.9927
      1.3832
      1.6864
      1.9220
      1.8486
      1.7521
      1.6250
      1.4806
     11.0791
      9.1584
      8.8161
      7.5553
      6.6801
      5.6771
      4.4571
      3.2692
      0.3480
      1.7866
      5.3800
      1.2274
      1.0342
      0.8372
      0.9106
      0.9536
      0.9912
      0.9455
      0.9871
      1.0173
      1.0547
      1.1094
      1.2629
      1.4761
      1.4891
      1.4108
      1.4767
      1.4906
      1.4517
      1.4316
      1.3732
      1.3309
      1.1780
      1.0165
      0.8784
      0.7160
      0.5700
      0.4421
      0.3380
      0.2589
      5.3800
      0.7266
      1.2275
      1.6344
      1.9182
      2.0214
      1.9641
      1.8696
      1.7419
      1.5972
     11.0791
     11.0791
     11.0791
      8.7047
      7.7492
      6.0486
      4.9440
      3.7299
      2.5178
      1.9282
      1.4980
      1.3360
      1.1610
      0.9994
      1.1134
      1.2645
      1.4024
      1.3612
      1.4323
      1.4153
      1.4156
      1.4042
      1.3974
      1.5338
      1.4391
      1.4902
      1.3178
      1.3287
      1.3294
      1.3706
      1.3843
      1.3015
      1.1592
      1.0584
      0.9582
      0.8352
      0.7214
      0.6286
      0.5282
      0.4953
      0.6336
      1.0788
      1.5439
      1.9363
      2.1488
      2.1397
      2.0256
      1.9057
      1.7898
      1.6381
     11.0791
     11.0791
     11.0791
     11.0791
      7.8218
      6.5175
      5.3051
      3.7720
      2.7926
      2.0378
      1.5074
      1.7822
      1.3671
      1.2512
      1.4233
      1.6364
      1.8462
      1.9633
      1.9320
      1.8851
      1.8111
      1.7340
      1.5654
      1.5667
      1.3880
      1.3740
      1.1259
      1.1001
      1.1324
      1.2174
      1.3919
      1.2671
      1.1541
      1.0774
      1.0244
      0.9355
      0.8626
      0.7814
      0.7324
      0.7783
      0.9865
      1.3940
      1.9184
      2.3003
      2.3581
      2.2113
      2.0448
      1.8967
      1.7602
      1.6414
      9.2087
      9.0212
      2.6903
      8.3399
      7.5497
      6.5299
      4.9507
      3.4515
      2.7007
      2.1495
      1.9038
      1.4516
      1.5592
      1.5794
      1.8258
      2.1213
      2.3546
      2.5227
      2.5050
      2.4366
      2.3072
      2.0722
      1.7164
      1.6090
      1.4839
      1.1958
      1.0899
      1.0007
      0.7812
      0.9085
      1.0697
      1.1141
      1.0772
      1.0704
      1.0387
      1.0165
      0.9628
      0.9050
      0.8988
      0.9950
      1.1978
      1.6136
      2.1120
      2.6903
      2.4278
      2.1923
      1.9927
      1.8333
      1.7110
      1.5830
      9.0081
      8.8435
      8.5530
      8.1226
      7.3432
      6.4078
      4.3407
      3.2687
      2.5212
      1.9926
      2.0741
      1.6859
      1.5882
      1.8912
      2.2940
      2.6769
      3.0086
      3.1749
      3.1362
      2.9905
      2.6641
      2.3960
      1.3919
      1.5990
      1.4105
      1.0192
      0.8766
      0.7177
      0.3480
      0.6024
      0.7738
      0.8872
      1.0044
      1.0292
      1.0387
      1.0525
      1.0211
      0.9873
      0.9930
      1.0940
      1.3041
      1.6138
      1.9881
      2.2368
      2.2065
      2.0466
      1.8577
      1.7181
      1.6073
      1.4850
      8.8684
      8.7653
      8.5321
      8.0775
      7.3611
      5.9758
      4.1382
      0.7213
      2.3673
      2.1156
      2.1836
      2.0307
      1.7416
      1.3919
      2.7895
      3.3208
      3.6238
      3.7207
      3.6180
      3.4158
      3.0298
      2.6154
      2.2108
      1.6672
      1.2648
      0.8722
      0.6928
      0.5417
      0.2729
      0.3859
      0.5552
      0.7466
      0.9004
      0.9785
      1.0316
      1.0677
      1.0263
      0.9977
      1.0034
      1.0886
      1.2345
      1.4576
      1.6781
      1.7904
      1.7910
      1.7328
      1.6466
      1.5505
      1.4532
      1.3623
      8.7178
      8.6570
     11.0791
      8.0221
      6.9558
      5.6074
      4.2515
      2.8461
      2.3715
      1.9001
      2.2472
      1.8466
      1.8436
      2.6302
      3.2419
      3.7742
      2.6903
      4.1769
      4.0519
      3.7934
      3.3758
      2.7917
      2.2999
      1.7616
      1.2018
      0.8971
      0.5410
      0.4130
      0.4215
      0.3021
      0.4475
      0.6182
      0.8178
      0.9373
      1.0248
      1.0451
      1.0126
      0.9499
      0.9372
      0.9855
      1.0805
      1.2922
      1.3920
      1.4035
      1.3407
      1.2883
      1.3919
      1.3461
      1.2854
      1.1795
      8.5001
     11.0791
     11.0791
      4.1637
      6.4587
      5.4532
      4.2056
      3.0284
      2.1747
      2.2126
      1.9888
      1.8439
      2.0984
      2.8811
      3.4923
      4.0875
      4.5276
      2.6903
      4.4282
      4.0571
      3.5263
      2.9547
      2.3392
      1.8164
      1.1466
      0.7264
      0.3899
      0.0840
      0.3638
      0.2403
      0.3495
      0.5125
      0.6838
      0.8569
      1.0165
      0.9643
      0.9084
      0.8729
      0.8107
      0.8202
      0.9494
      1.0102
      1.0371
      1.0181
      0.9125
      0.7213
      1.0251
      1.1309
      1.1236
      1.0683
      8.1799
      8.0521
      2.6903
      6.7061
      5.8185
      4.8987
      3.9219
      2.8786
      2.2860
      2.2184
      1.6882
      1.0165
      2.2210
      2.9103
      3.5323
      4.2208
     11.0791
     11.0791
      4.1637
      4.1193
      3.4504
      2.8283
      2.1641
      1.5146
      0.8009
      0.6194
      1.8101
      1.2769
      1.9143
      0.1873
      0.3133
      0.4833
      0.5543
      0.7289
      0.8006
      0.8153
      0.7667
      0.7255
      0.6795
      0.6766
      0.7170
      0.7361
      0.7387
      0.7080
      0.6768
      0.6852
      0.8324
      0.9499
      0.9834
      0.9691
      6.9011
      6.7393
      6.2216
      5.6407
      5.0480
      4.2617
      3.6233
      2.5561
      2.1626
      2.0958
      1.5600
      1.3738
      2.0483
      2.7180
      3.4108
      3.9887
      4.4616
      2.6903
      4.3905
      3.9542
      3.3296
      2.6656
      1.9618
      1.2168
      0.7227
      0.6113
      2.4948
      2.2833
      2.5201
      0.1729
      0.2231
      0.3196
      0.5560
      0.5767
      0.6412
      0.6556
      0.5883
      0.5293
      0.4721
      0.4854
      0.5216
      0.5103
      0.5402
      0.5579
      0.5702
      0.6558
      0.7347
      0.8315
      0.8889
      0.8966
      5.9486
      5.6260
      5.3899
      5.0423
      4.7393
      4.1006
      3.1665
      2.2823
      1.8536
      1.6496
      1.1313
      1.1787
      1.7394
      2.4858
      3.0799
      3.5627
      3.8837
      4.0458
      3.9627
      3.6299
      3.0892
      2.4304
      1.7569
      0.9072
      0.6408
      3.8340
      3.2882
      3.1307
      0.1640
      0.1833
      0.2054
      5.3800
      0.4380
      0.5865
      0.5176
      0.5117
      0.4294
      0.3477
      0.2872
      0.2605
      0.3110
      0.3715
      0.4146
      0.4568
      0.5410
      0.6365
      0.7141
      0.7723
      0.8265
      0.8615
      4.9885
      4.9501
      5.0262
      4.6046
      4.1898
      3.6639
      2.7692
      1.0165
      1.6566
      1.1982
      0.9360
      1.0042
      1.5112
      2.0697
      2.6439
      3.0649
      3.3464
      3.5634
      3.5504
      3.3036
      2.8534
      2.2266
      1.5934
      5.3800
      0.6438
      0.6257
      0.4240
      0.4311
      0.2398
      0.2908
      0.3406
      0.3632
      0.4407
      0.5163
      0.4613
      0.4107
      0.3354
      0.2558
      0.1451
      0.0840
      0.3914
      0.2458
      0.3323
      0.4315
      0.8010
      0.9452
      1.0297
      1.0940
      1.1430
      1.1534
      4.7161
      4.7175
      4.4032
      4.2130
      3.7934
      3.2612
      2.8300
      2.0993
      1.5684
      5.3800
      0.7607
      0.8431
      1.0968
      1.6776
      2.0793
      2.4988
      2.8317
      3.0894
      3.1749
      3.0151
      2.6731
      2.2102
      1.6945
      1.0651
      0.7633
      0.7311
      0.5131
      0.5406
      0.4355
      0.5097
      0.5625
      0.5697
      0.5681
      0.5297
      0.5047
      0.3944
      0.5886
      0.4306
      0.3786
      0.3252
      0.3380
      0.4407
      0.5580
      0.6920
      0.8166
      0.9236
      1.0085
      1.1083
      1.1416
      1.2417
      3.9620
      4.0125
      3.9034
      3.7725
      3.7399
      3.3313
      2.8515
      2.2180
      1.5932
      1.1585
      1.0127
      1.0574
      0.8342
      1.0781
      1.5115
      1.9710
      2.3669
      2.6374
      2.7892
      1.9220
      2.5978
      2.2989
      1.9134
      1.5128
      1.2552
      0.8616
      0.6763
      0.5661
      0.6788
      0.7706
      0.8241
      0.7931
      0.7019
      0.6055
      0.7241
      0.8610
      0.7522
      1.0471
      0.7780
      0.3252
      0.3300
      0.6291
      0.7844
      1.1734
      1.3306
      1.5062
      1.5884
      1.4313
      1.6775
      2.0392
      3.7180
      3.6231
      3.7950
      3.7662
      3.7996
      3.7776
      3.1542
      2.3231
      1.6055
      1.2650
      1.3438
      1.3777
      1.1198
      1.1860
      0.3480
      1.4299
      1.9782
      2.2834
      2.5639
      2.6045
      2.5442
      2.4035
      2.2028
      2.0254
      1.7306
      1.1587
      0.8556
      0.7827
      0.9153
      1.0474
      1.1185
      1.2218
      1.0221
      0.8624
      1.1747
      1.0558
      1.1479
      1.0370
      0.0840
      0.5402
      0.0840
      0.9059
      1.0982
      1.2679
      1.4089
      1.5360
      1.6658
      1.7211
      1.9272
      2.0273
      3.4024
      3.2699
      3.2733
      3.2494
      3.5660
      2.6903
      2.7329
      2.2724
      2.0119
      1.8012
      1.4196
      1.1216
      1.4787
      1.5108
      1.2382
      1.3786
      1.7617
      2.1052
      2.3094
      2.4859
      2.5677
      2.5955
      2.5676
      2.4507
      1.8867
      1.4849
      0.8727
      0.9429
      1.2463
      1.3886
      1.3919
      1.5669
      1.1086
      1.3237
      1.3895
      1.5061
      1.1708
      1.1297
      1.1237
      0.8784
      0.9426
      1.1080
      1.2683
      1.4091
      1.5306
      1.0165
      1.7465
      1.9230
      2.0163
      2.0153
      2.8865
      2.8046
      2.8286
      1.3919
      2.6256
      2.5719
      2.4616
      2.3878
      2.3932
      2.2103
      1.7859
      1.3110
      1.2866
      1.3088
      1.9189
      1.6979
      1.9376
      1.9606
      2.2274
      2.4319
      2.6367
      2.8319
      2.9694
      2.6699
      2.4277
      1.6623
      0.7213
      1.3322
      1.5531
      1.5892
      1.5471
      1.6701
      1.4481
      1.5269
      1.6775
      1.6029
      1.5332
      1.2666
      1.2863
      1.3489
      1.4773
      1.5993
      1.7553
      1.8427
      1.6532
      1.6733
      1.6750
      1.8340
      1.8365
      1.9020
      2.0559
      1.9030
      1.7856
      1.6545
      1.9438
      2.0402
      2.1345
      2.3796
      2.6471
      2.7249
      2.4267
      1.6820
      1.4804
      0.7213
      1.4627
      1.7788
      1.8677
      1.9156
      2.1543
      2.3505
      2.6644
      2.6661
      2.6421
      2.6903
      2.7764
      2.4576
      2.5117
      2.4480
      1.9713
      1.8603
      1.5756
      1.4438
      1.8225
      1.5438
      1.7943
      2.0190
      1.9975
      1.7184
      1.7651
      1.8848
      1.8412
      2.1925
      2.0664
      2.0526
      1.7942
      1.7245
      1.6890
      1.6812
      1.7381
      1.7131
      5.3800
      1.6883
      1.8450
      1.3799
      1.4922
      1.6275
      0.0840
      2.3875
      2.9774
      3.2158
      3.1381
      2.9227
      2.2687
      1.8219
      1.7332
      1.5881
      1.6219
      1.6367
      1.8881
      2.0463
      2.3891
      2.3548
      2.6583
      2.9354
      3.1093
      4.1637
      3.0718
      2.8205
      2.4885
      2.0591
      1.4857
      1.4675
      1.7677
      1.8314
      2.1541
      2.1433
      2.1444
      1.9485
      2.0003
      2.1878
      2.4718
      2.6532
      2.3717
      2.2489
      2.1084
      1.7600
      1.7025
      1.6777
      1.0165
      1.6741
      1.3143
      1.3711
      1.1614
      1.3022
      1.4143
      1.7596
      2.2111
      2.9815
      3.6314
      3.8800
      3.7836
      3.4339
      2.9078
      2.2006
      1.8407
      1.7511
      1.6631
      1.5435
      1.8269
      1.9391
      1.8926
      2.2505
      2.5027
      2.7479
      2.9418
      3.5476
      3.4388
      2.9622
      2.5944
      2.1741
      1.5352
      0.3480
      2.0567
      2.1555
      2.3587
      2.3072
      2.3261
      2.3625
      2.4307
      2.6104
      2.8017
      1.9220
      2.6412
      2.3799
      2.1753
      2.0307
      1.7064
      1.7294
      1.6959
      1.6571
      1.0291
      1.0926
      1.2243
      1.3182
      1.6173
      2.3518
      3.1115
      3.8079
      4.4800
      4.7657
      4.4888
      3.8797
      3.2295
      2.4640
      1.8630
      1.0165
      1.6586
      1.5943
      1.6186
      1.8158
      1.7274
      2.0158
      2.2172
      2.4293
      2.9440
      2.8610
      3.2263
      2.8875
      2.5500
      2.2235
      1.7233
      1.6356
      2.2682
      2.4594
      2.7392
      2.8674
      2.8134
      2.5504
      2.5878
      2.9391
      3.5649
      3.6129
      3.2788
      2.8064
      2.1783
      2.0277
      1.7461
      1.7598
      1.6938
      1.6173
      1.1386
      1.1734
      1.2957
      1.4263
      1.6685
      2.9260
      3.6507
      4.5246
      5.3251
     11.0791
      5.0883
      4.2537
      3.4224
      2.6239
      1.6034
      1.4885
      1.5512
      1.5453
      1.4749
      1.5818
      1.4987
      1.7312
      1.8637
      2.0591
      2.2155
      2.4615
      3.2249
      2.8823
      2.7505
      2.0923
      1.9393
      2.0238
      2.5178
      2.8466
      3.3273
      3.6494
      3.7438
      3.4131
      0.7213
      3.9783
      4.4212
      3.9432
      3.4891
      3.0564
      2.2023
      1.7835
      1.8765
      1.9987
      1.8623
      1.8425
      1.2606
      1.2945
      1.3515
      1.4483
      1.7776
      3.1080
      3.9504
      4.9067
     11.0791
     11.0791
      2.6903
      4.4348
      3.5258
      2.6317
      0.3480
      1.3272
      1.4618
      1.5028
      1.3424
      1.4364
      1.6047
      1.3527
      1.4910
      1.6737
      1.8620
      2.8948
      2.9484
      2.6015
      2.7203
      2.6674
      2.6155
      2.6603
      3.2169
      3.9212
      4.1088
      4.7873
      5.0288
      4.9693
      5.0038
      5.1882
      5.0497
      4.6711
      4.0956
      3.4559
      2.8568
      1.0165
      2.1479
      2.4661
      2.4603
      2.4171
      1.3657
      1.3956
      1.4928
      1.5374
      0.7213
      3.1360
      3.9897
      4.8190
      5.4500
      4.1637
      5.1134
      4.4352
      3.5890
      2.7841
      1.6958
      1.4024
      1.4947
      1.5409
      1.3643
      1.2690
      1.2255
      1.2117
      1.0165
      1.4809
      2.0228
      2.4320
      2.4430
      2.7537
      3.0449
      2.8727
      2.9144
      3.1945
      3.3337
      4.3234
      5.5574
      6.1253
      6.0749
      6.0173
      6.1404
     11.0791
      5.6421
      5.0342
      4.5666
      4.0868
      3.4751
      3.2918
      2.9589
      3.0455
      2.9067
      2.8428
      1.4441
      1.4807
      1.5723
      1.6378
      2.0146
      3.1169
      3.8221
      4.5039
      4.9522
      5.0651
      4.7878
      4.2255
      3.5830
      2.9527
      2.0514
      1.5907
      1.6230
      1.6004
      1.4455
      1.5576
      1.3658
      1.4448
      1.7572
      1.8777
      2.3436
      2.6538
      2.6733
      2.8556
      2.9201
      3.2132
      3.3639
      3.6962
      3.7994
      1.9220
      6.7587
     11.0791
      6.5445
      6.5244
     11.0791
     11.0791
      2.6903
      5.1447
      4.7345
      4.1866
      3.9408
      3.5024
      3.4905
      3.5225
      3.5272
      3.4664
      1.5627
      1.5474
      1.6112
      1.7221
      1.9750
      3.0567
      3.6237
      4.0950
      4.4174
      4.5285
      4.3834
      4.0235
      3.5261
      2.9436
      2.1314
      1.7823
      1.7133
      1.7460
      1.6182
      1.6706
      1.6125
      1.7710
      2.1036
      2.1380
      2.6591
      2.6879
      2.8524
      1.9220
      3.0587
      3.6618
      4.1252
      4.5607
      4.8230
      5.7706
     11.0791
     11.0791
      4.1637
      6.3887
      6.3796
      1.9220
      5.3017
      5.1093
      4.6035
      4.4413
      4.3355
      4.3067
      4.2851
      3.9010
      3.8164
      3.7522
      1.6680
      1.6477
      1.7161
      1.0165
      2.0923
      2.7071
      3.2114
      3.6663
      3.9237
      4.0281
      3.9645
      3.7483
      3.2980
      2.6052
      2.0965
      1.9496
      1.8587
      1.9376
      1.8658
      2.0038
      2.0429
      2.5409
      2.9864
      2.9472
      3.0507
      3.4034
      3.4738
      3.4059
      3.6836
      4.4596
      4.8412
      5.0036
      5.4998
      5.9553
      6.2898
      2.6903
      7.1476
      6.5463
      6.1254
      5.0353
      4.9856
      4.7649
      4.7546
      4.6476
      4.6293
      4.6554
      4.7019
      4.5736
      4.7485
      4.3831
      1.7477
      1.6576
      1.6283
      1.6799
      1.8007
      2.3048
      2.8116
      3.0841
      3.4550
      3.5606
      3.5379
      3.2584
      1.9220
      2.3987
      2.2065
      2.0379
      1.9701
      1.3919
      2.2352
      2.3687
      2.4166
      2.6903
      3.1849
      3.5164
      3.6586
      3.6140
      4.0443
      1.9220
      4.4585
      5.2543
      5.6045
      5.7415
      5.3164
      6.4247
      6.5722
      6.6462
      6.6145
      6.4568
      6.1381
      5.5434
      4.9834
      4.9451
      4.5408
      4.6368
      4.7028
      4.8007
      4.1637
      4.8459
      4.7413
      4.7838
      1.6988
      1.5541
      1.4567
      1.4549
      1.4857
      1.7879
      2.1765
      2.4442
      2.6419
      3.1031
      3.0420
      2.7348
      2.4027
      2.3007
      2.2109
      2.1027
      2.3158
      2.5195
      2.9352
      3.0560
      3.3470
      3.5240
      3.9743
      4.2847
      4.2572
      4.2996
      4.4609
      4.6787
      5.0826
      5.9712
      6.4199
      6.1042
      2.6903
      6.5859
      6.2772
      6.2616
      6.6812
      6.5182
      4.1637
      5.4801
      4.6996
      4.5283
      4.3995
      4.4221
      4.4971
      4.5252
      4.6399
      4.6384
      4.6393
      4.7401
      1.6826
      1.4676
      1.3256
      1.2590
      1.1646
      1.2361
      1.5200
      1.8037
      2.5063
      2.5649
      2.4953
      2.3336
      2.1887
      2.1597
      2.1478
      2.4529
      2.7229
      2.6533
      2.5842
      2.9321
      3.8279
      3.9545
      4.4950
      4.6992
      4.7133
      4.7582
      4.9594
      5.0524
      5.7005
      6.2215
      6.4983
      4.1637
     11.0791
     11.0791
      6.3156
      6.2843
      6.1230
      4.1637
      4.1637
      1.9220
      4.6736
      4.4128
      4.2184
      4.1670
      4.0671
      4.1140
      4.1691
      4.2167
      4.3438
      4.0753
      2.0069
      1.6255
      1.2424
      1.0597
      0.3480
      1.1070
      1.2523
      1.4130
      1.5446
      1.8806
      2.0470
      2.0037
      1.8104
      1.8000
      1.8843
      2.0475
      2.6043
      2.5415
      2.4819
      3.4586
      4.0172
      4.3966
      4.7107
      5.1382
      5.1941
      5.2601
      5.2430
      5.5714
      5.8872
      6.5909
      6.8664
      6.9863
      2.6903
      7.5451
      6.8615
      6.4066
      6.1607
      5.9749
     11.0791
      5.4135
      4.5176
      4.2304
      3.9121
      3.6807
      3.3057
      3.2543
      3.3060
      3.3840
      3.5600
      3.1659
      2.2839
      1.8679
      1.3749
      0.3480
      1.0235
      0.8966
      0.9969
      1.0944
      1.1892
      1.4233
      1.5435
      1.5085
      1.3780
      1.4252
      1.9365
      2.0560
      2.3864
      2.3934
      3.0748
      3.6741
      4.2217
      4.6128
      4.9566
      5.3869
      5.4843
      5.6504
      5.6708
      5.9702
      6.6226
      6.8872
      7.1037
      7.2284
      7.6578
      6.9886
      6.2518
      6.0940
      5.4692
      5.0820
      5.4221
      4.1637
      4.1320
      3.9185
      3.5259
      3.2351
      2.9184
      2.7724
      2.8283
      2.9837
      3.2211
      3.4375
      2.3833
      2.2481
      1.5557
      1.1383
      0.9643
      1.0298
      1.0345
      1.0827
      1.1713
      0.9524
      0.9947
      1.1182
      1.1764
      1.0165
      1.6558
      1.7071
      2.1456
      2.5438
      3.2473
      3.8463
      4.4078
      4.7568
      5.1158
      5.5358
      5.7851
      5.8872
      5.9968
      6.6568
      7.3210
      7.6084
      7.8305
      8.3224
      7.5334
      6.9362
      6.6597
      5.7685
      5.3266
      4.9190
      4.5434
      4.1169
      3.7997
      3.4199
      3.3611
      3.0198
      2.6909
      2.0700
      1.9163
      2.0020
      2.2502
      3.2524
      2.7957
      2.4476
      2.0456
      1.6555
      1.3919
      1.2222
      1.0926
      1.1042
      0.8997
      0.9166
      0.7171
      0.7639
      0.8497
      1.1154
      1.1999
      1.6044
      2.0669
      2.5453
      3.3380
      4.3820
      4.7971
      5.1313
      5.5448
      5.5865
      5.3844
      6.4180
      6.5868
      7.1949
      7.9248
      8.4148
     11.0791
      8.6033
      8.0554
      7.0755
      6.6984
      5.5876
      5.1818
      4.5884
      4.2307
      4.1619
      3.2898
      3.0389
      2.7180
      2.4488
      2.1561
      1.9091
      5.3800
      1.8771
      2.2172
      2.4742
      2.6903
      2.7776
      2.3368
      1.9490
      1.6419
      1.3955
      0.7213
      0.9166
      0.6604
      0.8869
      0.6616
      0.6775
      0.7539
      0.7834
      1.0236
      1.4395
      1.9182
      2.8553
      3.3846
      4.7542
      4.8744
      5.5271
      5.6150
      5.7578
      6.0765
      6.3271
      7.0538
      7.6461
      7.9519
     11.0791
     11.0791
     11.0791
      8.1530
      7.8765
      8.9623
      5.3789
      4.3741
      3.7186
      3.9059
      3.6223
      3.5918
      3.2530
      2.7072
      2.5260
      2.3234
      2.1423
      1.6774
      1.8608
      2.4466
      2.6351
      3.1600
      2.8839
      2.4914
      2.1315
      1.8230
      1.5540
      1.1766
      0.7361
      0.6692
      0.8659
      0.6107
      0.6019
      0.6242
      0.6263
      0.7821
      1.1895
      2.1098
      2.7179
      3.6721
      4.1637
      5.1432
      5.4156
      5.4531
      6.0060
      6.3208
      6.5612
      6.9612
      7.5560
      2.6903
      8.3509
     11.0791
      8.1302
      8.1012
      7.4881
      6.2940
      7.8367
      3.2223
      2.7857
      2.8407
      2.9393
      3.4158
      3.4752
      3.2148
      2.7914
      2.6663
      2.6420
      2.3081
      2.4871
      2.6023
      2.6909
      3.1098
      2.8600
      2.5777
      2.2485
      1.9541
      1.5830
      1.3062
      0.7768
      0.6805
      0.6243
      0.5571
      0.5388
      0.5409
      0.5294
      0.3480
      1.0450
      1.9533
      3.2841
      4.0904
      4.4358
      4.7773
      5.0976
      5.6490
      6.1322
      6.1144
      6.4107
      6.8450
      7.1736
      7.5702
      7.9926
      8.2035
      8.1407
      8.1540
      7.0580
      6.2199
      4.6376
      5.3800
      2.6898
      2.7950
      1.3919
      3.4343
      3.6395
      3.4069
      3.0660
      3.1536
      3.2959
      3.4661
      3.2248
      3.1877
      3.1405
      3.0594
      2.8513
      2.6099
      2.2342
      1.9713
      1.7087
      1.1114
      0.8762
      0.7188
      0.6149
      0.5325
      0.5023
      0.4830
      0.5498
      0.6255
      0.9803
      1.7956
      2.9978
      3.6763
      4.2022
      4.2767
      4.6958
      5.2126
      5.7958
      6.0396
      6.2923
      6.6500
      7.0992
      4.1637
      7.9726
      8.2287
      4.1637
      7.9464
      7.4177
      6.7751
      5.8883
      4.9995
      3.9067
      4.0293
      3.7555
      3.7288
      3.9533
      3.7774
      3.9016
      3.5946
      3.8192
      4.1383
      4.1637
      3.7065
      3.5520
      2.9966
      2.8633
      2.5102
      2.3074
      2.0892
      1.8332
      1.2324
      0.9870
      0.7213
      0.6021
      0.4943
      0.4308
      0.4537
      0.5905
      0.7161
      0.9637
      2.0308
      2.7002
      2.9679
      3.7607
      4.1391
      4.2906
      5.1534
      5.3545
      5.6428
      5.9632
      6.4174
      6.9494
      7.4633
      7.9180
     11.0791
     11.0791
     11.0791
      7.7555
      7.3305
      4.1637
      5.9579
      5.6257
      4.7221
      4.4914
      4.3669
      2.6903
      4.4854
      4.3161
      4.8618
      4.6981
      4.8478
      4.4853
      4.5529
      3.8503
      2.9569
      2.6698
      2.5257
      2.3600
      2.1748
      1.5927
      1.3222
      1.1085
      0.8677
      0.6447
      0.4762
      0.3480
      0.4571
      0.6492
      0.7213
      0.9673
      1.9250
      2.4717
      3.2829
      3.6650
      3.9248
      3.9477
      4.4671
      4.7262
      5.1682
      5.6366
      6.1038
      6.6905
      7.2235
      7.6851
      8.0397
     11.0791
      8.0865
      7.7980
      7.4466
      7.0889
      6.5177
      6.1411
      5.5013
      4.8829
      5.0360
      4.8564
      4.6502
      4.7912
      5.0097
      5.1694
      5.3186
      5.4386
      4.5855
      4.5461
      2.7057
      2.6216
      2.5194
      1.9220
      1.8294
      1.6476
      1.3914
      1.2150
      1.0052
      0.7990
      0.6098
      0.5393
      0.6449
      0.7457
      0.8280
      0.9558
      1.8771
      2.3086
      2.8934
      3.1063
      3.2133
      3.0972
      3.7180
      3.7762
      4.3796
      5.2766
      5.8242
      6.4237
      6.9576
      7.4044
      7.7599
      7.9323
      7.9576
      7.7171
      7.4302
      7.1246
      6.8101
      6.4636
      6.0001
      5.8467
      5.2693
      5.3859
      5.1046
      4.9111
      5.0564
      5.2694
      5.3959
      5.4948
      5.5684
      5.1532
      2.6285
      2.5723
      2.4807
      1.8973
      1.7775
      1.6391
      1.4048
      1.3095
      1.1353
      0.9822
      0.7985
      0.7320
      0.8449
      0.8941
      0.9236
      1.3847
      1.8777
      2.3774
      2.9527
      2.8244
      2.8993
      2.8967
      0.3480
      3.4134
      3.7663
      4.8262
      5.3931
      6.1936
      6.7295
      7.1257
      7.4448
      7.6186
      7.8061
      7.6220
      7.3988
      7.1495
      6.8983
      6.7179
      6.3252
      6.1527
      5.5693
      5.5789
      5.2719
      5.3741
      5.1783
      5.2901
      5.4615
      5.5411
      5.6036
      5.6435
      2.5104
      1.9028
      1.8610
      1.7880
      1.6992
      1.5046
      1.3892
      1.3924
      1.2749
      1.1557
      1.0022
      1.0289
      0.9887
      0.9964
      1.0170
      1.9478
      2.0900
      2.6354
      2.5884
      2.7470
      2.4835
      2.8717
      2.7483
      3.3890
      3.8482
      4.6088
      5.0822
      6.0018
      6.5178
      6.8319
      7.1336
      7.3102
      7.6647
      7.5321
      7.3626
      7.1675
      6.9630
      6.5218
      6.5184
      6.3533
      6.3211
      5.8496
      5.5131
      5.5157
      5.6012
      5.3720
      5.4458
      5.5821
      5.6276
      5.6549
