COKB3D with:All of the secondary data plus 29 primar
2
estimate
estimation variance
      2.6481      38.6260
      2.1062      38.2560
      1.7395      38.2538
      2.1147      37.9623
      1.3728      38.2607
      1.3428      37.9651
      1.5092      38.2491
      1.6393      38.2543
      1.7466      38.2561
      1.6917      37.9352
      1.7189      38.2229
      1.7141      38.1405
      1.5384      37.8964
      1.3012      37.0745
      1.2766      36.3204
      1.2949      34.6228
      1.2242      32.9503
      0.8189      28.9166
      0.8383      25.3322
      0.7529      21.6405
      0.5877      20.2318
      0.6141      21.4220
      0.8073      24.5716
      0.9794      27.6323
      1.0867      28.8297
      1.0850      30.1555
      1.1814      31.6393
      1.4906      33.0653
      1.6521      34.2502
      1.8541      35.3294
      2.3265      36.3672
      2.0857      37.3346
      1.7672      37.9336
      1.7952      38.1400
      1.4276      38.1460
      1.1371      38.0371
      1.2109      37.8426
      1.3734      37.5515
      1.5057      37.3453
      0.8396      37.0429
      0.7918      36.8795
      0.7423      37.0429
      0.6656      37.2092
      0.4193      37.3220
      0.6047      37.7615
      0.4687      38.0298
      0.8756      38.2097
      1.3621      38.3268
      1.2792      38.3251
      1.4019      38.7357
      1.6550      38.1885
      1.6550      38.6148
      1.5507      38.6071
      1.9869      38.6128
      1.3725      38.6384
      1.5696      38.6463
      1.5470      38.6639
      1.6743      38.6692
      1.6796      38.6701
      1.6593      38.6701
      1.6676      38.6591
      1.6750      38.5984
      1.5618      38.3958
      1.4575      37.8534
      1.2840      36.9844
      1.3075      35.3950
      1.0956      32.9756
      0.7735      29.7024
      0.6622      25.1869
      0.6136      20.3159
      0.0900       0.0000
      0.5634      19.9566
      0.8387      23.8909
      0.9751      26.0089
      1.1587      27.2462
      1.2729      28.3085
      1.2985      30.0232
      1.5963      31.2932
      1.6138      33.3269
      1.5439      35.1665
      1.9545      36.4251
      1.7200      37.5015
      1.4908      38.1505
      1.5529      38.4700
      1.6361      38.4420
      1.3079      38.2081
      1.3737      37.8352
      1.3505      37.4046
      1.3494      36.9839
      0.6920      36.5004
      0.6481      36.3794
      0.6804      36.6786
      0.7125      37.1295
      0.5964      37.4046
      0.6900      37.8519
      0.7253      38.2042
      0.7483      38.5215
      1.6487      38.6470
      1.3690      38.7263
      2.0108      38.3313
      1.2851      37.9692
      1.3723      38.4395
      1.3844      38.3868
      1.8349      38.4395
      1.3350      38.4577
      1.5008      38.5360
      1.5480      38.5868
      1.6087      38.6275
      1.6524      38.6510
      1.6505      38.6619
      1.6879      38.6603
      1.6552      38.6007
      1.5603      38.3877
      1.5054      37.9028
      1.3993      37.1046
      1.3751      35.6287
      1.1473      33.2442
      0.9950      29.9649
      0.7257      26.1337
      0.6568      21.7295
      0.5571      20.1246
      0.6184      20.9702
      0.9424      23.5611
      1.1082      24.6944
      1.2390      24.4161
      1.4010      24.6043
      1.5235      25.8873
      1.6951      28.5436
      1.7402      31.4356
      1.6469      34.0374
      1.8953      35.7709
      1.8783      37.0654
      1.6304      37.8964
      1.5517      38.2611
      1.6164      38.2045
      1.3369      37.7170
      1.3176      37.0741
      1.2638      36.3145
      1.3026      35.5744
      1.2081      35.2076
      0.7015      34.8252
      0.6834      35.2527
      0.6470      35.8087
      0.5540      36.3710
      0.5851      37.0741
      0.7855      37.6673
      0.7801      38.1755
      1.4504      38.5132
      0.9817      38.6885
      1.6161      38.3096
      1.5147      37.6517
      1.3749      37.9856
      1.3910      37.8565
      1.5790      37.9042
      1.1837      38.0724
      1.5723      38.2594
      1.6734      38.4059
      1.5987      38.4873
      1.5836      38.5624
      1.6037      38.6114
      1.6427      38.6324
      1.6143      38.5991
      1.5732      38.4693
      1.5005      38.0341
      1.4047      37.3823
      1.2863      36.1599
      1.0706      34.0322
      0.9744      31.9963
      0.6449      28.6807
      0.6212      26.6424
      0.6749      24.8398
      0.7456      24.3629
      1.0372      24.6123
      1.1741      23.6853
      1.1812      20.9806
      1.3378      20.1979
      1.3854      21.8264
      1.2537      26.0936
      1.1640      29.8903
      1.0476      32.9122
      0.9893      35.2618
      1.0473      36.7348
      1.3575      37.6538
      1.2595      37.9614
      1.4762      37.7635
      1.2404      37.0897
      1.2486      36.0738
      1.1233      35.0245
      1.0230      34.2831
      1.0051      33.0293
      0.5447      32.5386
      0.6209      32.8041
      0.4957      33.5697
      0.4917      34.8356
      0.4251      36.0671
      0.8009      36.9553
      0.5952      37.8666
      1.1475      38.2928
      0.8558      38.5768
      1.1000      38.2754
      1.1133      36.8838
      0.8832      37.0189
      0.8007      36.9346
      0.6917      36.9024
      0.7644      37.2372
      1.0557      37.5517
      1.2052      37.8631
      1.5614      38.1697
      1.5234      38.2905
      1.6257      38.4809
      1.6173      38.5358
      1.5663      38.5605
      1.5707      38.4907
      1.5160      38.2025
      1.4289      37.6240
      1.3702      36.8283
      1.2601      35.5027
      1.1426      33.4572
      1.0466      31.4868
      0.8637      29.6324
      0.8927      28.2947
      0.8700      27.3259
      1.0578      26.0801
      1.1251      23.9553
      1.3575      19.9851
      1.8100       0.0000
      1.7095      20.3936
      1.6376      25.3600
      1.7275      29.1621
      1.6707      32.6577
      1.7025      34.9960
      1.4370      36.5800
      1.3841      37.5128
      1.3015      37.7221
      1.3183      37.3956
      1.0834      36.5649
      1.0238      35.1278
      0.9763      33.3863
      0.8795      31.5044
      0.8075      29.8990
      0.8074      29.3078
      0.5655      29.7094
      0.5964      31.3223
      0.5050      33.1515
      0.4212      35.0189
      0.7667      36.4972
      0.6443      37.2179
      1.3190      37.9491
      0.9962      38.3982
      1.4532      37.8550
     -1.1071      34.8936
      0.3388      35.5102
      0.3925      35.2709
      0.5501      35.2601
      1.4075      35.8172
      1.8272      36.3674
      1.0959      36.8421
      1.4125      37.3098
      1.5815      37.7959
      1.4740      38.0032
      1.5169      38.2468
      1.5178      38.4217
      1.6136      38.4959
      1.5645      38.3421
      1.5166      37.9913
      1.4268      37.3378
      1.3631      36.5856
      1.2649      35.2006
      1.1915      34.1907
      0.9701      32.5746
      0.9483      31.6807
      1.0645      29.9779
      1.2820      28.2814
      1.4119      25.3552
      1.6683      22.8203
      2.0075      20.3432
      2.1336      21.6741
      1.7401      25.6272
      1.7334      29.2271
      1.3310      32.5321
      1.3173      34.7107
      1.0900      36.2845
      1.1106      37.1264
      1.0728      37.5435
      1.1560      37.0227
      1.1149      35.8205
      0.9751      33.9340
      0.8766      31.5039
      0.6761      28.4960
      0.6103      25.9707
      0.6968      25.0453
      0.5672      25.7945
      0.6183      28.3511
      0.6358      31.6839
      0.5835      33.7567
      0.8783      35.6317
      0.5625      36.7680
      1.0514      37.5905
      0.9140      38.0485
      1.1164      37.8540
      2.8812      32.9670
      2.5000      33.2553
      2.4136      32.5929
      0.1087      33.0486
      1.2786      33.9218
      1.4031      34.5016
      1.1485      35.5422
      1.2097      36.0930
      1.4017      36.6683
      1.3876      37.1317
      1.4689      37.7658
      1.4538      38.0427
      1.5882      38.3645
      1.5337      38.3806
      1.5533      38.2561
      1.5095      37.8787
      1.4526      37.2931
      1.3929      36.5640
      1.3510      35.8999
      1.1336      34.7748
      1.0492      33.8377
      1.0882      32.3561
      1.4458      30.5998
      1.4282      28.1982
      1.6389      26.4163
      1.5458      24.9910
      1.6343      25.3677
      1.3633      27.3363
      1.3274      29.8262
      1.1729      32.3034
      1.2019      34.2599
      1.0350      35.7736
      1.0645      36.7261
      1.1395      37.2064
      0.9251      36.6544
      1.0454      35.2494
      0.9045      33.1818
      0.7894      30.3496
      0.5953      26.0587
      0.4675      21.5935
      0.6407      20.2262
      0.8159      21.6126
      0.7456      25.7813
      0.7244      29.5792
      0.6061      32.5038
      0.8380      34.7240
      0.6870      36.1276
      0.6563      36.9607
      0.6135      37.5905
      0.5598      37.5709
      0.6517      30.4932
      2.8539      30.2560
      3.2291      29.2238
      0.2838      29.8657
      1.2797      30.9816
      1.8585      32.4983
      0.4650      33.3641
      0.9671      34.1088
      1.3912      35.1627
      1.2770      35.7352
      1.4382      36.7973
      1.4200      37.4028
      1.5433      37.9498
      1.5467      38.2691
      1.5950      38.3022
      1.6256      38.1399
      1.6281      37.7785
      1.6000      37.3287
      1.6154      36.8186
      1.4945      36.2303
      1.3116      35.4981
      1.4337      34.3040
      1.6709      32.8374
      1.4177      30.8672
      1.6682      29.1549
      1.5445      28.1154
      1.3472      27.7318
      1.0682      28.2377
      1.3398      29.6581
      1.1339      31.2601
      1.2645      33.1149
      1.0241      34.7811
      1.0701      36.0381
      1.0240      36.7110
      0.9817      36.4335
      1.0954      35.1068
      1.0527      33.0620
      0.8498      29.7638
      0.6319      25.4709
      0.4348      20.3120
      0.1900       0.0000
      0.7462      20.2447
      0.7504      24.8491
      0.4607      29.1007
      0.0868      32.0300
      0.3077      33.7455
      0.1190      35.1391
     -0.2059      36.0243
      0.0830      36.7063
      0.1014      36.9096
      0.3986      28.0287
     -0.1080      26.0417
      0.5641      25.2590
     -2.6721      25.7018
      1.2855      28.1678
      1.0250      29.3292
      0.9412      30.9079
      0.8986      31.5082
      1.1895      32.5307
      1.1409      33.7587
      1.2810      35.4078
      1.2991      36.4233
      1.5181      37.4809
      1.6014      37.9854
      1.7190      38.1435
      1.7874      38.0518
      1.8301      37.7505
      1.8320      37.4843
      1.8638      37.1827
      1.6804      36.8867
      1.3844      36.3868
      1.4410      35.6221
      1.5420      34.4649
      1.3012      33.1047
      1.6094      31.3032
      1.3456      29.6907
      1.4038      28.2735
      1.2680      27.6469
      1.5471      27.9579
      1.2412      29.6006
      1.4148      31.2616
      1.2486      33.4467
      1.2322      35.4067
      1.1916      36.1833
      1.0410      36.3377
      1.1790      35.2772
      1.1168      33.4427
      1.0116      30.2127
      0.8027      26.2427
      0.5998      21.7777
      0.6757      20.3353
      0.8382      22.9627
      1.1033      25.8132
      0.4970      28.8930
      1.7734      31.1701
      1.3032      32.5643
      0.9123      33.8899
      1.1785      34.6999
      1.7193      35.4747
      0.0411      35.9440
      6.8377      25.2377
      5.5770      21.5715
      4.2052      20.1216
      2.0129      22.3983
      1.5442      25.0261
      2.1904      26.8390
      1.0900      27.5014
      1.1403      28.3247
      1.1890      29.4797
      1.0771      31.2443
      1.1916      33.3147
      1.3393      35.1405
      1.5236      36.5856
      1.6371      37.3892
      1.8470      37.6725
      1.9568      37.4614
      1.9998      37.1323
      1.9865      36.8378
      2.0420      36.7049
      1.8275      36.5378
      1.8127      36.4454
      1.8618      36.0427
      1.9273      35.2295
      1.7274      34.0974
      1.8368      32.1902
      1.5588      29.7474
      1.2763      27.3954
      0.9334      25.3726
      1.0491      24.8283
      0.7507      26.6434
      0.9995      28.7674
      0.7686      32.1541
      1.0035      34.1080
      1.0438      35.6612
      1.1874      36.2140
      1.2240      35.6671
      1.1612      34.0758
      1.0774      32.0621
      0.9743      28.6719
      0.9480      26.8119
      0.9322      25.1164
      0.9967      25.8683
      1.0080      27.7364
      0.2898      29.4395
      2.0681      30.4974
      1.4953      31.0940
      1.5276      31.8193
      1.5841      32.6025
      2.5294      33.5992
      1.1547      34.0857
      6.9490      24.4468
      4.3164      19.9235
      2.5500       0.0000
      0.6042      19.4004
      0.0564      22.6198
      1.7032      24.0782
      1.2844      24.5812
      0.7981      24.6260
      0.7916      25.8236
      0.9246      28.4198
      1.1577      31.4206
      1.2854      33.8051
      1.4684      35.6987
      1.6743      36.6705
      1.8882      36.8368
      2.0562      36.6459
      2.2245      35.8787
      2.3639      35.5043
      2.3600      35.1594
      2.4466      35.2573
      2.4259      35.6849
      2.3183      35.7244
      1.9894      35.4533
      1.5755      34.2309
      1.4916      32.4102
      1.2180      29.3954
      0.8761      25.7871
      0.6639      21.7505
      0.6715      20.3966
      0.6932      23.1580
      0.9345      26.2539
      1.0790      30.2106
      1.0467      33.2821
      1.0300      35.2947
      1.1548      36.3172
      1.1953      36.3238
      1.1401      35.2252
      1.1500      33.9466
      1.1390      32.0342
      0.9435      30.0760
      0.9120      29.3545
      0.9753      29.2551
      0.9328      29.6455
      0.1869      29.7257
      1.6493      29.3798
      1.5921      29.2121
      1.5821      28.8132
      1.9668      29.5673
      2.6664      31.1214
      1.2356      32.3640
      4.3151      24.1885
      2.4789      20.6240
      1.9451      18.8684
      3.4963      20.2329
      1.1321      21.8120
      2.1097      22.0890
      1.8886      21.4400
      1.3051      19.9450
      1.0046      22.8625
      0.8397      25.9621
      1.1049      29.7685
      1.2645      32.7685
      1.5400      34.8603
      1.6943      35.8396
      2.0015      35.8215
      2.2608      35.3147
      2.3667      33.9916
      2.5482      33.2442
      2.5612      32.7365
      2.6864      33.3517
      2.7596      33.7975
      2.5290      34.5954
      2.0923      34.8679
      1.7441      34.2101
      1.5209      32.3097
      1.2368      29.3125
      0.7567      25.2248
      0.4848      20.4686
      0.2800       0.0000
      0.5465      20.4655
      0.8232      25.3439
      1.0827      29.5775
      1.0592      32.9698
      1.0900      35.3578
      1.1853      36.5400
      1.3398      36.7954
      1.1904      36.3011
      1.2020      35.3385
      1.1710      34.1725
      1.1697      33.1928
      1.0948      32.2533
      1.1389      31.6385
      0.8515      30.7678
     -0.2595      29.4197
      1.6784      27.4771
      1.4131      26.1496
      1.3829      25.1120
      1.8977      25.9549
      2.5117      28.4036
      0.9482      30.3225
      6.6291      25.3868
      3.3144      22.7283
      2.9077      20.9076
      3.4014      20.3071
      0.8325      21.1556
      2.1975      21.1168
      2.0082      19.1009
      0.7100       0.0000
      0.5344      20.1157
      1.0739      24.8743
      1.0268      28.9876
      1.2034      32.1698
      1.5519      34.2480
      1.6305      35.0828
      1.9120      34.6605
      2.1588      33.3039
      2.6052      31.4616
      2.8790      30.0975
      2.9160      29.3509
      2.9807      29.9205
      2.9502      31.8338
      2.5216      33.3808
      2.0777      34.0928
      1.7087      34.0869
      1.2644      32.7015
      1.1107      30.0007
      0.7029      26.3306
      0.6246      23.2161
      0.4123      20.4548
      0.4355      21.9002
      0.7443      26.2651
      1.0118      30.1586
      1.1743      33.2705
      1.2253      35.4803
      1.4048      36.8592
      1.5210      37.3548
      1.4269      37.2164
      1.3293      36.6287
      1.2946      35.9015
      1.2450      35.0488
      1.2801      34.2983
      1.2712      32.9995
      0.9858      31.4507
      0.0740      29.2121
      2.0612      25.5572
      2.4221      21.4764
      3.0958      20.0986
      3.6895      21.5298
      3.1223      26.5713
      1.1566      28.6569
      6.8346      26.2537
      4.8471      23.8257
      5.0894      20.7506
      6.2141      18.7064
      2.5270      19.5194
      2.3864      20.8636
      1.7575      20.6039
      0.9729      19.4680
      0.9107      22.1153
      1.0837      25.1682
      1.4052      29.0866
      1.6306      31.8406
      1.6590      33.8178
      1.6942      34.2907
      2.2086      33.4704
      2.5637      31.4210
      3.1276      28.5705
      3.3488      26.1430
      3.5630      25.3584
      3.1655      26.1021
      2.9862      28.6090
      2.7741      31.2943
      2.4565      33.2723
      1.9984      33.9509
      1.3994      33.3517
      1.2059      31.8751
      0.7803      28.8234
      0.6763      26.9802
      0.6099      25.3583
      0.8013      26.2404
      0.8760      28.8193
      1.0795      31.6973
      1.2222      34.1591
      1.3186      36.0201
      1.3692      37.2481
      1.4494      37.7907
      1.4678      37.8602
      1.3859      37.6691
      1.3666      37.1017
      1.8840      36.4726
      1.8382      35.6833
      1.7187      34.2309
      1.3544      32.0352
      0.6341      28.9718
      1.5513      25.2280
      0.9547      20.2018
      1.6600       0.0000
      2.0929      20.0793
      1.4996      25.2142
      1.4381      27.7885
      0.9176      26.8099
      1.0118      24.4177
      2.3322      19.7574
      3.6100       0.0000
      1.6614      19.0895
      1.8178      21.4086
      1.5991      22.0165
      1.0289      22.3744
      0.7782      23.6464
      1.2370      26.5165
      1.3332      29.2570
      1.4564      31.6456
      1.8953      33.0389
      1.4633      33.4299
      2.1054      32.2046
      2.7760      29.6562
      3.6061      26.0149
      3.7170      22.9717
      3.8974      20.2318
      3.3040      21.7441
      2.9681      26.1029
      2.7701      30.0052
      2.5087      32.6076
      1.8809      34.1401
      1.2869      34.2246
      1.1050      33.5263
      0.8500      31.6184
      0.7787      30.1823
      0.7576      29.6168
      0.9295      30.1677
      0.9782      31.7107
      1.0936      33.6181
      1.2442      35.3288
      1.3424      36.7115
      1.3843      37.6578
      1.4433      38.0990
      1.5290      38.2703
      1.4128      38.1310
      1.3926      37.8331
      1.9697      37.3913
      1.8882      36.5689
      1.9181      35.0551
      1.5080      32.8562
      1.2682      29.9270
      1.6552      26.6628
      0.2945      21.6408
      0.7091      20.1889
      1.4410      21.6216
      0.6699      25.7721
      0.6042      29.1555
      0.5816      28.8216
      2.7790      25.6398
      2.7115      21.4376
      2.5305      19.8534
      1.3324      20.4769
      1.9680      22.3920
      1.8080      23.0392
      1.3931      23.3652
      1.3130      24.4554
      1.2688      26.3379
      1.3095      28.3374
      1.3968      30.5253
      1.7981      32.0834
      2.0148      32.4430
      2.6862      31.3401
      2.8757      28.8435
      3.4697      25.0593
      3.9638      20.1617
      4.9200       0.0000
      3.0504      20.3128
      2.7217      25.4652
      2.5381      29.6521
      2.3119      32.6866
      1.9129      34.5128
      1.5869      35.2489
      1.3003      35.0613
      0.9807      34.0637
      0.9047      33.6014
      1.0401      33.1832
      1.0486      33.2903
      1.1094      34.1866
      1.1606      35.3908
      1.3924      36.4738
      1.4422      37.4091
      1.4902      38.0219
      1.5640      38.3929
      1.6360      38.4993
      1.5048      38.4398
      2.1441      38.2413
      2.1577      37.9083
      2.1719      37.1993
      2.0643      35.8371
      1.7439      34.0294
      1.6607      31.6889
      1.6992      29.2149
      1.1097      26.0196
      1.3912      25.3337
      1.9815      26.0883
      1.6836      28.4151
      1.5658      30.6840
      1.8994      30.4163
      2.0087      28.0448
      2.1396      25.3680
      2.1859      23.9833
      1.7187      23.2393
      1.9507      23.2761
      1.8001      22.7098
      1.3313      22.0707
      1.2239      23.0601
      1.1303      24.4851
      1.1855      26.7408
      1.2400      28.8511
      1.7195      30.5788
      1.8556      31.0114
      2.4321      30.2574
      3.2151      28.1689
      3.8911      25.0982
      3.7909      22.5244
      3.9349      20.1280
      2.9788      21.7050
      2.5679      26.2157
      2.5507      30.4545
      2.4694      33.0225
      2.1696      35.0418
      1.8596      36.0444
      1.3836      36.3085
      1.2399      36.0756
      1.1544      35.6907
      1.1828      35.3547
      1.1929      35.5528
      1.2300      36.0538
      1.2574      36.7639
      1.4342      37.4204
      1.4538      38.0255
      1.4838      38.3034
      1.5419      38.5354
      2.3240      38.6078
      2.2517      38.5773
      2.2385      38.4551
      2.2469      38.2204
      2.2866      37.6926
      2.1712      36.6390
      2.1124      35.2719
      1.8347      33.4720
      1.8992      32.0135
      1.5437      29.9907
      1.7439      29.6206
      2.2209      29.8984
      1.8604      31.3012
      2.1026      32.4225
      2.2975      31.9838
      3.0325      30.3934
      2.9306      28.4967
      2.8157      26.5621
      2.5778      24.7813
      2.2080      23.2907
      1.8583      21.0219
      1.3749      18.8983
      1.1392      19.3895
      0.9871      21.6224
      1.0126      23.8815
      1.1339      26.4967
      1.4759      28.4815
      1.7461      29.3780
      2.4477      29.0314
      2.9057      27.9191
      3.2027      26.4373
      3.5570      24.8689
      3.6021      24.7586
      2.9549      25.8684
      2.4120      28.6008
      3.0210      31.6629
      2.7652      34.1249
      2.1313      35.8011
      1.8402      36.8056
      1.5768      37.1376
      1.2751      37.2588
      1.4038      37.1076
      1.3407      37.0287
      1.3822      37.0298
      1.3486      37.3533
      1.4517      37.6709
      1.4716      38.0223
      1.4790      38.3572
      1.8111      38.4918
      2.2567      38.6012
      2.2334      38.6356
      2.2777      38.6296
      2.2677      38.5552
      2.3479      38.4152
      2.2747      37.9918
      1.7992      37.3633
      1.8492      36.4600
      1.7398      35.3178
      1.8055      34.0954
      1.7014      33.0657
      1.6161      32.7019
      2.2277      33.0320
      2.0634      33.7573
      2.4197      33.9827
      2.7531      33.2129
      2.9867      31.8795
      2.8437      29.7054
      2.8401      27.7952
      2.5016      25.5180
      2.1175      22.8113
      1.6493      19.0027
      1.0100       0.0000
      0.9398      17.0110
      0.7110      18.3454
      0.7284      20.5668
      0.8617      24.2206
      1.1390      26.4893
      1.4246      27.1619
      1.7779      26.9608
      2.4347      27.0030
      2.5351      27.2483
      2.9224      27.4232
      2.8410      27.9380
      2.8589      29.1404
      2.6334      31.2219
      2.9556      33.4242
      2.6782      35.2389
      2.1772      36.5955
      1.8875      37.4328
      1.8147      37.8116
      1.6267      37.9744
      1.5028      37.9466
      1.5704      37.8561
      1.5970      37.9214
      1.4409      38.0808
      1.5889      38.2247
      1.5519      38.3952
      1.8801      38.5126
      1.7771      38.6138
      1.9375      38.6307
      2.2164      38.6437
      2.2841      38.6374
      1.9720      38.6243
      1.9855      38.5026
      1.9968      38.3374
      1.9129      37.8953
      2.0634      37.4516
      1.8605      36.6413
      2.0202      35.9493
      1.8744      35.1319
      1.8239      34.7166
      2.1469      34.9758
      2.1801      35.2850
      2.4680      35.2007
      2.6148      33.9807
      3.0345      32.8967
      2.7457      30.5552
      2.6446      27.7215
      2.5646      25.0730
      2.2174      22.4563
      1.6011      19.5090
      1.2040      17.9055
      0.8287      16.9726
      0.1700       0.0000
      0.5398      19.3007
      0.6507      22.8797
      0.8381      24.2689
      1.0937      24.0525
      1.4092      24.1135
      1.9470      25.3060
      2.1672      26.5144
      2.5144      28.1833
      2.4366      30.0208
      2.8703      31.8120
      2.4626      33.3125
      2.8070      35.0306
      2.6214      36.5506
      2.6835      37.3301
      1.8412      37.9326
      1.8928      38.2282
      1.7124      38.3750
      1.6938      38.3969
      1.6303      38.3582
      1.7583      38.3811
      1.6876      38.4348
      1.7902      38.5079
      1.9717      38.5633
      1.9852      38.6240
      1.9312      38.6371
      1.9326      38.6290
      2.2408      38.6122
      1.9700      38.5999
      1.9593      38.5920
      1.9433      38.5632
      1.9725      38.4484
      1.8702      38.2712
      1.9455      37.8635
      1.7448      37.3645
      1.8270      36.8592
      1.8348      36.1845
      1.8559      35.6248
      1.8063      35.5331
      1.9236      35.6748
      2.0611      35.0687
      2.8339      34.3178
      2.9277      33.0866
      2.5328      30.3913
      2.4517      26.7767
      2.3386      24.1700
      2.0817      21.6839
      1.4291      20.4574
      1.1098      19.9560
      0.7435      19.6937
      0.4820      19.0388
      0.4250      20.3080
      0.4655      22.5200
      0.6093      22.8973
      0.8051      20.4894
      1.0913      19.7726
      1.7519      21.2809
      1.9220      25.2154
      2.1271      28.4856
      2.0642      31.2060
      2.3713      33.0643
      2.3860      34.9756
      2.2729      36.1879
      2.3905      37.2256
      2.5045      37.9564
      1.9409      38.2694
      1.8565      38.4791
      1.7024      38.5646
      1.8164      38.5933
      1.8398      38.5893
      1.7344      38.5835
      1.7967      38.5988
      1.9366      38.6148
      1.8909      38.6332
      2.4171      38.6310
      2.3589      38.5879
      2.3429      38.5398
      2.1403      38.4710
      2.1967      38.4227
      1.8933      38.4281
      1.9220      38.4274
      1.9187      38.4130
      1.9031      38.2927
      2.0701      38.0281
      1.9052      37.5142
      3.4704      36.8890
      2.0280      36.0832
      1.8936      35.2669
      1.7122      34.8931
      1.7637      34.8538
      1.4604      34.7189
      2.7841      34.2259
      3.0930      32.5982
      2.5846      29.7440
      2.6059      25.4185
      2.3966      21.9260
      2.0773      18.9840
      1.3976      19.4971
      1.1163      21.0994
      0.7823      21.9410
      0.5875      22.5416
      0.5178      23.1061
      0.4661      23.0775
      0.4596      21.7789
      0.5626      18.8415
      0.3300       0.0000
      1.2029      19.7574
      1.3789      24.6565
      1.8041      28.6686
      1.9491      31.8465
      2.1236      34.0237
      2.2006      35.8138
      2.2683      37.0017
      2.1011      37.7402
      2.3270      38.2471
      2.4499      38.4446
      1.6784      38.5725
      1.9828      38.6327
      2.1072      38.6474
      1.9884      38.6535
      2.2184      38.6507
      1.9698      38.6473
      2.1274      38.6349
      2.0211      38.6135
      2.4786      38.5412
      2.3034      38.4164
      2.2727      38.2558
      2.0911      38.0851
      2.1086      38.0248
      2.0874      37.9673
      3.5336      37.9919
      3.5132      37.9933
      3.4593      37.9581
      3.4758      37.7422
      3.3227      37.1768
      3.2638      36.2831
      3.2133      35.1458
      3.1621      33.8629
      1.7037      33.1792
      1.8024      32.7998
      1.5177      32.7816
      2.0918      34.3683
      2.3231      32.3881
      1.9830      28.8192
      1.9766      24.7302
      2.0189      19.5417
      2.3400       0.0000
      1.3082      18.6666
      1.1793      21.6985
      0.8966      23.7768
      0.8152      24.7232
      0.7384      24.8659
      0.6346      23.5370
      0.5727      21.5126
      0.5744      18.6829
      0.6823      18.0825
      1.0172      20.2297
      1.2053      24.5960
      1.5794      29.1665
      1.5974      32.1605
      2.0039      34.8837
      2.0230      36.3017
      2.0580      37.4654
      2.0032      37.9573
      2.5357      38.2279
      2.4253      38.4189
      1.7574      38.5129
      2.0012      38.6046
      2.1062      38.6332
      1.8311      38.6546
      2.0394      38.6525
      2.7087      38.6317
      2.5792      38.6018
      2.5759      38.4727
      2.2800      38.3508
      2.0988      38.0320
      2.0833      37.6452
      1.7375      37.3903
      3.2483      36.9837
      3.2366      36.9981
      3.2320      36.9679
      3.2350      37.1604
      3.2378      37.2623
      3.3211      37.1012
      3.2207      36.4419
      3.0494      35.1512
      3.2958      33.7567
      3.0253      31.5095
      2.9066      29.9513
      1.7347      29.5642
      1.7796      29.7661
      2.1221      34.2921
      2.1983      32.4809
      1.9470      29.3145
      1.8346      24.5981
      1.7313      20.9458
      1.5834      18.0870
      1.1812      18.8028
      1.1968      21.7209
      1.1035      24.1019
      1.1223      25.7564
      1.1061      25.6316
      0.9992      23.4913
      0.8707      20.1325
      0.8530      18.1397
      0.8823      18.8022
      1.0508      21.8334
      1.1535      25.7096
      1.4723      29.5726
      1.6464      33.0844
      1.7637      35.1863
      1.9453      36.5761
      1.9783      37.3203
      1.8389      37.7009
      2.1774      37.8695
      1.6170      38.0537
      1.6802      38.2964
      1.9813      38.4486
      2.2075      38.5564
      1.9442      38.6005
      1.9737      38.5856
      2.5697      38.5136
      2.4835      38.3771
      2.4068      38.1406
      2.4080      37.7913
      1.8283      37.2651
      1.7662      36.5502
      1.5773      35.8994
      2.9488      35.3967
      2.8566      35.2017
      2.8831      35.5152
      2.8481      35.7916
      2.8727      36.1695
      2.8987      36.1756
      2.7462      35.4324
      2.9993      34.1254
      2.8663      31.9401
      2.5723      28.5895
      2.4836      26.1647
      2.4311      25.1244
      1.6076      25.1885
      2.0664      34.6660
      1.9544      33.1447
      1.8081      30.0584
      1.6102      25.9146
      1.4540      22.1111
      1.3337      18.7902
      1.2443      18.3680
      1.3375      20.2173
      1.4485      23.6028
      1.5692      25.6614
      1.5379      25.6556
      1.5066      23.5362
      1.2907      19.6728
      0.8400       0.0000
      1.1975      19.2044
      1.2890      23.1605
      1.3639      27.5767
      1.5184      31.0273
      1.5864      33.3742
      1.8482      35.2175
      1.9490      36.1882
      1.6340      36.5615
      2.0606      36.7582
      2.2722      36.9678
      1.6941      37.2714
      1.8235      37.6453
      2.0385      38.0119
      1.8835      38.3001
      1.8081      38.4069
      2.4386      38.3675
      2.3452      38.1918
      4.8071      37.8628
      4.0537      37.5846
      3.5104      36.8501
      3.3863      36.2095
      3.0891      34.9484
      2.4996      33.9566
      2.3644      33.0991
      2.3641      33.0152
      2.2275      33.0590
      2.4682      33.9375
      2.5519      34.8733
      2.9358      35.0022
      2.8397      34.3545
      2.8590      33.0009
      2.6599      29.9101
      2.4211      26.7508
      2.1265      21.6967
      2.0975      20.2498
      2.2712      21.6003
      2.0982      35.2224
      1.9960      33.8827
      1.8901      31.1558
      1.6937      27.2779
      1.5533      23.1231
      1.3734      19.1797
      0.1100       0.0000
      1.6015      19.4400
      1.9775      23.0547
      2.2479      25.1850
      2.2876      25.5306
      2.3524      24.1247
      2.0490      21.0552
      1.8416      19.9088
      1.6037      22.3820
      1.5669      25.1584
      1.6266      29.2969
      1.6548      32.0969
      1.6871      33.7782
      1.8760      34.9589
      1.9612      35.1981
      1.6114      35.1677
      2.3139      35.3515
      2.3768      35.6277
      2.2321      35.9424
      1.8539      36.6219
      2.0236      37.3123
      1.9122      37.8073
      1.9470      38.0173
      2.4831      37.9027
      3.9520      37.5347
      4.6365      37.0009
      4.0374      36.4876
      3.5548      35.4195
      3.5343      34.5316
      2.6602      32.8879
      2.4268      31.2903
      2.1947      29.9184
      2.2617      29.6653
      1.6254      29.9440
      1.9995      31.3476
      2.3130      32.9520
      2.3663      33.6213
      2.4000      33.4420
      2.5384      32.2415
      2.4701      29.2214
      2.2372      25.3855
      2.0351      20.2547
      0.9400       0.0000
      2.4061      20.0430
      2.0615      35.7464
      1.9580      34.7889
      1.8979      32.1083
      1.9174      29.3242
      1.8128      24.9784
      1.7679      22.0505
      1.8701      19.4575
      2.5262      21.2184
      2.7534      22.7744
      3.0589      24.3889
      2.9658      25.0110
      2.7891      24.8817
      2.4554      24.2011
      2.3746      24.2353
      2.0355      26.0452
      1.7588      28.5863
      1.7183      30.6461
      1.7364      32.7452
      1.6647      33.8374
      1.7146      34.0759
      1.8806      33.5501
      1.8161      32.9755
      2.0403      32.9340
      2.0584      33.3778
      1.9672      34.3500
      1.5787      35.2332
      1.5049      36.2869
      1.3962      37.1284
      2.2621      37.4262
      4.5387      37.0978
      4.2097      36.4966
      4.1528      35.5703
      3.8306      34.9081
      2.3379      33.5433
      1.7784      32.1838
      1.0787      30.4594
      0.3998      28.0795
      0.4175      26.6594
      1.0527      25.3867
      0.8393      25.9038
      2.1797      28.0646
      2.2439      30.3640
      2.5630      32.3524
      2.5252      32.7203
      2.6585      31.9038
      2.3052      29.6827
      2.2799      26.0062
      2.0167      21.6990
      1.8981      20.2519
      2.2880      21.4334
      2.1283      36.5041
      2.0719      35.7290
      2.0920      33.9351
      2.1272      30.9047
      2.0082      27.6899
      2.1041      24.6731
      2.6376      23.0313
      3.4841      22.2493
      4.2460      22.4451
      4.6499      22.6786
      4.8827      23.6060
      4.3962      25.0064
      3.6348      26.3410
      3.3249      27.3233
      2.6966      29.0468
      2.0277      30.4753
      2.0193      32.5534
      1.8663      33.3878
      1.7049      33.5046
      1.5923      32.6511
      1.8212      31.2962
      1.8080      29.9459
      1.9090      29.3862
      3.2043      30.3904
      3.3039      31.5493
      3.7229      33.3479
      3.1852      35.0643
      3.6696      36.0919
      4.3505      36.4389
      4.3867      36.1252
      3.9118      34.9884
      3.7801      33.6821
      2.7786      32.4697
      2.1559      31.0754
      3.0588      29.7077
      2.0035      27.8691
      1.7729      25.0675
      1.7550      22.6323
      0.9999      20.0694
     -0.2632      21.2607
      1.7038      25.0454
      1.7841      28.1846
      2.2423      30.8536
      2.4678      32.0819
      2.4558      31.9717
      2.3673      30.7042
      2.2652      28.3912
      2.1923      26.0384
      2.3250      25.2393
      2.2848      25.1294
      1.6672      36.9675
      1.6818      36.5313
      2.0544      35.1848
      2.2767      33.1234
      2.5500      30.1768
      2.6133      27.9443
      2.9355      25.4316
      3.7971      22.8945
      4.6706      21.1243
      5.1811      19.4937
      5.7723      20.8601
      4.8588      24.3640
      4.0105      27.2194
      3.2780      29.1474
      2.9544      30.7455
      2.2299      32.3025
      2.1740      33.0401
      1.8075      33.2960
      1.6693      32.4976
      1.4943      30.8399
      1.6457      28.4221
      1.7039      26.0916
      2.6670      25.1923
      3.1009      26.7370
      3.2471      28.5128
      3.4468      31.8444
      3.2767      33.7149
      3.9370      35.0337
      3.9861      35.4312
      4.3112      34.7031
      3.8118      33.2039
      3.4866      31.1630
      2.5982      29.3833
      2.3779      27.8494
      2.3707      27.0365
      1.5375      25.3738
      1.1722      23.1875
      1.9645      19.4558
      0.5700       0.0000
     -0.5715      19.2318
      0.9196      22.8601
      1.8380      25.8805
      2.2957      29.2605
      2.4680      31.3105
      2.5459      32.1939
      2.5683      32.2154
      2.6770      31.3695
      3.0650      29.6481
      3.1416      29.1989
      2.7551      29.7283
      1.7147      37.4348
      1.7845      37.2552
      1.9717      36.3130
      2.4316      34.4931
      2.7392      32.5833
      3.0418      29.8235
      3.4964      26.9624
      4.3781      23.6807
      5.3823      19.6345
      8.0300       0.0000
      6.7535      19.9868
      5.0058      24.3779
      4.1438      28.0260
      3.3989      30.1538
      3.1631      31.8458
      2.2509      32.6974
      2.2206      32.8937
      1.8182      32.4227
      1.6832      31.0413
      1.5566      28.9491
      1.9394      25.7255
      1.8363      21.6382
      2.2671      20.2046
      3.0507      21.6191
      2.9489      25.9047
      2.9770      30.1219
      2.8835      32.5885
      4.0603      34.3029
      3.6984      34.6071
      4.0543      33.6877
      3.5461      31.3246
      3.0791      28.3945
      2.6412      26.2630
      1.8390      24.0125
      2.8103      23.4008
      3.9156      23.2472
      3.9745      21.9993
      3.7612      20.2072
      4.1779      18.3078
      2.8508      18.8590
      1.7828      21.0297
      2.0049      23.8265
      2.6037      26.9649
      2.3899      30.1852
      2.7476      32.0720
      2.4745      33.1525
      2.6216      33.3065
      3.1475      32.6262
      3.3232      32.5311
      3.0049      31.9457
      1.6962      37.5687
      1.8506      37.8129
      2.0999      36.9786
      2.4464      35.9368
      2.8500      34.2498
      3.1548      32.0249
      3.9046      28.9018
      4.8317      25.3694
      5.4986      22.6646
      6.3469      20.1536
      7.2159      21.5907
      5.4900      25.5910
      4.3762      29.0736
      3.3151      30.7333
      2.8411      31.7584
      1.5182      32.0472
      1.7437      31.5759
      1.7787      30.7690
      1.6581      29.2422
      1.8357      27.2497
      1.6256      23.9694
      1.8548      19.7901
      1.2100       0.0000
      3.0046      19.9380
      3.1413      25.0255
      3.0924      28.9119
      3.4039      32.0564
      3.8197      33.8168
      3.5241      33.9181
      3.5555      32.4670
      3.1262      29.8094
      2.5710      25.9111
      2.0470      22.6242
      1.8939      19.5484
      2.9580      20.5514
      4.0576      20.8635
      3.6195      20.6734
      3.5343      20.1865
      3.3463      19.7731
      2.5651      18.6093
      1.6903      18.7306
      2.0444      20.8638
      3.0625      25.9479
      3.0197      29.2516
      2.9470      32.2411
      3.4031      33.8823
      3.8633      34.6350
      4.0171      34.9020
      4.4935      35.0894
      4.9354      34.3301
      1.6573      37.7618
      1.9742      38.2069
      2.1581      37.6420
      2.5920      36.8649
      2.9253      35.3125
      3.2603      33.7560
      3.6449      30.9575
      4.5329      28.3125
      5.1461      25.9762
      5.4523      25.2661
      6.4736      25.9486
      5.3110      27.9875
      5.7880      30.3290
      4.6782      31.1917
      4.2199      31.2289
      2.7290      30.4487
      2.9793      29.2994
      1.2230      28.0540
      2.0522      27.0567
      1.8163      25.3970
      2.1530      23.0476
      2.1154      19.9080
      2.5268      18.9939
      3.5380      20.6661
      3.5038      25.1839
      3.0058      29.0007
      3.3201      32.0466
      3.5051      33.7802
      3.2522      33.6280
      3.0947      31.9209
      2.7034      28.8219
      2.1885      24.8671
      1.1796      19.8114
      1.9800       0.0000
      4.1209      18.0994
      5.2059      18.7181
      5.6060      18.5180
      5.2341      19.1708
      5.0859      19.9378
      3.9188      18.4393
      2.5100       0.0000
      2.1178      19.9629
      3.2668      24.8897
      3.4000      29.3553
      3.6384      32.4700
      4.1586      34.3794
      4.0208      35.7131
      4.2538      36.2905
      5.1856      36.5257
      6.4033      36.0154
      1.8956      38.1669
      2.0045      38.4336
      2.3047      38.0709
      2.5961      37.4287
      2.9445      36.6202
      3.2581      35.3013
      3.3660      33.2861
      4.2016      31.8319
      3.8120      29.8045
      3.8256      29.1674
      4.4376      29.9610
      3.5299      30.4887
      4.3651      31.3391
      3.6729      31.3862
      3.2988      30.2255
      2.1906      28.1252
      2.8532      26.4329
      1.4396      24.6656
      1.5185      23.7796
      1.6351      23.4323
      2.1637      22.0521
      2.0698      20.8210
      2.9996      20.8990
      3.7947      22.8218
      3.8418      26.1109
      3.0905      29.6348
      3.4161      32.4073
      2.8962      33.8317
      2.9823      33.5560
      2.7174      31.9465
      2.6640      28.9193
      2.2611      25.0029
      2.1597      21.7091
      1.8148      18.9112
      1.5681      19.2988
      3.7625      18.3363
      5.2600       0.0000
      4.2473      18.8418
      4.6645      20.6040
      6.0023      19.8152
      3.9002      19.5600
      3.2150      21.3582
      4.3817      25.8095
      4.2942      29.7565
      3.9904      32.8284
      4.5243      35.0007
      4.8129      36.4709
      5.0283      37.0335
      5.4359      37.4671
      5.9553      37.1156
      2.2109      38.2209
      2.1941      38.5648
      2.4055      38.3587
      2.5464      37.9454
      2.8229      37.2918
      3.1846      36.5436
      3.4121      35.2081
      4.1186      34.2795
      3.8511      33.1173
      4.3623      32.4753
      4.7085      32.4690
      3.8368      32.6753
      4.3717      32.5975
      3.8192      31.6022
      4.1924      29.2536
      3.3737      25.8701
      3.4694      21.6610
      1.7727      19.9760
      1.7890      20.2567
      1.9890      21.1096
      2.3139      19.6890
      2.4591      18.8476
      3.8154      20.0634
      4.3508      23.9248
      4.5096      27.1949
      3.4456      30.4415
      4.0289      32.8929
      3.5542      34.0701
      3.1055      33.6436
      2.7924      31.6325
      2.5954      29.0873
      2.3317      25.9719
      2.0416      23.3427
      2.5094      22.0610
      1.8466      21.2896
      3.5753      19.7880
      4.5405      19.2735
      4.7381      20.1599
      5.1670      21.9142
      5.5771      22.7563
      4.4330      23.3843
      3.4356      24.8817
      4.5874      28.4349
      4.6349      31.4538
      4.0363      33.6909
      4.7428      35.6369
      5.0325      37.1019
      5.2301      37.7960
      5.5215      38.1322
      6.5116      37.4732
      2.3034      37.9422
      2.1768      38.6394
      2.2323      38.5216
      2.3991      38.2934
      2.5718      37.8967
      2.7800      37.3222
      2.8165      36.6002
      3.3435      35.9635
      3.1581      35.4131
      3.7776      35.1179
      3.7180      34.6978
      4.1081      34.3480
      4.8555      33.6762
      4.3278      31.8416
      3.6746      28.9863
      2.9119      25.0632
      3.3204      20.2235
      1.3600       0.0000
      1.8427      18.9129
      2.1064      20.4233
      2.4845      18.8338
      2.8400       0.0000
      3.9880      19.7883
      4.5833      24.3639
      4.5151      28.1485
      3.5147      31.3985
      4.3321      33.3520
      3.6311      34.0734
      3.9234      33.2498
      3.3800      31.1885
      3.3039      28.5022
      2.9822      25.9584
      2.8541      24.2179
      3.3010      23.4176
      2.9816      23.0862
      2.9504      22.6342
      3.4531      22.2859
      3.6920      22.4491
      4.1677      23.0503
      4.4115      23.9456
      4.3611      25.3981
      4.9095      27.5375
      5.2006      30.1375
      5.2766      32.7098
      4.6099      34.6256
      5.2178      36.4107
      5.4755      37.6150
      6.1007      38.1333
      6.3262      38.4550
      6.4639      38.0848
      2.2231      38.2598
      2.0970      38.6647
      2.1800      38.6409
      2.2542      38.5049
      2.3348      38.2993
      2.4714      37.9914
      2.4481      37.6067
      2.8753      37.2757
      2.6616      36.8774
      2.9076      36.6177
      4.0855      36.4164
      3.5373      35.7588
      4.2931      34.7511
      3.9690      32.6385
      3.9622      29.7454
      3.7025      25.9444
      3.7155      21.5697
      2.3749      19.9100
      2.1479      20.3091
      2.4446      21.5490
      2.7489      20.3577
      3.0543      19.9428
      4.2332      21.5756
      4.7041      25.8382
      4.7595      29.4657
      3.6849      32.2235
      5.0154      33.8783
      4.5741      33.9420
      4.5661      32.6267
      4.1259      30.6113
      4.2112      27.1945
      3.8179      24.9363
      3.6287      23.1749
      4.1644      23.2519
      4.5972      23.6962
      5.2353      23.9106
      5.9638      23.3575
      6.9248      22.5643
      6.8496      22.4118
      7.0565      23.3684
      6.5499      25.6910
      5.2675      28.4960
      5.3740      31.1367
      5.5190      33.6761
      4.8285      35.6301
      4.8377      36.9708
      4.8044      37.9405
      5.3920      38.3675
      4.9623      38.6074
      5.2255      38.2157
      2.2444      38.2640
      2.1341      38.6781
      2.1902      38.6739
      2.0956      38.6409
      2.1869      38.5634
      2.2493      38.3962
      2.2545      38.2337
      2.3945      38.0265
      3.7098      37.8550
      3.9283      37.7169
      3.6930      37.3270
      3.3639      36.6805
      3.0351      35.5304
      3.6009      33.8136
      2.9339      31.8503
      2.6749      28.4792
      2.7841      25.9681
      2.4570      24.8393
      2.6638      24.3404
      2.9408      24.5997
      2.7532      24.4075
      2.5419      24.6016
      3.8704      26.0679
      4.3665      28.5512
      4.1826      31.2680
      4.2716      33.1112
      6.1063      34.0598
      5.4321      33.4963
      5.2859      31.9889
      5.0121      28.7983
      5.3986      25.2163
      4.8282      21.2123
      4.6609      19.7270
      5.0898      20.6417
      5.5142      23.1366
      6.4739      24.0252
      6.3510      23.2918
      7.7751      20.4295
      7.6048      19.4631
      7.7542      20.8637
      6.7441      24.7500
      6.1780      28.4729
      6.1220      31.8434
      5.6151      34.0952
      5.0175      36.0269
      4.8492      37.4497
      4.8556      38.1701
      5.1941      38.5073
      5.4061      38.6607
      4.6014      38.2625
      2.0380      37.9511
      1.9869      38.6781
      2.0678      38.6744
      2.0320      38.6637
      2.0563      38.6430
      2.0974      38.5881
      2.1212      38.5169
      3.8730      38.4354
      3.8888      38.3688
      4.0431      38.2306
      4.0121      37.9777
      3.7607      37.3908
      4.3192      36.4640
      4.0217      35.1395
      2.9384      33.3525
      3.4619      31.4176
      3.0076      30.2595
      2.8903      29.1065
      2.9164      28.6862
      3.3336      28.7032
      2.9986      28.4061
      3.5332      29.1758
      4.0322      29.9608
      4.5225      31.4776
      4.6080      33.0014
      4.7545      33.9100
      6.9817      33.9744
      6.9621      32.8405
      7.9793      30.4367
      7.8447      27.2979
      8.1014      23.7962
      6.2689      19.6044
      3.2100       0.0000
      5.8199      19.6164
      6.4129      23.0084
      6.8582      24.1863
      7.1191      23.0634
      7.7287      19.6409
      9.0800       0.0000
      7.0779      19.9701
      6.8533      24.8900
      6.4321      29.0127
      5.9854      32.4055
      5.5701      34.6448
      5.2523      36.4646
      5.1275      37.7240
      5.0626      38.3132
      5.5913      38.5953
      5.4562      38.6848
      5.2652      38.2818
      1.8628      38.2641
      1.9898      38.6781
      1.9852      38.6781
      2.0697      38.6760
      2.0602      38.6666
      1.9853      38.6576
      3.7300      38.6035
      3.7316      38.5236
      3.6463      38.4401
      3.4274      38.3040
      3.4864      38.0911
      3.9656      37.6761
      3.6672      37.0682
      3.1134      36.2274
      3.0752      35.3963
      3.2266      33.9558
      2.9713      33.1156
      2.9319      32.2638
      3.0879      32.1996
      3.7452      31.7980
      3.1908      31.8930
      3.9899      32.2351
      4.2181      33.2320
      5.0839      33.8335
      5.1537      34.3298
      5.8101      34.5211
      7.1330      33.6615
      7.1794      31.7549
      8.5374      29.3520
      8.7128      25.6455
      9.4069      22.7768
      8.4227      20.3317
      8.1719      18.9671
      7.7609      21.2753
      8.1392      23.5590
      8.0064      25.0416
      7.9449      24.4113
      7.8591      21.1301
      7.6672      20.0748
      7.1247      21.5383
      7.0975      26.4964
      6.5977      29.6320
      6.5790      33.0362
      6.2431      35.2111
      5.9412      36.7561
      5.6595      37.8419
      5.7258      38.4000
      6.3362      38.6314
      6.1924      38.7207
      6.2219      38.3155
      1.4587      37.9657
      1.6333      38.6927
      1.7078      38.6927
      1.9706      38.6732
      1.8492      38.6695
      1.7744      38.6131
      3.6982      38.5083
      3.6427      38.3532
      3.6362      38.1775
      3.4047      37.9499
      4.1842      37.7820
      4.1867      37.5331
      3.6116      37.1963
      3.4384      36.8014
      3.4630      36.3257
      3.6961      35.9907
      3.5365      35.2841
      3.5486      35.1333
      3.7254      34.6777
      4.2680      34.7865
      4.4016      34.6386
      4.8054      34.8450
      4.9364      35.3965
      5.7298      35.4606
      6.0120      35.3598
      6.6304      34.8349
      7.9249      33.2069
      9.4171      30.5257
     11.1881      27.5935
     12.2667      23.3299
     13.2007      20.8505
     12.1896      19.7113
     11.3771      20.5909
      9.8712      22.6572
      9.5326      24.9574
      8.8920      26.3050
      8.5476      26.6329
      8.0022      25.1321
      7.8200      25.0335
      7.2057      25.9345
      6.9571      29.0540
      6.4699      31.3549
      6.4410      34.1041
      6.1613      35.7767
      5.8474      37.1594
      5.6163      38.0064
      6.4298      38.4832
      6.3464      38.6625
      6.2441      38.7282
      6.1985      38.3181
      1.9088      38.2787
      1.9200      38.6927
      2.0547      38.6899
      1.7705      38.6768
      1.7639      38.6140
      1.8075      38.4745
      3.5803      38.2602
      3.4604      38.0312
      3.3312      37.5604
      3.9865      37.1842
      4.0046      36.9599
      4.0276      36.7122
      3.6667      36.6513
      3.5189      36.7814
      3.7149      36.7140
      3.7445      36.7578
      3.8342      36.7992
      3.7365      36.7108
      3.9589      36.6842
      5.0793      36.5327
      4.8518      36.5679
      5.0689      36.7697
      5.3580      36.8255
      6.0461      36.6739
      6.5094      36.1358
      7.0307      34.9701
      8.2303      32.8597
     10.2630      29.4106
     12.1836      25.0890
     14.0767      20.1922
     15.7061      17.4041
     14.7985      17.1093
     13.1326      19.2634
     11.5730      22.9717
     10.9983      26.2609
      9.8442      28.0225
      9.1256      29.0625
      8.2992      28.9199
      7.7941      29.1292
      7.1958      30.1154
      6.7907      31.7502
      6.3342      33.2669
      6.3428      35.3307
      5.9978      36.7403
      5.7660      37.5836
      5.9523      38.1934
      6.3109      38.5694
      6.2968      38.6935
      6.1474      38.7323
      6.1478      38.3213
      2.1497      37.9657
      1.8539      38.6927
      1.9504      38.6912
      1.8222      38.6378
      1.7369      38.5020
      3.5455      38.2602
      3.4432      37.8576
      3.2993      37.2938
      3.9170      36.7595
      3.7280      35.9592
      3.5922      35.5617
      3.1585      35.1512
      3.2138      35.3013
      3.2872      35.7443
      3.4245      36.3062
      3.2744      36.8413
      3.8222      37.2525
      3.6794      37.5193
      4.2843      37.6937
      5.0234      37.6907
      5.1842      37.7367
      5.1168      37.7625
      5.4929      37.7402
      6.3517      37.3217
      6.9250      36.5732
      7.8426      35.1088
      8.7943      32.7481
     11.3040      29.2844
     13.2966      24.3791
     15.4287      19.0111
     17.1900       0.0000
     22.7500       0.0000
     14.3155      18.7907
     12.6464      23.5724
     11.4025      27.6394
     10.1413      29.7576
      9.3455      31.3156
      8.3849      31.9117
      7.6501      32.3678
      6.9642      32.7834
      6.5078      34.1618
      6.0694      35.3836
      6.2106      36.5022
      5.9877      37.2786
      5.7045      37.9828
      5.9295      38.3996
      6.4230      38.6259
      6.3151      38.7150
      6.2885      38.7376
      6.1449      38.3235
      2.1821      38.2993
      1.9137      38.6905
      2.1162      38.6719
      1.8940      38.5717
      1.8032      38.3940
      1.8112      37.9928
      3.3709      37.2938
      3.0971      36.3129
      3.6083      35.1442
      3.4178      34.0627
      2.9271      33.0813
      2.8409      32.9737
      2.9094      33.0702
      3.0333      34.2834
      3.3542      35.3733
      3.1958      36.2512
      3.8635      37.0961
      3.7481      37.7737
      5.2138      38.0490
      5.2206      38.2788
      5.5480      38.3315
      5.2295      38.3514
      5.7393      38.1641
      6.6417      37.7260
      6.8460      36.8768
      7.5229      35.2086
      7.9555      33.0100
     10.4967      29.5347
     11.9002      25.3068
     14.3477      20.4436
     17.4435      17.8197
     17.5054      17.8517
     15.4882      20.5086
     14.1179      25.1614
     12.3534      29.3477
     10.5133      31.6032
      9.2532      33.1709
      8.1828      34.0326
      7.4632      34.5576
      6.5697      35.3735
      6.3377      35.8131
      6.2500      36.5522
      6.0102      37.4347
      5.8799      37.8854
      6.0280      38.2970
      6.3957      38.5552
      6.2294      38.6831
      6.0830      38.7362
      6.1280      38.7375
      6.0110      38.0107
      2.4378      38.3187
      2.0915      38.7182
      2.1050      38.6559
      1.6905      38.5255
      1.6389      38.1541
      1.8074      37.4836
      3.3265      36.5473
      3.6115      35.4399
      3.2843      33.4081
      2.7474      31.5525
      2.5728      30.0999
      2.4554      29.6589
      2.6391      30.0990
      2.8086      31.4931
      3.1525      33.4572
      3.2610      35.1750
      3.8560      36.6153
      4.5265      37.5450
      5.2974      38.1178
      5.3704      38.4458
      5.8208      38.5622
      5.4364      38.5548
      5.7838      38.4036
      6.4524      38.0339
      7.1794      37.3237
      7.4831      35.8540
      7.9841      33.7019
     10.4644      31.0148
     11.6560      27.7450
     13.2988      25.4563
     15.2987      23.0371
     15.6738      22.9167
     13.5315      24.7988
     12.7357      28.5764
     11.7207      30.9482
      9.6641      33.1753
      9.0374      34.9951
      7.9674      35.8988
      7.1053      36.4767
      6.5310      36.7620
      6.0389      37.3349
      5.8561      37.5842
      5.8243      37.9837
      5.6421      38.3611
      5.8458      38.5550
      6.2193      38.6875
      6.4200      38.7195
      6.4516      38.7349
      6.2259      38.7377
      6.1003      38.0107
      2.6302      38.0089
      2.4308      38.7232
      2.4774      38.6285
      1.9486      38.4100
      1.9195      37.8842
      1.8111      37.1915
      3.3911      36.0372
      3.4792      34.0186
      2.7277      31.4963
      2.4119      28.5574
      2.0935      26.0400
      1.9633      25.3716
      2.1441      26.1278
      2.4113      28.6083
      2.7749      31.5983
      2.9756      34.1163
      3.6237      36.1314
      4.3851      37.2209
      5.1583      38.0241
      5.2572      38.4436
      5.5877      38.5979
      5.3392      38.6259
      5.6119      38.5496
      6.4159      38.2164
      7.0048      37.5935
      7.3030      36.4836
      7.8525      34.9824
      8.9384      32.8926
     10.1036      30.6663
     11.6815      29.2562
     13.3020      27.9793
     13.5342      27.8638
     13.0900      28.9866
     12.0429      31.3911
     11.3790      33.0277
      9.3710      34.8233
      8.4787      36.2746
      8.1759      36.9061
      6.9831      37.4920
      6.1975      37.7784
      6.0143      37.9990
      5.2523      38.2747
      4.8019      38.4043
      5.6382      38.5492
      5.4471      38.6875
      5.4301      38.7319
      5.4349      38.7377
      5.8299      38.7377
      6.0986      38.7377
      6.2716      38.0107
      2.2266      38.0089
      2.2407      38.7237
      2.1767      38.6026
      1.8057      38.3482
      1.8542      37.7281
      1.7920      36.8337
      3.2696      35.2223
      3.2341      33.0170
      2.8599      30.3326
      2.1500      26.7227
      1.7831      21.6616
      1.5738      20.2213
      1.7665      21.6612
      2.1451      26.0523
      2.6024      30.4525
      2.9055      33.1137
      3.8875      35.4306
      4.2272      37.0392
      4.9576      37.9336
      5.2899      38.3847
      5.4439      38.5971
      5.2475      38.6500
      5.6672      38.6001
      5.9963      38.4461
      6.5900      37.9874
      6.7248      37.2487
      7.7866      36.4012
      8.2659      34.8607
      9.6153      33.3389
     10.5746      32.2701
     12.0961      31.6554
     12.5548      31.6833
     12.5085      32.2131
     10.7007      33.5701
     10.3391      34.9093
      8.4151      36.3574
      7.5485      37.1092
      6.9219      37.7550
      6.0914      38.1197
      5.5390      38.3839
      5.3023      38.4575
      5.5054      38.5255
      4.5438      38.6234
      6.7045      38.6616
      6.7937      38.7219
      6.7196      38.7377
      7.0895      38.7377
      7.5870      38.7377
      6.4369      38.7377
      7.0107      38.0107
      2.4946      38.3365
      2.6184      38.7457
      1.9506      38.6156
      1.5211      38.2916
      1.5578      37.6707
      1.2977      36.5799
      3.3509      35.2080
      3.4119      32.5857
      3.0752      29.4967
      2.4478      25.2911
      2.0118      20.1439
      0.4000       0.0000
      1.7947      20.1490
      2.1470      25.3466
      2.4868      29.4146
      3.3522      33.0481
      3.6661      35.4106
      4.5395      36.9406
      4.8928      37.8107
      5.2430      38.3701
      5.3430      38.5884
      5.4001      38.6560
      5.6852      38.6562
      5.8365      38.5711
      6.1886      38.3022
      5.8601      37.9650
      6.6536      37.2082
      6.8475      36.3806
      8.2311      35.4948
      8.7523      35.0185
     10.9631      34.5663
     11.1544      34.5920
     11.2808      34.7914
      9.2664      35.8027
      9.1713      36.4235
      7.3397      37.2167
      5.6293      37.8397
      6.8297      38.2412
      5.4615      38.4786
      5.8171      38.5896
      5.6905      38.6276
      5.8009      38.6699
      4.8705      38.6880
      7.2099      38.7266
      6.3651      38.7351
      6.6694      38.7377
      6.5038      38.7377
      7.5061      38.7377
      6.0497      38.7377
      6.3574      38.3237
      2.4295      38.0629
      2.5606      38.7676
      2.4258      38.6289
      2.9462      38.2978
      2.6762      37.7477
      2.2128      36.8337
      4.3127      35.1460
      4.3655      32.8481
      3.5997      29.6925
      3.0025      26.4538
      2.2131      22.7834
      1.7849      20.0634
      2.0680      22.7834
      2.3430      25.8690
      2.7114      30.3799
      3.1286      33.3717
      3.7886      35.4245
      4.5887      36.9288
      4.9292      37.8608
      5.2214      38.3847
      5.3154      38.5860
      5.3993      38.6571
      5.6090      38.6621
      5.7492      38.6221
      5.7928      38.5489
      5.3241      38.3522
      5.8848      37.9457
      6.6171      37.5037
      7.4931      37.0218
      7.2184      36.7816
      9.0691      36.5082
      8.7720      36.5372
     10.1865      36.6164
      9.0739      37.0327
      9.3146      37.5099
      6.4673      37.9678
      7.4928      38.2744
      6.0754      38.5523
      5.1454      38.6488
      5.7735      38.6743
      5.5362      38.6909
      6.8376      38.7026
      4.4670      38.7052
      7.3001      38.7376
      6.4990      38.7377
      6.6312      38.7377
      6.0301      38.7377
      7.1543      38.7377
      5.9149      38.7377
      6.5202      38.0107
      2.2479      38.3993
      2.4390      38.7740
      1.9953      38.6705
      2.3041      38.4070
      2.5186      37.7318
      1.9113      36.8093
      3.8213      35.7733
      4.3064      33.7799
      3.9030      31.2094
      3.2879      28.2908
      2.4780      25.8814
      2.0925      24.9439
      2.3498      25.8814
      2.5495      28.3871
      2.9508      31.8043
      3.2243      34.0581
      4.2944      35.9756
      4.6706      37.2057
      4.9684      38.0313
      5.2317      38.4343
      5.3397      38.6029
      6.0096      38.6722
      5.5862      38.6707
      5.6754      38.6618
      5.6662      38.6437
      4.8749      38.5426
      5.1133      38.3846
      5.3349      38.1754
      7.0408      37.9473
      6.4615      37.8418
      8.8904      37.7098
      8.2808      37.6349
      8.8070      37.8076
      7.0072      38.0364
      7.9735      38.1772
      5.0716      38.4400
      5.6884      38.5559
      6.4212      38.6481
      5.9219      38.7064
      5.6997      38.6924
      5.6428      38.7072
      6.5925      38.7072
      4.1561      38.7377
      6.8540      38.7377
      6.1726      38.7377
      6.3431      38.7377
      5.4821      38.7377
      7.3235      38.7377
      5.7822      38.7377
      5.7674      38.3237
      2.0468      38.7502
      2.0360      38.3340
      1.7415      38.2381
      2.7234      37.9601
      3.4598      37.1481
      3.0675      36.3241
      3.0772      35.2550
      5.0052      33.9772
      4.7073      32.2508
      4.2039      30.1174
      3.6663      28.4354
      2.8037      27.8103
      2.9376      29.1729
      2.8677      30.3785
      4.0587      32.2098
      4.4403      33.9858
      4.5853      36.0395
      5.2290      36.9074
      5.6338      37.3492
      5.8945      38.0724
      5.9648      38.2226
      5.9449      38.2633
      5.8830      38.2680
      5.4979      38.2546
      5.6062      38.2406
      4.1027      38.2129
      4.0783      38.1432
      5.6939      38.0530
      4.2417      37.9326
      4.4158      37.6390
      8.7574      37.7875
      7.7153      37.7886
      8.7447      37.6417
      8.1982      37.9372
      7.5759      38.0492
      4.5451      38.1488
      6.0439      38.2328
      4.8124      37.9657
      5.0193      37.9901
      6.2073      38.0107
      7.2301      38.3237
      7.6823      38.2931
      4.6941      38.0107
      6.7518      38.0107
      7.5002      38.3237
      7.0268      38.3237
      6.6970      38.0107
      7.9967      38.3237
      6.3431      38.3237
      5.5095      38.6741
