KB2D Output
2
Estimate
Estimation Variance
   2.048   42.183
   1.874   42.147
   1.874   42.147
   1.874   42.147
   1.874   42.147
   1.874   42.147
   1.524   42.118
   1.663   42.123
   1.663   42.123
   1.663   42.123
   1.663   42.123
   1.646   42.074
   1.596   41.876
   1.516   41.410
   1.409   40.509
   1.281   38.993
   1.018   36.804
   0.822   33.642
   0.701   29.794
   0.599   25.649
   0.568   23.294
   0.673   25.418
   0.842   28.908
   1.017   31.656
   1.118   33.507
   1.180   34.896
   1.310   36.081
   1.365   37.409
   1.519   38.616
   1.629   39.709
   1.610   40.725
   1.580   41.433
   1.554   41.871
   1.537   42.098
   1.521   42.125
   1.501   42.003
   1.476   41.821
   1.449   41.604
   1.426   41.394
   0.732   41.145
   0.729   41.083
   0.732   41.145
   0.739   41.316
   0.750   41.550
   0.762   41.796
   0.967   42.014
   0.978   42.185
   0.984   42.259
   0.975   42.207
   0.984   42.261
   1.636   42.119
   1.689   42.092
   1.690   42.086
   1.689   42.092
   1.688   42.103
   1.686   42.120
   1.524   42.117
   1.524   42.118
   1.524   42.118
   1.524   42.118
   1.524   42.118
   1.507   42.065
   1.459   41.859
   1.382   41.373
   1.400   40.408
   1.267   38.799
   1.002   36.462
   0.863   33.120
   0.724   28.774
   0.553   23.288
   0.090    0.000
   0.645   22.770
   0.855   26.941
   1.052   29.389
   1.229   30.763
   1.336   31.944
   1.343   33.251
   1.430   35.024
   1.442   37.000
   1.425   38.777
   1.636   39.998
   1.598   41.032
   1.567   41.674
   1.535   41.967
   1.498   41.953
   1.461   41.707
   1.421   41.345
   1.381   40.925
   1.348   40.519
   0.692   40.044
   0.688   39.927
   0.716   40.220
   0.727   40.519
   0.743   40.925
   0.762   41.345
   0.781   41.707
   0.955   41.970
   0.969   42.146
   0.975   42.207
   0.975   42.207
   1.649   41.949
   1.703   41.896
   1.704   41.877
   1.703   41.897
   1.700   41.949
   1.537   42.010
   1.531   42.067
   1.526   42.104
   1.524   42.118
   1.524   42.118
   1.524   42.118
   1.509   42.071
   1.462   41.878
   1.388   41.420
   1.289   40.530
   1.170   39.024
   1.023   36.822
   0.895   33.770
   0.774   29.947
   0.674   25.729
   0.648   23.080
   0.746   24.475
   0.936   26.711
   1.135   27.719
   1.326   27.803
   1.428   28.002
   1.446   29.630
   1.452   32.351
   1.487   35.116
   1.456   37.579
   1.473   39.368
   1.610   40.622
   1.572   41.453
   1.522   41.766
   1.465   41.667
   1.411   41.240
   1.355   40.608
   1.300   39.871
   1.253   39.149
   1.151   38.789
   0.660   38.409
   0.666   38.610
   0.681   39.149
   0.704   39.871
   0.730   40.608
   0.904   41.175
   0.934   41.679
   0.958   42.007
   0.972   42.175
   0.975   42.207
   1.673   41.538
   1.725   41.422
   1.727   41.372
   1.724   41.421
   1.715   41.548
   1.548   41.723
   1.533   41.871
   1.520   41.984
   1.514   42.057
   1.514   42.094
   1.520   42.108
   1.513   42.086
   1.473   41.930
   1.406   41.547
   1.315   40.798
   1.207   39.537
   0.986   37.765
   0.891   35.360
   0.878   32.508
   0.823   29.779
   0.833   28.075
   0.929   27.805
   1.060   27.729
   1.241   26.685
   1.423   24.530
   1.558   23.096
   1.578   25.754
   1.508   29.823
   1.457   33.593
   1.458   36.567
   1.398   38.855
   1.412   40.315
   1.552   41.173
   1.496   41.508
   1.427   41.290
   1.355   40.608
   1.282   39.605
   1.141   38.593
   0.999   37.570
   1.041   36.503
   0.602   35.923
   0.609   36.276
   0.630   37.204
   0.660   38.409
   0.695   39.605
   0.870   40.507
   0.910   41.288
   0.943   41.804
   0.965   42.095
   0.975   42.204
   1.746   40.758
   1.754   40.469
   1.751   40.358
   1.735   40.452
   1.567   40.754
   1.539   41.077
   1.512   41.387
   1.491   41.637
   1.480   41.816
   2.072   41.941
   1.491   42.021
   1.502   42.059
   1.484   41.984
   1.432   41.714
   1.354   41.154
   1.261   40.211
   1.054   38.917
   0.980   37.206
   0.930   35.292
   0.915   33.464
   1.001   31.994
   1.085   30.903
   1.210   29.512
   1.336   27.050
   1.490   22.883
   1.810    0.000
   1.601   23.365
   1.513   28.595
   1.447   32.790
   1.375   36.017
   1.362   38.387
   1.292   40.060
   1.233   41.015
   1.319   41.252
   1.251   40.927
   1.129   40.108
   1.052   38.729
   0.975   36.991
   0.904   35.125
   0.853   33.591
   0.834   32.978
   0.526   33.399
   0.553   34.943
   0.593   36.822
   0.638   38.571
   0.788   39.865
   0.894   40.763
   0.934   41.489
   0.961   41.931
   0.975   42.155
   1.742   39.341
   1.794   38.862
   2.322   38.714
   2.287   38.889
   2.071   39.406
   2.029   39.960
   1.994   40.488
   1.975   40.930
   1.977   41.279
   1.994   41.548
   2.023   41.761
   2.058   41.917
   2.068   41.971
   2.037   41.861
   1.965   41.521
   1.863   40.903
   1.592   40.054
   1.075   38.896
   1.044   37.636
   1.045   36.354
   1.086   35.097
   1.159   33.716
   1.291   31.906
   1.410   29.144
   1.488   25.568
   1.565   23.296
   1.574   25.445
   1.452   29.201
   1.395   32.802
   1.278   35.890
   1.241   38.108
   1.187   39.763
   1.179   40.654
   1.093   41.029
   1.150   40.550
   1.082   39.407
   0.999   37.570
   0.904   35.125
   0.813   32.301
   0.741   29.721
   0.711   28.587
   0.469   29.522
   0.515   32.099
   0.574   34.898
   0.633   37.299
   0.785   38.985
   0.839   40.273
   0.880   41.114
   0.972   41.579
   0.986   41.931
   2.389   37.448
   2.359   36.621
   2.322   36.284
   2.268   36.577
   2.053   37.403
   1.985   38.262
   1.926   39.046
   1.885   39.699
   1.871   40.254
   1.889   40.757
   1.931   41.205
   1.984   41.575
   2.031   41.828
   2.042   41.906
   2.015   41.778
   1.873   41.448
   1.657   40.942
   1.600   40.272
   1.555   39.495
   1.182   38.578
   1.208   37.549
   1.245   36.234
   1.310   34.522
   1.414   32.163
   1.465   29.709
   1.468   28.247
   1.463   28.822
   1.321   30.826
   1.261   33.272
   1.184   35.647
   1.125   37.628
   1.112   39.165
   1.087   40.238
   1.107   40.669
   0.988   40.203
   1.039   38.839
   0.958   36.662
   0.853   33.591
   0.741   29.721
   0.637   25.510
   0.634   23.198
   0.645   25.538
   0.502   29.497
   0.579   33.241
   0.653   36.148
   0.805   38.075
   0.865   39.514
   0.909   40.473
   0.935   41.114
   0.945   41.551
   2.431   34.980
   2.393   33.574
   2.342   32.975
   2.268   33.460
   2.053   34.736
   1.956   35.986
   1.868   37.031
   1.802   37.877
   1.770   38.652
   1.777   39.443
   1.822   40.238
   1.894   40.950
   1.970   41.492
   1.947   41.806
   1.990   41.855
   1.846   41.709
   1.829   41.404
   1.804   41.008
   1.778   40.546
   1.756   39.988
   1.725   39.243
   1.370   38.138
   1.375   36.729
   1.367   34.851
   1.408   32.881
   1.367   31.544
   1.330   31.141
   1.271   31.700
   1.156   33.013
   1.108   34.804
   1.071   36.701
   1.068   38.476
   1.080   39.577
   1.134   40.214
   1.097   39.964
   1.150   38.681
   1.158   36.456
   0.946   33.145
   0.803   28.759
   0.656   23.288
   0.190    0.000
   0.644   23.218
   0.597   28.351
   0.704   32.419
   0.801   35.365
   0.973   37.243
   1.050   38.627
   1.108   39.601
   0.979   40.273
   0.983   40.887
   2.490   32.184
   2.449   29.778
   2.384   28.652
   2.290   29.529
   2.074   31.514
   1.942   33.210
   1.819   34.421
   1.724   35.371
   1.674   36.376
   1.672   37.558
   1.714   38.826
   1.714   40.053
   1.829   40.954
   1.960   41.491
   2.075   41.677
   2.154   41.595
   2.040   41.394
   2.045   41.123
   2.036   40.855
   2.011   40.556
   1.952   40.116
   1.865   39.390
   1.476   38.274
   1.396   36.699
   1.327   34.908
   1.250   33.142
   1.191   31.774
   1.111   31.104
   0.998   31.445
   1.048   32.882
   1.032   35.012
   1.064   37.170
   1.156   38.794
   1.160   39.754
   1.166   39.763
   1.127   38.827
   1.160   36.761
   1.048   33.763
   0.909   29.908
   0.776   25.715
   0.708   23.313
   0.778   25.570
   0.913   29.393
   0.911   32.430
   0.861   34.696
   1.025   36.116
   1.102   37.243
   1.156   38.180
   1.188   39.071
   1.196   39.932
   2.569   29.601
   2.528   25.599
   2.454   23.207
   2.340   25.135
   2.117   28.206
   1.938   30.209
   1.768   31.282
   1.639   32.120
   1.573   33.376
   1.508   35.222
   1.548   37.131
   1.647   38.873
   1.811   40.204
   1.996   40.972
   2.174   41.222
   2.320   41.098
   2.270   40.832
   2.310   40.538
   2.316   40.353
   2.284   40.268
   2.197   40.150
   2.066   39.798
   1.906   39.005
   1.457   37.674
   1.315   35.807
   1.162   33.490
   1.044   31.024
   0.999   28.946
   0.895   28.279
   0.904   29.797
   0.923   32.640
   0.976   35.534
   1.095   37.782
   1.124   39.280
   1.135   39.763
   1.117   39.251
   1.194   37.601
   1.109   35.281
   1.002   32.479
   0.910   29.883
   0.874   28.627
   0.913   29.393
   1.008   31.250
   0.956   32.868
   1.133   33.944
   1.283   34.619
   1.170   35.204
   1.218   36.089
   1.240   37.246
   1.237   38.528
   2.666   28.243
   2.634   22.975
   2.550    0.000
   2.417   22.148
   2.175   25.787
   1.939   27.446
   1.703   27.749
   1.490   28.169
   1.402   29.822
   1.400   32.497
   1.430   35.339
   1.571   37.694
   1.780   39.400
   2.022   40.334
   2.251   40.528
   2.451   40.204
   2.602   39.654
   2.588   39.182
   2.609   38.977
   2.568   39.079
   2.451   39.329
   2.276   39.429
   2.061   39.051
   1.543   37.974
   1.332   36.063
   1.110   33.240
   0.928   29.620
   0.839   25.646
   0.729   23.431
   0.762   25.937
   0.823   30.239
   0.911   34.089
   1.011   37.006
   1.114   38.934
   1.147   39.834
   1.148   39.769
   1.121   38.839
   1.164   37.210
   1.119   35.257
   1.055   33.623
   1.032   32.705
   1.059   32.643
   1.127   33.011
   1.052   33.075
   1.215   32.740
   1.309   32.369
   1.388   32.427
   1.493   33.263
   1.297   34.839
   1.280   36.770
   2.778   28.600
   2.759   24.270
   2.683   21.482
   2.497   22.702
   2.256   24.682
   1.946   25.269
   1.598   24.145
   1.338   23.117
   1.239   25.889
   1.257   30.069
   1.360   33.809
   1.545   36.702
   1.800   38.644
   2.100   39.583
   2.390   39.570
   2.641   38.862
   2.835   37.848
   2.951   36.981
   2.905   36.658
   2.853   36.966
   2.705   37.695
   2.484   38.387
   2.216   38.563
   1.661   37.896
   1.396   36.132
   1.128   33.184
   0.935   28.960
   0.729   23.569
   0.280    0.000
   0.678   23.588
   0.772   29.119
   0.881   33.481
   1.006   36.698
   1.129   38.870
   1.175   40.068
   1.195   40.334
   1.187   39.890
   1.259   38.887
   1.210   37.716
   1.195   36.508
   1.180   35.647
   1.200   34.982
   1.251   34.220
   1.215   32.740
   1.303   30.985
   1.388   29.130
   1.455   28.359
   1.497   29.606
   1.512   32.206
   1.561   34.964
   2.888   29.693
   2.897   26.029
   2.838   23.581
   2.676   23.079
   2.362   23.933
   1.971   24.051
   1.545   21.874
   0.710    0.000
   1.129   23.425
   1.175   28.775
   1.308   32.990
   1.524   36.091
   1.813   38.051
   2.158   38.823
   2.508   38.444
   2.823   37.172
   3.076   35.452
   3.235   33.932
   3.289   33.313
   3.151   33.930
   2.962   35.358
   2.694   36.857
   2.382   37.766
   1.787   37.697
   1.476   36.441
   1.183   33.877
   0.956   30.197
   0.768   26.011
   0.666   23.565
   0.713   25.962
   0.788   30.227
   0.895   34.079
   1.095   37.082
   1.111   39.170
   1.221   40.391
   1.254   40.861
   1.260   40.755
   1.247   40.245
   1.725   39.508
   1.293   38.649
   1.315   37.660
   1.330   36.558
   1.368   34.982
   1.309   32.369
   1.388   29.130
   1.465   25.323
   1.524   23.069
   1.546   25.448
   1.541   29.631
   1.472   33.309
   2.974   30.678
   3.015   26.835
   3.002   23.243
   2.872   21.252
   2.498   22.692
   2.062   23.868
   1.624   23.153
   1.280   22.336
   1.137   24.989
   1.137   29.116
   1.262   32.890
   1.487   35.787
   1.797   37.567
   2.175   38.072
   2.577   37.269
   2.956   35.331
   3.280   32.678
   3.508   30.109
   3.598   28.942
   3.519   30.050
   3.222   32.590
   2.902   35.151
   2.549   36.932
   1.960   37.601
   1.627   37.008
   1.252   35.281
   1.050   32.718
   0.876   30.195
   0.782   29.037
   0.785   30.219
   0.936   32.775
   1.036   35.573
   1.140   37.961
   1.356   39.725
   1.680   40.827
   1.733   41.347
   1.774   41.409
   1.763   41.172
   1.852   40.693
   1.798   40.069
   1.766   39.151
   1.804   37.736
   1.903   35.641
   1.735   32.551
   1.747   28.478
   1.758   23.178
   1.660    0.000
   1.578   23.040
   1.553   28.494
   1.479   32.693
   3.024   31.674
   3.097   27.541
   3.105   22.714
   3.610    0.000
   2.636   21.857
   2.172   24.460
   1.744   25.181
   1.407   25.575
   1.195   27.183
   1.127   29.922
   1.210   32.894
   1.424   35.403
   1.744   36.951
   2.144   37.235
   2.582   36.119
   3.012   33.644
   3.410   30.047
   3.736   25.917
   3.903   23.497
   3.779   25.870
   3.548   30.019
   3.204   33.712
   2.727   36.364
   2.083   37.728
   1.739   37.853
   1.415   36.954
   1.167   35.457
   1.005   34.035
   0.953   33.442
   0.980   34.057
   1.036   35.573
   1.113   37.399
   1.320   39.077
   1.415   40.371
   1.754   41.220
   1.814   41.661
   1.926   41.791
   1.859   41.692
   1.826   41.407
   1.923   40.890
   1.888   40.069
   1.863   38.745
   2.043   36.503
   1.840   33.471
   1.836   29.729
   1.835   25.567
   1.843   23.156
   1.875   25.541
   1.508   29.425
   1.472   33.309
   3.047   33.066
   3.065   29.489
   3.065   25.506
   2.975   22.907
   2.638   24.007
   2.232   25.562
   1.832   26.157
   1.490   26.569
   1.238   27.741
   1.120   29.796
   1.158   32.254
   1.335   34.483
   1.638   35.919
   2.045   36.185
   2.499   35.042
   2.958   32.475
   3.400   28.570
   3.808   23.386
   4.920    0.000
   3.891   23.511
   3.620   28.949
   3.239   33.220
   2.911   36.296
   2.374   38.123
   1.714   38.785
   1.478   38.525
   1.279   37.812
   1.127   37.057
   1.078   36.745
   1.099   37.087
   1.140   37.961
   1.320   39.077
   1.396   40.142
   1.472   40.988
   1.816   41.560
   1.963   41.873
   1.997   41.988
   1.996   41.958
   1.906   41.775
   2.021   41.386
   1.991   40.693
   2.094   39.497
   2.063   37.758
   2.107   35.316
   1.917   32.328
   1.907   29.755
   1.903   28.618
   1.914   29.752
   1.957   32.168
   1.992   35.003
   2.964   34.918
   3.041   31.950
   3.001   29.143
   2.876   27.193
   2.571   26.688
   2.217   26.353
   1.838   25.643
   1.492   25.291
   1.222   26.191
   1.074   28.135
   1.078   30.553
   1.216   32.829
   1.483   34.371
   1.868   34.828
   2.313   34.004
   2.766   31.953
   3.197   28.886
   3.571   25.293
   3.792   23.267
   3.707   25.852
   3.493   30.101
   3.205   33.911
   2.807   36.834
   2.495   38.739
   2.061   39.685
   1.543   39.826
   1.328   39.560
   1.288   39.203
   1.242   39.044
   1.209   39.254
   1.366   39.741
   1.415   40.371
   1.472   40.988
   1.803   41.482
   1.951   41.812
   2.004   41.993
   2.034   42.067
   2.035   42.060
   2.021   41.959
   2.087   41.690
   2.063   41.169
   2.178   40.258
   2.145   38.952
   1.985   37.083
   1.964   35.232
   1.943   33.700
   1.940   33.000
   1.960   33.445
   1.979   34.977
   2.008   36.852
   3.139   36.390
   2.944   34.216
   2.908   31.865
   2.782   29.901
   2.515   28.274
   2.134   26.314
   1.754   23.678
   1.384   21.751
   1.093   22.888
   0.928   25.096
   0.924   27.796
   1.057   30.467
   1.296   32.312
   1.633   33.027
   2.040   32.697
   2.461   31.573
   2.852   29.985
   3.176   28.475
   3.385   28.098
   3.397   29.722
   3.275   32.555
   3.075   35.439
   2.740   37.829
   2.485   39.497
   1.819   40.424
   1.574   40.777
   1.387   40.764
   1.341   40.629
   1.310   40.555
   1.425   40.657
   1.465   40.915
   1.500   41.241
   1.542   41.560
   1.951   41.812
   1.997   41.974
   2.029   42.056
   2.041   42.081
   2.041   42.080
   2.037   42.033
   2.177   41.879
   2.252   41.521
   2.223   40.921
   2.191   40.050
   1.939   38.886
   1.984   37.627
   1.959   36.702
   1.942   36.322
   1.955   36.499
   1.977   37.278
   2.001   38.442
   3.090   37.607
   3.001   35.577
   2.813   33.488
   2.646   31.231
   2.334   28.934
   2.015   25.998
   1.619   21.949
   1.010    0.000
   0.907   19.618
   0.714   21.166
   0.711   24.435
   0.848   27.856
   1.082   29.906
   1.380   30.633
   1.776   30.640
   2.155   30.544
   2.519   30.527
   2.829   30.723
   2.965   31.481
   3.036   33.017
   2.996   35.089
   2.794   37.231
   2.613   38.985
   2.256   40.272
   2.321   41.041
   1.573   41.408
   1.487   41.485
   1.409   41.463
   1.393   41.429
   1.549   41.474
   1.547   41.595
   1.571   41.743
   2.080   41.885
   2.115   41.994
   2.142   42.058
   2.041   42.080
   2.041   42.081
   3.529   42.082
   3.523   42.069
   3.842   41.992
   3.694   41.801
   2.247   41.438
   2.214   40.898
   1.941   40.150
   1.984   39.316
   1.951   38.692
   1.945   38.254
   1.934   38.331
   1.940   38.779
   1.973   39.386
   2.886   38.436
   2.911   36.376
   2.796   33.959
   2.495   31.436
   2.256   28.641
   1.895   25.823
   1.506   22.818
   1.096   20.432
   0.742   19.480
   0.170    0.000
   0.481   22.299
   0.609   26.042
   0.815   27.616
   1.113   27.633
   1.401   27.506
   1.743   28.431
   2.103   30.083
   2.417   31.842
   2.566   33.588
   2.681   35.372
   2.796   37.166
   2.560   38.768
   2.446   40.036
   2.144   40.950
   2.284   41.501
   2.080   41.786
   1.589   41.879
   1.538   41.881
   1.652   41.867
   1.671   41.885
   2.093   41.929
   2.112   41.985
   2.132   42.035
   2.148   42.070
   2.154   42.082
   3.520   42.075
   3.507   42.064
   3.497   42.055
   3.850   42.054
   3.839   42.032
   3.811   41.955
   3.749   41.772
   3.569   41.425
   1.929   40.870
   1.888   40.284
   1.923   39.632
   1.909   39.104
   1.891   38.950
   1.891   39.103
   1.909   39.524
   2.736   38.741
   2.735   36.566
   2.615   33.782
   2.432   30.541
   2.116   27.339
   1.780   24.837
   1.418   23.530
   1.038   22.938
   0.706   22.297
   0.473   21.890
   0.396   23.816
   0.447   25.717
   0.567   25.806
   0.765   24.164
   1.007   22.890
   1.351   25.269
   1.723   28.939
   2.047   32.162
   2.285   34.811
   2.446   36.937
   2.528   38.629
   2.359   39.927
   2.302   40.845
   2.284   41.443
   2.183   41.801
   2.435   41.983
   1.718   42.049
   1.702   42.050
   1.698   42.042
   2.178   42.048
   2.142   42.058
   2.149   42.072
   2.154   42.082
   2.147   42.074
   3.490   42.047
   3.455   42.004
   3.773   41.955
   3.749   41.913
   3.740   41.896
   3.749   41.912
   3.748   41.916
   3.700   41.823
   3.622   41.563
   3.412   41.076
   3.187   40.429
   1.896   39.461
   1.853   38.773
   1.826   38.325
   1.821   38.246
   1.838   38.570
   2.626   38.771
   2.534   36.387
   2.395   33.177
   2.223   29.148
   2.051   24.690
   1.779   21.804
   1.419   22.614
   1.074   24.212
   0.796   25.160
   0.606   25.723
   0.499   26.326
   0.463   26.317
   0.497   24.846
   0.549   21.634
   0.330    0.000
   1.043   22.906
   1.423   28.181
   1.749   32.337
   1.997   35.555
   2.176   37.928
   2.287   39.587
   2.146   40.687
   2.133   41.362
   2.333   41.742
   2.254   41.953
   2.398   42.055
   2.384   42.090
   2.126   42.089
   2.126   42.089
   2.197   42.086
   2.197   42.086
   2.154   42.082
   2.140   42.065
   3.460   42.012
   3.399   41.913
   3.681   41.769
   3.621   41.614
   3.581   41.492
   3.567   41.445
   3.581   41.491
   3.585   41.567
   3.555   41.558
   3.485   41.338
   3.308   40.749
   3.324   39.822
   3.169   38.714
   3.169   37.446
   1.742   36.490
   1.731   36.184
   1.749   36.566
   2.463   38.727
   2.332   36.192
   2.157   32.690
   2.004   28.158
   1.846   22.747
   2.340    0.000
   1.423   21.358
   1.139   24.698
   0.952   26.847
   0.832   27.972
   0.741   28.055
   0.666   26.865
   0.598   24.454
   0.585   21.686
   0.684   20.706
   0.937   23.903
   1.239   28.630
   1.542   32.848
   1.771   36.186
   1.948   38.580
   2.073   40.124
   2.104   41.014
   2.136   41.518
   2.288   41.781
   2.169   41.921
   2.352   42.000
   2.774   42.048
   3.452   42.080
   3.354   42.088
   3.354   42.088
   2.108   42.078
   2.089   42.050
   3.473   41.971
   3.561   41.812
   3.461   41.555
   3.495   41.215
   3.413   40.857
   3.354   40.586
   3.326   40.492
   3.333   40.595
   3.330   40.792
   3.311   40.912
   3.270   40.746
   3.271   39.978
   3.155   38.786
   3.006   37.137
   3.050   35.186
   2.833   33.641
   1.622   32.941
   1.644   33.556
   2.317   38.831
   2.145   36.286
   1.837   32.919
   1.730   28.567
   1.647   23.811
   1.529   20.676
   1.335   21.743
   1.211   24.686
   1.189   27.390
   1.175   28.896
   1.122   28.779
   1.018   26.879
   0.894   23.497
   0.803   20.722
   0.859   21.885
   1.023   25.495
   1.203   29.767
   1.413   33.673
   1.678   36.793
   1.850   38.950
   2.036   40.237
   1.944   40.914
   2.149   41.254
   2.178   41.448
   2.118   41.600
   3.405   41.757
   3.885   41.903
   4.035   42.012
   4.119   42.063
   4.007   42.053
   3.977   41.996
   3.610   41.885
   3.519   41.682
   3.397   41.344
   3.274   40.840
   3.152   40.208
   3.171   39.552
   3.066   39.076
   3.021   38.897
   3.009   39.084
   2.999   39.499
   2.995   39.870
   3.034   39.746
   2.986   39.070
   2.914   37.545
   2.782   35.287
   2.609   32.526
   2.595   29.828
   2.453   28.670
   1.527   29.701
   2.023   39.212
   1.861   36.845
   1.736   33.622
   1.635   29.662
   1.521   25.420
   1.355   21.886
   1.228   20.781
   1.346   23.589
   1.544   26.974
   1.659   28.897
   1.658   28.893
   1.548   26.824
   1.356   22.675
   0.840    0.000
   1.190   22.210
   1.257   26.965
   1.310   31.154
   1.436   34.682
   1.588   37.327
   1.785   38.999
   1.913   39.877
   1.963   40.238
   2.037   40.409
   2.086   40.589
   2.041   40.869
   3.814   41.220
   3.779   41.566
   3.944   41.805
   3.989   41.912
   3.942   41.883
   3.885   41.722
   3.770   41.453
   3.546   41.077
   3.391   40.503
   3.233   39.703
   3.063   38.725
   2.902   37.698
   2.774   36.873
   2.706   36.544
   2.683   36.845
   2.656   37.617
   2.769   38.332
   2.709   38.580
   2.699   38.075
   2.657   36.436
   2.546   33.702
   2.373   29.954
   2.287   25.631
   2.130   23.237
   2.241   25.604
   1.931   39.685
   1.806   37.598
   1.727   34.706
   1.666   31.070
   1.579   26.836
   1.417   22.100
   0.110    0.000
   1.705   22.333
   2.099   26.315
   2.323   28.426
   2.359   28.780
   2.235   27.454
   2.011   24.837
   1.816   23.070
   1.690   25.383
   1.610   29.262
   1.564   32.872
   1.515   35.719
   1.567   37.645
   1.738   38.642
   1.805   38.928
   1.894   38.880
   1.957   38.852
   2.858   39.097
   3.557   39.594
   3.650   40.275
   4.280   40.926
   4.373   41.386
   4.437   41.566
   3.827   41.467
   3.778   41.147
   3.667   40.674
   3.441   40.067
   3.265   39.234
   3.070   38.145
   2.854   36.779
   2.640   35.239
   2.461   33.893
   2.361   33.312
   2.334   33.822
   2.343   35.107
   2.397   36.366
   2.417   37.220
   2.435   37.116
   2.429   35.766
   2.370   32.951
   2.222   28.799
   2.105   23.243
   0.940    0.000
   2.328   23.081
   1.890   40.230
   1.809   38.508
   1.793   36.039
   1.813   32.830
   1.842   28.995
   1.873   24.947
   2.025   22.400
   2.462   23.724
   2.901   26.025
   3.178   27.559
   3.208   28.304
   3.062   28.268
   2.781   27.743
   2.480   27.802
   2.215   29.431
   2.016   32.078
   1.798   34.674
   1.641   36.619
   1.647   37.648
   1.725   37.830
   2.690   37.387
   1.837   36.780
   2.646   36.536
   3.106   36.861
   3.352   37.749
   3.949   38.895
   4.080   39.965
   4.187   40.700
   4.263   40.951
   3.706   40.742
   3.683   40.199
   3.595   39.431
   3.448   38.490
   3.185   37.445
   2.950   36.131
   2.691   34.404
   2.414   32.237
   2.161   30.057
   2.011   28.999
   1.996   29.941
   2.050   32.112
   2.149   34.191
   2.203   35.755
   2.248   36.259
   2.282   35.490
   2.289   33.271
   2.216   29.835
   2.218   25.626
   2.123   23.240
   2.512   25.467
   1.903   40.755
   1.867   39.427
   1.914   37.466
   2.033   34.837
   2.215   31.689
   2.464   28.561
   2.843   26.339
   3.367   25.489
   3.895   25.354
   4.206   25.778
   4.177   26.972
   3.886   28.458
   3.482   29.709
   3.068   30.949
   2.712   32.587
   2.352   34.459
   2.020   36.133
   2.540   37.095
   2.511   37.208
   2.477   36.507
   3.073   35.112
   2.624   33.814
   2.794   33.257
   2.872   33.833
   3.143   35.349
   3.721   37.184
   3.873   38.784
   3.996   39.797
   4.094   40.084
   3.605   39.718
   3.611   38.832
   3.550   37.618
   3.404   36.287
   3.143   35.033
   2.898   33.644
   2.613   31.777
   2.276   29.081
   1.916   25.656
   1.667   23.451
   1.700   25.472
   1.790   28.875
   1.911   31.963
   2.085   34.218
   2.162   35.482
   2.232   35.532
   2.295   34.378
   2.328   32.191
   2.474   29.755
   2.739   28.523
   2.869   29.658
   1.954   41.211
   1.963   40.241
   2.068   38.763
   2.269   36.726
   2.570   34.195
   2.979   31.461
   3.511   28.858
   4.167   26.358
   4.857   23.739
   5.288   22.357
   5.096   24.654
   4.600   28.034
   4.056   30.764
   3.563   32.861
   3.068   34.546
   2.608   35.929
   2.193   36.849
   2.409   37.049
   2.894   36.237
   2.821   34.660
   2.795   32.364
   2.660   30.019
   2.491   28.948
   2.769   29.965
   3.285   32.560
   3.509   35.341
   3.688   37.563
   3.827   38.840
   3.957   39.108
   3.508   38.485
   3.510   37.113
   3.445   35.257
   3.301   33.364
   3.073   31.883
   2.886   30.658
   2.656   29.137
   2.344   26.593
   1.914   22.525
   0.570    0.000
   1.623   22.178
   1.756   26.279
   1.884   29.735
   2.069   32.592
   2.178   34.676
   2.283   35.664
   2.391   35.591
   2.505   34.671
   3.068   33.309
   3.135   32.867
   3.250   33.516
   2.028   41.572
   2.072   40.901
   2.223   39.823
   2.481   38.263
   2.852   36.196
   3.344   33.670
   3.952   30.749
   4.679   27.241
   5.505   22.718
   8.030    0.000
   5.703   23.169
   5.041   28.044
   4.412   31.528
   3.853   33.900
   3.289   35.439
   2.761   36.353
   3.131   36.593
   2.767   36.154
   2.768   34.844
   2.616   32.673
   2.508   29.511
   2.313   25.732
   2.408   23.450
   2.751   25.777
   3.122   29.938
   3.342   33.766
   3.554   36.555
   3.679   38.043
   3.759   38.247
   3.297   37.283
   3.271   35.295
   3.190   32.560
   3.053   29.740
   2.938   27.830
   2.856   27.197
   2.803   26.617
   2.648   25.166
   2.364   22.782
   2.062   20.924
   1.964   21.955
   1.996   24.311
   2.065   27.450
   2.216   30.871
   2.306   33.808
   2.417   35.728
   2.555   36.624
   2.996   36.586
   3.408   36.212
   3.506   36.159
   3.616   36.588
   2.112   41.835
   2.176   41.396
   2.352   40.635
   2.637   39.453
   3.034   37.773
   3.541   35.534
   4.147   32.712
   4.822   29.302
   6.050   25.631
   6.390   23.443
   6.189   25.760
   5.720   29.507
   5.143   32.549
   4.579   34.493
   3.351   35.501
   3.610   35.736
   3.091   35.372
   2.688   34.484
   2.410   33.036
   2.427   30.736
   2.289   27.396
   2.071   22.786
   1.210    0.000
   2.475   23.152
   2.975   28.581
   3.253   32.953
   3.434   36.009
   3.470   37.589
   3.471   37.679
   2.982   36.363
   2.916   33.747
   2.814   30.010
   2.709   25.705
   2.701   22.789
   2.800   23.349
   3.046   24.059
   3.115   23.736
   3.004   23.140
   2.793   22.458
   2.573   21.600
   2.428   21.518
   2.426   24.822
   2.536   29.287
   2.587   33.103
   2.652   35.785
   3.044   37.307
   3.262   38.094
   3.417   38.439
   3.849   38.513
   3.954   38.835
   2.195   41.999
   2.265   41.741
   2.444   41.229
   2.728   40.367
   3.111   39.062
   3.584   37.251
   4.127   34.928
   4.686   32.274
   5.906   29.950
   6.092   28.871
   5.968   29.855
   5.473   31.926
   4.979   33.749
   4.421   34.787
   4.107   34.907
   3.489   34.252
   2.954   33.094
   2.545   31.841
   2.286   30.563
   2.228   28.858
   2.148   26.331
   2.028   23.317
   2.193   21.755
   2.541   24.493
   2.952   28.959
   3.238   33.020
   3.293   36.003
   3.227   37.500
   3.127   37.439
   2.586   35.863
   2.473   32.867
   2.385   28.591
   2.344   23.157
   1.980    0.000
   2.823   20.730
   3.334   21.637
   3.708   21.134
   3.708   22.189
   3.522   22.684
   3.269   21.006
   2.510    0.000
   2.952   23.230
   3.005   28.687
   2.991   32.977
   3.262   35.940
   3.345   37.973
   3.534   39.170
   4.049   39.740
   4.747   39.978
   4.863   40.254
   2.246   42.079
   2.322   41.944
   2.494   41.631
   2.757   41.049
   3.103   40.114
   3.515   38.786
   3.966   37.107
   5.363   35.363
   5.656   33.827
   5.761   33.136
   5.489   33.481
   5.173   34.348
   4.723   35.001
   4.512   34.931
   3.895   33.945
   3.292   32.050
   2.760   29.754
   2.371   28.040
   2.176   27.337
   2.186   26.604
   2.197   25.065
   2.204   23.601
   2.414   23.894
   2.760   26.386
   3.062   30.136
   3.208   33.722
   3.166   36.356
   2.988   37.636
   2.829   37.405
   2.740   35.692
   2.199   32.726
   2.173   28.840
   2.215   24.619
   2.433   21.749
   2.891   21.769
   3.594   20.766
   5.260    0.000
   4.353   21.446
   4.250   23.414
   4.085   23.006
   3.827   22.519
   3.775   25.379
   4.023   29.533
   4.024   33.431
   4.034   36.424
   4.087   38.535
   4.277   39.882
   4.944   40.601
   5.061   41.013
   5.165   41.238
   1.951   42.116
   2.325   42.048
   2.479   41.871
   2.712   41.510
   3.010   40.900
   3.353   40.017
   3.713   38.912
   5.126   37.821
   5.326   36.874
   5.193   36.384
   5.071   36.351
   4.780   36.443
   4.776   36.149
   4.220   35.120
   3.658   33.023
   3.083   29.794
   2.549   25.806
   2.168   23.016
   2.129   23.677
   2.213   24.224
   2.369   22.898
   2.502   21.496
   2.653   23.478
   3.013   27.250
   3.210   31.133
   3.236   34.491
   3.158   36.817
   3.039   37.818
   2.913   37.387
   2.815   35.608
   2.726   32.833
   2.356   29.678
   2.458   26.858
   2.740   25.108
   3.180   24.296
   3.812   23.118
   4.401   22.046
   4.734   23.452
   4.862   25.024
   4.841   25.672
   4.840   26.365
   4.705   28.488
   4.662   31.544
   4.552   34.694
   4.474   37.295
   4.450   39.232
   4.572   40.528
   5.204   41.258
   5.314   41.631
   5.399   41.801
   1.949   42.117
   1.975   42.102
   2.401   42.009
   2.593   41.809
   2.836   41.452
   3.110   40.922
   4.616   40.304
   4.823   39.632
   5.493   39.070
   5.470   38.725
   5.304   38.511
   4.799   38.143
   4.361   37.268
   3.925   35.580
   3.439   32.809
   2.925   28.793
   2.418   23.442
   1.360    0.000
   2.160   21.566
   2.345   23.156
   2.529   21.449
   2.840    0.000
   2.930   22.885
   3.112   27.946
   3.390   32.102
   3.461   35.258
   3.500   37.246
   3.465   37.894
   3.379   37.164
   3.036   35.215
   2.968   32.493
   3.131   29.688
   3.031   27.637
   3.253   26.650
   3.680   26.272
   4.242   25.787
   4.790   25.281
   5.153   25.471
   5.468   26.076
   5.617   27.028
   5.582   28.507
   5.407   30.718
   5.120   33.420
   5.018   35.990
   4.854   38.210
   4.754   39.898
   4.719   41.058
   5.404   41.672
   5.489   41.967
   5.551   42.077
   1.928   42.124
   1.928   42.124
   1.997   42.088
   2.424   41.990
   2.602   41.809
   2.808   41.529
   4.377   41.203
   5.067   40.859
   5.128   40.565
   5.077   40.329
   4.686   40.037
   4.373   39.453
   4.047   38.317
   3.681   36.446
   3.295   33.661
   2.893   29.963
   2.528   25.754
   2.339   22.946
   2.430   23.898
   2.659   24.795
   2.772   23.935
   2.999   23.056
   3.194   25.758
   3.352   29.828
   3.504   33.414
   3.969   36.094
   4.154   37.584
   4.230   37.760
   3.984   36.601
   3.904   34.267
   3.785   31.230
   3.669   28.209
   3.697   26.342
   3.860   26.245
   4.424   26.818
   4.950   27.020
   5.521   26.367
   5.892   25.535
   6.133   25.348
   6.247   26.608
   6.208   28.971
   5.984   31.769
   5.755   34.520
   5.405   37.007
   5.140   38.990
   4.957   40.452
   4.951   41.388
   5.521   41.893
   5.571   42.106
   5.604   42.159
   1.928   42.124
   1.928   42.124
   1.929   42.123
   1.977   42.093
   2.081   42.014
   2.529   41.890
   4.089   41.743
   4.761   41.588
   4.803   41.447
   4.500   41.286
   4.367   40.999
   4.093   40.401
   3.827   39.301
   3.536   37.623
   3.247   35.323
   2.980   32.551
   2.809   29.819
   2.709   28.223
   2.902   28.121
   3.011   28.352
   3.048   28.214
   3.265   28.380
   3.462   29.986
   3.679   32.570
   4.012   35.103
   4.409   36.943
   5.051   37.783
   5.289   37.373
   5.174   35.681
   5.165   32.866
   4.993   29.244
   4.666   25.262
   4.480   22.740
   4.860   24.185
   5.425   26.287
   6.030   26.979
   6.459   26.039
   6.766   23.824
   6.972   22.233
   6.859   24.531
   6.679   28.409
   6.390   32.098
   6.107   35.198
   5.680   37.719
   5.340   39.588
   5.102   40.870
   5.056   41.622
   5.586   42.004
   5.595   42.146
   5.605   42.160
   2.071   42.131
   2.071   42.131
   2.071   42.131
   2.071   42.131
   2.096   42.115
   2.158   42.070
   3.956   42.002
   4.531   41.939
   4.280   41.874
   4.229   41.760
   4.043   41.524
   3.875   41.034
   3.674   40.156
   3.469   38.875
   3.284   37.233
   3.193   35.342
   3.090   33.665
   3.287   32.638
   3.292   32.284
   3.374   32.265
   3.380   32.326
   3.536   32.710
   3.739   33.751
   4.112   35.282
   4.630   36.779
   5.228   37.722
   5.821   37.758
   6.569   36.719
   6.672   34.487
   6.833   31.300
   6.731   27.397
   6.254   22.700
   3.210    0.000
   6.098   22.500
   6.626   26.046
   7.118   27.104
   7.389   25.917
   7.663   22.367
   9.080    0.000
   7.325   23.022
   6.909   28.243
   6.576   32.479
   6.277   35.753
   5.815   38.263
   5.456   40.021
   5.211   41.158
   5.131   41.772
   5.632   42.071
   5.605   42.160
   5.605   42.160
   2.071   42.131
   2.071   42.131
   2.071   42.131
   2.071   42.131
   2.071   42.131
   2.073   42.130
   3.830   42.086
   4.514   42.020
   3.947   41.941
   3.987   41.836
   3.816   41.650
   3.689   41.311
   3.555   40.733
   3.436   39.903
   3.407   38.855
   3.346   37.765
   3.318   36.782
   3.616   36.120
   3.635   35.788
   3.705   35.703
   3.653   35.782
   3.790   36.099
   4.041   36.720
   4.576   37.513
   5.271   38.158
   6.070   38.272
   6.904   37.535
   7.695   35.758
   8.383   33.014
   8.869   29.589
   9.072   26.082
   8.832   22.949
   8.366   21.592
   8.206   23.940
   8.231   26.827
   8.273   28.018
   8.203   27.222
   8.137   24.763
   7.970   22.988
   7.534   25.421
   7.096   29.533
   6.790   33.325
   6.617   36.340
   6.227   38.680
   5.927   40.310
   5.705   41.325
   5.751   41.860
   6.393   42.125
   6.358   42.191
   6.358   42.191
   1.859   42.146
   1.859   42.146
   1.859   42.146
   2.071   42.131
   1.859   42.145
   1.849   42.102
   3.738   41.994
   4.414   41.851
   3.761   41.683
   3.691   41.499
   3.534   41.327
   3.546   41.141
   3.467   40.854
   3.467   40.432
   3.434   39.960
   3.430   39.462
   3.804   39.026
   3.848   38.679
   3.908   38.465
   3.858   38.397
   3.877   38.423
   4.001   38.611
   4.315   38.904
   4.985   39.162
   5.839   39.151
   6.824   38.569
   7.887   37.125
   9.216   34.568
  10.119   31.200
  11.098   27.314
  11.808   24.131
  11.910   22.665
  11.320   23.296
  10.519   25.726
   9.860   28.264
   9.234   29.753
   8.873   29.609
   8.406   28.666
   7.923   28.231
   7.396   29.553
   6.934   32.134
   6.636   34.947
   6.534   37.384
   6.202   39.346
   5.929   40.703
   5.703   41.522
   6.475   41.941
   6.382   42.147
   6.358   42.191
   6.358   42.191
   1.859   42.146
   1.859   42.146
   1.859   42.146
   1.859   42.146
   1.849   42.102
   1.823   41.967
   3.637   41.755
   4.245   41.455
   3.581   41.111
   3.490   40.754
   3.346   40.515
   3.281   40.350
   3.240   40.298
   3.375   40.329
   3.396   40.343
   3.815   40.361
   3.895   40.336
   3.991   40.296
   4.090   40.258
   4.039   40.247
   4.032   40.256
   4.143   40.336
   4.501   40.393
   5.263   40.284
   6.240   39.804
   7.376   38.696
   8.654   36.680
  10.275   33.496
  11.590   29.344
  13.138   24.368
  14.558   20.437
  15.125   19.919
  14.039   22.685
  12.575   26.424
  11.208   29.623
  10.068   31.631
   9.348   32.245
   8.553   32.285
   7.837   32.431
   7.204   33.323
   6.712   34.938
   6.410   36.852
   6.382   38.629
   6.106   40.099
   5.854   41.109
   6.031   41.700
   6.440   42.026
   6.369   42.172
   6.358   42.191
   6.358   42.191
   1.859   42.146
   1.859   42.146
   1.859   42.146
   1.854   42.123
   1.828   41.996
   3.637   41.755
   4.212   41.365
   4.038   40.807
   3.363   40.170
   3.238   39.506
   3.153   39.003
   3.046   38.871
   3.041   39.012
   3.218   39.443
   3.297   39.955
   3.775   40.460
   3.917   40.844
   4.065   41.100
   4.203   41.242
   4.082   41.308
   4.146   41.335
   4.233   41.354
   4.588   41.276
   5.376   40.957
   6.434   40.202
   7.679   38.792
   9.366   36.436
  10.917   33.023
  12.619   28.384
  14.370   22.551
  17.190    0.000
  22.750    0.000
  15.805   21.976
  13.730   27.191
  11.978   31.007
  10.507   33.487
   9.550   34.658
   8.535   35.273
   7.673   35.714
   6.966   36.405
   6.448   37.449
   6.141   38.685
   6.171   39.840
   5.940   40.814
   5.728   41.489
   5.953   41.884
   6.402   42.109
   6.359   42.189
   6.358   42.191
   6.358   42.191
   2.042   42.167
   1.859   42.146
   1.859   42.144
   1.841   42.063
   1.800   41.836
   1.741   41.407
   3.366   40.794
   3.811   39.891
   3.124   38.815
   2.956   37.672
   2.840   36.781
   2.744   36.529
   2.777   36.863
   2.870   37.727
   3.482   38.872
   3.675   39.908
   3.880   40.733
   4.079   41.300
   4.109   41.640
   4.151   41.800
   4.227   41.862
   4.287   41.855
   4.589   41.724
   5.321   41.334
   6.403   40.499
   8.008   39.009
   9.445   36.753
  11.029   33.573
  12.827   29.399
  14.541   24.689
  15.970   21.168
  16.602   21.072
  15.522   24.665
  13.773   29.104
  12.051   32.741
  10.504   35.288
   9.491   36.694
   8.372   37.591
   7.435   38.176
   6.687   38.744
   6.151   39.410
   6.114   40.102
   5.940   40.814
   5.762   41.395
   5.995   41.789
   6.433   42.040
   6.371   42.168
   6.358   42.191
   6.358   42.191
   6.358   42.191
   2.298   42.189
   2.142   42.173
   1.947   42.139
   1.853   41.982
   1.798   41.635
   1.723   41.000
   3.301   40.097
   3.587   38.769
   2.941   37.069
   2.716   35.217
   2.551   33.692
   2.490   33.083
   2.498   33.796
   2.658   35.316
   3.258   37.238
   3.528   38.921
   3.797   40.234
   4.198   41.122
   4.108   41.675
   4.170   41.943
   4.260   42.051
   4.299   42.048
   4.508   41.919
   5.142   41.562
   6.505   40.804
   7.751   39.510
   9.301   37.543
  10.772   34.953
  12.271   31.856
  13.668   28.773
  14.745   26.504
  14.844   26.745
  14.207   28.852
  12.953   31.889
  11.500   34.767
  10.070   36.992
   9.148   38.351
   8.028   39.290
   7.084   39.884
   6.335   40.334
   5.810   40.741
   5.855   41.110
   5.728   41.489
   5.601   41.796
   5.893   42.005
   6.382   42.147
   6.358   42.191
   6.358   42.191
   6.358   42.191
   6.358   42.191
   2.298   42.189
   2.298   42.189
   2.130   42.121
   2.084   41.889
   2.008   41.396
   1.798   40.583
   3.340   39.383
   3.637   37.544
   2.837   35.171
   2.424   32.409
   2.286   29.789
   2.187   28.659
   2.232   29.907
   2.469   32.475
   3.077   35.358
   3.479   37.782
   3.819   39.591
   4.134   40.789
   4.387   41.528
   4.147   41.916
   4.249   42.069
   4.284   42.092
   4.401   42.006
   5.273   41.736
   6.308   41.159
   7.422   40.164
   8.686   38.688
   9.999   36.787
  11.273   34.660
  12.647   32.622
  13.166   31.296
  13.332   31.363
  12.619   32.798
  11.696   34.762
  10.525   36.804
   9.288   38.517
   8.542   39.647
   7.498   40.472
   6.610   40.987
   5.911   41.318
   5.768   41.523
   5.640   41.711
   5.556   41.888
   5.878   42.031
   6.382   42.147
   6.359   42.190
   6.358   42.191
   6.358   42.191
   6.358   42.191
   6.358   42.191
   2.298   42.189
   2.298   42.189
   2.124   42.096
   2.072   41.818
   1.988   41.243
   1.876   40.231
   3.451   38.802
   3.490   36.645
   3.059   33.571
   2.286   29.789
   1.937   25.594
   1.757   23.202
   1.937   25.594
   2.232   29.907
   2.599   33.756
   3.349   36.854
   3.728   39.061
   4.061   40.526
   4.337   41.402
   4.546   41.861
   4.237   42.054
   4.276   42.099
   4.924   42.067
   5.225   41.895
   5.859   41.521
   6.755   40.863
   7.834   39.868
   9.341   38.521
  10.374   37.129
  10.972   35.785
  11.522   35.090
  11.648   35.134
  11.319   35.899
  10.274   37.266
   9.335   38.610
   8.299   39.803
   7.760   40.639
   6.839   41.267
   6.051   41.646
   5.485   41.848
   5.531   41.942
   5.483   42.015
   5.437   42.083
   5.809   42.141
   6.358   42.191
   6.358   42.191
   6.358   42.191
   6.358   42.191
   6.358   42.191
   6.358   42.191
   2.662   42.217
   2.662   42.217
   2.277   42.095
   2.067   41.792
   1.980   41.187
   1.866   40.122
   3.418   38.608
   3.644   36.220
   3.159   32.869
   2.301   28.576
   1.843   23.125
   0.400    0.000
   1.843   23.125
   2.233   28.634
   2.527   33.084
   3.408   36.438
   3.872   38.831
   4.235   40.398
   4.535   41.339
   4.762   41.836
   5.079   42.056
   4.887   42.111
   4.897   42.101
   5.011   42.020
   5.423   41.809
   6.525   41.406
   7.328   40.808
   8.203   40.034
   8.751   39.095
   9.445   38.360
   9.879   37.943
   9.987   37.959
   9.756   38.399
   9.230   39.133
   8.496   39.976
   7.229   40.807
   6.370   41.390
   6.127   41.761
   5.532   41.987
   5.494   42.085
   5.414   42.113
   5.397   42.133
   5.795   42.159
   6.358   42.191
   6.358   42.191
   6.358   42.191
   6.358   42.191
   6.358   42.191
   6.358   42.191
   6.358   42.191
   2.456   42.243
   2.456   42.243
   2.436   42.137
   2.374   41.772
   1.799   41.204
   1.876   40.231
   3.448   38.727
   3.742   36.476
   3.276   33.379
   2.796   29.513
   2.037   25.423
   1.845   23.039
   2.037   25.423
   2.409   29.613
   2.723   33.619
   3.099   36.687
   3.910   39.020
   4.262   40.498
   5.003   41.368
   5.247   41.852
   5.400   42.067
   5.131   42.115
   4.887   42.111
   5.383   42.098
   5.552   42.000
   5.952   41.799
   6.507   41.487
   6.802   41.033
   7.426   40.575
   7.945   40.178
   8.281   39.946
   8.379   39.945
   8.222   40.178
   7.837   40.576
   7.285   41.039
   6.649   41.467
   6.730   41.787
   5.558   42.014
   5.200   42.116
   5.385   42.148
   5.385   42.148
   5.794   42.160
   5.794   42.160
   6.358   42.191
   6.358   42.191
   6.358   42.191
   6.358   42.191
   6.358   42.191
   6.358   42.191
   6.358   42.191
   2.300   42.277
   2.456   42.243
   2.443   42.171
   2.388   41.862
   2.298   41.252
   1.993   40.349
   3.542   39.254
   3.901   37.387
   3.496   34.919
   3.106   32.088
   2.409   29.613
   2.303   28.483
   2.409   29.613
   2.669   32.186
   2.996   35.010
   3.228   37.584
   4.358   39.456
   4.766   40.733
   5.061   41.500
   5.283   41.908
   5.415   42.085
   6.042   42.135
   5.654   42.127
   5.367   42.121
   5.385   42.098
   5.544   42.020
   5.502   41.877
   5.909   41.679
   6.323   41.462
   6.675   41.274
   6.904   41.164
   6.971   41.165
   6.864   41.276
   6.602   41.467
   6.229   41.686
   5.810   41.886
   6.144   42.043
   5.861   42.135
   6.159   42.173
   5.385   42.148
   5.794   42.160
   5.794   42.160
   6.358   42.191
   6.358   42.191
   6.358   42.191
   6.358   42.191
   6.358   42.191
   6.358   42.191
   6.358   42.191
   6.358   42.191
   2.300   42.277
   2.456   42.243
   2.450   42.212
   2.409   41.985
   2.334   41.504
   2.230   40.705
   1.928   39.658
   3.836   38.396
   4.244   36.650
   3.903   34.752
   3.654   33.204
   3.034   32.709
   3.112   33.323
   2.996   35.010
   4.161   36.609
   4.530   38.407
   4.605   39.979
   5.370   41.041
   5.704   41.658
   5.912   41.982
   6.025   42.118
   6.042   42.135
   6.042   42.135
   5.654   42.127
   5.654   42.127
   5.007   42.125
   5.097   42.080
   5.289   42.005
   5.518   41.918
   5.725   41.842
   5.865   41.797
   5.906   41.798
   5.840   41.845
   5.681   41.923
   5.464   42.010
   5.239   42.085
   5.802   42.148
   5.735   42.160
   6.157   42.174
   6.721   42.191
   6.721   42.191
   5.794   42.160
   6.358   42.191
   6.358   42.191
   6.358   42.191
   6.358   42.191
   6.358   42.191
   6.358   42.191
   6.358   42.191
   6.358   42.191
