LUSIM Output
1
simulated values
-1.1041
-0.6383
-0.6233
 0.0951
-0.3330
-0.1919
 0.2546
-0.7371
 0.1371
 0.3837
 0.4666
-0.0048
 0.1049
-0.1438
 0.8715
-0.5723
 0.7707
 0.8207
 0.6607
 0.7495
 1.3689
 0.6302
 1.1081
 0.9853
-0.4771
 0.9428
 0.0312
 0.6956
-0.2108
-1.3181
 0.5104
-1.0512
 1.4356
 0.0526
 1.6569
 0.3264
 0.2518
 0.4931
 0.0206
 1.2318
-0.7235
 1.7106
 1.7260
 1.2419
-0.0726
 0.6107
 1.3805
 0.0719
-0.4313
 0.1455
 0.0343
 0.2786
 0.6053
 0.8218
 0.8756
 0.9510
 0.3737
 0.6985
 0.5769
 0.2342
 0.0964
 1.6404
 1.4585
 0.4599
 1.0759
 0.8952
 0.4420
-0.1275
 0.3044
 0.2800
 0.7332
-0.2878
 1.0865
 0.8186
-0.0389
-0.6054
 1.3884
 0.4817
 0.4986
 0.5245
 0.5844
 1.2229
 1.0073
 0.1367
 0.9888
 1.2707
 1.2161
 1.4297
 1.5683
 1.8933
-0.5294
 0.6843
 0.4220
 1.5336
 1.8478
 0.5684
-0.1087
 1.0022
-0.0758
 0.3295
 0.6488
 1.9129
 0.4947
-1.6249
 0.0600
 0.8917
 1.2899
 0.0654
 0.9054
 0.9009
 1.2743
 0.1438
 0.6924
 0.4204
 0.7540
 0.2859
 0.6885
 0.3339
-0.5644
-0.0555
 0.3578
 0.1796
 0.8141
 0.4892
 0.7910
-0.4215
 0.2522
 0.9574
 0.0485
-0.0967
-1.3705
-0.7012
 0.5411
-1.7345
-0.4067
-1.1705
-0.0770
 0.0085
-0.2752
-0.3369
 1.2595
 0.0774
 0.3732
-0.3447
 1.5092
 1.3371
 1.3062
 1.7976
 1.6110
 1.8986
 2.3108
 2.1324
 2.7841
 1.5167
 1.4417
 1.3642
 2.6199
 3.3475
 1.5841
 1.7600
-0.1837
 1.1843
 1.1837
 2.5233
 0.4487
 1.2848
 1.6682
 1.6437
 1.1903
 0.8244
 1.6479
 1.7595
 1.5623
 1.5717
 1.4204
 2.7284
 0.4999
 1.3745
 0.4920
 1.1474
 0.2216
 0.6836
 2.2342
 1.5888
 1.2154
 0.9191
 1.7959
 1.6731
 1.0079
 0.2742
 1.8658
 0.9650
 1.1521
 0.9813
 0.5675
 0.3599
 0.5558
 1.4184
 1.1915
 0.1168
 1.2978
 0.7504
 0.4171
 1.5327
 0.1399
 0.2272
 0.5021
 0.4280
 1.8123
 1.2802
 2.2303
 1.6993
 0.0178
 1.7630
 0.2212
 1.9120
-0.0041
 1.1248
 1.1533
 0.0914
 1.6686
 0.2991
 1.8094
 0.2753
 0.0725
 0.7906
 0.2134
 0.2687
 0.1676
-0.5338
 0.8286
 0.5393
 1.0055
 0.2935
-0.1421
 0.5675
 0.8144
 0.8035
-0.8953
-0.2646
 0.6161
 0.4342
 0.2700
 0.1342
-0.3338
-0.0823
-0.4000
 0.0378
 0.6632
 0.6206
 0.1298
 1.6025
 0.6691
 1.4976
 1.1959
 1.0238
 0.8169
 0.4046
 0.7324
 0.7883
 1.0398
 0.7988
 0.6959
 1.3933
 2.2858
 1.3690
 0.5256
-0.2347
 0.7975
 0.9671
 0.4740
 1.4065
 0.7409
 0.8939
 0.5412
 1.5571
 1.6336
 0.6812
 1.5429
 1.4574
 0.6629
 1.3051
 2.1597
 1.7220
 0.7289
 1.8475
 2.5500
 2.3860
 0.3588
-0.1613
 0.3161
 1.5690
-0.2999
 0.1678
 1.2482
 0.6056
-0.5000
 0.9651
 0.5471
 2.3634
 0.9043
 0.4285
 1.1242
 2.9049
 0.9528
 1.4546
 1.6312
 1.1531
 0.8079
 0.1956
 1.0375
-0.1142
 0.8525
 1.7002
 1.3067
 0.8842
 1.1957
 1.8405
 1.0341
 1.6342
-0.1026
 1.1388
 0.6082
 1.3403
 0.1560
 0.2269
 2.0052
 1.5624
 1.5001
 1.2589
 1.4182
 0.3477
 0.9143
 1.9635
 1.4700
 1.2922
 1.2493
-0.1900
-0.4753
 0.7476
 2.1910
 0.7164
 0.0162
 1.3786
 1.5682
 0.9470
 1.2809
 1.0744
 1.4302
 1.5979
 0.5680
-0.1175
 0.2777
-0.2497
-0.2482
 0.1979
-0.0302
 0.3556
 0.1638
-1.6259
 0.5025
-0.8267
-0.2430
 0.1984
-0.2841
 0.0053
-0.0464
-0.3904
 1.2497
 0.3521
 0.0286
-0.3664
 1.7893
 0.8749
 0.0178
 1.3360
 1.5190
 1.4332
 1.4989
 0.5340
 1.4720
 0.7262
 0.3130
 1.9479
 1.0998
 0.3987
 0.9115
 1.3222
 0.4745
 0.1660
 0.3110
 1.3029
 0.8284
 0.8577
 0.4681
 0.3210
 1.4711
 1.2602
 0.5650
 1.1670
 0.6092
 1.0435
 1.3009
 0.7666
 0.9009
 1.3056
 0.7017
 1.0969
 0.5878
 0.7490
 0.6781
 0.2241
 1.6644
 1.2318
 1.7332
-0.2011
 0.1176
 0.0335
-0.2319
 0.3933
 0.4362
-0.5306
 0.6375
 0.7224
-0.4410
-0.2504
 0.0722
-1.1090
 0.4527
 0.2458
 0.3441
 1.5655
 0.2584
 1.3030
 0.2083
 0.4103
 0.8120
 1.2132
-0.5555
-0.2777
 0.9440
 0.8873
 0.3982
 0.8811
-0.8637
 1.0329
 0.4384
 0.2602
 0.8962
 1.0449
 1.8365
 1.5255
 0.9791
 0.9959
 2.2658
 1.1890
 1.5901
 1.2362
 0.8627
 0.9552
 1.4710
 1.5730
 1.3979
 0.1828
-0.0590
 0.4689
 0.6021
 0.3117
-0.3136
-0.3478
 0.8741
 2.5353
-0.5879
 2.1239
 0.8844
 1.3927
 0.8850
 1.1733
 1.3554
 2.4280
-0.1524
 0.6357
 1.4843
 0.5521
 0.1764
-0.0648
 1.4771
 2.2525
-0.6460
 0.7656
 0.1818
 0.4562
-0.6784
 0.6565
-0.0467
 1.2078
-0.0210
-0.4077
-0.4875
 0.0098
-1.2842
 0.9157
-0.6293
-0.1747
 0.0521
-0.5944
 0.0662
-0.5152
 0.1835
 0.3731
-0.4193
 0.5967
 0.0156
-0.1044
 0.4442
 1.1646
 1.4324
 0.6425
 0.3005
 1.1199
 1.2992
 1.4956
 1.1859
 0.9273
 0.5820
 2.3275
 1.2536
 1.7695
 1.3510
 2.1184
 1.2778
 1.3453
-0.6921
 1.9795
 2.0157
 2.1130
 1.0691
 0.8412
 0.9988
 1.0737
 1.8656
 0.5399
 2.0880
 1.2727
 0.2415
 0.3405
 0.2386
 0.4227
 0.2611
 1.6126
 0.4802
-0.2197
 0.7822
 1.5462
 0.9537
 0.2819
 1.2582
 0.4946
-0.4546
 0.1867
 0.3310
 0.3486
 1.4793
 0.9045
 0.9635
 0.9929
 1.3973
 0.6706
 1.6190
 1.2335
 0.7840
 1.9205
 1.3610
 1.5136
 0.9331
-0.2482
 0.9330
 0.7123
 1.6731
-0.0597
 1.0413
 0.7873
 1.7633
 1.1159
 1.4490
 1.7059
 0.6653
 1.4062
 1.0945
 2.3123
 1.3953
 1.4302
 0.1638
-0.8998
 1.1728
-0.5536
 0.6734
 1.5036
 0.3025
 0.0556
 0.8300
 0.6244
 1.2874
-0.5492
-0.5949
-0.5258
-0.7919
-0.2757
-0.9633
-0.1279
-1.2432
-0.1608
-0.6088
-0.7611
-0.3056
-0.6265
-0.8894
-0.4531
-0.2971
 0.3745
-0.7810
-1.0165
-0.6654
 1.1701
 0.9659
-0.0752
 1.2522
-0.2857
 0.0644
 0.5706
 0.9984
 0.1536
 0.3296
 0.7273
 0.4747
 1.2683
 1.2541
-0.0061
 0.5646
 0.3959
-0.0163
 0.0849
-0.3562
-0.5767
 0.5836
-0.7744
 0.7578
-0.7123
 0.6351
 0.4297
 0.2607
 0.4058
 0.3927
-0.2309
 1.4652
 0.5263
 0.7315
 0.2601
 0.2815
 0.6030
 1.4460
 0.1712
-0.4551
-0.1324
 2.0816
 0.7557
 0.0855
 0.1234
-0.5355
 1.3916
 1.0637
 0.1129
 0.5973
-0.5593
 0.1216
 0.5467
 0.1114
 1.4087
 1.0575
 0.1651
 1.2616
 0.8605
 0.5797
-0.1573
 1.8338
 0.0512
 1.2133
 0.9184
 0.6880
 0.4915
-0.0487
-0.3622
-0.2537
 0.8951
 0.0295
 0.7306
 0.2352
 0.7005
-0.1596
 1.5133
 0.5327
 0.1160
 0.8603
 0.5656
 2.3462
 1.1746
 0.6534
 1.0344
 1.7264
 0.7092
 0.9795
 0.5753
 1.3038
 1.0898
 1.1889
 0.2646
 1.2156
 2.2508
 1.1224
 1.5240
-0.7557
-1.5155
 0.4537
 0.2472
-0.4016
-0.6948
 0.1293
 0.8998
 0.0859
 0.2069
 0.3372
 0.3175
 0.2943
 1.3970
 0.2603
 0.6959
 0.0449
 0.5251
 0.1836
 0.7016
-0.1761
-0.4436
-0.2601
-0.2695
-0.1333
 0.7398
 0.0426
-0.0427
 1.1876
 0.0336
 0.7806
-0.1019
 1.0694
 0.5956
 1.1972
 1.2709
 0.0105
 1.0564
 0.9033
 0.7012
-0.3267
 0.8030
 1.5563
 0.8259
 0.1148
 2.2192
 1.3710
 0.5772
 1.4809
 0.1492
 1.2409
 1.6531
 0.0781
 1.6585
-0.1834
 0.7935
 0.8138
 0.8204
 0.6231
 1.3204
 0.6375
 1.1994
 1.3125
 0.4925
 0.3185
 0.3657
 0.9440
 1.8376
 1.9881
 1.3403
-0.5810
 0.8389
 1.2927
 1.0509
 0.5432
 1.1249
 0.2340
 0.3212
 1.2176
 1.8231
 0.8698
 0.3412
 0.0781
-0.3240
 1.5330
 0.4961
 0.7812
 0.6287
 0.1686
 0.7188
 0.7455
 1.2013
 1.1341
 0.4874
 0.1423
-0.5454
-0.8267
 0.5620
 0.1473
 1.4132
 0.9530
 0.6257
 1.5971
 1.0532
 0.1684
 0.2778
 1.3922
 0.4667
-0.5551
 0.6622
 1.2626
 0.1474
 1.6558
 1.5905
 1.5667
 0.5577
-0.0858
 1.4415
 2.0772
 1.1294
 1.6022
 0.9504
 1.9719
 1.7340
 1.3255
 1.0585
 1.6442
 1.2945
 0.3239
 0.5298
-0.5852
 0.2396
-0.3161
 0.8794
-0.1320
 1.0796
 0.8184
 1.0366
 0.7429
 1.6630
 0.8316
 1.0606
 0.3136
 1.4548
-0.5102
 0.7284
 0.1846
 0.1815
 0.1252
-0.5483
 0.3927
-0.4674
 0.4862
 0.6096
 0.1881
 1.4479
 1.9072
 1.4997
-0.0860
 2.0150
 1.7111
 2.3517
 2.1313
 1.0409
 1.0841
 0.7110
 1.3721
 0.9066
 2.4793
 1.9823
 1.7986
 1.2003
 1.5838
 2.9470
 1.8204
 1.2335
 1.2826
 2.5219
 1.0675
 1.5362
 0.7629
 0.3286
 1.1757
 0.1461
 0.0806
 2.0883
 0.2566
 0.3824
 1.1423
 0.5907
 0.3845
 0.8677
 0.9365
-0.0371
-0.2281
-0.2783
 0.1214
-0.8829
 0.9591
 1.6247
-0.1083
 0.0407
 0.0430
-0.1395
 0.8415
-0.1068
-0.5484
 0.3462
-2.0553
 0.0741
-0.1230
-0.0375
 0.1250
-0.0247
 1.9147
-0.2035
-0.0966
 0.4636
 0.1334
 0.4116
-0.0721
-1.3020
 0.4469
 0.4587
 0.6416
 1.4018
 1.4460
 1.5962
 1.0650
 0.5287
-0.1296
 1.1607
 1.7217
 1.2069
 1.1768
 1.2940
 2.4549
 1.7516
 2.2519
 3.4808
 0.0861
 0.3889
 0.8909
 0.3394
 2.2479
-0.3539
 1.4659
 0.1912
 0.7306
 1.2256
-0.0100
 0.4083
 0.5730
 0.7414
 1.6652
 1.7365
 0.0176
 0.3414
 0.2589
 0.4061
 0.4690
-0.5736
-0.4057
-0.0584
-0.0028
 0.8802
-0.2928
 0.0333
-0.2772
-0.5574
 0.0863
 1.6013
 0.7351
 1.2087
 1.2677
 0.4094
 0.2317
 0.0738
 1.7961
 2.0723
 0.7295
 1.8397
 1.8565
 1.8154
 1.3089
 1.1702
 0.9858
 2.0280
 0.1513
 1.6661
-0.0851
 0.8160
-0.5529
 0.8526
 0.8503
 0.0263
 0.7655
 0.7211
 0.6033
 0.5016
 0.7930
 0.5026
 0.2874
 0.2014
 1.0645
 1.2620
 0.5262
-0.0200
 0.8821
-0.1603
 1.2747
 0.4085
 0.4900
 1.5135
 1.2155
 0.9786
 1.4427
 0.1087
-0.3476
 0.8429
 0.4647
 0.9263
 1.0040
 0.5340
-0.3245
 1.0920
 1.0492
 1.7280
 0.1008
 1.4050
 0.8490
 1.6100
 1.2261
 1.3387
 1.1912
 1.7304
 0.4889
 1.0730
 0.5278
 0.1525
-1.0247
 1.2020
-0.0408
 0.2237
-1.0824
-0.4535
-0.0186
 0.0735
-0.6603
 0.6538
-0.5767
-0.5759
 0.4951
-0.6036
 0.5324
-0.4532
 0.0484
 1.0287
 0.8383
 0.7892
 1.5210
 0.9702
 1.7499
 1.0378
 0.9906
 0.3853
-0.0782
 1.4288
 0.6366
 0.9974
 1.1084
 1.2953
 0.5394
-0.2781
 1.2892
 2.3255
 0.0282
 0.6670
 1.5491
 1.1125
 0.5016
 0.4121
 0.7432
-0.4068
 0.6006
-0.2928
 1.0283
 1.5903
 0.9875
 0.9758
 0.2419
 0.7374
 0.3988
 0.6487
 0.3193
 0.1318
 0.2640
 0.9545
-0.3489
 0.6568
 1.0363
 1.4711
 1.4452
 2.0678
 0.4280
 0.8143
 0.6979
 1.5106
 1.5125
 1.7726
 1.4680
 0.6856
 0.5857
 1.1854
 1.5671
 0.9224
-0.2117
-0.1209
 1.0955
 1.3639
 0.5500
 1.7005
 1.0613
 1.7245
 0.4828
 0.8404
 2.2623
 1.5439
 0.4815
 1.1928
 1.6631
 1.9263
 1.3044
 0.3686
 0.7575
-0.3848
 0.3782
 0.4429
 0.4930
 0.4622
 1.1462
-0.4845
 1.1642
 1.4288
 1.1577
 0.4187
 1.3025
 0.7752
 0.7009
 0.8598
 0.7320
 0.3374
 1.0926
 2.0174
 0.2958
-0.1486
 1.4229
 1.3389
 1.3674
 0.3164
 1.1256
 0.9457
 1.4059
 1.2125
 0.9906
 1.5829
 2.5626
 1.4326
 0.5278
 2.4407
 2.5368
 1.4338
 1.3506
 2.4213
 2.3824
 1.6564
 2.1562
 1.6828
 2.1895
 1.9105
 1.2833
 0.1090
 0.0985
 0.2163
-0.1053
-0.0302
 0.4431
 0.4815
-0.4394
 1.1186
 0.6657
-1.0349
 0.8320
-0.2597
-0.2359
 0.9898
 0.4947
-0.0844
 0.4049
 0.6411
 0.0007
 0.5785
 0.0360
-0.1170
-0.2966
 0.5008
 0.0207
 0.6005
 0.3981
-0.1228
 0.6240
-0.5570
 2.8624
 1.2972
 1.3005
 0.8952
-0.0591
 1.2869
 0.9138
 0.1854
 1.6131
 1.0221
 1.4289
 0.6064
 0.5632
 1.0895
 1.3200
 0.7266
 0.3966
 0.0330
 1.1920
-1.1464
 1.1244
 0.2170
 0.9483
 1.0042
 2.5403
 1.8103
 0.7926
 1.0462
 1.4965
 1.4841
 1.6706
 0.7951
-0.0700
-0.4362
 0.5209
-0.6223
 0.8985
-0.1114
 0.0967
 0.3803
-0.0240
 0.5532
 0.6659
 1.0751
 0.3941
 0.8787
 0.0471
-0.2752
-0.0032
 0.4991
 0.9890
 0.1947
-0.8072
-0.3521
 0.1914
 1.1194
-1.0050
 0.0237
-0.2583
-0.1114
 0.0319
 0.5748
 0.0469
-0.3036
 0.3279
 1.7100
 0.8595
 0.6591
 1.4928
 0.9387
 1.5464
 0.6008
 0.3606
 1.0153
 2.3546
 0.7027
 1.2178
 1.4184
 0.4493
 1.9758
-0.6586
 0.0292
 0.6470
 0.0686
-0.2775
 0.1472
 0.3219
 0.6483
-0.8809
-0.1979
-0.1343
 0.3497
-0.2195
 0.5238
 0.9084
 0.1553
 2.0752
 2.8638
 2.1904
 1.9287
 0.9626
 1.7900
 1.8370
 1.8707
 0.7181
 1.7303
 1.6895
 0.6664
 1.1727
 1.1004
 0.5485
 0.7320
 0.6268
 1.3857
 0.3527
 0.5295
 1.6929
 1.7642
 1.3152
 1.2968
 1.0243
 1.5399
 0.8285
 1.2475
 0.6731
 0.7835
 1.6217
 1.4972
 0.2481
 1.0352
 0.5669
-0.4946
 0.4361
 0.8417
 1.0780
 0.5963
-0.3757
 0.8076
 0.4409
 0.1906
 0.1396
-1.1714
-0.4231
-0.1764
 0.1283
 1.2411
 0.2644
 0.0221
 0.0851
 1.6042
-0.0425
-0.8692
 1.7660
 1.7205
 0.7613
-0.7140
 2.4152
 0.7046
 1.6661
 0.5058
 0.1654
 0.0933
 0.2317
-0.0084
 0.9564
 0.7956
 0.3952
 0.7776
 0.6923
 0.9811
 0.7336
 1.0921
 0.0886
 1.7215
 1.5460
 1.4946
 0.8500
 1.6878
 1.9595
 2.1272
 2.2296
 1.2033
 1.7929
 1.3641
 1.1060
 0.9941
 2.3117
 1.0675
 1.1908
 1.3319
 2.4940
 1.7021
-0.1636
 0.8789
 0.4288
 1.6310
 0.3826
 0.7729
 0.3972
 1.1404
-0.3369
 0.6820
 0.4588
-0.1382
 0.4214
 0.9818
 1.0066
 1.0417
-0.2384
-0.2076
-0.5723
-0.3494
 0.0342
-0.5234
-0.1189
-0.0268
-0.3606
-0.9326
 0.1733
 0.0498
-0.7390
 0.4883
-0.1851
 0.9115
-0.6891
 0.7571
 0.1442
-0.8603
 0.0334
-0.0010
 0.9746
-0.1521
-0.1206
 1.4717
-0.4992
 0.5560
 0.6656
 0.5823
 0.5330
 0.3400
 0.5588
 0.3086
 0.1315
-0.2897
-0.4845
 0.3966
 0.8587
-0.0468
-0.0460
 0.5469
-0.3774
-0.2336
 0.2108
 0.0425
-0.0707
-0.2973
 0.1580
 0.5421
-0.6885
 0.1230
 0.0134
 0.5981
 0.6737
 0.7046
-0.0573
-0.3603
 0.9808
 0.3734
-0.3433
-0.2796
-0.0800
 0.3257
-0.4697
 0.3171
-0.3416
-0.6870
-0.5819
 0.1368
 0.6374
-0.1826
 1.3377
 1.1888
-0.2595
-0.8281
-0.5171
 0.6755
 0.2655
 0.6394
 1.5612
 2.4260
 2.4265
 2.4621
 0.3738
 1.3005
 1.0426
 1.6682
 0.7660
 1.4647
-0.0014
 1.6681
 0.7770
 0.4877
 0.5406
 2.0675
 1.2141
 1.1900
 1.1990
-0.5194
 1.0775
 0.5042
 0.9251
-0.0998
-1.4739
 0.7870
 0.2383
 0.3867
-0.1563
 1.4472
 0.7869
 0.0363
 0.7821
 2.0138
 2.1726
 1.7456
 0.9083
 1.6016
 1.7802
 1.7213
 0.8723
 0.6381
 1.6067
 0.9208
 0.9077
 1.1824
 0.9680
 1.3943
 0.8887
 1.0407
 1.8967
 0.0205
 1.2744
 0.2989
 1.9092
 1.3756
 1.3791
 1.4345
 1.4854
 0.8620
 0.9619
 0.4058
 0.4271
 0.8294
 0.6862
-1.4100
-0.4394
-0.6001
-0.0621
-0.5354
 0.1391
 0.4089
 0.1707
-0.0820
 0.1986
-0.6004
 0.2300
 0.3736
 1.0573
 0.9094
