SISIM SIMULATIONS:  Clustered 140 primary and secondary data                    
1
Simulated Value
  2.7529
  3.9980
  0.8125
  1.8682
  0.8678
  0.2534
  0.2347
  0.2976
  0.0907
  0.2800
  0.3268
  0.0854
  0.4287
  0.1900
  0.2361
  0.6973
  0.0840
  0.1900
  0.0774
  0.0998
  0.1100
  0.1900
  0.0900
  0.1359
  0.0321
  0.2583
  0.6612
  0.8335
  0.6359
  7.5580
  3.2329
  3.0148
  2.5374
  2.4248
  2.7841
  0.3221
  0.2800
  0.1045
  0.4107
  9.4200
  0.7930
  0.4141
  0.6579
  0.2312
  9.4200
  0.2246
  0.6297
  0.3100
  0.1900
  0.3194
  4.2845
  0.9699
  3.3300
  0.9397
  0.0070
  0.0600
  0.1600
  0.0041
  0.2617
  0.0617
  0.0882
  0.4551
  0.3393
  0.1900
  0.2306
  0.1100
  0.1900
  0.3400
  0.3277
  0.1900
  0.0900
  0.4036
  0.2337
  9.4200
  0.6708
  0.9106
  0.8900
  0.8205
  9.4157
  5.2493
  4.7496
  3.5447
  3.3453
  2.5198
  0.9900
  0.6773
  0.1100
  0.4550
  0.2967
  0.2966
  0.0897
  0.2961
  9.4200
  0.1900
  0.3237
  0.2638
  0.6633
  3.7228
  9.7977
 15.4601
  2.5139
  4.9123
  1.6232
  2.9803
  0.0938
  0.2758
  0.0600
  0.1000
  0.1600
  0.1600
  0.3124
  0.1799
  0.2803
  0.0900
  0.0900
  0.2424
  0.1773
  0.3126
  0.3400
  0.0802
  0.0751
  0.0662
  0.1044
  0.9720
  0.2218
  0.6479
  8.9364
  5.1262
  2.1310
  0.5447
  2.5135
  3.0053
  2.7425
  0.7383
  0.6974
  9.4200
  0.3857
  0.3400
  0.3837
  5.1936
  9.4200
  0.9462
  0.3400
  0.7425
  0.0684
  0.9058
  0.5757
  0.9584
  2.7593
  2.4938
  6.2905
  2.7649
  1.8111
  1.0252
  0.0600
  0.1020
  0.1000
  0.2617
  0.2800
  0.4274
  0.1891
  0.2800
  0.0600
  0.1900
  0.0600
  0.1000
  0.1843
  0.2746
  0.1900
  0.2429
  0.1100
  0.1457
  0.1823
  0.3196
  0.0622
  9.0800
  1.7011
  0.7873
  7.4675
  0.9379
  2.9953
  2.3300
  0.6442
  0.9900
  0.3074
  0.3263
  0.3400
  0.2433
  0.1145
  9.0800
  0.3274
  0.2248
  0.3400
  0.6446
  0.8069
  0.9900
  0.6760
  0.7376
  4.2550
  2.9821
  9.1692
  3.5292
  3.6313
  2.2950
  0.8510
  2.3453
  0.1100
  0.3400
  0.1877
  0.1142
  0.1000
  0.2800
  0.2943
  0.2732
  0.4166
  0.0900
  0.3400
  0.1600
  0.1679
  0.0771
  0.0918
  0.1778
  1.9641
  1.2100
  1.7001
  1.8100
  1.1090
  0.7807
  1.7036
  4.3355
  3.2517
  1.0469
  0.9900
  0.9345
  2.8323
  0.6667
  0.3200
  0.0608
  0.4235
  0.3369
  0.0670
  0.8917
  0.9602
  1.2100
  2.3998
  1.0104
  0.9438
  4.4551
  3.4295
  2.5012
  5.5400
  2.7455
  5.0250
  7.9955
  3.5471
  0.9900
  0.1100
  0.0600
  0.3400
  0.1000
  0.1611
  0.2583
  0.1900
  0.2104
  0.1024
  0.3149
  0.1674
  0.1633
  0.2583
  0.1600
  0.3301
  0.1900
  0.8102
  0.8387
  1.6820
  2.1738
  1.9390
  1.1066
  7.9569
  5.2120
  5.4178
  7.0437
  0.8465
  3.7017
  4.9809
  0.1786
  0.2305
  0.1900
  0.0800
  0.1900
  0.9280
  2.1619
  1.1089
  1.3735
  1.3433
  1.4429
  1.0127
  3.6153
  3.3958
  3.0141
  2.8307
  3.5464
  8.8738
  9.0800
  7.6569
  0.9900
  0.7074
  0.2660
  0.0900
  0.2800
  0.1600
  0.2320
  0.1759
  0.2542
  0.1600
  0.1600
  0.2897
  0.1900
  0.3400
  0.0900
  0.4219
  0.4254
  4.5814
  2.9609
  3.7594
  2.8571
  0.8214
  1.8101
  0.7096
  1.8222
  5.3637
  2.3322
  0.9449
  9.0800
  9.4200
  0.3140
  0.2122
  0.0444
  0.0600
  0.0668
  0.0967
  1.0056
  2.1746
  1.7007
  0.6943
  1.8900
  2.3300
  1.8098
  3.3368
  1.8192
 12.7400
  3.5974
  3.6766
  9.2046
  6.1391
  0.8125
  0.0990
  0.1900
  0.2800
  0.1100
  0.2600
  0.0745
  0.3400
  0.2473
  0.1000
  0.0968
  0.0600
  0.4112
  0.7775
  0.1708
  0.6580
  0.5728
  3.3376
  1.3800
  3.6553
  0.9928
  1.3013
  1.7809
  1.3529
  1.6836
  1.7866
  2.1692
  0.8168
  0.9200
  0.1900
  0.9900
  0.1900
  9.4200
  0.0084
  0.0982
  0.1900
  1.3800
  1.0870
  1.7396
  2.1589
  1.0117
  1.3800
  1.3566
  1.8094
  0.4849
  6.4900
 20.3500
  8.9000
  2.7569
  5.2220
  3.6720
  8.2356
  0.3290
  2.8945
  0.3137
  0.1878
  0.4024
  0.0900
  0.3585
  0.4262
  0.0947
  0.0791
  0.6445
  2.1822
  2.1676
  1.7227
  0.9669
  0.9956
  1.6783
  3.2871
  2.3637
  1.3660
  1.8685
  1.6943
  1.6661
  2.0989
  1.3331
  0.1098
  5.5400
  0.6202
  0.6042
  0.9900
  0.8165
  0.0970
  0.0719
  0.6276
  2.3573
  1.7973
  1.3731
  1.8876
  2.1596
  0.8046
  3.2784
  0.9922
  4.8923
 15.7700
  7.5600
  6.2600
  7.9200
  7.8439
  5.3814
  6.4721
  0.8220
  0.8984
  0.6035
  8.5753
  9.4200
  5.4245
  0.2624
  0.1100
  9.4200
  0.9565
  0.6108
  0.7986
  0.6951
  1.7378
  1.5017
  3.3444
  1.7586
  1.7362
  0.9974
  1.7099
  1.7823
  2.1123
  1.7816
  1.7000
  0.1900
  0.3356
  9.3077
  0.9806
  0.1900
  9.3930
  5.1210
  2.3540
  0.1600
  0.2800
  0.9124
  1.1569
  1.3800
  1.7026
  1.5553
  2.3300
  1.3709
  0.8446
  5.0360
 19.9650
 19.6639
  2.5500
  8.6519
  5.0388
  5.1229
  0.6001
  1.3481
  0.4826
  0.1622
  0.9900
  7.9249
  0.1600
  0.1198
  0.0600
  0.9344
  0.1717
  0.8102
  1.6888
  1.2388
  1.2592
  2.1938
  2.3300
  0.8518
  1.3800
  0.8053
  1.9796
  1.2108
  2.3335
  0.1600
  0.3400
  0.1900
  0.1100
  0.3045
  7.5382
  0.9600
  5.1278
  5.0444
  0.9900
  0.8382
  0.3400
  0.9202
  0.6009
  2.4700
  1.6640
  2.3818
  1.3459
  2.3300
  1.0113
 11.2135
  5.5400
 18.8831
  5.2636
  9.0597
  7.7913
  1.3685
  3.9801
  0.9458
  0.7958
  9.4200
  0.0844
  0.2137
  0.3382
  0.3400
  0.1000
  0.1705
  0.9556
  0.1478
  1.2100
  0.7718
  1.1020
  1.0190
  1.3400
  0.9351
  0.9371
  0.7066
  1.6789
  0.1143
  0.2800
  0.0772
  0.3400
  2.3300
  0.9231
  0.8323
  0.4564
  0.1101
  9.4200
  1.8131
  8.7183
  0.7866
  0.9695
  0.9900
  1.7266
  1.8959
  8.0295
  1.7008
  1.9067
  5.3007
  5.1418
  5.6557
  7.9248
  9.2013
  5.7925
  5.0490
 30.0000
  5.2462
  0.8962
  0.7100
  1.8779
  0.9900
  0.0900
  0.0952
  0.2356
  1.2700
  0.4532
  0.0900
  1.3800
  2.2443
  3.6099
  1.9711
  1.3604
  0.4089
  2.8145
  1.0165
  0.5776
  0.9425
  0.8155
  0.2800
  0.0420
  0.1900
  0.3850
  0.1491
  0.8978
  0.6593
  0.1020
  0.0900
  0.1022
  9.3513
  0.2493
  0.6937
  0.9369
  0.6180
  1.0112
  1.1002
  1.9755
  5.2399
  1.9939
  7.4745
  5.1932
  2.7494
  8.2687
  5.2280
  8.7100
  8.8840
  9.9735
  0.8059
  2.1351
  1.3693
  0.6774
  0.6652
  0.0466
  0.4527
  0.2422
  1.7887
  1.9533
  1.8337
  2.9900
  4.1429
  2.9388
  0.4780
  0.9272
  1.8307
  0.1100
  0.1895
  0.2800
  0.1900
  0.2428
  0.0900
  0.0900
  0.1092
  0.1900
  0.3909
  0.1900
  0.9734
  9.4200
  0.9725
  0.1600
  0.0419
  0.0600
  0.1460
  0.9558
  0.4301
  0.0048
  1.2100
  1.7036
  1.3800
  1.6600
  7.8270
  2.7428
  9.2777
  5.3443
  5.5400
 10.2700
  3.6100
  2.6835
  3.8157
  0.4615
  1.7973
  1.6864
  0.2366
  0.1900
  0.0991
  0.0900
  2.3368
  0.6521
  4.2864
  2.4767
  2.9600
  3.4281
  3.4943
  3.1143
  0.9900
  0.2546
  0.1386
  0.1000
  0.2302
  0.1461
  0.0900
  0.0600
  0.3689
  0.4531
  0.1600
  9.4200
  0.9131
  0.9900
  0.9428
  0.0748
  0.3457
  0.3324
  0.3143
  0.1067
  0.2800
  0.1900
  4.8974
  0.7947
  0.6200
  2.7421
  1.3344
  1.2969
  9.2872
 16.7552
  7.9540
  2.7400
  2.9831
  4.4810
  1.6488
  2.4912
  0.7148
  0.2248
  0.2125
  0.1724
  1.1100
  0.4928
  1.3640
  1.2547
  2.5185
 19.4400
  9.0800
  4.9200
  2.5900
  0.3299
  0.9751
  0.1600
  0.3061
  0.0900
  0.0616
  0.3689
  0.0600
  0.2079
  0.3617
  0.1060
  0.2874
  0.1000
  0.0900
  9.4200
  0.3176
  0.1900
  0.2337
  0.4512
  0.1767
  0.1600
  0.3400
  0.2601
  0.1600
  3.5870
  0.8079
  2.1721
  2.3300
  3.6346
  4.0326
 18.2072
  5.2137
  0.6582
  3.3337
  0.9721
  0.9627
  1.2913
  0.5727
  0.3324
  0.1285
  0.1600
  2.1806
  0.6991
  0.9916
  2.3713
  4.9053
  2.1500
  2.9700
  1.8832
  3.3370
  1.1054
  0.1900
  0.3256
  0.3400
  0.3264
  0.1608
  0.4255
  0.2959
  0.1811
  0.0900
  0.2800
  0.1065
  0.3487
  0.1000
  0.1124
  0.0816
  0.3400
  0.1600
  0.0900
  0.1100
  0.1693
  0.0600
  0.1090
  0.4256
  1.8571
  1.8926
  1.8480
  2.2823
  2.0094
  2.4398
  1.2100
  3.5354
  3.3370
  1.3317
  2.3300
  2.3300
  2.1607
  0.8882
  0.2202
  0.1600
  0.1600
  1.8282
  1.0021
  1.7889
  1.4408
  2.8308
  2.7576
  1.2618
  1.1820
  1.1105
  1.0149
  0.0744
  0.1483
  0.3321
  0.1879
  0.4533
  0.2283
  0.1100
  0.2646
  0.3400
  0.3400
  0.2200
  0.3188
  0.1600
  0.2300
  0.2079
  0.1033
  0.1097
  0.1900
  0.1790
  0.1100
  0.1386
  0.2341
  0.1900
  0.9421
  1.3800
  1.8162
  1.3649
  1.9503
  1.3554
  0.5135
  4.9023
  3.4356
  3.4357
  1.2100
  0.7440
  0.7621
  1.0100
  0.2096
  0.4258
  0.2256
  0.2427
  2.1624
  2.1756
  0.9935
  3.0496
  3.3421
  4.8741
  2.7677
  2.3300
  1.7167
  0.4410
  0.1924
  0.1600
  0.1967
  0.2800
  0.2382
  0.1900
  0.1241
  0.3007
  0.3179
  0.1600
  0.3342
  0.8313
  1.1215
  0.1805
  0.1097
  0.0874
  0.2800
  0.0600
  0.1659
  0.1000
  0.1900
  0.1600
  0.7064
  1.8815
  1.0549
  1.3468
  1.3407
  2.1863
  0.9635
  0.9736
  3.3478
  1.3612
  0.6503
  1.7029
  0.6612
  0.9721
  0.9918
  0.1700
  0.2967
  0.9336
  9.1613
  0.9220
  1.9385
  2.1583
  0.8794
  2.1691
  0.4745
  2.1776
  0.3400
  0.0600
  1.8700
  0.1900
  0.1071
  0.1900
  0.0925
  0.0819
  0.3633
  0.0900
  0.3167
  1.8572
  1.9066
  1.7029
  1.2886
  0.9458
  0.2279
  0.1900
  0.1000
  0.2514
  0.1180
  0.3967
  0.3400
  0.9370
  1.2895
  1.5269
  2.1595
  1.8163
  1.8819
  1.8152
  0.5090
  2.7540
  1.0032
  2.1823
  0.9225
  0.9256
  0.1179
  0.1900
  0.0900
  5.2735
  9.4200
  0.1663
  0.0784
  0.1600
  0.0900
  0.2005
  0.5173
  0.9741
  0.8319
  2.1700
  0.0992
  1.0025
  0.0602
  1.8266
  0.2734
  0.9422
  0.1722
  0.9379
  5.0000
  0.1900
  0.2798
  1.7076
  2.4899
  0.9900
  0.9623
  0.7561
  0.1600
  0.1629
  0.1785
  0.2666
  0.2646
  0.1100
  0.1000
  0.6970
  0.6871
  2.2853
  1.9684
  2.2153
  1.9622
  1.9381
  1.3532
  1.6655
  1.3568
  1.8115
  2.2975
  1.3783
  0.6268
  0.5951
  5.1155
  6.2111
  8.9209
  0.2715
  0.2800
  0.1690
  0.3300
  0.4546
  0.9389
  0.8303
  1.2707
  1.2597
  1.9469
  2.4360
  1.3471
  2.1575
  0.3309
  0.2764
  7.9960
  9.4200
  0.8328
  1.0386
  0.9132
  0.5578
  0.9852
  1.5394
  0.5909
  0.9060
  0.0884
  0.3313
  0.1100
  0.0857
  0.1000
  0.3332
  0.9522
  0.8439
  1.3351
  1.7071
  1.9633
  2.3300
  1.8322
  1.3100
  0.3049
  1.0179
  1.3662
  1.1683
  2.1357
  2.3400
  0.9900
  9.4200
  0.7581
  5.2749
  0.0900
  0.4531
  0.1006
  0.0600
  0.1910
  0.0730
  0.9685
  0.9887
  1.0082
  0.1075
  0.2659
  2.0558
  0.1650
  1.2100
  0.4940
  0.9163
  9.1603
  0.9900
  0.9338
  0.7954
  1.3800
  1.7211
  0.9597
  0.9313
  0.9900
  9.4200
  0.2256
  0.1600
  0.0827
  0.1672
  0.3400
  0.6007
  1.9056
  1.2546
  1.9362
  0.9300
  1.3553
  2.3388
  1.7391
  1.2015
  0.5253
  0.3102
  0.1100
  1.3800
  0.1841
  0.2464
  2.1788
  1.3619
  0.7743
  0.0900
  0.1100
  0.0900
  0.3958
  0.2227
  0.0900
  0.9223
  9.3804
  9.4200
  0.8025
  0.1660
  0.2800
  0.1846
  2.1547
  2.9612
  2.0946
  2.8287
  0.7900
  0.8404
  0.9467
  0.9197
  1.3501
  0.3400
  0.3707
  2.1513
  1.5048
  0.0934
  0.0668
  0.3252
  0.1703
  0.1600
  0.2800
  1.9692
  1.0097
  1.6698
  1.8125
  0.9900
  0.7967
  0.6372
  1.6929
  0.8630
  0.1362
  2.2169
  2.2532
  1.2100
  0.0900
  0.3123
  0.2800
  0.0969
  0.0948
  0.3396
  0.3819
  0.3267
  0.9288
  0.8400
  0.1000
  0.2800
  0.4538
  0.2626
  0.9298
  0.1900
  0.8120
  0.7336
  3.9869
  3.0400
  3.2246
  2.8285
  3.6119
  0.7389
  0.6655
  1.3441
  0.3190
  0.3102
  0.1600
  0.1145
  0.3334
  0.3740
  0.3299
  0.4526
  0.2560
  0.1844
  1.9484
  0.8586
  1.3687
  1.8108
  0.8360
  0.5179
  0.9030
  0.8320
  0.7194
  0.7364
  0.1600
  0.1084
  0.2360
  0.0997
  2.2347
  0.1720
  0.1100
  0.3357
  0.8219
  1.8127
  0.3133
  0.1693
  1.9374
  0.3400
  0.1736
  0.6692
  0.8272
  0.6973
  0.8837
  2.2848
  1.3382
  0.5492
  1.9694
  1.3601
  3.9979
  4.8900
  0.9328
  1.9192
  1.5573
  0.2377
  1.7372
  0.1283
  0.2888
  0.1776
  0.1900
  0.9008
  0.1900
  0.2331
  0.1600
  0.0501
  4.3468
  1.0029
  1.8849
  1.0118
  0.6524
  1.3562
  2.1614
  2.1980
  0.9400
  0.7657
  0.3319
  0.1017
  0.2353
  1.3518
  0.0600
  0.1720
  0.0889
  0.0900
  2.7488
  1.9770
  0.5839
  1.6613
  1.2585
  1.8321
  0.1166
  1.1263
  0.9430
  0.0900
  0.6759
  0.1893
  2.1570
  1.2100
  2.3300
  1.1005
  1.2795
  3.0643
  0.8104
  1.2626
  1.1012
  0.8545
  0.3316
  0.4500
  0.1600
  0.1834
  2.4534
  0.9047
  0.1786
  1.4996
  4.7017
  2.8872
  1.1098
  2.1300
  1.3602
  0.8947
  1.3707
  1.7591
  1.9382
  1.9187
  0.7954
  0.6330
  0.3400
  0.0817
  0.2800
  0.1900
  0.1100
  0.0920
  1.3327
  0.9306
  7.0184
  1.7011
  3.2979
  3.0395
  1.3560
  8.9257
  1.8390
  1.0200
  0.3400
  0.0600
  0.2863
  1.4822
  1.8109
  1.7014
  1.9488
  1.4560
  1.2613
  3.1776
  0.6200
  0.7161
  0.9650
  0.5869
  0.2709
  0.0900
  1.6676
  1.3800
  1.3393
  0.0900
  2.9886
  3.8550
  3.3477
  2.1517
  2.5286
  1.3800
  2.8115
  0.9028
  1.7399
  1.9683
  0.9307
  0.0890
  0.8990
  0.8801
  1.7158
  0.0900
  0.2204
  2.1701
  0.1195
  0.9274
  0.8350
  1.8164
  3.4750
  9.2700
  9.0800
  1.0224
  1.1092
  5.5001
  2.1403
  0.2316
  0.3836
  0.2322
  1.0693
  1.7931
  1.2700
  1.3800
  1.3959
  4.5500
  3.3291
  1.3562
  0.9267
  0.9741
  0.8050
  2.2185
  0.5485
  0.2733
  0.9937
  1.3152
  1.9771
  1.2228
  5.4369
 20.0438
  0.5700
  1.5828
  3.4749
  2.7693
  2.8656
  0.7059
  1.9597
  1.8757
  2.4571
  1.5892
  0.8547
  0.8376
  0.3275
  0.1900
  1.8015
  1.4619
  3.2867
  0.9453
  2.8329
  7.9341
  9.0100
  8.0300
  2.5200
  3.4195
  4.3410
  3.0959
  0.4600
  2.3868
  0.0900
  0.0750
  1.1482
  1.4295
  1.7893
  1.8066
  1.3615
  1.8604
  1.0181
  1.1007
  2.0941
  0.6089
  0.9173
  0.7858
  0.8758
  0.4564
  0.4356
  0.1666
  1.2900
  5.0206
  4.9598
  8.9789
  9.0800
  9.0800
  9.3235
  2.5453
  2.4846
  1.3800
  2.8265
  1.2100
  1.2693
  0.6662
  0.9650
  0.6514
  2.4138
  0.1120
  1.7922
  2.3201
  0.6500
  0.9369
  0.9267
  3.3487
  3.3474
  3.5600
  2.8779
  3.4096
  4.8977
  3.4846
  0.2791
  1.1072
  0.9318
  0.0767
  0.3400
  1.3568
  1.9245
  2.3300
  1.2100
  1.0022
  7.9247
  2.2445
  1.5575
  2.2473
  0.9476
  0.8651
  0.5926
  0.4590
  0.0870
  0.3080
 18.7530
  9.1137
  4.9900
  5.2671
  7.5306
  7.9400
  7.9843
  8.6274
  7.6209
  5.0861
  5.1707
  2.7046
  1.3771
  1.7536
  1.2171
  7.5457
  0.1000
  0.3400
  1.6179
  1.2100
  0.9376
  0.8176
  0.6256
  0.9900
 19.8090
  3.6050
  4.0547
  2.9864
  8.8263
  4.6910
  2.7600
  1.2100
  1.3788
  1.8842
  0.8911
  1.9309
  1.8183
  1.1657
  1.7542
  1.3718
  8.7868
  5.2126
  9.3029
  1.2353
  0.7927
  0.9364
  0.9517
  0.9953
  0.0926
  1.9800
  8.1581
  8.4800
  5.1827
  9.1556
 18.6400
  8.3400
  2.5100
  4.9352
  1.6705
  1.3598
  5.2626
  8.1090
  1.7045
  2.3545
  2.1865
  1.3214
  1.3800
  1.0023
  0.1221
  1.0749
  0.8992
  0.6199
  0.9275
  1.3658
  3.8251
  2.9843
  3.3756
  5.4616
  4.1316
  5.1735
  3.7114
  2.3315
  1.5310
  1.2100
  2.7599
  0.9936
  0.5786
  3.2352
  1.2716
  2.7413
  3.6720
  7.5453
  2.4852
  1.7100
  2.3179
  1.2100
  0.9278
  2.3300
  3.3208
  1.9280
  9.4200
 18.7600
  5.2600
 11.1703
 20.8549
  2.2800
  8.1239
  8.2797
  6.3437
  5.2446
  3.5503
  8.2657
  3.6097
  1.9067
  1.3970
  2.9658
  1.5913
  2.3300
  0.5033
  1.1000
  1.7602
  1.2209
  1.3416
  0.9088
  4.4663
  1.3615
  3.8700
  2.7437
  2.3450
  9.0800
  2.9637
  1.7751
  2.4871
  2.0753
  0.5723
  0.9709
  4.5593
  3.3493
  3.7186
  2.7436
  2.8328
  6.4210
  1.9780
  0.9916
  1.0013
  1.8759
  1.8045
  1.1088
  1.2860
  2.4151
  1.6386
  2.8200
  4.9010
  2.5137
  2.5485
  2.7484
  3.6457
  5.0942
  6.3634
  5.2283
  3.2528
  3.3401
  2.9637
  3.3715
  1.9763
  1.3726
  0.9993
  0.8301
  0.9900
  0.2134
  1.7052
  1.2950
  0.1065
  1.0797
  1.6660
  2.1349
  1.8011
  1.8340
  1.7800
  3.3372
  5.1341
  2.1333
  1.7202
  1.3600
  0.7000
  0.7817
  2.8989
  2.8400
  3.4766
  5.0803
  2.9949
  1.8149
  1.5240
  1.8200
  5.1278
  1.3749
  2.0827
  1.8015
  0.9920
  1.3684
  9.0800
  6.4358
  3.3516
  3.3408
  3.7012
  3.3388
  2.9138
  2.4877
  2.8287
  9.1702
  1.0698
  1.3473
  3.8100
  3.0209
  1.1014
  5.0489
  0.9654
  0.6850
  0.6772
  0.8195
  1.1014
  0.9654
  0.3400
  2.3673
  1.0280
  0.9602
  3.8820
  0.8489
  1.3799
  4.4780
  2.4820
  3.3327
  0.3352
  7.9723
  0.9900
  7.9299
  5.1348
  2.7411
  2.8876
  3.7689
  2.4864
  3.4962
  5.3342
  1.0831
  1.7452
  3.5805
  1.1372
  2.9619
  2.3300
  1.1171
  6.3252
  1.3167
  3.4657
  4.7282
  3.5900
  2.5175
  2.8226
  3.3312
  3.4746
  3.5461
  3.6100
  0.1916
  9.0800
  4.2437
  5.0596
  7.0001
  1.8197
  0.4777
  0.8040
  0.6944
  0.7945
  0.2217
  0.1000
  0.1600
  0.8587
  0.8306
  0.4744
  4.6525
  1.7855
  0.9225
  2.7536
  0.4880
  3.6536
  0.3400
  9.4110
  5.5400
  6.3456
  3.0109
  2.9650
  2.7580
  3.5454
  2.9674
  2.4958
  1.9781
  1.3777
  3.7240
  3.8229
  4.2900
  6.4100
  7.7100
  1.0424
  1.3588
  1.3546
  3.6400
  5.3100
  2.2200
  3.4832
  0.0766
  3.5494
  1.0063
  0.2677
  0.9229
  0.6575
  2.3343
  1.9164
  7.9352
  0.8889
  0.9231
  0.6671
  0.1900
  0.3200
  0.1600
  0.3365
  0.1854
  0.8200
  1.8110
  1.3800
  0.9900
  2.2995
  0.9212
  2.1457
  3.1229
  4.2098
  0.8077
  6.4631
  5.5400
  3.2474
  1.1010
  3.7329
  2.4993
  3.3211
  3.3368
  8.9004
  2.7571
  2.5162
  3.2393
  2.9852
  3.0075
  3.2100
 22.6679
  1.8477
  0.5006
  1.2672
  0.5717
  9.0800
  1.6631
  0.9900
  0.0932
  4.8403
  0.0994
  0.1000
  0.0600
  0.2382
  1.9496
  9.0800
  6.4361
  0.9235
  9.4200
  0.9308
  0.3400
  0.2182
  0.2702
  0.1000
  0.3318
  0.3380
  0.1600
  1.0043
  1.0238
  3.2464
  0.7047
  0.9398
  1.7654
  3.4990
  9.0548
  0.9281
  2.0381
  3.0300
  3.2759
  1.3703
  2.8833
  2.7642
  4.9090
  9.0456
  9.1234
  4.9579
  4.8948
  3.5511
  4.8964
  3.5901
  1.2100
 11.1929
  5.2077
  0.6564
  0.8043
  4.7458
  3.5100
  1.8077
  0.1100
  0.2714
  0.2421
  0.3409
  0.1000
  0.1000
  0.1030
  0.9900
  0.3385
  0.8235
  0.3278
  0.8736
  0.1630
  0.0777
  0.0600
  0.1658
  0.2261
  0.3400
  0.0600
  0.6396
  0.5657
  0.9856
  0.9900
  2.9856
  4.9841
  5.1494
  1.0160
  1.7467
  1.3424
  1.9708
  2.9142
  3.1904
  3.0639
  5.2438
  9.2031
  7.8650
  5.3545
  4.6405
  8.0127
 12.8650
 19.0333
  2.9629
  2.8351
 30.0000
  1.2964
  0.8136
  0.9567
  0.4406
  3.5352
  0.3400
  0.1293
  0.1282
  0.3085
  0.0830
  0.4505
  9.4200
  1.8463
  0.9432
  0.0600
  1.3681
  0.5805
  0.5932
  1.3800
  0.3400
  0.1972
  0.0600
  9.4200
  8.8404
  0.2078
  0.9400
  0.8826
  0.6459
  0.8328
  0.8975
  5.1000
  7.9267
  2.1517
  2.7173
  1.6644
  1.5945
  0.6565
  1.8494
  1.8257
  2.7552
  2.9696
  3.6288
  6.3423
  5.2621
  2.5000
 11.0800
 15.7700
 21.9814
  3.6158
  4.5053
  2.2816
  1.9776
  1.5219
  0.1900
  0.1844
  0.3303
  0.3322
  0.1100
  0.1052
  0.2799
  0.3217
  0.2400
  0.9689
  1.9800
  0.8235
  2.3300
  0.5050
  3.3380
  0.1306
  2.2116
  0.9900
  0.6700
  0.6587
  0.6674
  0.0809
  0.1068
  0.0743
  9.4200
  0.5794
  0.9664
  5.0152
  6.4375
  8.9119
  7.9313
  0.8391
  1.3333
  1.7044
  2.3300
  1.9259
  2.8179
  3.2956
  5.8976
  9.1611
 15.7700
 58.3200
 17.1900
 22.7500
  2.4103
  2.1346
  1.7659
  1.8921
  1.1402
  0.1100
  0.2552
  0.3131
  0.1000
  0.1000
  0.3348
  0.3400
  0.5524
  9.4200
  0.0900
  0.9900
  0.7917
  1.0116
  0.9831
  0.8193
  1.8199
  0.9900
  0.9269
  0.2140
  5.3678
  5.5286
  9.4200
  0.2953
  0.4508
  0.2244
  0.2586
  0.4839
  5.3426
  0.5369
  2.3318
  2.4645
  0.8105
  5.1500
  0.5014
  0.6207
  0.6047
  0.4744
  0.9915
  1.0069
  4.9156
  6.2152
  2.7600
 19.2763
 21.0800
  5.2220
  4.9791
  3.0256
  3.8093
  2.0898
  1.9702
  0.9631
  0.0745
  0.6533
  0.1783
  2.7571
  4.3167
  0.9900
  0.8012
  0.9900
  0.9579
  0.5008
  0.4944
  1.8295
  2.4722
  0.7525
  0.9622
  0.9205
  0.6695
  0.6001
  0.3400
  0.0532
  0.3400
  0.1100
  0.0814
  0.4483
  0.9020
  0.9840
  0.5100
  0.4799
  0.8920
  0.6920
  0.5851
  2.3270
  0.1900
  1.3547
  0.6973
  1.8917
  1.1832
  1.8526
  1.7365
  8.1919
  5.4804
  9.1364
 18.6767
  8.0069
  4.9889
  3.3484
  3.4999
  1.3121
  0.1800
  2.4947
  0.2059
  1.3700
  0.2965
  3.4784
  3.0195
  8.2997
  5.0063
  0.1600
  0.4262
  3.0041
  2.1825
  1.6790
  3.5397
  4.0822
  0.6976
  2.1508
  1.2100
  0.8016
  0.2316
  1.5673
  0.7498
  9.4200
  0.0137
  0.2686
  9.4200
  0.5388
  0.5459
  0.9155
  1.3360
  0.9003
  0.8254
  0.7516
  0.4734
  0.6913
  2.1710
  0.6185
  1.1057
  0.9004
  5.5457
  9.0800
  5.0500
  2.5233
  5.3800
  5.3800
  9.0293
  2.9855
  2.8313
  2.9676
  2.8399
  3.0001
  7.9242
  5.0561
  2.5167
  2.7994
  5.1498
  5.2867
  5.5166
  7.7594
  4.2821
  3.3500
  1.1076
  1.8126
  4.8918
  1.7624
  1.1077
  2.3300
  0.6422
  1.3768
  0.9397
  0.6636
  0.8100
  0.2818
  0.3400
  0.0875
  0.3012
  0.6899
  0.9108
  0.0974
  1.0338
  0.5178
  0.9315
  0.2270
  0.7986
  1.3800
  0.3436
  1.1491
  2.7497
  2.9887
  6.1740
  5.0628
  9.2783
  3.6004
  5.5400
  7.5300
 10.2000
  9.0743
  2.5325
  4.6000
  2.0919
  8.4341
  5.4628
  5.1288
  4.6365
  2.7500
  3.0704
  7.9927
  4.7762
  5.1854
  8.4400
  5.3650
  2.9724
  1.6650
  2.8776
  2.9756
  1.0089
  1.0086
  3.6089
  0.5675
  4.6971
  0.7134
  2.3288
  0.3157
  0.3054
  0.4000
  0.5664
  9.4200
  0.8300
  0.1900
  0.9307
  0.1000
  0.9350
  0.2061
  0.9523
  0.6725
  0.1900
  0.6520
  0.5798
  5.2874
  7.9639
  5.0888
  3.7813
  4.9356
  1.0154
 15.7700
 13.1609
  3.3427
  5.2748
  5.5337
  5.2570
  5.1820
  9.0800
  7.7169
  3.5040
  3.6155
  3.3561
  7.9364
  4.9985
  7.6600
  3.2179
  4.8921
  3.7647
  2.5883
  2.2898
  2.2172
  2.1647
  1.9600
  2.5314
  1.3584
  3.2483
  1.1018
  0.8444
  0.9280
  1.9786
  0.5316
  0.6328
  0.8300
  0.9051
  0.5704
  0.1624
  8.0107
  0.1100
  0.1133
  1.7153
  1.8710
  0.2771
  0.4496
  0.6270
  8.1110
  9.0665
  5.4010
  5.5364
  9.0800
  2.1878
 13.5907
 19.4267
 18.6903
  8.0001
  9.4502
  5.2863
  5.5400
  9.0388
  5.4803
  7.9485
  2.9167
  3.5023
  9.0791
  4.4564
  4.2395
  2.8256
  5.0906
  6.3879
  2.7446
  1.4300
  3.0590
  1.3701
  1.9311
  2.1372
  2.4950
  1.0039
  2.2970
  1.5345
  2.2113
  0.6315
  0.1304
  0.7659
  0.6231
  0.9900
  0.9325
  0.1000
  0.2362
  0.2481
  0.3368
  0.1246
  0.2053
  0.3400
  0.5989
  0.1100
  0.2953
  3.6434
 14.8179
 12.8727
 19.4514
  6.4736
  2.8621
 30.0000
 10.2543
 10.2260
  6.4454
  5.4354
  6.2673
  5.3165
  9.1343
  5.4793
  7.5350
  4.8993
  8.0275
  4.9438
  5.1069
  9.0147
  3.4362
  1.8130
  2.2816
  3.2156
  4.8904
  3.4682
  2.3300
  1.3754
  1.3580
  1.0167
  4.3088
  1.9283
  5.2598
  2.1434
  0.8984
  0.4284
  0.2195
  0.1611
  0.9900
  9.4200
  0.2840
  0.0600
  0.1900
  0.3133
  0.3400
  0.3059
  0.3186
  0.0690
  0.0615
  3.2667
  3.0310
  2.9813
  3.0051
  2.5168
  4.3041
 21.3755
 15.7700
  8.2592
  5.1396
  9.4565
  6.1680
  8.0594
  5.5400
  9.2831
  6.8741
  8.3547
  5.5400
  9.4074
  5.2260
  8.9936
  1.8075
  1.6682
  1.3800
  2.5141
  2.3300
  2.3300
  1.7112
  0.1000
  0.2317
  0.1982
  0.0641
  0.1868
  0.1900
  0.2452
  0.1781
  0.2800
  0.2800
  0.3962
  0.5425
  0.9504
  0.1120
  9.4200
  0.6034
  0.3195
  0.0818
  0.1900
  0.4509
  0.0124
  0.4893
  0.1791
  0.1900
  0.6776
  1.7761
  0.5058
  4.9183
  0.5460
  2.2513
  2.2184
  0.8902
  0.0900
  0.8231
  0.2773
  0.1900
  0.0968
  0.3433
  9.4200
  0.3240
  0.9259
  2.1007
  0.9467
  0.3100
  2.1961
  2.3025
  2.9108
  3.0792
  3.3300
  1.0545
  0.2800
  0.0600
  0.1689
  0.4118
  0.1032
  0.1587
  0.3290
  0.2485
  0.1000
  0.4052
  0.3400
  0.3543
  0.2800
  8.5793
  0.2066
  0.9259
  0.0900
  0.3188
  0.1000
  9.4200
  1.6970
  1.3461
  0.8900
  3.0188
  0.9900
  0.6542
  1.3429
  1.7744
  2.4347
  1.6890
  1.9247
  1.3259
  0.0600
  0.8300
  0.2365
  9.4200
  0.1600
  0.1749
  0.1710
  0.1600
  0.9262
  0.6312
  0.5159
  2.9851
  1.9081
  1.2121
  3.9188
  2.9644
  2.7789
  0.4812
  0.0105
  0.1000
  0.3989
  0.0600
  0.0806
  0.0976
  0.1000
  0.4513
  0.0600
  0.0921
  0.0900
  0.3400
  0.3794
  0.4577
  0.1411
  0.0669
  0.2800
  0.3295
  0.4385
  0.9331
  0.9900
  9.4200
  0.9357
  3.6329
  0.9200
  3.3901
  2.3245
  1.0187
  2.1915
  0.7737
  0.1000
  0.8142
  0.2800
  0.9388
  0.0600
  0.0883
  0.0900
  0.3400
  0.1600
  0.0901
  0.2375
  2.1336
  1.3712
  1.3233
  3.5268
  1.7927
  9.2549
  5.9627
  0.9263
  0.8319
  0.3799
  0.0900
  0.1853
  0.3790
  0.1419
  0.3239
  0.0962
  0.2134
  0.2812
  0.1900
  0.3298
  0.1000
  0.2054
  0.3332
  0.4252
  0.3209
  0.1544
  0.0861
  0.0600
  0.4539
  0.1203
  0.6433
  0.6694
  0.7514
  1.8740
  2.7899
  1.9739
  3.7585
  1.3570
  1.7956
  1.3800
  1.3628
  0.1767
  0.1856
  0.3400
  0.2572
  0.0828
  0.1100
  0.2265
  0.4108
  0.1849
  1.1079
  1.6792
  9.1454
  3.3424
  2.5164
  9.5108
  0.8646
 18.8002
 15.7700
 20.9777
  3.0393
  0.2274
  0.4308
  0.3189
  0.3041
  0.2800
  0.3400
  0.0849
  0.4541
  0.2800
  0.3101
  0.1000
  0.2384
  0.3400
  0.1005
  0.2800
  0.2800
  0.2274
  0.3400
  0.5301
  1.8100
  1.3678
  0.9322
  3.3445
  3.3289
  3.3392
  1.3800
  1.2254
  2.9675
  3.5255
  1.0935
  0.1444
  0.1911
  0.3379
  0.1772
  0.0979
  0.1600
  0.0900
  2.7434
  0.8178
  3.3801
  0.6606
  1.3421
  3.2933
  3.7645
 13.0478
  0.0000
 12.2119
 18.8821
 11.7624
  0.1600
  0.2719
  0.1774
  0.1852
  0.2034
  0.1100
  0.1015
  0.1600
  0.0860
  0.3378
  0.2732
  0.0214
  0.3384
  0.4555
  0.1600
  0.3400
  0.1900
  0.4526
  0.1100
  0.1100
  0.8267
  0.9236
  0.9900
  1.7913
  3.0280
  1.3700
  1.8111
  1.2100
  4.8972
  0.3103
  2.7757
  0.1100
  0.0600
  0.0800
  9.4200
  0.1900
  0.3400
  0.7669
  0.8376
  4.9159
  3.5272
  1.3576
  2.2444
  4.1746
  3.3408
  1.8105
 14.7165
 15.6764
 15.7700
  0.3400
 10.3542
  0.2887
  0.2430
  0.3447
  0.3216
  0.1105
  0.1735
  0.0900
  0.1900
  0.1887
  0.2800
  0.2769
  0.4401
  0.3400
  0.1739
  0.3686
  0.4574
  0.9284
  1.0193
  7.5548
  0.6362
  0.9204
  0.5515
  0.6944
  0.9236
  1.1023
  1.9753
  0.9618
  0.7993
  3.0934
  0.2969
  0.1075
  0.1600
  0.2296
  0.6064
  1.7474
  0.6563
  0.9235
  0.9530
  3.2656
  1.8900
  3.6289
  3.6815
  2.7419
  1.7068
 12.7400
 21.7094
 20.0180
 10.3279
  3.0359
  0.4516
  1.3659
  0.0600
  0.2800
  0.0964
  0.2600
  0.3400
  0.0679
  0.2005
  0.2538
  0.3335
  0.0034
  0.1477
  0.3390
  9.4200
  0.1900
  1.0807
  0.2769
  1.9272
  1.9227
  2.2241
  7.7474
  0.4841
  1.7756
  0.9827
  0.9285
  2.2949
  0.6270
  0.9200
  0.9633
  0.3400
  0.1619
  0.1657
  0.1606
  0.1600
  0.1900
  1.9155
  3.2079
  1.2334
  0.8317
  1.3605
  1.3732
  2.9822
  3.2151
  1.3175
  6.4900
 20.3500
  8.9000
  9.0800
  3.2676
  3.0427
  0.2034
  0.3716
  0.6761
  1.3556
  0.4505
  0.1968
  0.1900
  0.1100
  0.1127
  0.1738
  0.0919
  0.1900
  0.4589
  0.5933
  0.8118
  0.8725
  2.3369
  0.9992
  6.2671
  7.4647
  5.4036
  7.7859
  9.0800
  0.9900
  2.2960
  0.9937
  0.9538
  0.9747
  9.4200
  0.2956
  0.1600
  0.1859
  0.4364
  0.8363
  0.3167
  1.9633
  2.7477
  1.2178
  2.7453
  1.8853
  1.8959
  1.3503
  1.3407
  1.0163
 15.7700
  7.5600
  6.2600
  7.9200
 15.7700
 11.8542
  3.3316
  4.8954
  1.0050
  2.8068
  0.3400
  0.1071
  0.0705
  0.1142
  0.1900
  0.1000
  0.0815
  7.9277
  0.3804
  0.8212
  0.6749
  1.8077
  0.4928
  1.9238
  2.8402
  0.9900
  0.6781
  0.7886
  0.7982
  2.3876
  1.7000
  5.0376
  5.1117
  0.1772
  5.4950
  0.1600
  0.1100
  0.1045
  9.4200
  0.0055
  0.2800
  0.2331
  0.3773
  1.2888
  5.1135
  3.0669
  1.9347
  2.7407
  2.7421
  2.3300
  9.3247
 17.7413
  2.5500
 15.7700
  4.1018
  2.7454
  4.0169
  0.9345
  1.2443
  0.9957
  0.3300
  0.0900
  0.1900
  0.4523
  0.2699
  0.1798
  0.0600
  9.4200
  1.8588
  0.8118
  0.9383
  0.8088
  2.3727
  1.8314
  1.2180
  5.5400
  5.1734
  0.9956
  0.4204
  0.8911
  0.6595
  0.8390
  1.3653
  0.8771
  0.5019
  0.9600
  0.0507
  6.3317
  7.2109
  0.8255
  0.1100
  0.1600
  2.3341
  2.4700
  2.9888
  2.7453
  9.0800
  4.6399
  1.2100
  1.3598
  6.3300
  9.1771
  5.1607
 18.9551
 13.0484
  2.5201
  2.8531
  1.8176
  1.1092
  2.3300
  0.2341
  0.0600
  0.1100
  1.9233
  1.8099
  0.1769
  0.2315
  0.6411
  2.8222
  0.8845
  1.9357
  0.6912
  1.3400
  1.7493
  0.9373
  1.0571
  5.7365
  0.8218
  0.2800
  0.2210
  0.3365
  0.9759
  0.9803
  6.3298
  0.5028
  0.2800
  0.1100
  0.3336
  5.1377
  7.9572
  9.0800
  0.2304
  3.5318
  2.1304
  3.9040
  2.7220
  1.7123
  1.2100
  2.4164
  1.2575
  5.0744
  2.4783
  5.3319
  7.1055
  3.6079
  2.8782
  3.2224
  0.7100
  0.9325
  0.2493
  0.0274
  0.3323
  0.1000
  1.2700
  0.3400
  2.1449
  0.0962
  1.2100
  3.0318
  2.5661
  1.3188
  0.5390
  0.9221
  0.1600
  0.0823
  0.3400
  0.1100
  0.1600
  0.0141
  0.3400
  0.0812
  0.3400
  0.7824
  0.6329
  0.8334
  0.1824
  9.4200
  0.5615
  0.1100
  9.4200
  0.4600
  0.3400
  3.3386
  4.9193
  1.1044
  2.5149
 10.2352
  1.3601
  1.8137
  5.1165
  5.2017
 30.0000
  8.7100
  7.8628
  4.8132
  3.7914
  2.9731
  2.5283
  0.5770
  1.8803
  0.4524
  0.1029
  0.0896
  0.1867
  2.2040
  0.0000
  2.9900
  3.5381
  1.7078
  2.2936
  3.4092
  0.3400
  0.2140
  0.3400
  0.3305
  0.3400
  0.1900
  0.2275
  0.2650
  0.0922
  0.3390
  0.3261
  0.3871
  0.6371
  0.9013
  0.1029
  0.1861
  0.2800
  0.3345
  0.2197
  0.1900
  0.6832
  0.3112
  1.2213
  1.9789
  1.7359
  1.6600
  0.9948
 10.6602
  1.4865
  6.0036
  5.5400
 10.2700
  3.6100
  2.8376
  2.7449
  4.8925
  0.2869
  0.0900
  0.2124
  0.0600
  0.2207
  0.0600
 18.6466
  1.1770
 19.2954
  3.3418
  2.9600
  2.5290
  2.2087
  0.5948
  0.1969
  0.0600
  0.0900
  0.1000
  0.1719
  0.1011
  0.0900
  0.3400
  0.0415
  0.2149
  0.2470
  0.3253
  9.4200
  0.9900
  0.1399
  0.0984
  0.1900
  0.0900
  0.3124
  0.2200
  0.4592
  0.0875
  1.8400
  2.3310
  0.6200
  1.3759
 17.8564
  1.7671
  3.7270
  2.7562
  2.8234
  2.7400
  3.0940
  1.7835
  4.4492
  4.7250
  0.1910
  0.0600
  0.2625
  0.2799
  1.1100
  0.1721
 20.3959
  2.3300
  3.5705
 19.4400
  9.0800
  4.9200
  1.3800
  2.3323
  0.0874
  0.1900
  0.3332
  0.0850
  0.1100
  0.1100
  0.1600
  0.2800
  0.1100
  0.0816
  0.1001
  0.6344
  0.1029
  0.9112
  0.1600
  0.3400
  0.2696
  0.2853
  0.3100
  0.1600
  0.2015
  0.3400
  1.6678
  0.8308
  1.9012
  1.2100
  2.7550
  1.1035
  1.8145
  4.5624
  1.8170
  1.4997
  1.9711
  1.0889
  1.6601
  1.8186
  0.2537
  0.0600
  0.0900
  0.1693
  0.2283
  0.1900
  2.3980
  1.2820
  3.3342
 11.4160
  2.9700
  2.7908
  1.2310
  1.1118
  0.2133
  0.0129
  0.3147
  0.0736
  0.0900
  0.1519
  0.2695
  0.4403
  0.2584
  0.3400
  0.0588
  0.7112
  0.2974
  0.0893
  0.0140
  0.1794
  0.2461
  0.3370
  0.3400
  0.1600
  0.3174
  0.1000
  8.4268
  0.9096
  0.9900
  0.8357
  1.7492
  1.2100
  8.4254
  0.9322
  1.8092
  1.7183
  1.9221
  1.0152
  1.2100
  1.3774
  0.7923
  0.1721
  0.4505
  0.0921
  0.0900
  0.1900
  0.0855
  1.1020
  2.7411
  3.1077
  3.0349
  1.6763
  1.3596
  0.0900
  2.2407
  0.0822
  0.1000
  0.1458
  0.1900
  0.3276
  0.3400
  0.1000
  0.2638
  0.1696
  0.2200
  0.2676
  0.4490
  0.1292
  0.4418
  0.4568
  0.1100
  0.2023
  0.2720
  0.2982
  0.2470
  0.2398
  0.6403
  0.8081
  0.8247
  0.7893
  5.1317
  1.2100
  2.0813
  1.3684
  2.4787
  1.6840
  1.1067
  2.3300
  1.2672
  1.1477
  1.0100
  0.2941
  0.1100
  0.1900
  0.1806
  0.1000
  0.0600
  1.7904
  0.6058
  3.8874
  3.2043
  2.3521
  0.3154
  0.1600
  0.1053
  0.2800
  0.1600
  0.1691
  0.1000
  0.1838
  0.0744
  0.1664
  0.2247
  0.0900
  0.8350
  0.2380
  0.3400
  0.1900
  0.1900
  0.4569
  0.0696
  0.1600
  0.0600
  0.1682
  0.0227
  0.0635
  8.2354
  5.1939
  3.3482
  8.4876
  7.9590
  1.3768
  1.9799
  0.9200
  2.1309
  2.2487
  1.9762
  1.2100
  1.8150
  0.1000
  0.3373
  0.1100
  0.1700
  0.0900
  0.1100
  0.3400
  0.2800
  0.0677
  1.7803
  2.3975
  3.0195
  0.9527
  0.8561
  0.3844
  0.2800
  0.0600
  0.3400
  0.1073
  0.1900
  0.0600
  0.1729
  0.3259
  9.0513
  0.0900
  5.3644
  0.9808
  0.9900
  0.2768
  0.9413
  0.2637
  0.3776
  0.2529
  0.2090
  0.2989
  0.2472
  8.9935
  0.2063
  8.9213
  1.2295
  8.9469
  5.2014
  2.0451
  1.2100
  1.1322
  1.2145
  2.2867
  1.8124
  1.9750
  1.7028
  0.1100
  0.2322
  0.3278
  0.0900
  0.2757
  0.1900
  0.0967
  0.3012
  0.3400
  0.4517
  1.9698
  0.8549
  0.9850
  2.1700
  0.3351
  0.3669
  0.3400
  0.2829
  0.2360
  0.1847
  1.6914
  0.9073
  0.9243
  0.7498
  5.0089
  2.1521
  0.7154
  0.9295
  9.4200
  5.1794
  0.2692
  0.1610
  0.1708
  0.2480
  0.3400
  9.4200
  9.2156
  0.6100
  0.6553
  0.9250
  2.4231
  1.9470
  1.3475
  1.3584
  1.1814
  1.2899
  3.3392
  1.9337
  3.3425
  0.9296
  2.3300
  0.2733
  0.2003
  0.1900
  0.1600
  0.1845
  0.2819
  0.3400
  0.3300
  0.1645
  1.2699
  0.9004
  0.6043
  0.9629
  0.1900
  0.1900
  0.1836
  0.8328
  0.2457
  1.8347
  0.1100
  0.9104
  0.6961
  0.9727
  5.2837
  9.0214
  0.8955
  0.7464
  0.2344
  0.4524
  0.1600
  0.4560
  0.1100
  0.2298
  0.1000
  1.7285
  0.6554
  9.0564
  0.9272
  0.9216
  1.3034
  9.0620
  1.3800
  0.9989
  2.7480
  3.3433
  2.3614
  2.8486
  4.0808
  2.3400
  0.9434
  0.1900
  0.1282
  0.1338
  0.1000
  0.0900
  0.4306
  0.0875
  0.3975
  0.1071
  1.0164
  0.3063
  2.1695
  0.1100
  0.0900
  0.2381
  1.0241
  1.1732
  0.8349
  1.0116
  0.8333
  5.1253
  0.9900
  0.6998
  1.3800
  0.6220
  1.3206
  0.9338
  0.3073
  0.2991
  0.3212
  0.3181
  0.0600
  0.1900
  0.0900
  0.6894
  1.3650
  0.6282
  0.8176
  0.9300
  5.3322
  1.2473
  1.2618
  1.0782
  0.3853
  2.3026
  0.1100
  1.3800
  1.0148
  0.2582
  0.9140
  0.2399
  0.1900
  0.1900
  0.1017
  0.3782
  0.2770
  0.4581
  0.0998
  1.7481
  1.3500
  2.1322
  0.9900
  0.9900
  0.0639
  0.1100
  2.1459
  2.7416
  2.4388
  0.8213
  0.7900
  2.3383
  0.9900
  2.0553
  0.8453
  0.8216
  0.8219
  2.2196
  0.9900
  0.1900
  0.0087
  0.2488
  0.2522
  0.1900
  0.1900
  0.9712
  0.9433
  0.5266
  0.7937
  0.2145
  0.9080
  1.1574
  1.9557
  0.9907
  0.2734
  0.3119
  0.3154
  0.1900
  0.4333
  0.3355
  0.3400
  0.0894
  0.2905
  0.0959
  0.3400
  0.2788
  9.4200
  0.8400
  0.1100
  0.9031
  1.8444
  0.9106
  0.7535
  9.4200
  0.3153
  0.2294
  0.3894
  3.0400
  2.7474
  1.7087
  5.5400
  5.2259
  0.7522
  0.8811
  0.0600
  0.1900
  0.0900
  0.1900
  0.1100
  0.0685
  0.0641
  0.2800
  0.2381
  9.4200
  0.7698
  0.9313
  0.0835
  0.0701
  1.2675
  0.0983
  0.6954
  1.2340
  2.0310
  1.0805
  0.1600
  0.1680
  0.1000
  0.3271
  0.1605
  0.0600
  0.1100
  0.2800
  1.9605
  1.2100
  1.7963
  0.6583
  0.8178
  0.6719
  0.9650
  0.3271
  1.3340
  0.5741
  0.9244
  0.9900
  0.5866
  0.8319
  3.3238
  2.8328
  0.8345
  4.8900
  4.8001
  1.0451
  0.9776
  0.5705
  1.9720
  0.1738
  0.2995
  0.0600
  1.6936
  1.8137
  0.1999
  1.3133
  0.9338
  0.5532
  0.9752
  0.1900
  1.2282
  1.1379
  0.3400
  0.0600
  0.0675
  2.3091
  0.9400
  0.8987
  0.3124
  0.1261
  0.1900
  0.2684
  0.0882
  0.0712
  1.7085
  2.4170
  2.3300
  1.3036
  5.1393
  7.6393
  0.8711
  1.9679
  0.4520
  0.1871
  0.9734
  0.9900
  0.9173
  0.7846
  0.6506
  0.9900
  2.5369
  0.7554
  1.3613
  2.1627
  0.9361
  0.5921
  1.3800
  1.7594
  0.3264
  0.4500
  0.6692
  0.3400
  2.9601
  3.3599
  1.3655
  2.0426
  0.8148
  0.9590
  0.8384
  2.1300
  1.3057
  1.9740
  1.9217
  1.1587
  0.4955
  0.3400
  0.5665
  0.8947
  0.1440
  0.0900
  0.1600
  0.1100
  1.0119
  1.8758
  1.8030
  1.6946
  7.7427
  5.2249
  9.0800
  1.9931
  2.1874
  0.6537
  0.9274
  1.0200
  0.9354
  0.8212
  0.6746
  0.8381
  0.9256
  0.6281
  6.2657
  1.3091
  5.1802
  2.4864
  1.6608
  0.6628
  1.3509
  1.3298
  2.7438
  2.9709
  0.4527
  4.1192
  2.9778
  2.5667
  2.5451
  3.6053
  3.5244
  5.5400
  2.7541
  1.6791
  1.7688
  1.8150
  0.8318
  0.5293
  1.9074
  0.9551
  2.4108
  0.2949
  0.1000
  0.4456
  0.1000
  9.4200
  0.3400
  1.3721
  1.2100
  9.0800
  5.3627
  9.2700
  9.0268
  6.2692
  1.6364
  1.8631
  2.1907
  0.2739
  0.5284
  0.6354
  9.4200
  0.9179
  0.9261
  0.5690
  0.9275
  6.3802
  1.0145
  7.9678
  3.6111
  0.6610
  1.3771
  1.0185
  1.9059
  3.3061
  1.9509
  1.8048
 13.0605
  3.4577
 10.2039
  4.9022
  0.5700
  2.9780
  1.6278
  3.8368
  1.7053
  1.3191
  2.3126
  1.0124
  2.1536
  1.8114
  0.9225
  0.6502
  0.1100
  0.0979
  0.1900
  0.1100
  0.5810
  2.3518
  0.9384
  3.8062
  9.0100
  8.0300
  2.5200
  7.9390
  5.0536
  3.7930
  0.4600
  0.1600
  0.4530
  0.1900
  0.3253
  0.0662
  3.6068
  2.2074
  0.5728
  3.3395
  1.3774
  4.9725
  1.7675
  1.9220
  2.3243
  2.0298
  1.9775
  2.9426
  2.3464
  2.5404
  3.3033
 20.0444
 17.3861
  2.5076
  9.9777
  9.3138
  3.2501
  3.5812
  3.0323
  4.9100
  2.4821
  1.2100
  2.1399
  1.9715
  0.6675
  0.8025
  0.2465
  0.3241
  0.2800
  0.1600
  0.6500
  0.9362
  3.8773
  5.5400
  3.3309
  3.5600
  4.9139
  8.8498
  1.2207
  1.0028
  2.8428
  2.5436
  0.0809
  0.1891
  0.1835
  3.7665
  2.3347
  1.8150
  1.2100
  2.8301
  3.5619
  5.0624
  2.7582
  2.3300
  2.2444
  1.7896
  1.8891
  1.3800
  1.3333
  3.7920
  7.5356
  4.9843
 30.0000
 22.6159
  3.2248
  7.9400
  2.8820
  3.6380
  3.3345
  3.3534
  3.4006
  2.8192
  9.3413
  3.7495
  6.8913
  1.2799
  0.2253
  0.3579
  0.2075
  0.0455
  0.9152
  1.2389
  2.1904
  3.3685
  5.5400
  3.6094
  4.9109
  2.7411
  2.8052
  4.1430
  0.2800
  0.3400
  0.0974
  0.5157
  3.2379
  1.8978
  2.8250
  0.6286
  1.0119
  1.9092
  1.7819
  2.8626
  3.6369
  2.7432
  1.3076
  1.1753
  1.8665
  1.1666
  4.4036
  1.9800
  5.0860
  8.4800
  7.5368
  5.2599
 18.6400
  8.3400
  2.5100
  3.3319
  4.6066
  4.8450
  3.6028
  2.9629
  7.7312
  7.9458
  3.5338
  2.2670
  0.1073
  0.9367
  0.6911
  2.3300
  2.1474
  1.8954
  2.8363
  3.3958
  3.6082
  2.5146
  2.7600
  3.6552
  2.1560
  2.8212
  5.2133
  0.3265
  0.3249
  3.6254
  0.8171
  2.7510
  0.9986
  1.8483
  1.3331
  8.2376
  1.6803
  1.0992
  1.6104
  1.7100
  2.3303
  0.6785
  1.7058
  1.1083
  2.7538
  5.2298
  9.4200
 18.7600
  5.2600
 20.8394
 19.2912
  2.2800
  2.7438
  2.7867
  2.9607
  4.9066
  3.1356
  3.1075
  3.0363
  5.4738
  2.5790
  7.9350
  1.7005
  0.0960
  2.7413
  1.1000
  1.3451
  1.0198
  1.3011
  4.2080
  3.3699
  2.9673
  2.9822
  2.6685
 19.8058
  1.3800
  5.5400
  1.8389
  1.3378
  2.9610
  1.5089
  1.0879
  2.9381
  4.5739
  2.7519
  1.7066
  2.2150
  1.3538
  2.2048
  3.5120
  1.7085
  3.0081
  3.2204
  4.6358
  1.3646
  2.7401
  2.5252
  2.8200
  3.5638
 17.5487
 15.1007
  4.1708
  2.9780
  3.1947
  2.5197
  3.3462
  3.3890
  2.9750
  2.7429
  2.7429
  5.3913
  1.0016
  2.8344
  3.4432
  0.9430
  1.8779
  0.8762
  1.9625
  0.3400
  0.4023
  4.8950
  3.3349
  2.7501
  7.9345
  1.7800
 15.7700
  7.8802
  1.9769
  2.3721
  1.3600
  1.2100
  1.2100
  7.5548
  2.8400
  8.0262
  2.4918
  2.0992
  2.1321
  2.1390
  1.8200
  2.5174
  2.7599
  2.6396
  2.8382
  4.9074
  4.9754
  2.2996
  5.5400
  3.5334
  2.7452
  2.9691
  5.5400
  1.9750
  4.8945
  3.2204
  3.3467
  2.9454
  2.7461
  3.8100
  4.6737
 15.7700
  1.3407
  2.7469
  3.6094
  2.9790
  0.2143
  0.8745
  0.8641
  0.6166
  0.1600
  1.3543
  7.8046
  1.1219
  1.0045
  5.6132
 10.8934
  3.3969
  3.8226
  2.1669
  1.2100
  1.3447
  2.9718
  2.7424
  3.7333
  3.2166
  2.7558
  3.5992
  2.4225
  3.6857
  1.6680
  1.8102
  3.5936
  3.3312
  4.8967
  2.3300
  3.4688
  2.5438
  3.3712
  9.0953
  3.5950
  3.5900
  2.6214
  2.5152
  9.3300
  3.0438
  3.2385
  1.2100
  0.7074
  4.9112
  2.7489
  1.3072
  8.8506
  4.8526
  3.5804
  0.3354
  0.2781
  0.3400
  0.1100
  0.1900
  0.7063
  3.0217
  3.3343
  1.9693
  4.0827
  4.9146
  9.7329
  3.3430
  1.2467
  1.3411
  1.8154
  5.1393
  1.8184
  7.2664
  2.9831
  3.5141
  2.4874
 22.3624
  1.1421
  1.3758
  1.6777
  2.9962
  3.3363
  3.3395
  4.2900
  6.4100
  7.7100
  5.0232
  3.3416
  5.0553
  3.6400
  5.3100
  2.2200
  2.6129
  2.9274
  3.3026
  0.4682
  3.1188
  1.7542
  0.3675
  2.9808
  0.9264
  0.9542
  4.6929
  0.5911
  0.1537
  0.1000
  0.3200
  0.1100
  0.0600
  0.0846
  0.9235
  0.9893
  1.1058
  1.0016
  2.5130
  2.7440
  3.9700
  3.2300
  1.6763
  1.4644
  1.1081
  5.4864
  1.9733
  1.9072
  2.7523
  2.9286
  1.2863
  9.3039
  3.5551
  2.7514
  4.3460
  3.5159
  2.9442
  2.1519
  3.2100
  9.3342
  5.4516
  5.5400
  8.4655
  0.9582
  9.0800
  4.3542
  2.9672
  0.8043
  3.3370
  3.6811
  4.6907
  0.6565
  0.2044
  0.9893
  0.4746
  0.6424
  0.2313
  0.3221
  0.0900
  0.3400
  0.1704
  0.3155
  0.3400
  0.0525
  0.2800
  0.3303
  1.8146
  2.8799
  3.0012
  2.7527
  2.5108
  1.8576
  0.8309
  1.1086
  1.3273
  7.7396
  1.3458
  1.3674
  2.8376
  2.1881
  8.0194
  9.0396
  3.3603
  9.3245
  8.9913
  3.4234
  5.5400
  2.1547
 14.5959
  1.3777
 11.0038
  7.6422
  9.0139
  1.1562
  4.8434
  3.5100
  0.1900
  0.0628
  0.2187
  0.6799
  0.3239
  0.1600
  0.1000
  0.1600
  0.8908
  0.9208
  2.2931
  0.9881
  0.8464
  0.1667
  0.2800
  0.1900
  0.2466
  0.2864
  0.2490
  0.2131
  1.9558
  1.7676
  1.9267
  0.9900
  0.4800
  0.1096
  1.4499
  4.0798
  7.9778
  0.8100
  2.3300
  2.1763
  1.3524
  1.2766
  2.3300
  4.8297
  5.0373
  2.7514
  5.9822
  2.8268
  5.3849
 15.7700
 13.0269
  3.3568
  9.5088
  8.1650
  0.8169
  1.0030
  0.9957
  2.5543
  3.4136
  0.2361
  0.1244
  0.3262
  0.3400
  0.3149
  0.3180
  0.3400
  0.3725
  0.6235
  1.0181
  1.5897
  0.3217
  2.3078
  0.9766
  0.4187
  0.6223
  0.3400
  0.3335
  0.3400
  0.7465
  0.9554
  0.9226
  1.7810
  0.2000
  0.1900
  0.7296
  7.5512
  9.3396
  8.4523
  1.0818
  1.0047
  8.3681
  5.1305
  3.5564
  3.0993
  2.5908
  3.0088
 30.0000
  3.5623
 11.0800
  9.4394
  5.2316
  3.2101
 10.2100
 15.7700
  1.9675
  5.1052
  0.9216
  0.1100
  2.7451
  0.0989
  0.1580
  0.1900
  0.0674
  0.2608
  0.2400
  0.4517
  2.7683
  0.2352
  2.3300
  1.2763
  1.2413
  2.3368
  0.5018
  0.9126
  0.6700
  0.0900
  0.2424
  0.1900
  0.1600
  0.8923
  0.6986
  1.2801
  1.3800
  0.8556
  1.7275
  9.0609
  8.3731
  1.0114
  1.7699
  1.3465
  3.0253
  0.9716
  2.1551
  2.3397
  3.3888
  3.8526
  2.9772
 58.3200
 17.1900
 22.7500
 15.7700
 30.0000
 21.4424
  1.3404
  2.3528
  1.9011
  5.1049
  0.3400
  0.0919
  0.1600
  0.1689
  0.2055
  0.9281
  0.4507
  1.0027
  2.7847
  3.5503
  3.4763
  1.1623
  2.3001
  0.9718
  0.8158
  0.6436
  0.9475
  9.4200
  0.3924
  0.5924
  0.1483
  0.2527
  9.4200
  0.1316
  0.2534
  0.6852
  1.8127
  1.3640
  1.1350
  9.1981
  5.1500
  2.4411
  9.0357
  2.5702
  7.5572
  1.9750
  1.0017
  2.9958
  2.9688
  2.7600
 16.5568
 21.0800
 18.8718
 10.2080
  2.7480
  5.1322
  2.9306
  5.2135
  1.9555
  1.3012
  0.2800
  2.5367
  0.1900
  0.1600
  1.3696
  0.3400
  2.7439
  1.8149
  1.2417
  4.8928
  1.7070
  1.9047
  0.6437
  2.1804
  0.6179
  1.2917
  1.9122
  1.7032
  0.1389
  9.4200
  0.1900
  0.2238
  0.0675
  0.5407
  0.6853
  0.5100
  0.6858
  0.8763
  2.2121
  0.9367
  5.5114
  7.9756
  1.9443
  4.9557
  1.3403
  3.5342
  3.6522
  3.5976
  4.8934
  4.4921
  5.5400
 10.2082
 16.0465
 10.2270
  5.1300
  6.3089
  1.3800
  0.1800
  5.2855
  1.7062
  1.3700
  2.0767
  1.8706
  0.7819
  2.1654
  3.5388
  0.8085
  1.2454
  3.3309
  2.3300
  5.0457
  2.4736
  1.8231
  0.8290
  0.6587
  1.8795
  1.1011
  1.0261
  0.3330
  0.1600
  1.7035
  0.2332
  0.8092
  0.1970
  0.3320
  0.6639
  0.6958
  0.9900
  0.8128
  1.8185
  1.3754
  1.3661
  2.1856
  1.3728
  8.8160
  5.3228
  1.9978
  1.3771
  1.7924
  5.0500
  8.9469
 20.1982
  5.3800
  5.4175
  2.8634
  6.3032
  1.7059
  3.3367
  3.0427
  1.3409
  0.6542
  2.2925
  0.6098
  0.8157
  0.8861
  0.9278
  0.5094
  2.7404
  3.3500
  3.3654
  5.2241
  0.9453
  3.1713
  0.8242
  0.9900
  1.3800
  0.9251
  0.6482
  0.6560
  0.8100
  0.6982
  0.3260
  0.1430
  0.3170
  9.4200
  0.1740
  0.3354
  0.7020
  1.8579
  1.9701
  1.8812
  1.3743
  5.5400
  0.0600
  9.0800
  0.3105
  1.0113
  1.1185
  1.2100
  5.4132
  9.0800
  5.5400
  7.5300
 10.2000
  5.5947
  7.7569
  4.6000
  3.5546
  2.5191
  2.1428
  1.2100
  0.9239
  2.7500
  0.8106
  0.6885
  0.7087
  3.4202
  2.9561
  3.6746
  5.5400
  3.4912
  0.6521
  0.7839
  1.9661
  2.7573
  4.3288
  1.2461
  0.9295
  0.6325
  0.0976
  0.1900
  0.2800
  0.4000
  0.9614
  0.1677
  0.8300
  0.2209
  1.5498
  1.3463
  1.0055
  1.2175
  1.3512
  0.5749
  0.9274
  5.2323
  0.2121
  1.2319
  1.7001
  1.1063
  6.3218
  7.5300
  5.2639
 15.7700
  2.5367
  6.2835
  4.9821
  3.6289
  2.7191
  2.8313
  5.0825
  9.0406
  8.4241
  7.9764
  3.1337
  5.0581
  8.3829
  3.3128
  3.7593
  5.5400
  5.2076
  3.0287
  0.7006
  0.9339
  4.2591
  1.9600
  3.5118
  2.3300
  2.4051
  2.9631
  1.9692
  1.8138
  2.3312
  0.4247
  0.3115
  0.0883
  0.1600
  0.3154
  2.1424
  1.1214
  1.1690
  1.7043
  0.6242
  0.9279
  0.8158
  5.8400
  0.4501
  1.7926
  3.6957
  2.8255
  5.5400
  7.0443
  5.3423
  0.0000
  2.9828
  3.1654
  4.7506
  4.9169
  3.6407
  3.7462
  5.5400
  6.0489
  9.3029
  2.7554
  3.3750
  4.9192
  7.0015
  8.5061
  3.3467
  9.2665
  4.1421
  8.0032
  0.6905
  1.1762
  1.3665
  2.1865
  1.7814
  3.3420
  1.8060
  3.3386
  1.2100
  2.3300
  0.7040
  0.9270
  0.0170
  0.0657
  0.8204
  0.3368
  0.9724
  1.0104
  1.3428
  0.1100
  1.8063
  0.3236
  0.3400
  0.3400
  0.9128
  0.1022
  3.0278
  2.5127
  6.0881
  5.1332
  7.9686
  5.5400
  2.3300
  4.5447
  4.0089
  3.5218
  8.4495
  3.9961
 20.9921
  9.1040
  7.9899
  2.7518
 30.0000
  3.0310
  8.6432
  3.3497
  3.3475
  6.3486
  4.8921
  9.0800
  1.7048
  1.9556
 20.8634
  1.9058
 15.7700
  4.5882
  2.7424
  1.8632
  1.7146
  1.7187
  1.0136
  1.8713
  1.8143
  0.6238
  0.7653
  1.9578
  0.7077
  1.0105
  1.1076
  0.2418
  0.1868
  0.1100
  0.3400
  0.0615
  0.3015
  0.2800
  3.6341
  2.8228
  9.0800
  4.9269
  5.2075
  5.2566
  8.6236
  2.7942
  4.8981
  7.9595
  8.9492
 12.4288
  9.3599
  6.4250
  7.0726
  2.5031
 10.3430
 13.5718
 30.0000
  4.1114
  6.9138
  4.8921
  3.8145
  3.3779
