SASIM Realizations
1
value
  18.660
   1.814
   0.611
   2.051
   0.110
   0.090
   0.160
   0.090
   0.090
   0.203
   0.156
   0.330
   0.249
   0.060
   0.105
   0.326
   0.110
   0.110
   0.221
   0.904
   0.134
   0.319
   1.353
   0.794
   0.226
   1.380
   0.469
   0.895
   0.108
   0.166
   0.060
   0.071
   0.330
   0.160
   1.210
   0.886
   0.077
   3.016
   0.664
   2.381
   2.063
   0.827
   5.214
   6.469
  20.626
  16.585
   0.930
   0.310
   0.268
   0.660
   8.400
   3.332
   3.330
   0.990
   0.454
   0.060
   0.916
   0.110
   1.343
   0.820
   0.160
   0.340
   0.184
   1.011
   0.280
   0.096
   0.197
   0.081
   0.168
   0.060
   0.090
   0.060
   0.508
   0.821
   0.536
   0.950
   0.890
   0.788
   0.989
   0.146
   0.186
   0.264
   0.669
   0.060
   0.160
   0.915
   5.201
   1.674
   1.798
   1.812
   1.701
   8.011
  18.690
  20.651
   1.363
   2.514
   2.330
   1.363
   1.820
   2.330
   2.747
   2.515
   1.706
   3.351
   3.338
   0.062
   0.280
   0.253
   0.340
   0.060
   0.060
   0.160
   0.721
   0.933
   0.160
   0.168
   0.338
   0.655
   0.100
   0.100
   0.166
   0.064
   0.090
   0.751
   0.936
   0.243
   0.665
   0.526
   0.431
   0.252
   0.166
   0.190
   0.171
   0.284
   0.172
   0.931
   0.839
   0.191
   0.060
   0.100
   3.576
   1.230
   5.229
   3.527
   2.330
   2.755
   3.033
   5.203
   6.462
   1.101
   1.380
   4.896
   5.182
   1.339
   1.124
   0.940
   1.380
   0.716
   0.340
   0.148
   0.162
   0.222
   0.953
   0.190
   0.110
   0.100
   0.207
   0.197
   0.060
   0.087
   0.100
   0.201
   0.611
   3.442
   1.810
   1.695
   1.380
   0.990
   0.524
   0.232
   0.090
   0.060
   0.340
   0.106
   0.214
   0.311
   1.946
   1.102
   0.390
   0.545
   4.252
   1.337
   0.942
   0.656
   3.460
   9.080
   8.836
   1.671
   2.160
  19.794
  20.487
   2.522
   2.297
  16.751
   0.668
   1.158
   1.143
   2.822
   0.990
   0.099
   0.105
   0.704
   0.315
   0.098
   0.172
   0.491
   0.340
   0.190
   0.184
   0.404
   0.908
   0.293
   0.176
   1.024
   0.894
   1.810
   1.213
   1.104
   0.507
   0.110
   2.153
   0.234
   0.060
   0.190
   0.093
   0.458
   0.488
   0.370
   0.241
   0.133
   1.102
   1.935
   1.969
   0.340
   1.210
   2.994
   8.025
   5.103
  14.620
   3.615
   7.049
   6.481
   3.343
   3.269
   3.635
   0.622
  19.638
   1.952
   0.110
   0.162
   0.160
   0.186
   0.280
   0.827
   0.939
   0.079
   0.312
   0.099
   0.060
   0.100
   0.060
   0.190
   0.160
   0.319
   8.647
   0.690
   0.776
   2.597
   1.264
   0.060
   0.171
   0.060
   0.060
   0.105
   0.171
   0.204
   0.188
   1.956
   0.080
   2.136
   0.514
   1.315
   5.412
   0.315
   3.015
   2.530
   7.879
   1.815
   9.512
   2.969
  17.268
   1.380
  13.302
  19.984
   1.215
   2.952
   1.343
   9.042
   0.990
   0.163
   1.054
   0.237
   0.190
   0.305
   0.088
   0.214
   0.073
   0.080
   0.340
   0.480
   0.335
   0.311
   0.795
   1.926
   2.980
   0.252
   2.131
   2.214
   0.924
   0.086
   0.080
   0.110
   0.090
   0.100
   0.441
   0.129
   0.168
   0.163
   0.459
   0.685
   1.380
   3.641
   2.993
   7.803
   1.812
   1.890
   0.879
   0.661
   4.776
   1.955
  12.740
  11.291
   5.223
  12.372
   2.865
   2.190
   4.037
   1.859
   0.280
   1.015
   0.260
   0.160
   0.060
   0.097
   0.102
   0.280
   0.087
   0.124
   0.110
   0.133
   1.210
   0.340
   0.190
   0.797
   0.190
   0.250
   1.294
   3.099
   1.331
   0.636
   0.160
   0.090
   0.089
   0.920
   0.202
   0.089
   0.190
   0.839
   0.697
   2.747
   0.190
   7.931
   9.345
   8.980
   0.626
   0.666
   2.446
   3.247
   1.374
   1.351
   6.490
  20.350
   8.900
   4.273
   4.231
   3.324
  19.023
   3.791
   0.160
   0.924
   0.148
   0.181
   0.280
   0.134
   0.082
   0.060
   0.211
   0.099
   0.217
   0.253
   0.065
   0.322
   0.340
   1.108
   1.343
   1.902
   0.905
   1.830
   4.903
   1.119
   1.066
   0.340
   0.317
   0.194
   0.188
   0.971
   0.338
   0.850
   3.153
   1.902
   0.699
   1.349
   0.965
   0.340
   1.073
   0.268
   0.241
   0.739
   3.333
   1.791
  15.770
   7.560
   6.260
   7.920
   7.537
   0.684
   3.333
   0.345
   0.177
   0.313
   0.707
   0.100
   0.340
   0.110
   0.914
   0.168
   0.082
   0.100
   0.853
   0.065
   0.280
   0.110
   0.160
   0.263
   0.226
   1.358
   0.340
   0.228
   0.093
   0.329
   1.700
   0.225
   0.090
   0.395
   0.090
   2.143
   0.991
   1.667
   2.513
   1.210
   2.937
   5.246
   2.147
   0.202
   0.990
   0.549
   0.339
   1.686
   4.236
   1.380
   9.184
  11.261
   2.550
   1.456
   1.806
   1.150
   3.483
   0.170
   0.270
   0.060
   0.285
   0.274
   0.281
   0.160
   0.923
   1.380
   0.262
   0.172
   0.060
   0.192
   0.554
   0.190
   0.106
   0.102
   0.110
   0.094
   0.908
   0.135
   0.284
   0.074
   0.160
   0.329
   0.090
   0.100
   0.339
   0.960
   0.805
   6.375
   0.647
   4.951
   5.348
   0.811
   1.263
   2.470
   0.658
   1.663
   0.640
   0.828
   0.669
   2.197
   1.727
   4.102
   2.528
   9.039
   1.248
   3.000
   0.456
   0.088
   0.060
   0.079
   2.229
   0.340
   0.101
   1.788
   0.235
   0.060
   0.498
   0.162
   0.807
   0.990
   0.366
   0.461
   1.340
   0.295
   0.081
   0.215
   0.060
   0.062
   0.280
   0.094
   0.095
   0.087
   0.096
   0.117
   0.190
   0.281
   3.535
   7.811
   1.712
   7.099
   1.794
   2.269
   2.330
   5.170
   2.046
   0.940
   0.672
   1.706
   1.201
   0.379
   7.931
   2.330
   1.367
   4.914
   2.034
   1.973
   0.340
   0.710
   0.179
   0.093
   0.190
   0.225
   0.445
   1.270
   0.340
   0.335
   0.086
   0.258
   0.110
   0.163
   0.927
   1.811
   0.340
   0.162
   0.929
   0.100
   0.106
   0.086
   0.679
   0.092
   0.326
   0.160
   0.598
   0.364
   0.218
   0.697
   1.380
   0.990
   1.345
   2.965
  12.648
   5.086
   1.813
   1.808
   1.353
   1.971
   0.813
   1.225
   0.178
   1.284
  16.645
   9.226
   8.710
   9.009
   9.846
   1.076
   0.190
   0.273
   0.190
   0.329
   0.160
   0.536
   0.459
   1.283
   3.024
   4.827
   2.990
   0.190
   0.082
   0.314
   0.314
   0.238
   1.246
   0.323
   0.190
   0.110
   0.097
   0.122
   0.227
   0.340
   0.160
   0.060
   0.190
   0.825
   0.337
   0.171
   0.783
   4.736
   1.963
   2.751
   2.084
  17.632
   2.330
   1.401
   2.143
   1.560
   1.660
   2.131
   0.175
   0.622
   1.373
   5.540
  10.270
   3.610
   1.701
   0.335
   4.893
   0.330
   0.839
   0.832
   2.916
   0.215
   0.986
   3.340
   0.335
   2.513
   2.335
   2.960
   3.319
   0.160
   1.980
   0.990
   1.014
   0.308
   0.227
   0.160
   0.312
   0.090
   0.100
   1.701
   0.990
   0.080
   0.109
   0.110
   0.990
   1.833
   9.080
   2.961
   2.756
   1.565
   2.385
   8.011
   7.949
   2.465
   1.277
   0.620
   0.142
   0.175
   0.353
   0.160
   1.700
   2.172
   2.740
   2.757
   8.774
   3.346
   1.012
   0.280
   3.660
   2.825
   2.759
   1.110
   0.923
   0.953
   1.482
   5.540
  19.440
   9.080
   4.920
   1.606
   0.424
   0.630
   0.454
   0.084
   0.807
   0.099
   0.060
   0.279
   0.331
   0.340
   0.665
   0.324
   1.146
   0.325
   0.340
   0.612
   3.330
  16.605
   3.268
   8.862
   1.056
  14.547
  19.223
   3.336
   0.190
   0.302
   0.060
   0.117
   0.190
   0.274
   1.060
   3.053
   2.992
   1.264
   3.024
   3.785
   9.316
   0.943
   3.439
  18.214
   4.734
   1.969
   1.415
   1.834
   2.235
   5.025
   9.080
   2.970
   5.187
   2.337
   0.928
   0.616
   0.250
   0.201
   0.110
   0.322
   0.103
   0.340
   0.110
   0.916
   1.822
   0.132
   0.581
   0.190
   0.955
   1.210
   1.905
   0.956
   4.701
   1.373
   1.703
   0.990
   1.824
   0.458
   0.803
   0.246
   0.093
   0.205
   0.221
   0.168
   2.254
   2.755
   2.356
   1.380
  10.009
   1.303
   0.829
   1.329
   4.483
   3.341
   3.335
   2.337
   1.101
   1.947
   9.217
   7.644
   1.695
   2.332
   9.548
   1.129
   4.894
   2.888
   0.596
   0.061
   0.212
   1.356
   1.380
   0.852
   0.246
   0.834
   2.490
   0.220
   0.601
   1.106
   0.277
   0.940
   0.812
   0.922
   5.424
   0.990
   0.298
   0.262
   0.636
   1.003
   0.932
   0.332
   0.106
   0.100
   0.091
   0.452
   3.395
   3.364
   4.994
   2.330
   1.341
   4.097
   3.344
   1.010
   0.892
   1.157
   0.970
   1.900
   1.703
   5.204
   1.706
   3.100
   7.944
  15.770
  18.588
  11.008
   5.270
   0.124
   0.329
   0.160
   0.274
   0.795
   9.080
   5.128
   0.744
   2.752
   1.704
   1.677
   0.166
   0.090
   0.899
   0.319
   0.060
   0.311
   1.091
   0.060
   0.355
   0.664
   0.340
   2.515
   1.078
   0.100
   0.381
   0.190
   0.245
   0.190
   1.972
   5.540
   0.635
   2.339
   1.706
   4.912
   1.857
   0.237
   3.353
   0.170
   3.424
   5.107
   2.514
   9.066
   9.080
   2.975
   2.340
   7.927
   8.414
   2.886
   2.007
   5.164
   0.799
   0.813
   0.791
   3.568
   1.173
   5.214
   1.975
   1.210
   0.663
   5.129
   0.539
   2.205
   0.765
   0.451
   0.431
   0.175
   0.294
   0.226
   0.091
   0.389
   0.377
   0.693
   0.808
   0.162
   0.166
   0.194
   0.299
   0.934
   4.275
   1.977
   1.104
   1.626
   4.824
   2.338
   4.900
   3.341
   3.770
   1.378
   0.908
   2.332
   1.811
   2.330
   4.087
   9.057
   2.750
  17.804
   2.330
   2.170
   2.751
   1.357
   5.383
   0.322
   0.835
   1.210
   1.853
   2.972
   3.349
  15.428
   1.439
   1.977
   1.812
  10.970
   0.922
   0.940
   0.565
   1.283
   0.062
   0.227
   0.331
   0.093
   0.234
   0.238
   1.077
   2.330
   1.000
   0.666
   1.288
   0.925
   8.726
   3.671
   1.972
   5.098
   7.566
   1.364
   2.161
   0.563
   1.765
   0.439
   0.689
   0.443
   1.756
   0.963
   0.330
   2.747
   5.140
   0.676
   3.648
   3.325
  19.430
   0.932
   5.129
   0.311
   1.219
   1.701
   1.183
   3.193
   1.019
   1.019
   3.614
   1.678
   2.830
   1.964
   1.307
   0.533
   0.537
   0.060
   0.110
   0.069
   0.100
   1.370
   0.644
   1.969
   1.796
   1.107
   1.065
   1.369
   2.984
   2.752
   1.210
   1.210
   5.304
   3.453
   1.210
   2.340
   1.371
   0.520
   0.160
   0.682
   1.373
   8.985
   1.849
   1.911
   0.929
   0.663
   0.318
   0.480
   2.902
   4.941
   2.210
   2.539
   1.374
   5.540
   2.189
   1.814
   0.848
   3.112
   2.809
   4.895
   1.380
   8.230
   0.192
   1.278
   1.974
   0.259
   0.410
   0.165
   0.090
   0.060
   0.104
   0.248
   1.803
   0.930
   0.203
   0.930
   1.926
   8.948
   1.613
   7.972
   1.975
   2.756
   0.537
   1.380
   0.340
   0.457
   3.032
   3.576
   1.912
   1.794
   2.380
   5.251
   3.342
   5.112
   1.473
   0.773
   1.820
   0.975
   1.380
   7.962
   2.196
   0.318
   0.760
   0.395
   2.695
   7.928
   0.790
   2.777
  22.088
   2.330
   3.336
   8.828
   4.467
   0.301
   2.517
   0.480
   0.800
   0.934
   0.357
   0.162
   0.439
   0.928
   1.364
   1.359
   3.695
   0.990
   1.883
   0.827
   2.520
   0.556
  10.010
   2.538
   1.003
   0.393
   0.100
   0.061
   0.082
   0.280
   1.971
   1.681
   0.697
   1.731
   0.957
   0.840
   0.186
   0.330
   2.894
   1.354
   0.990
   2.966
   0.817
   3.295
   1.841
   3.040
   1.918
   2.512
   3.330
   4.912
  10.714
   3.590
   2.067
   2.219
   1.805
   0.751
   9.297
   3.337
   1.648
   1.756
   0.321
   1.371
   0.606
   3.560
   0.971
   0.532
   1.259
   4.148
   1.015
   0.764
   1.012
   2.340
   0.160
   1.062
   0.278
   2.315
   0.318
   0.190
   0.110
   0.209
   0.210
   0.179
   1.221
   5.078
   2.158
   1.965
   0.457
   0.340
   3.626
   8.440
   0.803
   0.836
   2.330
   1.366
   0.402
   4.639
   0.990
   4.890
   2.176
  15.770
   3.556
   1.933
   3.347
   1.357
   2.181
   9.175
   0.958
   2.753
   2.912
   1.962
   0.793
   1.283
   0.104
   2.754
   2.330
   0.302
   0.207
   0.190
   0.494
   0.110
   0.940
   0.265
   0.340
   1.928
   0.101
   0.060
   0.105
   0.097
   0.110
   0.666
   0.190
   0.333
   8.961
   1.362
   3.506
   0.933
   1.789
   0.507
   2.432
   0.902
   2.987
   0.287
   0.275
   3.285
   0.776
   3.570
   1.198
   0.340
   5.053
   1.360
   1.867
   2.749
   0.934
   0.450
   1.815
   1.363
   2.751
   1.374
   4.648
   2.330
   1.768
   1.102
   0.990
   2.130
   0.208
   1.823
   0.457
   0.665
   0.203
   0.822
   0.997
   0.221
   1.004
   1.108
   0.665
   0.373
   0.110
   0.351
   0.285
   0.384
   0.990
   3.582
   2.071
   2.506
   9.152
   1.866
   1.017
   1.020
   0.097
   0.667
   0.248
   0.610
   0.816
   1.110
   0.988
   0.803
   0.832
   0.819
   1.118
   5.089
   4.148
   2.760
   7.922
   1.412
   3.032
   2.749
  11.716
   4.916
   9.351
   0.340
   2.883
   9.940
   1.966
   4.334
   0.920
   4.515
   3.981
   0.207
   0.160
   0.086
   0.110
   0.167
   0.846
   0.907
   0.709
   0.830
   0.340
   0.280
   0.458
   0.429
   2.313
   9.270
   0.331
   3.338
   1.003
   7.875
   0.990
   0.349
   0.665
   0.921
   0.143
   0.260
   0.329
   0.906
   0.340
   0.197
   0.174
   1.011
   0.840
   0.555
   0.432
   4.980
   3.340
   3.460
   2.694
   3.710
  10.211
  19.531
   4.840
   2.759
   0.570
   1.772
   0.907
   0.771
   1.231
   8.818
   5.540
   1.168
   0.310
   0.229
   0.933
   1.041
   0.271
   2.176
   2.975
   1.839
   3.529
   1.269
   1.364
   0.937
   9.010
   8.030
   2.520
   3.593
   3.602
   1.100
   0.460
   0.334
   0.619
   1.792
   1.360
   1.766
   1.102
   0.377
   0.215
   0.468
   0.110
   1.970
   1.699
   1.214
   2.333
   0.340
   0.272
   5.540
   8.993
   8.351
   3.250
   7.540
   9.049
   2.964
   6.956
   3.336
   3.546
   8.939
   1.897
   4.305
   3.707
   1.210
   0.832
   0.921
   0.251
   0.167
   0.586
   2.149
   3.542
   4.886
   0.650
   0.990
   0.856
   8.508
   1.702
   3.560
  19.828
   3.268
   2.322
   2.753
   0.188
   1.788
   0.824
   0.160
   0.060
   0.990
   0.939
   0.280
   1.210
   0.990
   0.937
   3.965
   0.925
   1.367
   0.063
   5.179
   2.917
   1.705
   1.363
   2.548
   1.140
   3.391
   3.271
   3.794
   2.815
   7.940
   8.976
   1.689
   1.380
   1.815
  17.551
   1.861
   0.328
   0.060
   0.105
   0.134
   8.312
   3.918
   3.418
   5.277
   0.662
   1.210
   2.196
   0.945
   1.892
   0.965
   3.189
   1.888
   0.333
   0.843
   3.905
   0.161
   0.060
   0.677
   0.367
   0.338
   0.834
   0.331
   0.656
   0.990
   1.810
   3.329
   0.280
   2.139
   1.341
   1.100
   5.487
   4.930
   2.318
   1.980
   2.758
   8.480
   5.537
   7.920
  18.640
   8.340
   2.510
   1.897
   6.297
   2.926
   3.628
   5.270
   0.367
   0.340
   0.071
   1.001
  18.349
  13.623
   2.977
   4.765
   3.249
   1.966
   1.252
   1.791
   2.757
   1.961
   3.252
   0.991
   1.210
   0.255
   0.990
   0.228
   1.478
   0.349
   0.945
   1.169
   1.210
   1.012
   3.338
   0.216
   0.931
   3.143
   0.110
   1.710
   0.650
   0.358
   3.576
  18.680
   0.937
   1.965
   9.420
  18.760
   5.260
   1.238
   2.505
   2.280
   5.117
   9.322
   5.007
   6.042
   0.631
   2.309
   0.893
   0.280
   1.705
   0.829
   9.351
   0.965
   3.757
   1.100
   0.412
   0.862
   0.463
   2.180
   1.154
   5.507
   1.661
   9.080
   1.146
   0.859
   1.229
   1.015
   0.674
   0.813
   1.660
   3.014
   2.165
   2.480
   1.612
   0.924
   0.837
   0.460
   0.315
   0.433
   1.281
   0.339
   1.364
   4.511
   3.598
   5.200
   3.526
   2.820
   3.627
   9.930
   2.741
   2.208
   1.819
   4.052
   5.459
   1.931
   4.003
   1.903
   3.912
   0.340
   0.264
   0.910
   5.118
   1.343
   0.984
   2.918
   1.101
   0.332
   0.891
   0.340
   1.757
   1.895
   2.741
   0.280
   1.780
   2.971
   0.939
   1.295
  17.813
   1.360
   0.340
   3.328
   4.899
   2.840
   5.138
   1.710
   0.100
   0.987
   0.429
   1.820
   0.947
   0.936
   0.920
   1.102
   5.059
   2.193
   2.936
  10.537
   1.735
   3.657
   4.905
   3.014
   1.791
   2.966
  10.214
   1.811
   1.380
   0.392
   3.810
   1.102
   0.319
   0.642
   8.993
   4.776
   3.527
  11.558
   2.176
   1.348
   0.340
   1.122
   1.210
   1.708
  11.222
   3.553
   0.961
   1.818
   1.375
   2.752
   1.320
   0.677
   6.967
   7.584
   2.746
   2.823
   1.380
   0.416
   0.932
   0.830
   2.330
   0.459
   2.280
   1.380
   7.712
   8.451
   2.330
   1.109
   4.170
  12.400
   3.909
  18.714
   3.590
   1.377
   1.211
   5.304
   1.335
   0.990
   9.080
   0.297
   0.509
   0.275
   0.060
   0.883
   1.856
   1.371
   1.707
   1.210
   0.340
   2.286
   3.347
   2.333
   2.698
   2.839
   2.650
   1.783
   0.221
   3.766
   7.972
   2.765
   2.333
   1.808
   0.990
   0.819
   2.324
   3.572
   1.808
   0.900
   0.980
   0.100
   1.380
   1.110
   0.375
   4.913
   3.660
   4.290
   6.410
   7.710
   9.058
   5.052
   1.703
   3.640
   5.310
   2.220
   0.336
   0.278
   0.267
   0.451
   1.973
   1.326
   0.235
   0.099
   0.167
   0.379
   0.668
   0.280
   0.255
   0.251
   0.320
   1.026
   1.723
   1.009
   1.364
   1.377
  10.148
   0.497
   0.546
   0.904
   1.853
   7.932
   2.330
   1.917
   2.070
   5.540
   2.744
   2.330
   1.963
   2.521
   0.651
   0.226
   0.974
   9.080
   1.721
  18.807
   2.330
  36.501
   3.210
   5.256
   5.178
  10.319
  10.312
   1.711
   9.080
   5.545
   2.394
   3.269
   0.093
   0.526
   0.871
   1.332
   0.158
   0.912
   0.084
   1.210
   1.210
   0.334
   0.937
   0.340
   1.876
   0.251
   1.022
   3.117
  10.253
   6.315
   2.747
   2.750
  16.685
  10.421
   2.202
  17.395
   1.412
   1.811
   0.719
   2.022
   4.915
   1.455
   9.222
   5.532
   0.190
   0.469
   2.858
   2.330
   3.325
  19.535
  20.826
   5.916
   3.437
   1.702
   2.822
   1.477
   0.474
   5.161
   0.647
   3.510
   1.346
   0.337
   0.351
   0.993
   0.319
   2.325
   0.280
   0.337
   0.203
   0.284
   0.896
   0.190
   0.326
   0.411
   4.916
   2.524
   1.380
   1.868
   1.121
   3.510
   2.826
   5.418
   7.211
   0.990
   1.897
   1.852
   2.177
   1.015
   5.220
   1.819
   7.926
   8.658
   3.494
   2.821
   1.376
   2.391
   1.949
   5.309
  19.375
   7.926
  16.262
   4.763
   1.362
  19.456
   0.646
   0.575
   0.801
  10.034
   5.330
   1.324
   1.523
   1.970
   0.800
   0.657
   0.924
   0.291
   0.190
   0.160
   0.092
   0.060
   5.289
   2.961
   1.001
   1.110
  14.973
   1.240
   3.076
   0.615
   0.877
   0.170
   1.210
   1.865
   9.012
   4.898
   3.687
   2.741
   1.706
   2.379
   2.999
   0.990
   9.253
   1.701
   2.651
   2.742
   2.198
   0.930
   3.995
  16.412
   9.168
  14.746
  11.080
   4.919
   1.370
   1.758
   3.021
   0.799
   2.804
   3.334
   1.249
   2.531
   0.619
   0.164
   0.316
   0.077
   0.291
   0.110
   0.240
   0.060
   0.340
   0.100
   2.330
   3.348
   2.386
   7.933
   1.692
   0.829
   0.670
   0.280
   2.751
   0.971
   1.918
   1.366
   1.701
   2.330
   1.240
   2.221
   1.257
   4.530
   5.054
   5.234
   0.906
   0.516
   7.559
   2.983
   1.620
   1.233
   1.895
   3.601
  12.681
  58.320
  17.190
  22.750
   9.977
   1.288
   1.521
   0.938
   0.949
   9.385
   3.231
   1.367
   0.160
   0.104
   0.547
   0.330
   0.090
   0.100
   0.100
   0.162
   0.060
   0.060
   3.783
   0.990
   3.381
  16.394
   0.917
   5.250
   0.317
   0.943
   0.514
   0.798
   1.074
   0.990
   2.247
   2.421
   1.340
   0.111
   0.340
   0.650
   2.334
   5.150
   1.019
   0.165
   1.968
   0.280
   0.280
   0.280
   2.077
  10.208
   2.760
  15.577
  21.080
   4.978
  20.912
   0.945
   0.925
   0.940
   4.466
   2.988
   1.812
   0.317
   0.108
   2.205
   0.661
   1.818
   1.699
   0.323
   0.090
   0.988
   0.090
   0.060
   0.171
   0.280
   1.736
   2.971
   1.009
   2.888
   1.257
   0.954
   0.190
   0.209
   0.253
   0.190
   0.548
   5.054
   0.510
   0.844
   0.160
   1.673
   1.107
   0.194
   0.496
   1.012
   2.466
   3.243
   0.618
   0.795
   0.821
  17.547
   4.842
   8.925
  18.727
   8.474
   4.811
   2.435
   0.936
   4.898
   0.180
  10.202
   0.686
   1.370
   0.338
   0.165
   0.372
   0.823
   0.833
   2.493
   0.280
   1.342
   0.110
   0.160
   0.065
   0.550
   1.344
   0.815
   0.910
   0.988
   1.366
   0.238
   0.990
   0.190
   0.280
   2.751
   0.403
   0.925
   0.457
   0.164
   0.211
   0.340
   1.013
   3.039
   1.348
   0.834
   0.454
   0.956
   0.273
   0.340
   1.360
   1.364
   5.050
   4.460
  10.604
   5.380
   3.238
   9.186
   1.808
   8.215
   2.971
   1.108
   0.340
   0.707
   0.340
   0.330
   0.250
   3.529
   0.742
   1.711
   1.265
   3.350
   0.280
   0.933
   0.100
   5.353
   0.100
   2.877
   0.457
   0.622
   0.190
   0.798
   0.810
   1.016
   0.297
   0.990
   1.944
   0.316
   0.922
   0.950
   0.981
   0.931
   0.160
   0.768
   5.126
   0.879
   0.938
   0.166
   0.314
   0.820
   5.540
   2.139
   8.352
   5.415
   5.540
   7.530
  10.200
   2.632
   8.720
   4.600
   1.083
   0.098
   0.794
   0.333
   1.017
   2.750
   0.962
   1.380
   2.976
   1.713
   0.793
   5.136
   1.210
   0.984
   0.100
   0.403
   0.991
   0.716
   0.455
   2.830
   0.721
   3.338
   1.174
   5.086
   1.213
   0.400
   0.937
   0.990
   0.830
   0.239
   0.257
   1.816
   0.822
   0.060
   1.355
   2.209
   0.211
   0.106
   0.190
   0.330
   0.849
   0.935
   1.771
   3.795
  19.422
  15.770
   3.553
   5.411
   1.088
   0.950
   0.576
   3.614
   0.874
   0.896
   0.867
   0.734
   3.290
   1.210
   3.414
   1.017
   4.898
   2.740
   6.608
   0.974
   1.016
   1.307
   0.924
   1.960
   4.427
   0.190
   0.635
   0.737
   0.328
  15.770
   0.683
   2.400
   0.829
   6.412
   1.363
   1.938
   1.825
   1.363
   1.300
   0.936
   1.018
   0.232
   0.317
   3.224
   0.340
   0.174
   0.794
   1.006
   4.315
   2.745
   1.663
   3.129
   2.348
   2.757
   0.340
   1.102
   1.709
   1.218
   0.340
   1.210
   0.298
   1.209
   3.215
   0.855
   1.210
   0.913
   5.448
   3.333
   4.077
   1.361
   1.157
   1.380
   3.404
   1.274
   0.317
   0.327
   0.281
   0.340
   1.812
   0.620
   1.118
   2.185
   2.522
   4.825
   2.130
   1.351
   1.898
   1.013
   2.143
   0.082
   1.065
   0.198
   0.340
   0.611
   0.678
   0.184
   1.848
   2.827
   1.963
  10.577
   8.982
   2.752
   3.328
   0.259
   0.258
   0.795
   0.631
   0.190
   3.056
   2.958
   1.359
   4.353
   2.838
   1.972
   9.009
   1.267
   2.477
  17.478
   2.325
   4.095
   7.545
   1.248
   3.317
   0.839
   0.164
   0.110
   0.435
   0.984
   0.664
   0.277
   2.203
   3.154
   5.540
   0.903
   2.195
   2.743
  18.098
   7.742
  19.280
   0.947
   0.712
   0.093
   0.244
   0.164
   0.791
   0.084
   0.313
   1.790
   0.451
   0.792
   1.762
   1.209
   0.833
   0.110
   0.174
   1.786
   0.104
   1.342
   0.779
   1.202
   0.683
   1.210
   1.955
   1.967
   1.706
   2.318
   1.820
   1.655
   0.734
   1.976
   2.330
   1.979
   3.340
   3.302
   0.905
   0.084
   0.066
   0.105
   0.672
   0.124
   0.190
   0.323
   0.190
   0.176
   0.149
   0.125
   0.258
   0.100
   0.160
   0.180
   0.276
  21.924
   1.106
   0.106
   0.539
   1.297
   0.827
   0.066
   0.068
   0.340
   0.264
   1.746
   1.822
   3.510
   3.013
   1.210
   1.920
   0.375
   0.064
   0.160
   0.060
   0.091
   0.299
   0.110
   0.196
   0.248
   0.678
   0.310
   0.141
   0.060
   5.373
   2.053
   3.330
   3.779
   0.673
   0.060
   0.396
   0.063
   0.095
   0.759
   0.312
   3.148
   0.299
   0.089
   0.110
   0.083
   0.221
   0.090
   0.320
   0.087
   0.090
   0.137
   3.618
   0.153
   0.837
   0.927
   0.890
   0.634
   0.302
   0.686
   6.492
   0.259
   3.346
   0.834
   0.176
   1.301
   0.062
   0.360
   0.169
   0.900
   0.350
   0.100
   0.263
   0.164
   0.405
   0.339
   0.453
   0.213
   0.634
   0.083
   0.256
   4.000
   1.748
   0.260
   0.274
   0.915
   0.101
   0.669
   0.941
   0.099
   0.839
   0.794
   0.377
   0.190
   0.175
   0.144
   0.568
   0.060
   0.060
   0.082
   0.233
   0.121
   0.160
   0.234
   0.190
   0.557
   0.682
   1.821
   0.332
   0.598
   0.635
   0.887
   0.247
   3.337
   0.974
   0.198
   0.081
   0.314
   0.110
   0.110
   0.226
   0.827
   0.459
   0.665
   1.214
   4.901
   0.923
   0.683
   0.577
   0.104
   3.770
   2.746
   1.104
   0.578
   2.338
   0.280
   0.276
   1.366
   1.005
   0.090
   0.310
   0.089
   0.110
   0.190
   0.140
   0.100
   0.340
   0.099
   0.095
   0.060
   0.160
   0.274
   0.110
   0.395
   1.293
   0.100
   1.016
   1.813
   2.513
   3.008
   7.970
   1.765
   1.661
   1.008
   0.568
   0.177
   0.107
   0.399
   0.100
   0.090
   0.066
   1.312
   0.470
   0.440
   1.374
   2.299
   1.259
   1.786
   0.820
   0.171
   3.812
   2.740
   1.353
   7.703
   1.717
   1.341
   3.984
   1.210
   1.035
   1.363
   1.746
   0.176
   0.227
   0.110
   0.100
   0.106
   0.110
   0.060
   0.060
   0.060
   0.160
   0.991
   0.321
   0.374
   0.876
   1.810
   0.274
   3.336
   1.012
   2.745
   1.366
   0.924
   3.087
   5.433
   2.047
   0.065
   0.066
   0.985
   0.100
   0.082
   0.060
   0.086
   0.169
   0.792
   0.990
   0.713
   0.830
   1.858
   3.117
   0.340
   5.040
   3.633
   1.292
   9.039
   3.029
   0.929
   1.729
   0.280
   1.361
   0.397
   0.340
   0.363
   0.272
   0.285
   0.201
   0.060
   0.299
   0.277
   0.124
   0.266
   0.914
   0.190
   0.803
   0.918
   1.337
   3.321
   0.948
   5.196
   4.874
   8.865
   2.760
   5.329
   0.990
   0.921
   1.307
   0.195
   0.110
   0.085
   0.080
   0.060
   0.465
   0.244
   0.313
   0.167
   0.224
   0.430
   0.312
   1.762
   1.852
   0.939
   2.478
   1.441
  18.584
  22.374
   3.404
   3.063
   1.375
   8.783
   1.004
   1.666
   0.100
   2.511
   0.316
   0.668
   0.827
   0.329
   0.252
   0.144
   0.340
   0.085
   1.798
   1.377
   1.096
   0.338
   0.990
   5.150
   2.829
   3.340
   2.962
   5.224
   8.418
   3.570
   2.827
   7.999
   0.684
   0.681
   0.590
   0.239
   0.190
   0.090
   0.100
   0.060
   0.581
   0.100
   0.110
   1.890
   0.867
   1.231
   2.978
   1.372
  12.740
   1.997
   9.061
   2.494
   5.254
   1.384
   0.921
   1.203
   0.280
   0.165
   0.260
   0.422
   1.017
   0.933
   0.222
   0.395
   1.507
   0.416
   0.169
   1.819
   1.869
   0.929
   0.498
   0.971
  10.270
   3.319
   1.702
   3.464
   1.796
  18.715
   3.454
  10.211
   2.182
   0.920
   2.330
   0.922
   0.090
   0.280
   0.060
   0.274
   0.190
   0.060
   0.077
   0.258
   0.226
   0.060
   0.319
   2.962
   3.335
   4.975
   6.490
  20.350
   8.900
  15.770
   4.910
   5.034
   0.997
   0.426
   0.110
   1.811
   0.060
   0.223
   0.260
   0.190
   0.478
   0.060
   0.379
   0.335
   2.202
   1.105
   1.110
   0.838
   0.314
   2.221
   2.330
   0.991
   3.282
   2.715
   3.061
   3.348
   2.433
  18.836
   1.935
   2.214
   2.330
   0.997
   0.330
   0.110
   0.092
   0.160
   0.060
   0.177
   0.230
   0.280
   0.837
   1.710
   0.332
   2.850
   6.412
   1.362
  15.770
   7.560
   6.260
   7.920
   9.005
  10.775
   3.765
   0.060
   0.083
   0.152
   0.060
   0.215
   0.160
   0.340
   2.473
   0.951
   0.321
   0.928
   0.845
   1.815
   0.385
   0.564
   1.672
   1.952
   1.702
   5.150
   1.196
   5.152
   3.344
   2.843
   1.700
  20.613
   2.993
   5.145
   1.331
   4.544
   1.870
   0.441
   0.063
   0.915
   0.700
   1.210
   0.190
   0.142
   0.280
   0.952
   1.793
   0.821
   0.873
   0.969
   5.540
   1.754
   2.550
   4.818
   3.705
   2.535
   0.968
   0.193
   0.067
   0.110
   0.425
   0.090
   0.818
   1.730
   1.892
   0.158
   0.369
   1.956
   0.833
   0.104
   0.543
   0.060
   0.160
   0.063
   0.312
   1.000
   1.978
   0.340
   2.155
   2.497
   1.819
   3.343
   7.759
   2.757
   5.080
   0.960
   0.924
   1.379
   0.679
   0.379
   0.653
   0.663
   1.109
   2.470
   1.017
   1.206
   0.215
   0.249
   1.402
   0.340
   3.268
   1.049
   3.633
   2.758
   7.664
   1.993
   1.103
   0.584
   0.334
   0.439
   0.280
   1.210
   0.890
   1.210
   0.100
   0.331
   0.944
   0.184
   0.187
   0.160
   0.335
   0.157
   1.340
   0.082
   0.388
   0.294
   1.010
   0.832
   0.280
   2.345
   3.424
   0.990
   0.799
   1.010
   1.886
   1.368
   0.232
   0.574
   1.019
   0.660
   0.933
   2.495
   2.987
   0.921
   0.336
   0.190
   0.800
   1.016
   0.337
   0.093
   4.241
   6.447
   2.972
   2.830
   8.595
   0.919
   0.821
   0.710
   0.262
   0.098
   0.688
   0.589
   0.190
   1.270
   0.327
   0.594
   2.825
   0.264
   1.380
   0.060
   0.063
   0.094
   0.190
   1.264
   0.911
   0.280
   0.334
   2.867
   0.421
   1.408
   0.278
   0.162
   2.873
   4.215
   2.330
   1.105
   0.340
   0.160
   1.367
   0.782
   1.845
   0.834
   2.951
   2.156
   0.174
   0.162
   0.325
   0.547
   0.340
   0.321
   1.695
   3.563
   8.710
   5.077
   5.310
   4.596
   2.477
   0.203
   0.081
   0.199
   0.594
   0.123
   3.426
   0.844
   2.826
   0.992
   2.990
   0.964
   2.759
   0.240
   0.440
   0.167
   0.280
   0.345
   0.190
   2.688
   3.341
   1.210
   0.163
   0.493
   1.971
   0.913
   1.358
   1.270
   0.309
   0.315
   0.796
   0.298
   1.973
   3.034
   1.802
   1.810
   3.072
   3.006
   0.202
   4.678
   1.660
   1.017
   0.122
   0.224
   2.153
   5.540
  10.270
   3.610
   3.433
   0.990
   1.927
   0.921
   0.236
   0.260
   1.210
   1.371
   0.092
   0.313
   0.963
   1.718
   0.963
   2.960
   1.352
   0.990
   0.190
   0.060
   0.090
   0.094
   0.190
   0.160
   3.615
   0.090
   0.656
   0.653
   0.321
   0.533
   2.387
   0.934
   0.990
   3.576
   0.210
   1.351
   1.970
   0.283
   2.760
   0.330
   2.725
   0.252
   1.767
   0.620
   0.280
   0.753
   0.236
   0.561
   2.153
   2.996
   2.740
   3.449
  21.528
   4.911
   1.848
   0.979
   0.340
   0.786
   0.593
   1.110
   0.652
   0.293
   0.859
   0.920
  19.440
   9.080
   4.920
   1.378
   0.110
   0.492
   0.652
   0.272
   0.190
   0.515
   0.235
   0.177
   1.797
   0.336
   0.862
   0.992
   1.312
   1.210
   0.949
   0.107
   0.110
   0.959
   0.090
   0.337
   2.755
   1.910
   1.966
   0.337
   0.971
   1.268
   2.942
   1.372
   0.060
   1.174
   0.090
   0.963
   1.700
   1.210
   4.884
   1.812
   0.352
   0.309
   2.510
   0.438
   0.945
   2.324
   0.335
   0.208
   1.225
   0.938
   1.382
   2.970
   1.702
   0.340
   1.165
   0.812
   0.340
   0.748
   0.940
   0.495
   0.247
   0.167
   0.234
   0.726
   0.601
   4.079
   0.307
   0.304
   0.075
   0.662
   0.227
   0.324
   1.009
   0.104
   0.527
   0.936
   2.338
   2.893
  19.260
   9.287
   1.839
   2.148
   1.380
   0.642
   0.110
   1.375
   1.365
   5.144
   1.813
   1.199
   0.799
   2.191
   1.350
   0.980
   1.019
   0.695
   0.160
   0.110
   0.218
   0.340
   2.757
   3.609
   0.231
   0.183
   0.100
   1.669
   0.696
   1.210
   0.160
   0.990
   0.674
   0.314
   0.990
   0.930
   1.108
   0.220
   0.097
   0.162
   0.704
   0.176
   0.110
   0.197
   0.280
   0.100
   0.455
   0.090
   0.990
   5.075
   8.973
   4.677
   1.842
   1.884
   1.210
   0.197
   0.090
   2.011
   0.798
   1.192
   7.858
   0.905
   0.388
   1.010
   0.669
   0.431
   0.280
   0.206
   0.268
   0.168
   0.300
   0.280
   0.242
   0.748
   0.280
   2.145
   0.340
   1.375
   0.340
   0.160
   0.950
   1.168
   0.340
   1.352
  10.184
   3.610
   1.210
   1.380
   0.835
   0.340
   2.836
   0.460
   0.077
   0.192
   0.100
   0.060
   0.193
   0.340
   0.062
   1.968
   1.359
   0.807
   0.790
   1.253
   0.808
   1.924
   0.269
   2.980
   9.414
   2.146
   2.330
   5.077
   0.705
   2.150
   0.334
   0.170
   0.924
   0.404
   0.461
   0.160
   2.330
   0.316
   0.315
   2.821
   0.826
   1.345
   1.008
   1.926
   3.621
   0.953
   1.345
   3.587
   0.190
   1.837
   0.838
   2.742
   3.210
   1.326
   2.027
   0.340
   0.958
   0.526
   0.166
   0.100
   0.190
   0.190
   0.133
   0.164
   0.708
   0.585
   5.234
   2.058
   1.216
   0.954
   0.691
   9.043
   0.223
   3.337
   2.747
   7.876
   2.330
   3.256
   0.990
   0.263
   0.060
   0.156
   0.065
   0.990
   2.150
   1.180
   1.109
   2.330
   2.202
   2.302
   1.848
   2.170
   0.913
   1.893
   1.705
   2.309
   1.913
   0.835
   2.330
   5.480
   1.333
   1.227
   0.936
   3.807
   5.206
   2.243
   2.749
   0.190
   0.259
   0.095
   0.060
   0.340
   0.060
   0.100
   0.100
   0.625
   0.311
   1.094
   0.934
   0.456
   0.695
   0.110
   0.935
   1.382
   1.807
   2.330
   0.838
   2.100
   0.190
   1.178
   1.969
   0.314
   0.559
   0.804
  20.391
   1.376
   0.330
   1.832
   0.831
   3.019
   3.919
   0.945
   4.900
   3.345
   5.372
   5.438
  19.519
   2.162
  10.267
   1.370
   2.834
   2.981
   0.190
   0.190
   1.021
   0.085
   1.694
   0.908
   0.340
   0.160
   0.110
   0.819
   0.100
   0.817
   0.336
   0.453
   1.203
   0.165
   0.100
   0.309
   2.516
   0.690
   1.375
   7.764
   4.920
   2.757
   1.906
   2.340
   2.747
   0.851
   2.988
   0.221
   0.814
   3.778
   1.695
  22.399
   1.317
   1.499
   0.820
   1.795
   3.961
   9.021
   9.364
   6.319
  15.096
   7.668
   2.707
   3.477
   1.335
   3.550
   0.861
   0.644
   1.380
   1.127
   0.839
   0.084
   0.460
   0.098
   0.110
   0.088
   0.072
   0.340
   0.565
   1.001
   0.340
   0.668
   1.369
   0.930
   0.857
   1.364
   1.231
   0.160
  10.446
   3.613
   7.544
   1.380
   3.418
   1.860
   1.210
   5.540
   1.202
   7.942
   2.137
   4.217
   9.260
   5.202
   2.517
   3.367
   1.818
   1.315
   9.076
  15.770
   3.433
   2.518
   3.475
   9.511
   3.277
   1.362
   0.790
   0.300
   1.003
   0.110
   1.831
   0.458
   1.227
   1.000
   0.568
   0.107
   0.161
   0.111
   0.110
   0.173
   1.363
   1.013
   2.330
   0.947
   0.990
   1.363
   1.642
   1.859
   0.160
   2.741
   3.346
   1.362
   3.075
   1.024
   3.793
   2.509
   0.993
   1.681
   0.258
   3.145
   2.291
   5.078
   1.696
   0.840
   2.821
   2.483
   8.066
   9.080
   4.001
   3.831
  19.050
   1.808
   1.258
   3.040
   3.622
   0.820
   0.941
   0.829
   0.990
   1.100
   2.419
   0.454
   1.515
   0.838
   0.204
   0.280
   0.210
   0.100
   0.098
   2.396
   0.280
   0.340
   1.210
   0.938
   1.676
   1.210
   2.330
   5.034
   1.687
   0.613
   0.160
   0.696
   0.168
   1.671
   0.331
   0.334
   0.110
   1.190
   0.280
  21.939
   1.210
   3.711
   2.839
   3.333
  13.542
   5.143
   5.187
   7.235
   6.425
   1.981
   4.980
   0.190
   1.632
   8.425
   2.335
   4.890
   5.540
   1.792
   0.180
   1.692
   0.327
   1.034
   0.628
   1.801
   0.951
   0.315
   0.224
   0.100
   0.301
   1.375
   0.340
   2.315
  16.210
   3.531
   4.795
   4.893
   7.936
   0.929
   0.940
   1.910
   0.280
   0.519
   0.190
   0.766
   0.950
   2.752
   8.967
   0.457
   7.909
   1.380
   1.364
   1.889
   5.193
   0.800
   3.447
   4.916
   7.942
   2.758
   5.220
   9.367
   8.436
   4.900
   0.822
   1.811
   2.182
   1.355
   0.945
   0.644
   3.581
   1.212
   1.941
   0.450
   1.667
   0.311
   0.990
   3.151
   0.190
   0.190
   0.150
   1.010
   3.145
   2.130
  19.663
   5.053
   2.305
   1.891
   8.977
   0.770
   4.986
   0.098
   0.092
   0.975
   0.110
   0.700
   1.345
   1.972
   5.109
   2.512
   0.787
   2.821
   6.386
   0.915
   0.331
   1.939
   1.836
   1.020
   1.353
   3.937
   9.114
   3.945
  10.169
   4.724
   1.781
   2.172
   3.284
   2.403
   1.380
   1.418
   1.969
   3.277
   0.725
   0.802
   0.922
   1.486
   2.651
   1.485
   0.493
   0.878
   0.990
   7.942
   8.138
   1.110
   2.760
   0.990
   1.681
   8.529
  10.248
   0.944
   3.612
   2.143
   0.340
   0.319
   0.421
   0.969
   0.103
   0.870
   2.330
   4.756
   3.771
   9.270
   9.080
   8.649
   0.914
   3.736
   1.219
   2.831
   9.080
   9.066
  19.412
   3.675
   5.298
   1.358
   1.318
   2.282
   2.139
   0.606
   0.632
   0.551
   2.837
   1.025
   2.821
   0.177
   2.979
   0.665
   0.316
   1.700
   1.350
   4.895
   0.570
  20.069
   4.850
   2.154
  36.479
  13.989
   6.296
   9.218
   5.365
   3.242
   3.335
   2.755
   0.110
   0.754
   0.935
   0.109
   5.254
   3.040
   3.611
   9.269
   9.010
   8.030
   2.520
   9.080
   3.001
   4.892
   0.460
   3.406
   0.846
   5.132
   1.701
   1.251
   9.080
   3.459
   0.978
   1.364
   0.990
   0.255
   0.241
   1.033
   1.316
   0.932
   0.990
   0.723
   3.333
   2.964
   3.361
   2.942
   5.226
   2.333
  19.879
   7.742
   2.009
   6.285
   2.330
   1.806
   4.177
   1.210
   1.816
   1.921
   2.967
   3.367
   5.343
   0.972
   1.350
   2.836
   0.650
   2.464
   1.249
  15.725
  21.613
   3.560
  22.375
   0.664
   2.772
   3.737
   0.825
   2.275
   0.174
   1.648
   2.975
   2.758
   2.107
   9.205
   1.210
   0.990
   0.161
   1.267
   2.828
   0.190
   0.340
   2.181
   0.450
   3.334
   0.926
   3.520
   5.163
   3.787
   5.087
   1.978
   9.973
   7.940
   9.060
   3.244
   8.335
   0.998
   3.608
   1.380
   2.500
   3.721
   2.185
   4.984
   5.131
   4.066
   3.775
   4.932
   1.788
   0.924
   0.945
   0.459
   2.150
   2.154
   2.330
  11.890
   1.973
   7.926
   0.457
   0.990
   0.660
   3.344
   1.210
   8.561
   8.895
   0.907
   2.306
   1.861
   0.310
   0.990
   0.909
   4.758
   0.313
   0.096
   0.951
   4.899
   1.361
   1.980
   3.759
   8.480
   9.137
   1.974
  18.640
   8.340
   2.510
  21.135
   4.920
   5.540
   4.801
   3.380
   1.015
  20.484
   3.841
  13.600
   9.037
   1.079
   2.331
   9.178
   0.964
   0.752
   0.898
   1.117
   1.929
   7.971
   1.380
  18.173
   3.405
   2.746
   0.340
   0.452
   0.469
   0.320
   0.630
   2.154
   0.874
   2.330
   7.995
   2.943
   3.335
   2.206
   3.502
   1.710
   2.174
   1.378
   1.707
   5.107
   4.129
   8.259
   9.420
  18.760
   5.260
   1.942
   5.457
   2.280
   1.280
  17.617
   9.031
   9.264
   3.384
   1.703
   2.503
   1.380
   3.607
   1.107
   7.229
   3.301
  11.764
   1.100
   1.816
   0.337
   0.060
   0.735
   0.518
   1.019
  16.038
  16.390
   1.015
   3.685
   1.342
   0.691
   0.326
   1.958
   0.497
   1.793
   5.540
   2.849
   0.421
   0.190
   0.160
   0.799
   5.337
   1.336
   1.365
   1.371
   3.506
   1.696
   1.496
   7.792
   0.682
   2.820
   1.271
   8.815
   3.344
   4.923
   3.515
   2.503
   9.244
  17.935
   0.455
   4.891
   5.231
   1.438
   0.224
   0.167
   1.917
   5.540
   2.416
   0.455
   0.134
   0.275
   0.399
   0.120
   0.451
   0.190
   5.082
   1.798
   1.780
   0.464
   0.165
   0.262
   1.380
   1.360
   1.804
   1.916
   1.355
   2.840
   6.424
   1.089
   1.674
   0.840
   4.806
   1.820
   2.370
   0.436
   7.897
  19.817
   0.977
   4.458
   2.331
   5.297
   3.519
   2.178
  20.427
   4.639
   8.919
  14.677
   8.668
   7.558
   1.649
   4.607
   3.810
   0.658
   0.110
   0.340
   0.840
   3.593
   0.791
   0.196
   0.316
   0.190
   0.177
   0.104
   0.190
   0.451
   1.196
   1.823
   1.365
   1.469
   1.817
   0.157
   1.344
   0.834
   0.805
   1.810
   2.516
   3.527
   0.757
   0.340
   0.963
   2.238
   1.210
   0.160
   2.749
   3.538
   1.961
  10.192
   2.330
   1.327
   3.027
   0.931
   2.652
   2.633
   3.590
  19.150
   2.903
   2.820
   0.782
   0.458
   0.898
   0.990
   0.331
   0.322
   0.106
   0.108
   0.500
   2.178
   1.835
   0.333
   0.100
   0.060
   0.330
   0.105
   0.340
   0.994
   1.850
   0.671
   0.257
   0.376
   0.903
   1.899
   0.302
   1.813
   0.929
   1.816
   5.216
   1.784
   0.611
  10.454
   0.922
   1.813
   2.955
   3.018
   8.677
   4.938
  10.207
   4.290
   6.410
   7.710
   1.011
   1.742
   5.271
   3.640
   5.310
   2.220
   3.485
   0.686
  10.386
   1.013
   1.343
   0.335
   0.448
   0.831
   0.100
   0.165
   1.965
   0.818
   5.503
   2.492
   0.320
   0.097
   0.107
   0.340
   0.699
   0.171
   0.280
   0.219
   2.247
   1.110
   1.688
   0.191
   0.280
   1.017
   0.975
   1.365
   1.001
   1.300
   2.961
   0.873
   1.086
   2.928
  13.791
   5.258
   3.092
  10.987
   3.331
   0.990
   3.210
   2.754
   0.321
   0.839
   1.210
  11.091
   9.080
  12.330
  18.697
   2.740
   0.340
   2.516
   1.204
   1.019
   0.099
   0.309
   0.452
   0.090
   8.407
   1.707
   0.843
   0.340
   0.060
   0.098
   0.090
   1.220
   0.603
   0.166
   0.228
   1.242
   0.770
   0.911
   1.942
   0.339
   0.509
   1.253
   2.740
   1.738
   2.205
   1.813
   9.105
   0.990
   2.211
   9.389
   1.818
  16.158
   3.650
   2.025
   7.804
   1.355
   4.148
   5.241
   1.063
   1.784
   1.210
   1.851
   3.339
   3.510
   5.201
   4.667
   3.335
   0.673
   0.818
   1.006
   0.264
   0.110
   0.100
   0.280
  19.749
   5.540
   2.285
   0.340
   0.277
   0.685
   0.060
   0.323
   0.322
   0.229
   0.223
   1.105
   2.838
   0.990
   0.587
   0.601
   0.692
   0.806
   2.338
   1.830
   2.616
   3.548
   2.744
   7.541
   1.704
   1.616
   2.745
   2.330
   3.071
   5.100
  22.475
  15.770
   3.918
   2.480
   0.880
   0.829
   1.210
   1.972
   9.093
   4.563
   8.965
   1.917
   0.265
   0.161
   0.807
   0.932
   0.839
   0.447
   0.975
   0.954
   1.057
   4.912
   0.917
   0.815
   0.190
   0.597
   0.089
   0.085
   0.166
   0.168
   0.226
   0.260
   0.340
   0.369
   0.794
   0.190
   0.948
   0.939
   0.908
   2.071
   1.266
   3.561
   9.080
   1.781
   5.540
   1.111
   7.932
   1.704
   2.304
  21.313
  11.080
   3.026
   2.293
   0.835
   0.739
   0.949
   0.840
   1.815
   0.860
  10.240
   1.273
   0.279
   0.280
   0.196
   0.326
   1.809
   0.240
   1.014
   1.214
   3.580
   2.330
   0.990
   1.977
   1.210
   0.173
   0.401
   0.670
   0.077
   0.190
   0.169
   0.068
   0.333
   0.110
   0.340
   0.066
   0.340
   0.673
   0.226
   0.835
   1.974
   1.802
   0.160
  10.266
   9.080
   0.852
   0.936
   1.380
   2.166
   2.755
  58.320
  17.190
  22.750
   1.676
   5.497
  17.807
  11.554
   1.309
   0.935
   2.547
   0.925
   1.067
   0.689
   1.691
   0.122
   0.236
   0.064
   0.862
   1.702
   1.018
   2.488
   3.345
   1.810
   0.524
   1.090
   0.669
   0.190
   0.060
   0.178
   0.162
   0.090
   0.060
   0.340
   0.060
   0.280
   0.657
   0.639
   0.093
   0.392
   0.977
   5.150
   1.586
   0.951
   3.669
   2.822
   3.032
   3.114
   1.226
   2.753
   2.760
   2.367
  21.080
   4.181
   8.598
   1.539
   5.380
   4.290
   4.917
   1.140
   0.421
   0.661
   0.412
   0.698
   0.274
   0.715
   0.315
   1.240
   0.098
   2.311
   3.681
   1.668
   3.172
   1.380
   0.239
   0.329
   0.060
   0.160
   0.121
   0.226
   0.100
   0.280
   0.064
   0.221
   0.110
   0.060
   0.510
   0.334
   0.246
   0.311
   0.280
   0.340
   0.977
   2.622
   1.828
   2.758
  10.246
   3.244
  20.509
   0.190
   0.175
   1.403
   2.139
   4.912
   6.797
   2.974
   2.267
   1.228
   0.180
   1.089
   1.348
   1.370
   1.380
   0.920
   1.372
   1.966
   0.460
   0.217
   1.935
  19.041
  19.096
   2.057
   0.412
   0.744
   0.634
   3.029
   0.675
   0.302
   0.174
   0.060
   0.100
   0.815
   0.962
   0.213
   0.329
   0.190
   0.252
   0.245
   0.640
   0.158
   0.340
   0.322
   0.104
   0.096
   0.230
   1.362
   1.908
   0.582
   3.340
   1.365
   5.050
   3.616
   8.989
   5.380
  17.475
   1.019
   1.115
   1.005
   0.248
   1.009
   0.451
   0.895
   1.955
   7.942
   1.278
   0.664
   1.996
   1.321
   1.103
   3.350
   9.064
   3.427
   0.942
   2.330
   3.345
   1.064
   1.347
   1.554
   0.203
   1.816
   0.810
   0.316
   0.472
   0.705
   1.365
   0.454
   0.365
   0.245
   0.178
   0.224
   0.187
   0.266
   0.340
   1.210
   0.856
   2.963
   0.984
   0.818
   2.489
   2.330
   3.316
   1.419
   5.540
   7.530
  10.200
   2.511
   1.220
   4.600
   1.115
   0.627
   0.177
   3.007
   0.809
   2.750
   5.282
   6.526
   1.869
   1.002
   5.007
  18.140
   1.675
   6.429
   0.166
   0.798
   5.072
   5.388
   1.255
   1.941
   0.432
   3.982
   0.340
   0.811
   3.348
   0.400
   1.001
   0.351
   0.830
   0.160
   0.171
   0.169
   0.340
   0.110
   0.558
   0.257
   2.472
   5.450
   1.016
   2.347
   1.380
   2.483
   1.150
   8.002
   2.752
  15.770
   1.828
   3.470
   2.161
   1.200
   0.990
   0.210
   0.645
   1.817
   1.101
   2.830
   5.540
   6.313
  17.264
  10.947
   2.137
   4.865
   5.540
  13.087
   0.060
   0.387
   1.597
   1.960
   1.894
   1.317
   1.505
   1.318
   1.962
   1.705
   0.730
   0.656
   0.206
   0.978
   1.210
   0.902
   0.338
   0.456
   0.317
   0.670
   0.369
   0.494
   2.754
   3.594
   1.101
   1.702
   1.356
   2.815
   1.341
   2.084
   1.380
   2.155
   2.215
   0.535
   2.162
   1.773
   0.340
   0.677
   2.480
   2.813
   1.725
   1.972
   6.419
  10.428
   1.504
   1.949
   0.198
   4.890
   9.080
  13.280
   0.187
   0.213
   0.340
   0.698
   1.813
   2.742
   0.314
   1.270
   3.659
   1.351
   0.657
   0.090
   2.166
   0.090
   0.222
   0.110
   0.927
   2.910
   4.914
   1.404
   1.963
   1.720
   0.340
   5.191
   0.916
   0.804
   5.307
   1.124
   0.514
   3.022
  19.688
   4.895
  17.201
   1.979
   4.001
   2.752
   1.706
   2.743
   1.353
   6.458
   5.421
   8.955
   2.751
   3.806
   3.331
   2.750
  15.686
   3.339
   5.147
  10.233
   0.093
   0.933
   0.239
   1.703
   0.983
   2.292
   0.789
   1.168
  12.842
   1.801
   1.367
   1.785
   0.110
   1.444
   0.261
   0.319
   0.711
   0.934
   2.146
   2.491
   7.955
  11.258
   3.016
   3.335
   0.928
   0.190
   0.635
   0.304
   4.919
   2.830
   0.315
  10.866
   2.330
   2.695
   1.842
  18.763
   2.239
   1.210
   1.364
   1.811
   2.740
   9.080
   9.080
   0.781
   1.259
   4.819
   6.096
   3.683
  18.364
   2.999
