SGSIM Realizations
1
value
      1.9692
      0.6191
      0.4640
      0.2296
      0.0827
      0.4379
      0.0154
      0.1000
      0.0699
      0.4034
      0.1680
      0.0870
      1.8726
      1.1275
      0.1900
      0.0885
      0.0600
      0.0008
      0.0673
      0.2800
      0.0904
      0.9199
      1.6283
      0.6370
      0.6577
      1.3437
      3.3311
      1.7908
      0.8428
      0.9392
      1.8150
      1.8168
      1.8180
      0.1966
      0.3341
      0.2355
      0.0826
      0.0647
      0.6326
      0.1544
      0.1686
      0.2397
      0.1005
      0.8148
      0.0967
      1.4707
      0.7939
      0.3100
      0.8107
      0.1802
      5.0308
      3.3496
      3.3300
      0.8507
      0.4049
      0.0600
      0.1598
      0.1900
      1.3642
      1.5160
      1.7768
      0.7915
      0.3309
      0.3160
      0.1100
      0.1600
      0.0119
      0.0600
      0.7017
      0.0900
      0.0900
      0.6312
      0.8167
      4.9368
      1.2118
      1.4391
      0.8900
      5.1385
      0.8075
      0.1895
      1.7880
      1.5616
      0.3814
      0.8791
      0.7841
      1.0105
      0.1715
      0.0900
      0.0900
      0.0788
      0.2560
      0.1900
      0.0640
      0.7979
      0.1038
      0.9647
      0.0600
      0.1100
      0.3400
      0.3309
      1.7355
      1.2100
      1.8120
      0.1000
      0.0898
      0.0600
      0.0600
      0.1094
      0.1900
      0.9900
      0.0900
      0.9327
      0.3364
      0.9900
      0.4281
      0.1000
      0.1342
      0.1100
      0.3292
      0.2569
      0.8763
      1.3728
      3.2536
      1.3705
      2.1676
      0.1852
      1.0032
      0.7979
      0.4572
      0.9247
      1.8536
      0.7704
      0.1100
      0.1102
      1.3340
      0.1962
      0.2442
      0.0600
      0.0879
      0.0775
      0.0600
      0.1600
      0.0789
      0.2800
      0.3015
      1.3264
      0.9218
      0.1645
      0.2083
      0.3349
      1.4822
      1.3502
      0.9500
      0.6468
      0.1000
      0.2041
      0.1100
      1.1095
      0.6698
      0.9260
      0.7048
      1.1459
      7.6435
      0.1900
      1.2233
      0.1000
      0.0708
      0.1059
      0.0250
      0.0806
      0.2936
      0.9213
      0.2800
      0.9919
      1.3461
      2.7528
      3.6591
      7.9336
      7.6653
      0.6051
      0.1600
      0.1693
      0.8371
      2.5412
      0.9796
      0.0964
      0.1128
      0.1100
      0.0799
      0.1755
      0.0600
      1.3733
      0.7317
      0.5701
      1.7011
      0.4779
      0.7984
      0.9178
      0.8303
      0.1861
      5.3711
      2.2986
      1.5456
      1.2100
      1.5495
      0.1900
      0.0907
      0.2296
      3.7064
      5.5400
      1.8113
      1.8196
      3.0294
      0.6619
      1.3800
      0.1640
      0.8367
      0.9215
      0.2202
      0.1621
      0.2800
      0.9155
      3.5968
      0.2799
      1.2100
      1.8100
      2.4227
      1.1217
      3.5133
      3.0310
      0.4502
      0.3320
      0.1678
      0.8496
      0.2302
      0.1600
      0.1000
      0.1620
      0.1098
      0.0900
      0.1600
      0.9900
      0.4407
      2.1390
      0.2800
      2.9828
      1.3400
      0.1000
      0.1699
      0.1304
      7.3002
      9.3956
      1.8194
      3.3474
      3.3381
      1.9420
      2.8281
      1.7081
      0.5336
      0.8381
      5.2384
      2.0345
      1.7316
      1.7308
      0.1837
      0.7787
      0.2635
      0.5668
      0.0818
      0.1718
      0.0827
      0.1900
      1.1435
      0.1600
      3.4969
      1.9433
      3.6493
      0.1877
      0.3354
      0.9900
      1.3418
      0.1900
      1.0360
      1.0752
      0.3400
      0.0705
      0.0114
      0.1772
      0.0800
      0.5174
      0.1900
      0.3400
      0.2025
      3.2646
      0.2635
      0.9259
      0.8376
      0.6775
      1.8164
      0.3372
     20.4993
      7.7511
     20.8578
     19.1213
      7.9610
      9.0102
      2.2677
      0.1550
      0.8122
      0.2721
      2.2956
      1.8697
      0.8052
      0.3180
      0.1242
      0.8349
      0.7085
      0.9714
      0.3400
      0.3400
      0.0477
      0.0967
      0.1033
      2.2199
      2.3300
      8.6661
      4.3953
      2.9694
      5.1960
      3.2524
      1.3595
      1.7854
      0.3192
      0.8672
      0.0910
      0.1100
      0.0853
      0.0900
      0.1600
      0.3400
      0.7993
      0.0802
      2.8284
      1.3736
      0.1600
      1.8900
      0.3306
      1.9639
      1.3486
      3.7959
     12.7400
      9.2290
      2.2078
      5.4286
      3.5201
      3.0815
      3.3901
      0.6218
      0.2800
      1.2306
      0.2600
      1.3746
      0.2858
      0.8069
      1.5258
      0.0883
      3.3340
      0.8967
      0.8202
      0.2800
      0.1600
      1.0101
      0.3400
      1.9008
      2.7548
      7.9279
      6.4172
      3.3085
      2.7803
      1.7245
      1.9873
      2.0415
      2.1202
      0.9200
      0.9272
      0.3347
      0.0925
      0.1600
      0.1230
      0.0962
      0.1900
      0.6767
      0.9198
      0.6989
      5.2893
      2.4437
      2.3300
      4.7373
      2.7512
      3.4934
      6.4900
     20.3500
      8.9000
      2.7512
      2.8328
      2.1470
      0.4978
      1.7010
      0.1852
      0.1535
      0.0654
      0.1703
      0.1600
      0.2235
      0.0900
      1.2490
      3.4166
      1.9672
      4.9641
      1.9168
      1.7153
      1.7461
      1.9784
      2.4615
      1.5817
      3.2953
      1.7066
      2.9811
      8.2012
      0.9345
      1.8193
      1.3414
      0.8064
      1.8110
      1.8127
      0.3279
      0.0682
      0.3191
      0.0900
      0.1281
      0.3844
      0.2803
      1.0121
      2.9692
     15.7700
      9.0800
      2.5218
     36.8624
      8.8991
      4.6979
     15.7700
      7.5600
      6.2600
      7.9200
      2.4541
      3.8089
      0.6627
      1.3301
      0.1519
      0.0641
      0.0892
      0.1000
      0.1010
      0.6650
      0.1900
      0.4571
      1.7071
      4.9064
      3.1543
      5.0562
      1.8478
      6.6829
      1.0414
      3.3650
      1.1032
      1.6659
      1.2100
      1.8618
      1.2808
      5.2039
      1.7000
      0.9900
      2.1590
      6.4611
      1.3457
      1.8190
      0.4613
      0.0600
      0.0824
      0.0859
      1.3628
      0.0600
      0.9782
      5.0902
     20.7099
      3.7324
      8.8091
      7.9358
     18.2872
      0.3372
      4.9052
      6.4551
      2.5500
      1.8157
      0.7694
      0.1900
      0.7117
      0.5823
      1.0940
      0.8166
      0.9834
      0.1768
      0.1900
      1.9682
      0.3117
      3.9080
      5.1527
      2.8559
      2.7493
      0.9839
      2.7501
      1.3472
      2.3041
      3.2574
      1.3748
      1.2817
      1.3800
      0.8923
      1.2931
      2.9631
      1.2410
      5.3761
      5.9058
      1.2100
      2.0447
      0.9600
      0.9900
      1.8353
      1.2100
      0.2204
      0.0951
      0.1900
      0.1000
      2.4700
      8.4028
      7.8168
      9.2727
      5.1812
      5.3264
      0.1900
      8.0252
      2.3300
     30.6294
      5.4663
      0.8259
      0.4845
      1.2100
      1.1509
      2.0643
      0.6917
      1.0122
      0.4540
      3.0807
      1.3179
      0.3377
      1.3431
      2.0549
      0.6935
      2.7512
      1.0373
      3.3265
      0.8581
      1.3400
      5.1133
      2.3043
      2.1375
      0.1900
      0.1900
      0.2800
      1.1009
      0.4562
      1.9678
      5.1011
      7.6005
      1.8112
      0.1625
      0.8002
      0.1900
      1.0720
      1.3581
      0.1637
      0.1147
      0.1002
      2.9906
      5.1195
      1.3800
     37.8259
     11.0339
     19.5217
      1.6834
     11.8223
     15.8708
      3.4224
      0.9084
      1.1087
      1.2571
      1.0176
      0.7100
      0.2127
      1.3800
      0.8882
      5.1190
      1.2100
      1.2700
      1.2527
      2.8424
      2.9171
      2.7598
      1.7013
      0.6626
      4.8985
      1.8453
      0.9098
      1.6449
      2.3204
      3.3498
      0.2800
      0.3167
      0.0600
      0.3114
      0.1009
      2.2108
      1.2844
      5.1908
      2.0291
      2.2088
      1.2884
      1.2466
      2.9861
      0.4380
      0.0900
      0.2341
      0.2240
      0.4803
      8.6743
      5.2895
      4.4323
      5.2217
      8.6002
      2.9713
      9.0800
     14.9406
      8.7100
      1.7937
      5.3125
      0.9900
      0.1000
      0.1000
      0.6699
      1.1093
      1.8101
      0.3143
      1.7394
      1.6991
      3.0157
      8.4207
      2.9900
      3.3310
      1.3811
      2.8472
      3.2002
      3.8829
      2.7473
      0.3489
      1.3782
      1.8105
      0.5881
      1.7423
      0.1900
      1.1636
      0.6843
      1.2100
      1.1503
      1.9157
      1.9624
      2.3391
      2.5485
      2.2116
      0.4509
      0.0991
      0.1600
      0.1000
      0.1245
      0.3282
      0.2800
      1.9577
      1.6600
      6.2071
      3.5449
      1.8309
     17.3316
      5.5400
     10.2700
      3.6100
      1.9621
      4.1782
      0.1900
      0.6839
      1.3503
      0.6413
      0.6288
      0.6996
      2.8364
      1.9841
      1.8532
      2.4919
     17.9735
      2.9600
      1.8512
      1.7884
      2.0242
      1.7736
      0.7369
      0.2800
      0.3924
      0.9900
      0.3178
      0.0900
      0.0961
      0.9231
      1.2639
      1.6962
      1.1019
      0.1100
      0.9900
      1.7876
      1.7945
      1.0924
      0.0900
      0.3785
      0.6013
      1.1245
      0.1000
      0.6306
      3.7338
      0.6200
      4.8483
      0.2571
      0.0900
      1.0072
      7.5472
     19.0418
      2.7400
      2.1650
      1.3463
      0.5056
      2.1738
      1.6882
      1.8508
      1.3678
      3.4139
      1.1100
      0.6520
      0.4153
      5.5144
     12.8902
     19.4400
      9.0800
      4.9200
     21.7885
      7.6340
      1.7031
      2.3300
      0.0998
      1.2100
      0.9542
      1.6450
      0.1709
      0.5382
      1.0230
      0.2800
      0.1736
      2.0643
      1.6903
      1.0934
      2.5110
      0.2704
      0.7685
      0.1848
      0.3037
      0.1900
      0.1279
      0.6446
      7.1406
      1.8991
      1.1285
      0.2203
      0.1000
      1.1001
      4.9198
     19.3746
     15.7700
      1.2272
      2.5345
      1.2877
      3.3428
      2.3341
      2.7508
      0.8102
      3.0035
      7.9588
      2.7444
      1.2100
      1.7971
      3.9583
      1.0563
      3.5851
      2.9700
      8.6707
     20.9329
      3.3320
      2.3300
      0.1900
      0.3170
      0.3990
      1.3800
      0.9216
      0.3348
      1.8077
      0.2112
      0.3399
      0.2557
      0.9304
      3.5914
      1.0009
      0.3286
      0.4523
      0.1900
      0.1809
      0.2216
      0.1362
      1.6868
      0.3347
      1.6805
      5.0591
      0.1900
      2.7679
      0.8178
      0.4477
      1.2225
      1.2100
      4.9216
      1.7459
      2.7415
      0.9133
      2.1595
      1.7518
      0.6981
      0.6664
      0.9900
      2.2327
      1.2523
      5.3690
      4.8260
      4.8162
     19.3467
      1.9147
      1.3549
      3.5623
      2.7561
      0.9888
      1.0180
      0.6712
      0.5524
      0.0900
      0.3112
      1.1037
      0.9334
      0.6319
      0.0900
      0.1000
      0.2200
      0.2892
      0.2753
      0.2175
      0.2932
      0.8993
      0.0995
      0.1900
      0.0900
      0.6611
      0.7222
      0.1600
      0.3346
      2.2522
      1.1512
      0.9248
      0.5450
      0.2261
      2.1566
      2.6615
      1.3800
      0.3145
      1.7126
      0.9237
      1.3650
      1.6840
      1.0100
      0.6345
      1.0644
      1.2100
      3.0176
      4.7684
     12.8057
      9.0805
      2.3300
      8.9044
      5.1451
      0.9964
      2.4707
      1.7020
      0.4522
      0.3240
      0.1600
      0.1571
      0.1477
      0.2800
      0.3400
      2.4241
      0.0391
      0.0931
      0.2800
      2.0978
      0.3338
      2.9779
      0.3249
      0.1000
      0.1874
      0.3064
      0.0600
      0.4863
      0.1100
      2.9196
      1.4479
      2.1556
      1.1095
      0.2800
      0.8074
      1.8145
      2.8319
      0.2579
      0.9431
      1.3049
      3.6585
      0.5695
      0.0900
      0.4172
      2.2098
      0.6807
      0.1700
      3.2215
      0.4186
      2.4341
      3.0204
      4.7561
      3.6029
      1.9378
      1.3800
      0.1900
      1.7180
      0.3244
      0.1757
      0.1600
      0.0825
      0.1618
      0.1900
      1.1969
      0.2405
      0.6533
      0.0600
      0.0895
      0.4806
      0.1995
      0.8892
      0.0888
      0.3506
      0.0111
      0.1900
      0.1500
      0.2384
      0.2803
      0.1041
      0.3138
      0.1900
      3.5107
      1.1242
      0.4149
      0.4518
      0.1900
      1.3565
      1.8161
      0.8373
      1.1809
      2.7593
      0.6630
      0.8000
      3.2172
      1.1735
      1.8165
      1.2100
      0.8307
      1.2884
      0.6528
      5.2991
      2.2280
      7.5344
      0.4612
      1.9654
     12.1719
      2.1700
      0.6567
      0.9479
      0.6588
      0.0828
      0.0681
      0.3400
      0.4957
      0.6619
      0.1852
      0.0600
      0.3344
      0.9900
      0.3222
      0.5283
      0.3400
      0.1100
      0.2526
      0.0600
      0.1900
      0.1207
      0.1900
      0.0853
      0.2571
      0.7906
      0.6676
      1.6621
      1.3105
      0.8965
      1.8141
      0.9358
      0.2366
      0.6675
      1.9122
      1.8077
      1.2676
      0.3381
      2.4846
      3.9520
      0.6770
      1.3605
      2.6449
      2.3300
      0.3117
      7.9391
      0.3300
      2.1924
      4.9050
      2.4694
      1.2420
      3.6835
      0.1600
      0.2888
      0.0998
      0.6336
      0.0900
      0.0842
      0.3382
      0.2800
      0.1910
      0.0600
      0.1100
      0.0900
      0.8320
      2.2218
      0.3400
      0.8190
      0.0600
      0.0479
      0.1100
      0.0600
      0.1000
      0.0160
      0.1620
      0.1828
      0.0631
      0.1100
      1.7852
      0.7618
      1.2408
      0.9880
      1.0921
      0.2800
      0.4540
      3.3313
      0.9834
      2.3400
     14.4540
      0.5673
      4.0486
      1.7884
      2.8049
      1.7897
      1.8187
     11.1881
      1.9608
      2.3078
      0.8226
      0.3183
      1.0369
      0.1878
      0.1850
      0.8305
      0.3400
      0.2800
      0.0991
      0.0614
      1.0181
      1.0194
      0.1030
      0.1776
      1.3800
      0.2984
      1.3211
      0.9900
      0.9259
      0.1631
      0.7974
      0.0953
      0.0331
      0.0425
      0.0313
      0.1346
      0.0923
      0.3182
      0.1600
      0.9300
      0.8268
      1.3800
      1.7863
      4.8979
      0.9412
      2.2000
      1.3644
      1.3800
      0.2480
      0.3400
      1.9131
      1.8550
      1.1318
      1.3699
      3.7853
      8.2390
      4.5240
     10.9809
      2.3300
      1.0743
      1.9689
      1.3573
      1.9566
      0.3435
      0.2267
      1.6809
      0.5692
      2.7407
      0.3208
      1.0799
      0.7900
      0.0900
      0.4542
      0.4558
      0.2013
      0.9996
      0.6791
      0.2353
      0.2800
      0.8974
      0.0357
      0.2604
      0.1663
      0.2875
      0.0996
      0.1490
      0.1027
      0.0921
      0.2552
      0.3400
      0.0919
      0.6666
      1.3199
      1.2054
      0.8384
      0.1800
      0.2866
      1.8198
      1.6315
      0.0900
      0.1000
      0.2023
      2.9638
      2.2511
      2.1618
      1.0145
      2.1597
      0.8400
      5.0325
      0.4920
      2.7585
      0.3400
      0.2926
      5.1104
      1.6709
      1.0118
      0.1707
      3.0400
      2.5131
      2.3766
      0.3089
      0.2877
      0.8511
      4.2978
      1.1861
      0.8186
      0.1900
      0.3119
      0.1900
      0.1900
      0.0600
      0.2535
      0.0900
      0.0900
      0.1000
      0.1100
      1.5235
      1.0105
      0.1323
      0.1784
      0.5215
      0.9835
      0.9103
      0.1100
      0.1600
      0.2800
      0.5649
      0.8211
      0.3459
      4.9872
      0.1100
      1.3060
      0.9584
      1.8200
      0.9838
      2.9626
      2.7386
      2.2166
      0.1690
      1.2642
      0.6334
      3.3848
      2.3276
      2.6268
      0.7991
      0.9900
      0.2357
      0.6260
      0.4893
      4.8900
      2.5161
      1.9527
      0.7163
      0.9260
      1.7039
      0.1000
      0.1736
      0.9296
      0.8569
      1.2100
      1.2100
      0.9465
      0.0865
      0.5950
      0.1600
      0.1064
      1.1080
      0.7832
      1.7497
      0.1237
      0.2674
      0.9963
      0.9400
      1.1551
      0.3813
      0.1100
      0.1900
      0.3153
      0.2116
      0.5566
      2.3978
      1.6915
      1.7604
      0.0958
      1.3357
      0.2566
      4.9489
      0.6504
      0.1764
      0.2073
      0.1900
      0.6662
      0.5896
      2.7573
      0.6411
      0.8865
      0.3400
      0.3184
      1.1540
      1.7076
      0.7903
      0.8609
      0.4592
      0.9668
      0.2743
      0.4500
      0.0900
      1.2100
      1.1677
      1.0713
      0.3122
      0.3136
      1.3800
      1.3639
      1.3800
      2.1300
      2.1042
      0.7622
      1.3683
      0.3665
      0.3400
      0.7960
      0.2804
      0.1100
      0.5578
      0.1295
      0.2755
      0.5003
      0.1815
      1.4851
      0.9900
      9.0201
      3.9928
      1.6641
      0.9325
      1.7915
      0.8260
      0.2648
      0.1900
      1.0200
      1.8829
      0.9829
      0.8325
      1.2544
      1.3800
      3.0742
      0.2949
      0.3190
      1.3776
      1.4648
      1.8475
      1.6972
      1.1971
      0.1600
      0.1600
      0.0126
      0.0837
      0.3179
      0.9518
      0.9157
      8.2225
      0.9900
      0.8373
      4.8918
      1.6627
      2.2880
      4.5093
      0.6527
      0.8069
      0.6509
      0.1000
      0.1600
      0.0600
      0.9598
      1.4238
      0.3119
      0.1035
      0.3888
      2.9637
      2.8653
      1.3800
      5.1265
      4.8989
      9.2700
      2.2685
      5.1813
      2.7454
      3.3452
      1.8620
      1.2100
      2.0514
      0.9900
      1.0078
      0.8439
      2.3310
      1.9630
      0.6042
      1.3741
      1.3622
      0.2800
      0.9054
      0.9401
      0.1900
      0.7171
      0.0621
      0.0600
      0.5056
      0.3004
      1.6281
      3.7517
      0.3400
      5.2212
      0.5700
      5.1396
      3.0278
      5.5400
      1.3063
      0.6231
      0.3400
      0.4513
      0.1900
      1.3349
      0.2790
      0.3219
      3.3682
      0.8923
      2.6983
      0.0943
      1.0706
      0.0932
      1.2802
      5.0596
      9.0100
      8.0300
      2.5200
      3.1058
      1.4225
      0.4231
      0.4600
      0.8981
      0.4201
      0.4442
      3.5392
      1.7195
      1.2100
      1.1044
      0.3179
      2.7459
      1.7358
      5.0299
      0.3208
      0.6292
      1.1072
      0.0600
      0.1000
      0.1100
      0.1600
      4.9961
      3.3388
      3.6807
     15.0598
      6.1734
      2.3391
      9.0181
      3.6315
      0.7915
      2.3300
      2.5042
      0.9369
      1.2100
      0.2800
      0.3393
      0.6268
      0.6999
      1.9360
      0.3349
      0.8300
      1.1058
      0.6500
      0.2789
      0.6360
      1.7085
      1.8126
      3.5600
      7.6961
      2.8303
      1.9446
      0.8362
      0.3327
      0.9900
      1.3553
      0.3400
      0.7548
      1.1306
      0.1900
      0.8943
      1.2100
      0.5599
      0.8154
      0.2805
      0.8384
      9.2883
      0.2562
      0.1085
      1.1049
      2.2039
      0.2924
      5.5400
     15.7700
      3.5458
     18.0357
      7.6182
      5.1466
      7.9400
      2.8304
      1.3800
      0.2712
      1.7691
      1.8166
      0.2817
      0.3359
      0.0742
      0.2714
      0.5457
      1.7012
      1.8180
      0.0892
      0.9378
      0.3400
      0.4556
      0.2394
      0.3212
      2.3300
      3.1684
      1.0131
      0.3400
      0.1900
      2.9857
      0.0824
      1.1038
      0.6280
      1.7077
      0.9735
      0.2303
      0.0208
      0.7084
      2.2312
      4.2150
      0.5767
      0.1095
      2.1357
      2.8897
      3.4515
      0.3400
      1.0199
      1.3800
      0.9900
      1.9800
      6.8683
      8.4800
     10.2253
      7.5530
     18.6400
      8.3400
      2.5100
      1.7071
      1.3800
      1.3644
      1.1011
      9.0435
      1.3665
      0.9293
      0.2800
      0.9483
      0.9065
      0.3400
      1.6864
      0.2800
      0.1092
      0.1363
      2.7571
      0.6658
      0.9244
     13.9005
      3.4617
      3.3459
      0.4487
      0.3400
      0.6438
      1.3249
      0.8261
      0.6592
      0.3133
      1.3584
      1.3800
      0.8212
      2.5106
      0.3400
      1.7243
      0.3238
      1.8421
      1.7100
     10.9270
      1.3721
      0.6453
      0.9712
      2.5149
      9.4165
      9.4200
     18.7600
      5.2600
     13.9641
     14.9312
      2.2800
      5.0939
      0.9341
      5.3992
      0.3647
      2.1427
      0.3400
      0.7999
      0.8519
      1.1096
      0.7979
      0.6730
      0.9932
      0.1900
      1.1000
      0.1100
      0.2893
      0.8012
      2.0415
      0.3088
      4.6972
      0.8304
      0.6304
      2.5186
      1.7057
      1.1613
      1.0066
      0.6341
      0.2169
      1.7907
      1.3698
      3.5174
      1.2100
      1.1319
      1.2100
      5.0499
      5.1412
      4.1052
      2.1516
      5.2552
      4.5074
      1.8192
      1.6693
      1.2591
      2.9259
      1.3800
      2.8200
      5.2451
      4.7042
     16.2395
     21.4506
     25.4741
      1.8182
      5.2013
      3.3431
      5.2561
      2.9768
      2.2372
      1.9048
      0.2342
      2.0245
      0.3280
      0.2989
      0.9205
      1.1678
      0.1900
      0.1907
      0.3935
      1.3455
      0.8230
      0.9999
      0.7573
      2.3331
      1.7800
      0.9696
      0.9211
      3.0662
      0.8479
      1.3600
      0.8021
      2.9666
      1.7689
      2.8400
      3.2858
      2.1341
      2.7529
      8.2478
      8.4806
      1.8200
      0.9498
     20.9001
      2.8837
      3.4829
      3.4227
      5.2425
      2.8899
      9.0410
      4.9392
      9.0716
      4.9237
     33.4854
      3.1288
      3.3427
     17.8070
     15.7700
      2.4599
      1.9572
      3.8100
      0.5859
      1.0185
      2.1359
      0.7967
      1.3376
      1.0179
      0.2481
      0.4310
      0.7816
      0.1030
      0.1900
      2.1557
      2.1648
      0.2925
      0.9900
      1.3426
      3.2951
      1.9548
      1.9741
      0.4229
      0.9256
      1.2280
      0.9166
      0.3360
      2.7470
      3.3455
      2.7536
      9.3807
      1.3800
      3.4324
      3.5599
      6.1881
      7.8769
     53.1941
     10.3429
      2.3300
      2.4709
      7.5501
      0.3400
      3.4251
      5.2036
      3.5900
      3.5743
     17.4400
      5.7209
      4.8900
      8.3628
      2.6018
      2.9080
      4.4928
      0.0987
      0.1996
      0.2800
      0.7415
      0.7009
      0.3230
      1.3800
      0.5750
      0.2800
      0.1100
      0.2341
      2.1623
      0.9347
      1.8169
      1.8102
      0.8303
      0.2716
      0.8940
      1.9692
      0.2243
      0.9459
      0.1600
      0.3351
      0.6055
      1.8490
      0.6562
      2.9614
      0.6944
      2.2652
      5.3350
     14.2733
      8.8150
     20.9962
      8.4556
      4.2900
      6.4100
      7.7100
      2.3256
      0.3400
      2.5289
      3.6400
      5.3100
      2.2200
      2.4587
      1.7419
      1.1068
      1.7257
      2.1849
      5.2119
      1.6373
      0.1181
      0.0697
      1.9954
      1.1221
      0.1600
      0.6046
      0.1067
      0.3200
      1.2100
      0.1962
      0.6562
      1.7843
      1.2092
      0.5778
      1.2100
      1.3581
      2.9615
      2.2659
      0.1900
      0.5760
      1.0179
      3.3378
      0.5606
      0.4541
      1.3657
      0.3061
      2.5137
     19.7861
     10.2301
     11.4048
     10.2427
     20.0622
      9.3465
     20.9209
      3.4316
      3.2100
      1.2239
      1.8096
      1.8137
      7.1686
     14.4636
      9.0800
      2.7538
      1.2891
      0.6984
      1.6687
      3.4926
      2.8335
      0.9316
      0.1678
      0.6583
      2.9498
      0.2443
      0.2383
      2.1484
      0.3156
      0.3400
      0.1235
      0.9379
      0.1511
      0.2385
      0.3662
      0.1059
      0.0919
      3.2266
      2.7451
      1.3643
      1.7850
      0.9111
      0.4520
      0.6175
      1.3679
      0.8658
      0.7913
     14.3938
      9.3570
      6.2779
      3.4766
     20.4393
     46.7013
     42.9460
     19.1598
     20.6775
      3.9947
     18.8228
     10.0718
      2.9925
      4.8976
      1.8050
      1.7992
     17.2485
      3.6465
      3.5100
      1.8779
      0.8600
      0.3149
      0.8049
      0.1600
      1.3195
      1.3210
      0.1017
      2.8725
      0.8366
      0.0854
      0.0955
      2.0076
      1.7910
      0.9370
      1.3687
      0.1100
      0.1240
      0.0900
      0.7674
      0.2146
      5.0210
      3.2906
      0.9900
      3.3413
      0.1900
      0.2800
      1.7030
      1.1271
      1.3770
      0.6579
      0.4270
      1.1490
      3.3414
      5.4929
     51.9367
     18.9332
     51.3762
     33.3468
     22.0353
     16.3118
     21.6343
     16.3681
      4.6862
      1.7354
      0.9041
      3.0159
      2.1800
      3.2916
      2.4831
      2.3323
      0.8301
      2.9733
      0.5849
      2.8224
      0.9306
      0.9499
      0.1011
      1.6632
      0.7004
      1.3418
      0.6698
      7.9945
      0.9379
      1.8131
      0.3363
      0.0954
      0.1008
      0.3181
      3.0225
      0.9900
      1.7054
      1.7180
      0.8950
      3.3376
      2.3300
      0.8325
      0.3135
      0.2800
      1.3537
      9.1658
      2.2148
      1.3399
      1.7868
      4.5549
     20.6289
     18.9098
     16.0867
     22.1012
      7.3314
     11.0800
     21.6636
     22.4029
      2.9489
      1.8177
      1.3549
      1.2122
      1.3695
      2.0559
      0.1227
      0.4745
      3.7713
      1.6981
      2.5897
      1.3973
      1.4253
      0.2400
      1.9628
      0.3415
      0.9947
      2.3300
      1.8470
      1.3693
      0.9267
      0.9840
      0.8228
      0.6700
      2.5013
      2.1587
      1.8941
      3.5958
      0.8219
      4.0970
      6.4149
      1.8398
      2.5051
      2.3300
      0.7924
      1.3485
      2.1530
      1.9933
      2.8063
      1.7935
      2.1047
      3.3367
     51.5309
      2.9695
     19.2065
      9.8186
     58.3200
     17.1900
     22.7500
     15.7700
     20.6857
      2.4949
      2.4548
      3.4217
      6.3338
      1.8713
      2.7645
      1.0009
      0.9159
      1.3612
     18.9093
      1.4954
      4.1398
      2.7405
      0.3973
      1.6394
      0.2664
      3.5864
      9.0093
      7.7979
      7.5553
      0.8174
      2.3251
      0.0900
      1.0160
      1.9725
      1.7017
      6.4890
      5.1423
      0.6536
      5.1299
      0.4875
      1.5527
      1.0163
      3.3354
      0.6253
      5.1500
      2.2809
      3.5181
      5.0788
     16.1485
      2.5072
     18.7099
      2.6941
      5.0583
      2.7600
     16.3692
     21.0800
     18.7234
     18.9806
     26.6230
      5.3061
      8.9191
      3.5850
      1.2100
      3.6020
      3.8161
      1.8306
      2.3070
      1.0623
      3.7219
     19.3733
      7.5969
      4.2653
      1.2100
      1.0102
      0.4507
      3.5021
      5.1460
      2.7508
      2.7574
      1.9330
      2.1660
      1.6814
      0.3388
      0.7960
      1.9687
      3.3320
      2.4892
      2.2125
      0.2433
      0.5100
      1.2353
      2.1681
      4.0609
      1.8986
      2.3300
      6.7414
      8.0165
      1.0347
     43.6006
      2.1607
      1.7087
      6.4327
     13.9620
     15.7700
      9.2002
      3.4785
      4.7673
     13.2374
      6.2836
      9.3401
      1.8171
      0.1800
      1.0150
      2.1246
      1.3700
      1.1998
      1.3792
      0.2223
      3.7543
      2.6703
      1.2190
      0.6632
      4.6272
      9.0401
      1.3800
      3.3381
      1.3706
      9.0714
      1.8167
      3.6380
      3.4784
      1.3640
      0.1900
      0.9520
      1.8625
      0.3295
      1.9050
      1.1035
      0.9225
      0.8087
      1.9633
      5.1411
      0.9346
      2.1748
      3.4420
      5.0539
      3.0364
      3.5163
      3.3329
      1.2794
      3.3412
      3.3431
      0.9347
      5.0500
      5.0417
     20.2434
      5.3800
     15.2852
      5.3045
     15.7700
      6.4780
      1.3465
      0.9307
      3.5589
      3.2403
      1.1459
      1.8158
      3.6118
      5.1537
      0.9225
      3.4546
      0.9985
      3.3500
      3.5482
      9.0650
      9.8839
      8.3476
      1.3800
      1.3579
      1.9674
      1.8698
      4.4362
      0.9281
      0.8100
      1.0931
      0.2234
      0.8154
      0.1818
      0.6892
      0.2572
      1.5892
      1.5820
      0.9215
      2.8233
      1.3778
      2.9411
      2.2045
      2.7583
      1.3668
      0.9382
      3.5377
      3.0606
      7.5522
      9.1986
      2.8858
      5.5400
      7.5300
     10.2000
      1.9519
      5.1830
      4.6000
      5.3778
      3.3411
      1.7911
      3.4648
      2.7196
      2.7500
      1.2100
      2.4970
      2.3018
      0.8218
      4.9431
      0.7986
      3.4676
      2.3607
      3.4066
      3.2556
      0.3400
      0.7880
      1.6910
      2.5133
      2.6493
      0.9353
      1.2699
      0.3233
      0.1688
      0.4000
      0.1000
      0.3982
      0.8300
      0.8856
      3.6399
      2.4271
     21.2761
      3.3379
      1.3574
      1.3800
      1.1369
      0.3086
      0.0839
      0.2255
      3.6335
      1.7101
      2.2798
      3.3326
      1.4277
     15.7700
      5.2336
     19.4530
     13.0042
      2.5026
      2.7459
      3.8726
      0.3174
      2.7702
      2.9377
      5.5400
      1.2100
     10.2611
      1.7882
      1.7826
      2.7410
      0.6469
      1.8511
      2.7449
      3.8550
      2.7429
      0.0637
      1.9600
      1.9660
      4.9314
      1.3650
      0.9096
      0.3135
      0.9392
      0.6896
      0.9133
      0.1849
      0.3669
      0.0977
      0.0900
      0.2217
      3.3486
      0.6400
      2.7459
      7.6617
      0.8135
      0.2782
      0.1600
      1.3396
      0.5291
      1.7074
      0.5846
      1.8192
      1.8851
      1.4367
      2.9701
      4.7496
      5.9732
      1.2100
      0.6417
      2.2142
      2.7511
      0.8042
      0.9456
      0.2800
      5.5400
      3.2556
      3.1684
      1.9085
      2.3231
      0.3018
      1.9131
      2.8354
      8.6597
      1.2285
      1.2576
      1.3782
      0.8925
      0.9935
      3.4567
      9.1898
      1.1069
      1.2334
      0.2862
      0.6400
      0.0822
      0.1100
      0.0532
      0.1028
      0.0900
      0.3364
      0.1900
      1.6831
      1.3457
      0.8446
      0.3005
      0.3400
      0.1782
      0.3360
      0.3237
      0.2315
      1.3800
      0.4161
      0.5465
      3.6081
      3.3322
      0.9944
      0.8658
      0.3736
      1.6635
      0.8616
      2.8334
      2.7410
      0.9484
      2.3300
      1.7584
      5.3874
      1.1762
      3.5382
      0.8975
      1.3795
      0.8036
      0.7287
      2.7751
      0.9571
      0.9559
      1.9756
      0.2682
      0.1403
      0.3945
      1.1026
      0.2428
      1.7005
      0.8252
      0.2950
      0.2526
      0.1564
      0.1072
      0.1646
      1.2100
      2.3324
      0.5654
      0.4415
      0.8067
      0.5741
      0.2800
      0.1600
      0.0970
      0.6553
      0.1900
      0.3400
      0.5943
      4.3492
      1.2100
      1.1696
      2.7547
      3.5917
      4.1870
      3.2283
      3.3328
      3.3151
      0.8166
      3.1705
      3.3284
      9.3439
      1.3454
      2.8764
      3.3859
      0.6278
      0.3149
      3.3451
      3.3498
      1.3635
      1.0036
      8.1841
      2.9677
      0.8183
      1.8806
      0.2800
      0.0985
      0.0900
      0.1701
      0.2117
      0.0721
      0.2800
      0.8249
      0.2607
      0.4530
      0.8552
      0.3135
      0.0900
      1.0308
      2.2950
      2.0244
      0.3375
      0.7956
      0.6330
      0.0967
      1.1024
      0.3185
      5.0913
      1.3761
      1.0316
      5.3524
      3.2257
      2.4831
      0.9900
      0.0900
      0.3400
      0.9508
      0.7232
      0.8784
      0.6678
      1.2100
      0.4558
      0.1177
      0.7649
      1.2362
      0.1133
      0.0600
      0.0600
      0.3100
      0.1057
      0.0600
      8.9395
     19.0199
      3.3300
      0.9197
      0.0828
      0.0600
      0.0444
      0.9900
      0.1900
      0.1517
      0.3353
      0.2800
      0.0600
      0.1600
      0.4001
      0.5774
      0.3400
      0.4585
      0.3695
      0.1510
      0.0900
      0.0600
      0.1600
      1.0229
      0.6990
      0.4650
      0.8900
      2.9813
      0.9786
      0.5055
      3.0154
      0.2800
      0.6336
      0.6856
      0.1600
      1.3456
      0.8347
      0.2556
      2.7513
      1.8442
      0.7375
      0.1900
      0.1600
      0.3306
      0.1761
      0.0365
      0.1206
      0.1600
      0.0404
      0.0737
     19.6351
      4.9185
      0.6779
      1.7830
      0.0819
      0.0900
      0.0973
      0.2362
      0.3159
      0.1857
      0.1000
      0.2111
      0.6564
      0.0900
      0.0982
      0.0926
      0.2800
      0.1000
      0.8718
      0.3269
      0.0900
      0.1100
      0.0863
      0.0874
      0.8182
      2.7432
      1.3701
      2.3185
      0.3248
      0.1986
      1.1648
      0.9441
      3.6398
      1.0115
      0.5578
      0.6128
      0.1776
      2.5138
      2.3886
      1.8122
      1.2652
      0.1370
      0.2279
      0.9310
      1.2906
      0.0600
      0.0900
      0.0857
      0.0017
      0.0257
      4.9121
      5.1707
      1.4314
      4.9096
      1.3999
      3.8350
      2.7543
      1.3800
      0.3372
      0.1600
      0.1900
      0.1600
      0.1892
      0.1900
      0.1618
      0.1000
      0.1718
      1.0474
      0.2432
      0.0900
      0.0600
      0.1626
      3.0077
      0.5381
      0.9294
      0.3367
      0.0945
      0.9900
      0.8161
      3.1365
      2.7452
      0.1900
      0.0600
      0.6316
      0.9222
      0.1900
      0.1900
      0.3400
      0.6501
      0.3370
      2.1790
      0.7520
      0.0900
      0.6520
      0.1900
      0.1900
      0.3211
      0.1900
      0.0600
      0.0600
      2.3321
      1.7263
      1.2144
      1.3725
      0.9582
      3.3372
      4.9028
      0.5315
      0.6268
      0.0782
      0.0155
      0.0900
      0.0600
      0.1100
      0.0718
      0.1600
      0.0600
      0.1347
      0.0721
      0.1046
      0.9333
      0.0974
      0.2500
      0.0892
      0.3216
      1.8100
      0.7517
      0.3283
      2.1711
      3.3431
      1.3245
      1.0171
      0.6296
      0.7307
      0.3330
      0.3400
      0.3400
      0.1691
      0.0600
      0.2895
      0.3364
      0.2564
      0.0600
      0.1769
      0.6703
      0.8528
      0.3371
      0.3086
      0.0600
      0.0857
      1.8016
      3.3323
      1.8379
      3.0009
      0.3400
      1.7328
      0.4033
      0.1000
      0.6797
      0.5070
      0.1006
      0.0600
      0.1694
      0.1596
      0.1125
      0.5736
      0.0916
      0.0710
      0.3158
      0.3039
      1.2369
      0.1900
      0.1900
      0.0600
      0.1600
      0.1900
      0.1600
      5.1001
      1.2576
      1.9501
      1.7915
      0.3400
      0.2800
      0.1854
      0.1528
      0.1332
      0.2476
      0.4447
      0.0800
      0.1715
      0.0711
      0.0238
      0.1611
      0.1600
      0.1471
      0.9900
      0.8755
      0.2828
      0.1000
      1.7846
     15.1417
      2.7418
      0.8258
      1.9213
      2.2541
      1.7837
      2.1306
      0.1726
      0.2202
      0.1086
      0.2013
      0.3539
      0.0921
      0.1900
      0.1663
      0.6785
      0.0976
      0.1797
      0.3400
      0.2243
      0.3400
      0.2028
      0.3249
      0.1600
      0.0900
      0.0719
      0.1600
      0.1900
      1.6632
      1.3800
      2.3713
      0.8210
      0.7027
      0.4589
      0.3987
      0.1600
      0.1067
      0.7257
      0.1087
      0.1718
      0.2744
      0.1766
      0.1100
      0.1900
      2.2681
      1.8900
      0.3224
      0.0299
      1.2944
      1.0108
     12.7400
     18.7215
      5.1901
      8.2975
      1.7063
      3.3431
      3.5457
      0.2525
      0.2800
      0.9172
      0.2600
      0.6267
      0.2177
      0.0900
      0.1900
      0.2700
      0.3085
      0.1600
      0.2219
      0.3964
      2.7568
      0.5540
      0.0600
      0.0803
      0.1100
      0.1600
      1.3615
      0.2605
      0.6536
      1.3890
      1.2547
      0.8295
      0.0900
      0.9200
      0.2769
      0.3400
      0.0899
      0.0794
      0.7087
      0.2527
      0.1900
      0.0850
      0.3165
      0.3331
      0.2712
      0.3160
      0.1893
      0.2853
      0.9895
      0.9414
      6.4900
     20.3500
      8.9000
      5.3933
      2.3376
      9.0587
      2.8683
      0.8125
      0.0600
      0.0807
      0.0857
      0.1015
      0.1900
      0.1100
      0.1373
      0.1000
      0.4221
      0.1600
      0.2615
      0.2666
      0.3375
      0.3400
      0.1900
      0.2800
      0.4554
      0.1900
      0.9900
      0.0969
      0.3308
      0.0900
      0.1072
      3.0230
      0.8326
      0.3325
      0.1000
      0.0621
      0.0470
      0.0676
      0.1086
      0.1882
      0.9900
      0.6345
      0.8331
      0.0900
      0.1449
      0.8290
      1.0002
      2.7588
      0.6980
      2.9865
     15.7700
      7.5600
      6.2600
      7.9200
      3.3344
      1.0190
      1.0075
      0.9443
      1.2968
      0.0748
      0.1617
      0.1858
      0.1600
      0.0942
      0.3400
      0.7969
      1.2100
      0.0900
      0.6348
      0.4541
      0.0964
      0.4581
      0.0900
      2.1330
      1.0163
      0.1374
      0.0835
      5.0435
      0.2800
      0.1781
      1.7000
      3.7965
      0.6728
      0.1234
      0.1100
      0.0813
      0.6619
      0.1737
      0.1779
      0.9900
      0.9400
      1.0354
      2.3332
      0.8146
      0.0837
      0.0900
      1.3438
      0.3400
      3.8812
      0.9900
      5.1132
      2.8441
      2.5500
      3.0042
     17.4044
      3.3314
      0.9851
      2.8770
      0.9900
      1.0558
      0.3243
      0.0735
      0.1600
      0.3105
      0.9307
      0.2800
      0.6914
      0.3400
      0.3400
      1.1176
      0.1600
      1.7000
      0.3688
      0.1729
      0.7355
      0.1900
      1.9360
      0.1100
      0.3400
      1.3082
      3.3110
      1.0950
      0.9900
      0.2448
      0.1600
      0.9600
      0.8301
      0.3238
      0.6472
      0.9900
      1.1698
      0.8503
      9.0800
      2.4700
      2.5025
      1.0215
      1.0306
      0.8911
      0.5011
      2.7040
      5.2890
      9.0800
      4.6096
      4.9131
      5.3905
      1.3690
      3.7608
      1.8312
      1.3694
      0.5468
      0.2263
      0.1324
      0.2289
      0.4799
      1.0814
      3.5274
      0.2800
      1.5272
      0.3156
      1.9125
      0.7311
      5.3557
      1.3400
      2.1600
      0.9900
      4.1035
      0.2065
      1.0385
      0.2800
      1.9253
      5.0483
      1.2100
      2.7592
      0.6149
      0.4684
      0.9983
      0.6890
      2.9613
      0.3400
      1.0683
      0.3400
      2.1584
      1.8132
      0.1900
      0.9323
      2.3199
      7.6047
      1.1084
      2.2973
      0.2858
      9.0800
      5.0312
      1.8149
      7.9739
      2.3311
      1.6849
      0.4527
      0.7100
      0.2906
      0.9648
      0.2461
      0.2762
      0.3400
      1.2700
      5.3636
      1.1053
      1.7036
      2.5166
      1.8188
      0.9293
      1.9373
      3.5523
      1.7668
      0.4596
      2.2148
      0.3400
      0.9432
      0.9350
      1.0638
      0.7976
      1.0159
      3.1826
      1.0832
      0.3400
      0.9552
      0.8305
      5.2801
      5.0762
      1.3800
      0.2173
      1.2100
      2.1316
      4.4909
      0.3400
      3.3088
      1.2302
      1.9196
      0.3116
      0.6998
      0.9900
      7.9511
     17.5722
      8.7100
      5.1698
      2.7401
      7.7534
      1.7522
      0.3192
      1.9250
      0.1600
      0.8510
      0.8296
      0.9949
      1.1683
      2.7571
      0.6459
      2.9900
      7.2433
      2.7679
      2.5037
      0.3138
      2.4333
      2.4735
      0.2800
      1.3720
      0.4187
      0.2096
      2.4202
      1.9378
      2.3114
      5.2293
      0.1900
      0.9139
      0.9412
      1.2495
      3.5152
      1.2514
      0.9155
      0.1100
      0.2665
      1.3438
      2.1663
      0.9408
      3.4744
      2.3238
      0.8862
      1.6600
      0.3595
      1.2483
      0.1862
     10.2502
      5.5400
     10.2700
      3.6100
      2.1402
      1.7818
      1.3529
      1.8238
      1.2402
      0.1900
      2.4853
      3.3345
      5.1795
      1.5105
      1.2100
      3.3304
      7.9330
      2.9600
      1.9653
      4.2482
      0.9900
      0.6112
      1.7882
      0.0600
      0.0900
      0.1725
      1.3403
      0.0900
      0.3146
      1.1886
      0.0938
      0.3400
      1.0068
      0.1600
      0.9900
      1.7921
      0.0734
      0.0891
      0.3739
      1.3800
      0.6452
      0.9267
      1.7618
      3.2970
      0.2800
      0.6200
      1.9025
      1.3800
      2.5121
      1.3800
     18.1778
      7.9246
      2.7400
      1.7839
      1.7981
      1.0388
      2.1658
      1.1086
      3.0367
      1.7011
      5.0899
      1.1100
      1.9706
      2.7436
      2.3392
      8.9111
     19.4400
      9.0800
      4.9200
      0.2875
      3.8619
      1.2100
      0.2909
      0.0801
      0.1600
      0.0900
      1.0163
      0.1100
      0.5534
      0.1615
      0.1600
      0.2385
      0.8036
      1.9240
      0.1815
      0.3349
      0.8085
      1.3653
      0.4581
      1.8454
      0.6598
      1.3463
      1.7364
      2.9243
      1.8178
      0.7147
      1.4775
      0.3243
      1.7878
      2.4441
      5.1724
      4.2190
      3.7093
      3.3457
      5.1676
      0.9273
      0.7969
      3.1237
      1.3639
      0.5817
      0.5773
      2.5180
      2.5806
      0.4448
      2.7521
     22.6259
      8.3622
      2.9700
      3.3349
      0.8480
      0.2800
      0.9019
      0.8441
      0.2800
      0.1600
      0.1900
      0.1614
      0.1087
      0.4782
      0.3081
      0.0600
      0.3400
      0.3249
      0.4478
      0.1245
      0.1802
      1.7046
      0.5161
      0.0978
      0.0900
      0.1074
      2.2117
      2.0266
      1.8094
      0.8351
      0.9207
      0.4288
      1.2311
      1.8997
      1.3800
      4.8904
      4.6330
      5.1709
     12.5381
      3.4684
      1.8133
      0.1900
      3.0375
      0.6903
      0.1622
      1.3657
      3.6723
      1.8354
      2.2917
      2.3233
      3.0118
      3.3475
      5.5400
      0.6646
      2.4879
      1.1021
      0.1831
      1.4490
      0.1896
      0.0916
      0.1027
      0.0938
      0.0801
      0.4927
      0.2213
      0.3312
      0.2200
      0.8790
      0.1900
      0.2965
      0.1100
      0.0600
      0.0900
      0.1933
      0.0049
      0.3349
      0.8057
      1.0103
      0.9543
      1.8055
      0.9900
      0.3346
      1.2309
     18.6609
      5.3111
      2.7420
      4.4684
      5.4832
      9.0800
      3.6913
      2.0365
      1.2978
      1.0100
      0.6827
      0.1600
      0.1775
      0.3309
      0.9576
      9.0553
      2.1518
      2.5137
      3.6177
      1.1013
      1.1031
      4.1460
      1.7516
      0.6355
      0.9482
      0.1600
      0.0900
      0.0604
      0.2115
      0.7496
      0.2075
      0.9163
      1.7965
      0.6834
      0.0844
      0.0900
      0.5874
      0.1900
      0.2495
      0.0600
      0.2910
      0.0600
      0.4506
      0.7744
      0.8794
      0.3418
      1.3800
      3.7438
      2.2851
      7.5517
      3.2881
      2.8033
     18.6424
      2.5029
     15.7700
      5.4584
      2.4709
      2.3300
      4.3872
      0.9768
      0.7972
      0.1700
      0.4560
      0.7387
      4.9469
      2.5194
      4.8470
      1.9427
      4.2735
     17.4280
      3.3498
      0.1873
      0.2800
      2.8272
      1.0070
      2.1522
      1.6756
      0.1900
      0.1900
      0.2023
      0.3400
      0.3213
      0.1900
      0.3277
      0.7931
      0.2239
      0.3217
      0.0600
      0.2775
      0.1900
      0.0897
      0.1600
      0.3242
      1.1098
      0.1634
      0.3204
      0.6509
      1.9296
      9.0596
      5.5400
      1.2836
      5.0936
      2.3300
      9.0800
      3.2878
      6.7312
      5.5400
      1.3425
      1.3800
      1.6033
      1.1378
      2.9713
      5.2194
      2.4291
      2.7685
      0.1900
      2.9266
      1.3800
      1.0568
      0.1623
      0.0906
      2.1700
      8.3546
      1.0810
      5.0711
      2.7592
      1.3138
      1.3579
      0.2025
      0.3606
      0.3394
      3.3137
      0.6829
      0.3290
      0.0995
      0.1900
      0.2776
      0.1003
      0.0600
      0.0689
      0.0600
      0.1912
      0.0150
      0.0865
      1.3211
      2.8318
      0.9900
      2.8478
      4.9111
     12.3771
      3.0371
      3.3982
      5.0632
      0.3336
      5.0040
      5.0418
      3.4613
      8.1713
      1.7845
      0.6529
      0.1900
      1.7848
      1.0225
      1.6716
      0.9357
      0.9690
      0.3300
      1.9070
      3.2675
      0.8156
      0.2178
      0.1900
      2.1417
      8.0235
      2.3892
      0.2800
      1.0111
      0.9210
      0.1600
      0.3764
      1.0167
      2.2959
      0.8310
      0.1870
      0.3234
      0.2022
      0.0760
      0.1100
      0.0900
      0.1100
      0.1100
      0.0900
      0.1000
      0.1902
      0.7213
      2.9755
      1.6002
      2.9623
      3.2951
      2.3648
      1.8482
     13.6262
      2.5851
      0.9279
      0.9238
      2.9699
      0.8368
      2.3400
      2.3300
      0.8352
      2.8266
      0.9224
      0.9784
      2.4609
      8.9182
      0.3400
      0.3396
      0.0942
      1.2128
      3.2562
      1.9367
      0.3556
      5.0962
     19.4207
     16.6511
      3.5052
      2.2399
      1.3658
      1.8668
      0.6452
      2.0820
      1.3040
      1.3800
      0.3400
      0.8091
      0.3382
      0.0600
      0.0900
      0.2590
      0.0765
      0.1626
      0.3400
      0.8643
      0.1600
      0.8143
      1.3277
      0.8676
      0.9300
      3.2895
      3.5873
      7.9454
      5.2043
      0.1100
      1.9486
      1.8137
      1.3800
      0.6623
      3.3157
      2.7100
      0.9177
      1.8119
      1.2100
      0.3187
      1.2100
      0.9270
      0.9363
      0.1900
      0.2800
      0.3371
      1.6777
      2.7580
      1.0076
      4.7773
      3.6606
      1.8834
      0.4850
      0.3573
      0.1900
      0.7900
      0.3285
      1.4928
      1.9772
      0.9353
      1.9494
      1.9389
      0.7840
      0.1691
      0.1015
      0.5382
      0.6049
      0.8190
      0.3400
      0.1460
      0.3400
      1.0166
      1.0165
      0.9469
      1.3481
      2.3520
      9.0800
      5.3175
      5.2712
      0.4845
      0.9407
      0.3400
      2.3300
      0.9900
      2.0330
      2.9686
      0.8209
      0.6483
      1.6761
      4.9606
      0.6684
      1.8942
      0.8400
      0.0942
      0.0882
      0.6679
      1.7015
      5.1806
      0.9399
      1.2820
      4.2182
      5.7331
      3.0400
      0.2186
      0.6950
      1.9669
      0.3127
      0.9817
      0.0893
      1.7042
      0.3400
      1.8464
      1.9656
      0.8233
      2.5984
      1.3777
      0.1330
      1.1631
      0.6351
      0.1900
      0.9119
      2.5105
      2.8281
      2.5075
      2.9615
      1.1838
      5.4852
      7.6304
     12.8715
      0.1600
      0.7718
      0.1077
      0.3229
      1.9414
      2.7419
      0.1100
      0.7027
      1.7804
      9.0989
      4.9082
      0.8216
      2.5417
      1.2119
      2.9240
      0.8870
      0.4527
      2.7922
      0.1602
      2.7729
      1.6957
     10.2478
      2.0398
      1.8820
      1.0677
      4.8900
      0.1900
      0.3364
      0.1706
      0.1494
      0.7963
      4.0743
      1.2100
      0.6407
      3.7823
      2.9721
      0.3619
      1.7989
      1.7951
     10.2341
      0.9900
      0.7964
      5.2940
      4.8553
      1.0591
      0.1100
      0.9928
      1.1394
      0.9400
      1.8165
      0.3196
      0.0674
      0.2496
      0.7138
      0.2823
      0.5256
      1.7554
      0.8752
      1.8828
      1.1813
      1.0121
      1.7803
      2.7270
      0.9098
      0.9352
      1.3800
      1.1612
      0.2114
      1.0018
      1.2520
      1.3366
      1.7315
      0.8319
      1.8757
      1.3777
      0.6747
      1.2856
      1.7059
      0.3780
      0.7581
      0.9768
      0.4500
      0.5081
      0.8361
      0.9685
      0.4737
      0.8863
      4.9172
      2.7443
      4.8981
      2.7422
      2.1300
      1.8246
      0.5508
      0.9900
      2.8104
      0.1900
      1.3621
      1.2857
      0.8202
      1.9134
      0.1900
      0.2376
      0.3163
      0.3371
      2.2076
      1.1342
      1.3703
      5.0248
      2.1616
     16.6379
     14.2490
      0.9088
      1.3665
      5.2007
      1.0200
      2.3155
      2.1481
      1.7095
      0.0316
      1.7121
      0.3666
      2.7900
      1.7957
      1.3606
      0.8002
      0.4582
      0.3400
      0.5520
      2.9645
      8.1828
      1.6623
      0.8749
      0.2800
      0.9547
      0.2339
      0.3347
      1.2100
      2.1457
      4.6200
      0.6847
      5.3187
      1.9633
      1.6725
      1.9449
      2.4473
      0.1900
      0.3400
      3.5622
      1.1076
      0.8084
      0.3432
      1.2128
      4.2901
      3.7632
     10.2008
     13.6634
     12.4624
      9.4069
      9.2700
      8.0047
      7.7667
      0.6564
      8.8420
     18.8260
      5.3409
      2.6204
      0.4481
      0.1900
      2.3317
      1.3587
      1.9107
      1.3704
      1.7041
      0.1600
      0.1600
      0.3948
      0.9900
      0.9373
      1.3697
      3.3107
      1.8170
      0.6680
      0.7382
      2.7503
      4.6232
      2.3300
      7.5534
      0.5700
      1.8138
     16.9564
     19.2265
      3.3611
      3.3134
      0.3380
      7.8222
      2.5104
      1.2100
      0.8198
      0.8365
      1.3729
      1.6670
      0.7358
      5.0379
      7.9215
     24.0953
      8.4526
     10.2536
      9.0100
      8.0300
      2.5200
      4.9197
      5.3107
     15.7700
      0.4600
      1.1759
      1.6825
      0.2541
      0.5339
      0.1889
      0.5710
      1.8161
      6.4041
      0.1100
      1.8523
      0.9900
      3.3489
      1.2447
      5.5400
      0.2585
      0.1000
      1.8956
      1.6711
      2.9505
      4.9293
     10.3064
      5.4725
      5.1200
      3.4606
      5.0745
      5.4647
     21.0720
     21.4823
      3.7956
      1.3010
      1.2100
      0.7335
      0.1600
      0.2800
      1.4601
      8.6012
      1.9334
      1.9734
      1.3343
      0.6500
      0.8221
      8.4179
      5.5400
      0.8258
      3.5600
      4.8463
      2.3300
      2.1177
     18.6949
     14.5460
      2.4426
      0.8304
      0.5004
      1.3246
      1.3471
      0.3130
      0.3400
      1.2100
      2.3069
      1.3651
      1.3733
      1.3645
      0.2529
      4.1762
      0.3400
      2.3235
      2.7552
      2.3300
      3.5644
     16.6109
      9.4285
      1.8269
      8.1983
     12.5882
      7.9400
      9.3750
      5.0031
      1.2379
      1.8975
      4.9166
      2.2002
      1.8017
      0.6316
      0.3361
      1.3800
      9.0800
      2.9706
      0.9392
      1.8186
      0.9251
      5.2922
      2.5491
      2.2763
      2.5767
      2.1075
      3.3494
      3.4530
     20.2975
     12.4760
      3.0077
      0.2800
      2.4712
      1.3800
      3.7834
      0.8468
      2.1519
      1.3800
      3.9261
      5.2622
      8.9050
      1.3647
      1.9781
      9.0800
      6.7217
      1.8492
      1.2100
      1.4831
      2.9796
      1.9800
      3.7136
      8.4800
     14.7246
      2.5287
     18.6400
      8.3400
      2.5100
      9.2701
      2.3300
      2.5999
      4.6760
      0.9349
      0.9487
      2.3173
      0.8083
      1.7437
      1.8124
      1.3060
      1.0062
      2.9856
      0.9900
      1.1252
      1.1076
      1.3800
      0.3993
      5.2340
      0.7197
      2.9705
      9.2139
      1.9148
      2.3487
      2.3072
      2.2974
      0.6655
      3.3324
      1.8138
      4.8959
      2.1308
      3.6595
      3.7226
      2.3300
      2.2611
      5.0545
      1.7100
      1.6945
      1.2100
      2.4887
      1.6656
      3.3214
     18.6426
      9.4200
     18.7600
      5.2600
     15.7700
      3.9482
      2.2800
      2.5099
      2.7550
      2.7577
      3.0187
     19.1949
      6.7905
      1.3800
      0.8084
      0.6506
      1.1025
      1.3694
      0.8220
      1.2100
      1.1000
      1.1004
      2.7407
      0.6679
      0.6548
      0.9243
      1.3330
      3.3456
      3.0551
      8.4579
      6.2994
      2.9559
      1.3703
      9.2238
      0.9323
      0.9900
      0.3588
      0.9214
      6.4462
     11.6488
      6.4340
     20.7381
     19.9471
      1.3208
      1.7824
      3.4964
     13.1909
      7.9373
      5.3274
     15.7700
     19.6272
      3.0237
      2.8200
     34.4153
      5.0380
      3.1470
      1.1424
      8.3884
      7.5492
      7.5497
      1.9761
      1.7359
     15.8219
     10.2359
      1.2417
      0.3213
      0.4490
      0.9781
      4.3429
      1.2831
      1.7844
      1.9735
      0.6522
      4.6914
      2.9743
      1.1053
      0.9900
      2.3300
      9.0048
      1.7800
      1.2115
      3.5834
      3.5432
      2.7543
      1.3600
      0.2516
      2.9769
      2.2813
      2.8400
      9.3284
     13.3479
      3.7019
     20.4766
      2.1918
      1.8200
      0.6612
      9.2580
     15.2944
      9.0800
      1.3690
      5.1855
      2.0259
     11.0034
      9.3019
      4.8857
      3.6181
      5.4624
      2.8373
      2.5033
      0.8880
      3.3624
      3.5763
      3.6681
      3.8100
      2.1362
      0.7140
      0.9016
      2.7868
      0.8384
      0.9850
      2.3300
      0.1100
      0.2775
      0.7425
      0.9609
      0.8597
      0.3400
      0.5386
      0.6522
      0.3334
      0.9257
      2.9967
      1.6765
      0.9659
      0.9900
      1.7683
      2.9853
      2.7550
      0.9336
      4.6311
     10.0862
      6.4037
     20.5911
      2.9886
      5.0763
      1.1096
      1.9581
      2.9819
      2.7867
      2.3300
      2.2090
     10.3015
      0.8476
      9.4168
     14.7631
      3.5900
     10.2381
      3.7488
     10.8881
      5.1997
      3.4829
      2.2867
      9.0355
      1.7421
      1.8546
      0.1938
      1.2100
      0.8358
      0.1838
      0.2092
      0.3262
      1.9827
      0.2516
      0.3529
      0.8851
      9.8739
      1.0072
      0.2824
      0.8877
      0.1632
      0.1900
      0.8032
      1.2407
      0.6131
      0.9341
      2.3470
      1.9709
     16.5837
      0.9244
      2.9324
      4.9980
      8.0132
      5.5400
      6.3577
     13.6626
      0.9389
      2.3300
      4.0595
      4.2900
      6.4100
      7.7100
      2.9719
      2.0451
      1.9624
      3.6400
      5.3100
      2.2200
      4.9141
      8.6267
      4.8457
      3.6447
      3.3301
      5.1783
      2.3216
      2.1396
      4.9546
      1.9690
      0.4052
      0.8929
      0.3139
      0.1900
      0.3200
      0.0900
      1.6532
      1.9656
      0.1314
      0.2800
      4.3368
      2.2062
      0.1089
      0.3400
      1.7082
      0.3400
      1.8941
      0.9011
      1.8170
      0.9900
      1.2100
      9.0800
      3.2151
      1.5206
      4.2636
      1.3500
      7.9333
     21.5512
      8.4858
      9.1855
      2.1547
      9.0792
      3.2100
      4.9043
      3.0033
      1.3800
      3.6248
      4.8939
      9.0800
      4.7026
      3.2252
      5.3736
      3.3315
      6.5449
      8.5028
      1.9718
      1.8511
      1.0107
     10.1579
      0.9416
      1.1030
      1.2622
      0.3184
      0.3400
      0.1100
      0.3424
      0.8331
      0.4790
      0.2811
      0.5447
      0.6201
      1.2100
      0.2153
      0.9491
      0.8518
      0.9972
      4.8952
      0.3293
      0.8915
      1.7078
      2.7519
      0.3122
      2.9785
     14.2288
      5.0836
      8.2689
      7.9546
      7.9381
      7.5325
      8.2795
     11.4709
      5.0563
      2.7669
      3.6647
      1.7494
      3.6280
      1.6651
      2.9761
     20.8344
      3.5100
      3.5785
      5.1069
      5.5400
      3.3723
      1.0198
      5.0170
      3.0020
      5.2537
      1.3800
      0.4814
      0.2688
      1.4148
      0.0915
      0.5251
      0.9349
      1.2100
      0.1858
      0.2946
      0.8050
      0.9839
      0.0903
      1.3400
      0.9900
      0.9900
      0.6958
      1.1053
      4.1482
      2.8381
      0.9384
      9.0174
      2.5131
      8.8265
      2.8132
      2.3254
      9.1276
      6.1156
     12.4342
      2.3584
     20.0578
     16.7132
      1.7178
      1.3656
      9.0241
      7.8025
      3.5854
     20.1684
      1.7160
      9.0954
      3.3363
      3.6036
      9.0724
      3.8168
      5.2190
      2.1630
      1.3686
      0.2262
      0.8644
      1.8696
      0.3182
      0.5004
      1.3800
      4.8902
      0.8499
      3.3310
      0.7239
      1.3460
      0.1728
      0.2462
      0.4633
      0.0804
      0.8214
      0.4113
      0.8011
      1.0184
      0.5884
      1.3672
      3.5234
     12.7016
      1.1966
      2.8084
      1.8277
      5.2853
      4.6685
      1.6990
      0.9207
      2.9418
     15.7700
      2.1530
     11.0603
     16.9346
     11.0800
      5.9725
      3.3808
     21.1795
      5.2250
      5.3516
      6.5958
      9.3912
      5.2193
      3.1627
      4.8603
      2.4972
      1.0146
      1.9688
      0.2800
      0.9352
      0.2400
      0.2442
      0.1000
      0.8760
      2.3300
      0.5076
      1.3800
      1.3687
      5.2973
      0.2575
      0.6700
      0.1478
      0.2359
      0.0835
      0.9476
      0.1000
      0.7804
      2.4862
      0.2916
      1.9610
      3.3003
      8.8576
      2.7443
      3.1640
      7.6213
      0.9322
      2.7560
      1.3638
      9.0504
      3.8393
      5.8121
     21.4960
     21.3583
     58.3200
     17.1900
     22.7500
      5.2453
      5.2599
      5.3557
      5.0884
      5.1065
      2.1484
      5.1625
      2.3255
      1.2100
      1.3800
      0.2800
      1.8170
      0.8800
      0.2334
      0.2577
      2.5124
      0.2446
      1.8322
      9.0800
      3.0525
      2.7546
      1.9602
      0.2904
      3.3441
      0.1100
      0.2543
      0.0390
      0.0600
      0.0755
      0.0711
      0.2866
      0.4508
      1.0019
      1.3740
      9.6452
      5.1467
      3.5811
      5.1500
      3.4372
      5.3757
      0.4111
      2.1690
      1.6745
      5.1560
      7.9282
      9.0800
      2.7600
     20.8610
     21.0800
     20.2842
     17.0913
      7.6569
      9.2945
      8.0145
      3.2132
     19.0024
      0.9900
      2.7414
      2.1418
      2.7884
      0.4596
      0.3801
      1.0158
      0.4862
      1.2044
      0.6528
      1.9365
      1.2100
      7.9903
      6.2693
      2.5097
      5.5400
      4.5081
      0.3400
      3.5918
      0.9460
      0.1600
      0.1900
      0.0259
      0.4969
      0.9052
      0.7774
      0.5100
      3.3446
      2.2855
     20.6101
      5.2398
      3.9703
      4.6826
      1.0158
      2.5052
      0.9900
      5.1617
      3.0157
      9.2618
     10.2439
     53.8044
      8.4233
     10.3654
      8.7524
     15.7700
     10.2065
     17.3144
      9.2608
      0.1800
      1.7053
      0.8130
      1.3700
      1.7852
      3.4248
      0.6658
      0.9069
      0.3400
      1.7024
      0.6332
      0.7910
      3.4859
      1.7018
      4.9164
      1.0047
      2.8372
      1.6408
      2.7022
      0.6503
      0.9371
      0.9900
      1.5841
      0.6677
      0.0994
      0.1900
      1.9473
      1.3747
      2.7584
      1.3475
      0.3400
      4.4011
      1.6648
      5.1308
      3.3689
      1.2100
      7.5235
      5.0447
      1.7465
      1.2923
      1.3596
      1.3800
      5.0500
      1.3456
     10.2513
      5.3800
      7.1410
     18.7013
     13.4382
     18.9572
      0.9279
      2.3300
      0.1978
      0.4321
      1.6729
      4.3532
      9.3330
      1.2100
      2.4718
      1.7088
      1.4136
      3.3500
      0.6509
      1.1104
      9.7936
      3.4394
      3.3085
      0.2256
      2.8886
      0.4470
      2.3300
      1.7846
      0.8100
      0.0900
      1.1635
      0.7946
      0.3405
      0.3400
      2.7501
      2.0599
      1.9620
      3.3408
      3.3849
      0.7917
      2.7508
      1.2791
      0.8258
      1.3792
      0.3400
      1.9780
      5.0827
      2.4729
      1.2869
      0.9373
      5.5400
      7.5300
     10.2000
      7.9385
      7.7056
      4.6000
      2.7565
      0.3202
      3.5252
      0.1091
      1.9152
      2.7500
      1.3800
      1.3696
      1.2522
      3.5659
      3.6322
      9.9910
      0.6396
      3.4551
      7.9681
      1.3282
      1.2100
      0.1072
      0.8605
      1.3846
      1.8150
      1.4326
      0.0900
      0.0868
      0.1270
      0.4000
      1.8132
      0.6078
      0.8300
      0.4500
      0.3400
      3.0088
      9.1531
      5.2175
      1.9699
      3.6129
      8.7858
      4.6104
      1.7301
      1.7967
      3.5527
      1.0405
      4.6824
      7.7392
     15.0279
     15.7700
     12.4617
      9.0399
      3.5982
      2.4066
      4.7173
      4.8931
      0.9679
      0.9342
      2.5126
      3.3395
      1.1150
      1.2522
      2.2048
      0.8309
      1.6558
      0.9663
      0.2406
      1.1019
      0.2979
      1.8593
      2.3126
      1.9600
      0.9900
      0.9546
      0.6213
      0.1245
      0.0355
      0.1900
      0.0056
      0.0600
      0.9300
      0.1801
      0.6008
      1.2177
      0.0994
      0.9583
      2.9940
      3.4527
      1.3085
      1.3511
      0.8629
      2.0368
      0.8186
      0.2800
     13.8565
     10.2495
     10.1998
      6.3784
      9.0800
      5.1506
      5.1479
     45.5195
      1.3277
      2.4295
      6.0298
      3.4673
      0.3400
      1.3800
      1.7709
      1.8821
      0.7952
      1.7046
      0.8915
      1.2100
      1.3483
      0.4161
      2.7408
      3.2250
      4.6266
      0.9502
      1.3411
      0.3053
      0.9317
      0.8674
      0.2904
      0.2694
      0.0614
      0.0867
      0.0600
      0.0167
      0.1000
      0.3260
      0.8393
      0.9349
      0.5554
      1.2606
      0.3400
      0.3400
      1.0002
      1.2744
      0.3400
      1.8028
      0.9900
      5.2131
     15.7700
      8.5138
      6.4361
     16.6997
      3.5467
      8.8121
      3.3101
     35.6897
     10.2640
      1.1041
      1.9769
      3.4917
      5.5559
      3.6068
      5.1685
      1.8720
      0.9229
      0.1621
      1.7822
      0.1886
      3.3428
      4.8918
      1.8843
      2.7166
      0.4590
      1.1096
      0.7453
      0.5901
      0.1745
      0.9280
      0.9276
      0.1100
      0.0877
      0.1049
      0.1010
      0.0887
      0.1900
      0.9575
      0.0927
      0.2667
      1.8190
      0.7419
      0.1900
      0.1900
      0.3400
      0.9295
      0.3387
     15.7700
     19.4724
     21.4468
     10.9096
     44.8640
      3.3018
      3.6927
      9.4195
      1.3800
      4.4739
      6.4357
     10.7117
      7.9285
      4.9084
      3.6270
      1.7589
      0.4501
     10.3039
      1.1731
      1.3800
      2.9838
      0.6469
      0.1796
      0.3400
      2.1700
      2.2654
      1.9042
