SISIM SIMULATIONS:  Clustered 140 primary and secondary data                    
1
Simulated Value
  3.3322
  1.2100
  0.7637
  0.3247
  0.1000
  0.3585
  0.0214
  0.1600
  0.0600
  2.9750
  0.1900
  0.0735
  8.3566
  5.1632
  0.3225
  0.0867
  0.1600
  0.0047
  0.0958
  0.4552
  0.1576
  0.9262
  0.9900
  0.6472
  0.7707
  0.9437
  5.6002
  3.3358
  4.0119
  0.8205
  0.9370
  1.0105
  0.9027
  0.1745
  0.1762
  0.1900
  0.0600
  0.0626
  0.2800
  0.1600
  0.1100
  0.2424
  0.1526
  0.3829
  0.0900
  0.4446
  0.4026
  0.3100
  0.3152
  0.0971
  9.2697
  7.9351
  3.3300
  3.0084
  0.3718
  0.0600
  0.1965
  0.1900
  7.9368
  5.4764
  5.4343
  3.2515
  2.0297
  1.3599
  0.1900
  0.2833
  0.0271
  0.0683
  0.3512
  0.1056
  0.0900
  0.3470
  0.6393
  2.1252
  0.9265
  0.9949
  0.8900
 14.8406
  0.3400
  0.0969
  0.9374
  0.5200
  0.1870
  0.3334
  0.2487
  0.3121
  0.1900
  0.1545
  0.1118
  0.0961
  0.2581
  0.1920
  0.0744
  0.8551
  0.0962
  0.3641
  0.0600
  0.0960
  0.1900
  0.1725
  3.0070
  3.3435
  7.2596
  0.0613
  0.0900
  0.0744
  0.0867
  0.1541
  0.2021
  3.1466
  0.0604
  2.9623
  1.9655
  4.8951
  2.8324
  0.1865
  0.2268
  0.1900
  0.2627
  0.2800
  0.4299
  0.4868
  1.6828
  0.9900
  1.3746
  0.3376
  0.8677
  0.3400
  0.4340
  0.6656
  0.9900
  0.3318
  0.0687
  0.1900
  0.3192
  0.1900
  0.2523
  0.0600
  0.1100
  0.0878
  0.0866
  0.1539
  0.0630
  0.2661
  0.1900
  0.9868
  0.4655
  0.1032
  0.1301
  0.1900
  3.1715
  3.3446
  3.5881
  2.8383
  0.1000
  0.2435
  0.1747
  3.6806
  1.8447
  2.2396
  1.7251
  2.8442
 26.0913
  0.1900
  7.5552
  0.1000
  0.0752
  0.1000
  0.0125
  0.0827
  0.2974
  0.6508
  0.1900
  0.9900
  1.3453
  2.3300
  3.3319
 15.3091
  4.9894
  0.2800
  0.0821
  0.0900
  0.2432
  0.3225
  0.2827
  0.1000
  0.1709
  0.2038
  0.0931
  0.1900
  0.0600
  3.2442
  1.3764
  0.2631
  2.1485
  0.3400
  0.3400
  0.3105
  0.3183
  0.1044
  6.4247
  4.1982
  2.9801
  3.6280
  3.3993
  0.1627
  0.0845
  0.2252
 15.7700
 20.0895
  3.3498
  4.3354
  8.9401
  2.1582
  5.0107
  0.1459
  0.3116
  0.2878
  0.1900
  0.1600
  0.2403
  0.3154
  2.4560
  0.1985
  1.2692
  1.8100
  2.1334
  1.2281
  3.0395
  1.6898
  0.1900
  0.1836
  0.0900
  0.2937
  0.1900
  0.1611
  0.1600
  0.2292
  0.1775
  0.0900
  0.1600
  3.3477
  0.2475
  5.5400
  0.1900
  2.4946
  0.9900
  0.0600
  0.1100
  0.0900
  5.5320
  9.2612
  3.4671
  5.2300
  7.6677
  7.7663
 14.6988
  4.1947
  0.3209
  1.3433
 15.7700
  5.2773
  4.0800
  4.1505
  0.1592
  1.3028
  0.1058
  0.2774
  0.0600
  0.2019
  0.0900
  0.1900
  1.7029
  0.0739
  2.2107
  1.3800
  2.1597
  0.1035
  0.1351
  1.3302
  1.3786
  0.0900
  0.2919
  0.3223
  0.2769
  0.0776
  0.0234
  0.2403
  0.0800
  0.3115
  0.1876
  0.2776
  0.1135
  7.9349
  0.1085
  0.6213
  0.7923
  0.3400
  1.1092
  0.1648
 15.7700
  5.2075
 30.0000
 18.9742
 10.2055
 16.8816
  5.1188
  0.0694
  0.3163
  0.1667
  7.7534
  3.3449
  2.6583
  0.3289
  0.1006
  1.2345
  0.2672
  0.2677
  0.3400
  0.2800
  0.0070
  0.1000
  0.0810
  2.0138
  1.8987
  2.4768
  1.8562
  1.9348
  2.4839
  2.2968
  1.7210
  1.3238
  0.1858
  0.3400
  0.0745
  0.1000
  0.1068
  0.1639
  0.2267
  0.2800
  0.2834
  0.0600
  5.5166
  3.0367
  0.0600
  1.8900
  0.3362
  1.1003
  0.8117
  6.7975
 12.7400
  5.1262
  2.8223
  5.2529
  5.2253
  5.6891
  9.1687
  0.2316
  0.2800
  0.6429
  0.2600
  2.9021
  0.2443
  1.3711
  2.4381
  0.0352
  2.3353
  0.3014
  0.2091
  0.1600
  0.0803
  1.3800
  0.3280
  1.8788
  2.1551
  2.2637
  2.2927
  1.9139
  1.8064
  1.6652
  1.8664
  1.8102
  1.8107
  0.9200
  0.6876
  0.2800
  0.1100
  0.1900
  0.1795
  0.1100
  0.1900
  0.2664
  0.2322
  0.1000
  3.7263
  1.3671
  1.3721
  1.9087
  1.2738
  3.3669
  6.4900
 20.3500
  8.9000
  3.1592
  3.6003
  3.4353
  0.1868
  0.4122
  0.1100
  0.1638
  0.0600
  0.1120
  0.1561
  0.2800
  0.0819
  1.8195
  2.3236
  1.7100
  2.3300
  1.7089
  1.8147
  1.9423
  1.9419
  1.9751
  1.7842
  2.0574
  1.3700
  2.2891
  2.5199
  1.3652
  1.7915
  1.1902
  0.7436
  0.9793
  0.9965
  0.2227
  0.0600
  0.3051
  0.0907
  0.1616
  0.3115
  0.1762
  0.2800
  2.7552
  9.1100
  3.4079
  1.2785
 18.9701
  3.6611
  3.0407
 15.7700
  7.5600
  6.2600
  7.9200
  3.5136
  9.1624
  0.1900
  0.3692
  0.0916
  0.0600
  0.0934
  0.1100
  0.0950
  1.3088
  1.1823
  0.9900
  1.3800
  2.1943
  2.3408
  2.3300
  1.7055
  2.4911
  1.5418
  2.1659
  1.3731
  1.7091
  1.3675
  1.8009
  1.3758
  2.3714
  1.7000
  1.2100
  1.0126
  5.1817
  0.7984
  1.2100
  0.4997
  0.0579
  0.0894
  0.0884
  1.0938
  0.0087
  0.3259
  4.0973
 19.3588
  1.3800
  2.3300
  2.5485
  2.9666
  0.0731
  2.9826
  3.4142
  2.5500
  1.2272
  0.2285
  0.3325
  0.2613
  0.3206
  0.5419
  0.8314
  0.9023
  0.1864
  0.2686
  2.1881
  0.7091
  2.6563
  2.3752
  2.1126
  1.8138
  1.2649
  1.8867
  1.3778
  1.8631
  2.2465
  1.7036
  1.6917
  1.7007
  1.3009
  1.8162
  2.3599
  1.6643
  5.0660
  3.3455
  0.5161
  0.9834
  0.9600
  1.3950
  0.8428
  0.6731
  0.2515
  0.0995
  0.0900
  0.0600
  2.4700
  3.3412
  2.2132
  2.5232
  1.6893
  1.7867
  0.0427
  5.1279
  1.8474
 30.0000
  3.3483
  0.2681
  0.3354
  0.4516
  0.5469
  1.0101
  0.5172
  0.9645
  0.4521
  2.2936
  1.6892
  0.8236
  1.8417
  2.3321
  1.2613
  2.1629
  1.2928
  1.9078
  1.2723
  1.3400
  2.3382
  1.9450
  2.0656
  0.0903
  0.1074
  0.2800
  1.3540
  1.1443
  1.9385
  3.7299
  3.9734
  1.2100
  0.2309
  0.6444
  0.3365
  0.8640
  1.0750
  0.1777
  0.1131
  0.0716
  2.1925
  3.0512
  1.2819
  8.8552
  2.3300
  9.0579
  1.0802
  5.5205
  9.8986
  1.3598
  0.4510
  0.9062
  0.8255
  0.8119
  0.7100
  0.3400
  1.3412
  0.6823
  2.3162
  1.1257
  1.2700
  1.7087
  3.7650
  3.0076
  3.3193
  1.7615
  1.2145
  2.4788
  1.9231
  1.3660
  1.7476
  1.9228
  2.3877
  0.1875
  0.2297
  0.0300
  0.3194
  0.0732
  2.1903
  1.3600
  2.5297
  1.3800
  1.3313
  0.9336
  1.1675
  1.3896
  0.3853
  0.0900
  0.2251
  0.1289
  0.2649
  5.5068
  2.5181
  1.7903
  2.5279
  2.2943
  1.2100
  3.8375
  6.4760
  8.7100
  0.9063
  9.0641
  0.6613
  0.0804
  0.0834
  0.6637
  0.9379
  0.9900
  0.3400
  1.2100
  1.3600
  2.8352
 10.2582
  2.9900
  3.6955
  2.4876
  1.9635
  1.8512
  2.3250
  2.1451
  1.2567
  1.9168
  2.0003
  1.2557
  2.3300
  0.2415
  2.3330
  1.3555
  1.7173
  1.3545
  1.6727
  1.3723
  2.3738
  1.0127
  1.1255
  0.4599
  0.0935
  0.1679
  0.0900
  0.0978
  0.1741
  0.1100
  1.3800
  1.6600
  2.4810
  2.0064
  0.8877
  9.0800
  5.5400
 10.2700
  3.6100
  0.9289
  3.1578
  0.2938
  0.4544
  0.9382
  0.7015
  0.3373
  0.3400
  1.7727
  1.8062
  1.8756
  2.8270
 18.6859
  2.9600
  1.8052
  1.3638
  1.9528
  2.1574
  1.2099
  1.1844
  1.2955
  1.6884
  1.2100
  0.0900
  0.0942
  1.8124
  1.8664
  1.8056
  1.2970
  0.3327
  0.9900
  0.9614
  1.2100
  0.9262
  0.0900
  0.3862
  0.3745
  1.0022
  0.1000
  0.6235
  2.4604
  0.6200
  2.5129
  0.2324
  0.0265
  1.2100
  3.0897
 19.3389
  2.7400
  0.9029
  0.6097
  0.2548
  0.9605
  0.8811
  1.1016
  1.4194
  1.0251
  1.1100
  0.2132
  0.1600
  7.3271
 10.6564
 19.4400
  9.0800
  4.9200
 30.0000
  3.3353
  1.3800
  2.3300
  0.3400
  1.9401
  1.7698
  2.3300
  0.3245
  1.3577
  2.0902
  0.2316
  0.0993
  1.9461
  1.1087
  0.9034
  1.1018
  0.8221
  0.4888
  0.1900
  0.3203
  0.3310
  0.1080
  0.3190
  2.6180
  1.7056
  1.2171
  0.3845
  0.3388
  0.8121
  7.9501
 15.6654
 14.3491
  0.4046
  1.0484
  0.6246
  1.0179
  4.6503
  0.9783
  0.6263
  1.1041
  3.0678
  4.0645
  0.4681
  1.1014
  3.8735
  0.5057
  3.4575
  2.9700
  8.0796
 21.1977
  2.7406
  1.9703
  0.2671
  0.3437
  1.2100
  1.9612
  1.3800
  0.9283
  6.5486
  0.1839
  0.2308
  0.1838
  0.4555
  2.1033
  0.7823
  0.6588
  0.4233
  0.2435
  0.1900
  0.2240
  0.1000
  1.3548
  0.1900
  1.8206
 10.3122
  0.3502
  9.1420
  0.9369
  0.3400
  0.9054
  0.3288
  3.0357
  0.4565
  0.9460
  0.4791
  2.2826
  0.9211
  0.4642
  0.4278
  0.6454
  0.9863
  0.4671
  5.0997
  3.7574
  5.0147
 22.0294
  2.7551
  2.7499
  4.9038
  3.0340
  1.2877
  1.3793
  0.8378
  0.8024
  0.0900
  0.5299
  1.8164
  1.7542
  2.7440
  0.0902
  0.1047
  0.2200
  0.1600
  0.2800
  0.3160
  0.4305
  0.6229
  0.1900
  0.1900
  0.0879
  0.3382
  1.0124
  0.1443
  0.1600
  5.9272
  3.4876
  2.4719
  0.9002
  0.3253
  3.7298
  0.6584
  0.3400
  0.1000
  1.1538
  0.5056
  0.9379
  0.9205
  1.0100
  0.4533
  0.6516
  0.3910
  3.2888
  4.9072
 20.3252
  8.8128
  2.8306
  9.1324
  5.2836
  0.6960
  2.8311
  2.1521
  0.2351
  0.2745
  0.1600
  0.1900
  0.3143
  0.6032
  0.8607
  3.5810
  0.0191
  0.0826
  0.1900
  0.3636
  0.2770
  0.6465
  0.5943
  0.3190
  0.2415
  0.3054
  0.0600
  0.3206
  0.1900
 15.7700
  4.6247
  7.9564
  3.5291
  0.9900
  2.7436
  5.0660
  3.0173
  0.1100
  0.2800
  0.4684
  1.4403
  0.4587
  0.3312
  0.3888
  1.7141
  0.6697
  0.1700
  5.1402
  0.0950
  3.1540
  3.3315
  4.3518
  3.6195
  0.6992
  1.0069
  0.0891
  1.7272
  0.2415
  0.0903
  0.1000
  0.0900
  0.2239
  0.3242
  1.3760
  0.4846
  1.0187
  0.0600
  0.0900
  0.3028
  0.1839
  0.3581
  0.1000
  0.5383
  0.0295
  0.2893
  0.2155
  0.2800
  0.2263
  0.1000
  0.2772
  0.1063
 15.6731
  4.4715
  2.8444
  0.8154
  0.3964
  4.1777
  0.4663
  0.2713
  0.4755
  1.2224
  0.4522
  0.6664
  2.2046
  1.3717
  2.1577
  1.6985
  0.2644
  0.2991
  0.2338
  8.4779
  2.7461
  8.9866
  0.3400
  0.8495
 20.9133
  2.1700
  0.2191
  0.3140
  0.3275
  0.0731
  0.0900
  0.8667
  0.9221
  1.1421
  0.3312
  0.0194
  0.5971
  0.8204
  0.2883
  0.5292
  0.7219
  0.2950
  0.3728
  0.0744
  0.2800
  0.1697
  0.1902
  0.0875
  0.2163
  0.4329
  0.3876
  5.1007
  5.1026
  3.3422
  3.3407
  3.1729
  0.0971
  0.1900
  1.0086
  1.1730
  0.9978
  0.3400
  1.8702
  2.7567
  1.2485
  2.7513
  3.1233
  2.7550
  0.0900
 14.0826
  0.3300
  0.5941
  3.5537
  1.1093
  0.8429
  5.5400
  0.0900
  0.2410
  0.0900
  0.3712
  0.1190
  0.0983
  0.7983
  0.3557
  0.3400
  0.0600
  0.1978
  0.0760
  0.8288
  1.4261
  0.7345
  0.4193
  0.0849
  0.0600
  0.1100
  0.0773
  0.1000
  0.0424
  0.1813
  0.1999
  0.0600
  0.1054
  3.3385
  2.7504
  3.6274
  2.9743
  0.3230
  0.1466
  0.1816
  2.3223
  0.7957
  2.3400
 20.9740
  1.1827
  4.6754
  2.5362
  4.4157
  0.9909
  0.5257
 19.2528
  0.6498
  1.0939
  0.4372
  0.2417
  0.8222
  0.0900
  0.1100
  0.4138
  0.3461
  0.3951
  0.0900
  0.0600
  0.9857
  1.3370
  0.1252
  0.3143
  1.3800
  0.3818
  1.0177
  0.9427
  1.0000
  0.3401
  0.4543
  0.1743
  0.0648
  0.0842
  0.0600
  0.2679
  0.1020
  0.3102
  0.1600
  0.9300
  2.8312
  4.5821
  3.3315
 18.8810
  0.2750
  1.3800
  1.3796
  1.3800
  0.1000
  0.1900
  2.7496
  2.2931
  1.7351
  1.8193
  3.4460
 17.0287
  3.3344
 15.7700
  0.9306
  0.7932
  1.0490
  0.8346
  0.7788
  0.1900
  0.1100
  0.5193
  0.3511
  8.9480
  0.3229
  0.9458
  0.7900
  0.0661
  0.6350
  0.6512
  0.3597
  0.9519
  0.8323
  0.6093
  0.7704
  1.0161
  0.0575
  0.3470
  0.2704
  0.3400
  0.2184
  0.1802
  0.1100
  0.0900
  0.2800
  0.3403
  0.0921
  1.0182
  2.1514
  2.7475
  0.2706
  0.1013
  0.1765
  1.9247
  1.7814
  0.0600
  0.0807
  0.1024
  4.9172
  1.9591
  1.2912
  0.9242
  2.7494
  0.8400
  3.4588
  0.1900
  0.8633
  0.1900
  0.1066
  0.6953
  0.3800
  0.3951
  0.0900
  3.0400
  4.2261
  5.1397
  0.3400
  0.3023
  0.7086
  2.3393
  0.9543
  0.9372
  0.4820
  0.7048
  2.2067
  0.5038
  0.0600
  0.5868
  0.1318
  0.1100
  0.1604
  0.1443
  1.9834
  1.1353
  0.1380
  0.1695
  0.3894
  0.5244
  0.7384
  0.0930
  0.1600
  0.2353
  0.2329
  0.3042
  0.2231
  2.5528
  0.1100
  1.1218
  0.6095
  1.2100
  0.7041
  2.9619
  3.3406
  3.3805
  0.0852
  0.8281
  0.1900
  0.6544
  0.4820
  0.5060
  0.2062
  0.3143
  0.0900
  0.1906
  0.1810
  4.8900
  3.0145
  2.3575
  0.6635
  0.9194
  1.1032
  0.3001
  0.3667
  3.0910
  1.0710
  1.1052
  0.8319
  1.0237
  0.1000
  1.3800
  0.1113
  0.0900
  1.2435
  0.3292
  0.9902
  0.1038
  0.1873
  0.5172
  0.9400
  0.9504
  0.2335
  0.0916
  0.1505
  0.1900
  0.1064
  0.2800
  1.3467
  1.0045
  2.2136
  0.3305
  0.8344
  0.0930
  5.5400
  0.1900
  0.0900
  0.1042
  0.0927
  0.2034
  0.1319
  0.3641
  0.2893
  0.2441
  0.1769
  0.1401
  0.7406
  1.3784
  0.8566
  0.6709
  0.4204
  0.8908
  0.3042
  0.4500
  0.4662
  2.5182
  1.8143
  1.0058
  0.5702
  0.4468
  2.3114
  2.1506
  2.4102
  2.1300
  1.8997
  0.3400
  0.3400
  0.1833
  0.2483
  0.3166
  0.2490
  0.1000
  0.3157
  0.0922
  0.1600
  0.2457
  0.0944
  0.9900
  0.6566
 14.3610
  4.2249
  0.9360
  0.3708
  0.9694
  0.2612
  0.3400
  0.0907
  1.0200
  1.0942
  0.3213
  0.3400
  0.2386
  0.3104
  0.3656
  0.1258
  0.3354
  0.4017
  1.2399
  1.3670
  1.1090
  0.9377
  0.1600
  0.2048
  0.0217
  0.1900
  0.5887
  1.0373
  0.6503
 18.7507
  0.9828
  0.7888
  9.2187
  1.8133
  2.3281
  4.9047
  0.1868
  0.1942
  0.2244
  0.0735
  0.1000
  0.0359
  0.3708
  1.3590
  0.2265
  0.0613
  0.2197
  1.2113
  1.8755
  0.8253
  5.0716
  3.7609
  9.2700
  1.1322
  3.8070
  2.7538
  5.1291
  1.9712
  0.9869
  1.5956
  0.4790
  0.3140
  0.2800
  0.7926
  0.8315
  0.2334
  0.8243
  0.6186
  0.1613
  0.4046
  0.6551
  0.1900
  0.3756
  0.0627
  0.0749
  0.6698
  0.2800
  2.7482
  4.9295
  0.3400
  8.2100
  0.5700
  7.5324
  2.9703
  8.3836
  1.1358
  0.2306
  0.1435
  0.2778
  0.1002
  0.3173
  0.1662
  0.3400
  2.3144
  0.6145
  0.9795
  0.0600
  0.8317
  0.0600
  0.8546
  5.1034
  9.0100
  8.0300
  2.5200
  2.2377
  1.2431
  0.3400
  0.4600
  0.8066
  0.4708
  0.4009
  1.0758
  0.8107
  1.1587
  0.5801
  0.2252
  1.5886
  0.9367
  8.0368
  0.3400
  0.2139
  0.3996
  0.0600
  0.0900
  0.1161
  0.3400
  9.3362
  3.3451
  3.5661
 13.1481
  5.4166
  2.7539
  9.3870
  2.9456
  0.3400
  0.9694
  0.6711
  0.3256
  1.2100
  0.1100
  0.2360
  0.2211
  0.2422
  1.7463
  0.3400
  0.4342
  0.8827
  0.6500
  0.1870
  0.3400
  0.7864
  0.7388
  3.5600
  7.5588
  2.7496
  1.8316
  0.6564
  0.4671
  0.8186
  1.0152
  0.4060
  0.6167
  0.7658
  0.1146
  0.7238
  1.2100
  0.3316
  0.4560
  0.0978
  0.3400
 30.0000
  0.1848
  0.0900
  1.2100
  0.6433
  0.1307
  9.0800
 15.7700
  3.0220
  9.2136
  4.9046
  3.5723
  7.9400
  2.3300
  0.8789
  0.1307
  0.8343
  1.1034
  0.0946
  0.1090
  0.0366
  0.1000
  0.1745
  1.1038
  1.2100
  0.0600
  0.9321
  0.3429
  0.2611
  0.0956
  0.0900
  2.7430
  3.3267
  0.2765
  0.2555
  0.0807
  1.8150
  0.0667
  0.9357
  0.5242
  0.9977
  0.9908
  0.2026
  0.0002
  0.5422
  2.5426
  3.3464
  0.2543
  0.0600
  2.3391
  2.7576
  5.0457
  0.2334
  0.6721
  1.0133
  0.6872
  1.9800
  3.8095
  8.4800
  5.4952
  3.5503
 18.6400
  8.3400
  2.5100
  0.8434
  0.7174
  0.7288
  0.6095
 11.8747
  0.2894
  0.2228
  0.1000
  0.2536
  0.6341
  0.3400
  0.9712
  0.3784
  0.0969
  0.0900
  0.5213
  0.1900
  0.1100
 27.6705
  4.6472
  4.9550
  0.1707
  0.3400
  0.6603
  0.9548
  2.3797
  0.6345
  0.3849
  0.7491
  0.3400
  0.6939
  2.9741
  0.4829
  2.1433
  0.0900
  1.7165
  1.7100
  5.0610
  0.5940
  0.3400
  0.5827
  1.3459
  8.4336
  9.4200
 18.7600
  5.2600
  7.6294
  5.5400
  2.2800
  2.3212
  0.4952
  7.5388
  0.5156
  0.9434
  0.0793
  0.1100
  0.1958
  0.2862
  0.1664
  0.6267
  0.8680
  0.3400
  1.1000
  0.0911
  0.1783
  0.2200
  0.3259
  0.0600
  5.6761
  0.1700
  0.1600
  1.8308
  1.1087
  0.8392
  0.9274
  0.4384
  0.3400
  2.7589
  2.8298
  5.1800
  1.0646
  1.1055
  1.2769
  7.7352
  3.7070
  2.8616
  1.6631
  2.5289
  2.0461
  0.8056
  1.2100
  0.9234
  1.8192
  1.7053
  2.8200
  4.1284
  3.2812
  8.4878
 20.7590
 20.7614
  0.6968
  3.4942
  3.5848
  8.4306
  3.0394
  3.1801
  0.3256
  0.0687
  3.0270
  0.5139
  0.3574
  0.8945
  0.9648
  0.1100
  0.1100
  0.1755
  0.2982
  0.1900
  0.3400
  0.1100
  1.3803
  1.7800
  0.9278
  0.8127
  1.9370
  0.9980
  1.3600
  1.3155
  4.9044
  2.9652
  2.8400
  5.1969
  2.7769
  2.8361
  5.9145
  5.4797
  1.8200
  0.6544
 18.8414
  1.2100
  1.1084
  1.8921
  2.3397
  2.3298
  9.0299
  4.9280
  5.3633
  2.9952
 20.2849
  2.0659
  1.8544
 18.5958
 15.7700
  3.3324
  2.9836
  3.8100
  0.1900
  0.3254
  2.9773
  0.6046
  1.0022
  1.2387
  0.1687
  0.2947
  0.2738
  0.0889
  0.1000
  0.3058
  0.3166
  0.2591
  0.3400
  0.9176
  1.8874
  1.4825
  1.7519
  0.7589
  1.3386
  1.3753
  1.2544
  0.7997
  5.3990
  5.0175
  3.5635
  9.3849
  1.3429
  1.9474
  2.1844
  2.8702
  2.9608
 30.0000
  5.3834
  2.3300
  2.1363
  8.1724
  1.2056
  4.5152
  5.0625
  3.5900
  2.7502
 15.7700
  3.7461
  3.4555
  8.6593
  3.3767
  5.0766
 15.7700
  0.0600
  0.1182
  0.1839
  0.7066
  0.7970
  0.3350
  0.8895
  0.2222
  0.1382
  0.0875
  0.0933
  0.2867
  0.2642
  0.3400
  0.8240
  0.3375
  0.2612
  0.5836
  1.2679
  0.3336
  1.3372
  0.3400
  0.5787
  0.7924
  3.0337
  0.1900
  3.3399
  0.1229
  1.3771
  2.5124
  3.5820
  3.0698
  9.2350
  3.3619
  4.2900
  6.4100
  7.7100
  2.8356
  0.3400
  3.0251
  3.6400
  5.3100
  2.2200
  2.1375
  1.7039
  1.3053
  2.4922
  3.4086
 18.6791
  3.6028
  0.0900
  0.0225
  8.8834
  0.9710
  0.1246
  0.4461
  0.0646
  0.3200
  0.3171
  0.1096
  0.2167
  0.2989
  0.2558
  0.2505
  0.3906
  0.8317
  1.1032
  0.9998
  0.3400
  0.8329
  1.1499
  2.3300
  0.6602
  0.6565
  1.3100
  0.3400
  3.0388
 15.7700
  3.3453
  3.0979
  2.8570
  6.4339
  3.2517
  9.0800
  3.3311
  3.2100
  2.3300
  2.8356
  2.9743
 10.2064
 13.5229
  9.0800
  2.7536
  1.3764
  0.9498
  1.3800
  6.4704
  3.6859
  2.7591
  0.3400
  2.7520
 18.7347
  0.1900
  0.2420
  1.2398
  0.1900
  0.3400
  0.0677
  0.3136
  0.1000
  0.1616
  0.1900
  0.0601
  0.0179
  5.0501
  3.1302
  0.9211
  2.6147
  0.9220
  0.6439
  0.8314
  1.0218
  0.8303
  1.2839
 30.0000
 19.9972
  5.1234
  2.5923
  5.5400
 21.4054
 11.5000
  3.3482
  5.4537
  2.7557
  9.4093
  7.9779
  2.9997
  3.8534
  2.9865
  2.8252
 16.6607
  4.0314
  3.5100
  2.9165
  0.9666
  0.4518
  0.6839
  0.3400
  2.8316
  2.7580
  0.0601
  7.9401
  0.6953
  0.0600
  0.0600
  1.8184
  1.4124
  0.3400
  0.9889
  0.0881
  0.1066
  0.0600
  0.2903
  0.0900
  8.4649
  5.0920
  0.9900
  6.4368
  0.3400
  0.9714
  1.8050
  1.0115
  1.1068
  1.2100
  0.3400
  1.2100
  2.4372
  3.5493
 18.1396
  9.6692
  5.9256
 18.8993
  6.5321
  6.4425
  9.0227
  8.6525
  3.0015
  0.2629
  0.1016
  4.1749
  2.7844
  3.3425
  3.5666
  2.9814
  0.8938
  3.0050
  0.6451
  4.5306
  1.3622
  2.7451
  0.0757
  2.9757
  0.5881
  1.5594
  0.3383
  2.5132
  0.6585
  1.2737
  0.2503
  0.0789
  0.0600
  0.1930
  4.8986
  2.8763
  3.4592
  3.3114
  0.3400
  3.6226
  5.5400
  1.0659
  0.6291
  0.3886
  2.7423
 20.8638
  2.8220
  2.7448
  1.3160
  2.7410
 12.5032
  5.0027
  4.8564
  6.3722
  2.7580
 11.0800
  8.6319
  9.1340
  0.1674
  0.3341
  0.1304
  0.2206
  2.7448
  3.2409
  0.3330
  0.6921
  6.8171
  1.1796
  2.5155
  1.3800
  2.3328
  0.2400
  3.4858
  0.6839
  0.9365
  2.3300
  1.3800
  1.2100
  0.6815
  0.6573
  0.4911
  0.6700
  5.1008
  5.5387
  4.7520
 10.5531
  5.3525
  9.1901
 15.7700
  3.3426
  6.7374
  5.9881
  1.6775
  2.8392
  3.6327
  3.3358
  4.1304
  2.7502
  2.1418
  3.5258
 30.0000
  2.7533
  6.2614
  3.5620
 58.3200
 17.1900
 22.7500
  4.6248
 10.2448
  0.2800
  0.3244
  3.2312
  5.5400
  2.3073
  3.0526
  0.9849
  0.8329
  0.9900
 30.0000
  1.6845
  5.2506
  3.7056
  0.3400
  1.8921
  0.4241
  1.8138
  2.3300
  2.1377
  2.3300
  0.4188
  0.9942
  0.0647
  0.9568
  3.9348
  4.3780
 18.1872
 10.7867
  2.1396
 15.7700
  0.7035
  3.8357
  2.7549
  8.3401
  1.7840
  5.1500
  3.3231
  5.2166
  7.8974
 19.9241
  3.3334
 18.6677
  2.8688
  3.3473
  2.7600
  5.2713
 21.0800
  5.0543
  5.9781
 19.0954
  3.5934
  8.7580
  3.9273
  1.2219
  3.6338
  3.4215
  1.9917
  1.8180
  0.9298
  3.3374
 21.9428
  8.9338
  5.8866
  2.7408
  1.2238
  0.5547
  1.6103
  2.3300
  1.7012
  1.0758
  0.9900
  0.9279
  1.2100
  0.2666
  0.3429
  5.0085
  7.8251
  7.4729
  5.2277
  0.3400
  0.5100
  3.0451
  5.0950
  9.1875
  2.7569
  3.3597
  9.0245
  9.8743
  2.8041
  0.0000
  3.3176
  2.8947
  5.4463
  9.1716
  9.1149
  5.0862
  2.8237
  2.9231
  6.2814
  3.3457
  6.4560
  0.2312
  0.1800
  0.2944
  1.8006
  1.3700
  1.3800
  1.7021
  0.3400
  3.6622
  2.7561
  1.7975
  1.3070
  5.0148
 10.2070
  1.3488
  1.3667
  0.8696
  2.2654
  0.8617
  0.9546
  1.0103
  0.6917
  0.0977
  0.3400
  3.4399
  0.2159
  5.2355
  1.3675
  0.8019
  0.9298
  3.3399
 11.4765
  2.8640
  3.5171
  4.9189
  8.3965
  5.0558
  7.5478
  4.8576
  3.3448
  6.1406
  3.6045
  0.3210
  5.0500
  3.4657
 15.6230
  5.3800
  7.6408
  3.3322
 15.7700
  5.9233
  0.1900
  0.3079
  2.6291
  1.9708
  1.3559
  1.7891
  3.0155
  3.3481
  1.3428
  4.0263
  1.7079
  3.3500
  3.9683
 17.2298
  2.5310
  2.1250
  0.8296
  0.7919
  1.2100
  0.9852
  2.1365
  0.5155
  0.8100
  0.6696
  0.1900
  0.9945
  0.2448
  0.7326
  0.3987
  3.8282
  3.5240
  2.7548
  3.3346
  1.9266
  5.1758
  4.0672
  3.3441
  3.5197
  2.9898
 10.7687
  4.9127
  8.5467
 10.8318
  2.9442
  5.5400
  7.5300
 10.2000
  2.7501
  3.6302
  4.6000
  7.5401
  3.5854
  1.3651
  2.1509
  1.8663
  2.7500
  1.3497
  1.9125
  2.3300
  1.3031
  5.4588
  1.7053
  5.3799
  3.3346
  1.7951
  2.1973
  0.9262
  0.5747
  1.0348
  1.6768
  1.9136
  1.2703
  0.9900
  0.3999
  0.2800
  0.4000
  0.1100
  0.4283
  0.8300
  2.7578
 10.5372
  4.9075
  0.0000
  2.9862
  2.7448
  2.8251
  3.3462
  0.2300
  0.0389
  0.1802
  8.7722
  2.1554
  2.8508
  3.5671
  0.2442
 15.7700
  3.6128
 15.7700
  9.0216
  2.9349
  3.5363
  8.8274
  0.0900
  1.9681
  1.9137
  2.3247
  1.3632
  8.6294
  1.7041
  1.9243
  3.3320
  1.3800
  3.3396
  4.5488
  2.1125
  2.0771
  0.0357
  1.9600
  1.6934
  3.3602
  1.2720
  0.8351
  0.4583
  0.9226
  0.5907
  0.5519
  0.3183
  0.3942
  0.1000
  0.0733
  0.1013
  8.7490
  0.0742
  4.7173
 15.7700
  0.2461
  0.1281
  0.0900
  1.2906
  0.2800
  1.9156
  0.2264
  1.9628
  2.3340
  0.3223
  2.9874
  3.8588
  4.3985
  0.1623
  0.1000
  2.7512
  4.9166
  0.1586
  0.3016
  0.0773
  2.4432
  1.9634
  1.8507
  1.3422
  1.9601
  0.8395
  2.9956
  5.0255
 18.1307
  1.2995
  1.7622
  1.7801
  1.3026
  1.2937
  3.5319
  8.0570
  0.8073
  0.9342
  0.6090
  0.6497
  0.0824
  0.1839
  0.0600
  0.1900
  0.0809
  0.2826
  0.0600
  0.2695
  0.3140
  0.2800
  0.1100
  0.3400
  0.1364
  0.2470
  0.1900
  0.0996
  2.0406
  0.1000
  0.0981
  3.1844
  4.2516
  0.1934
  0.1061
  0.0792
  2.7418
  0.1895
  5.0554
  2.9884
  0.1900
  1.9752
  1.3044
  2.2820
  1.1050
  2.6551
  1.1036
  2.1684
  1.7050
  1.3800
  2.8275
  1.3675
  1.6782
  2.3098
  0.1900
  0.1100
  0.2058
  0.4464
  0.1233
  1.1511
  0.6396
  0.3220
  0.3064
  0.1848
  0.1162
  0.1900
  6.6426
  9.0449
  0.1745
  0.1148
  0.1775
  0.1804
  0.1394
  0.1030
  0.0786
  0.2800
  0.1600
  0.1900
  0.1855
  4.8951
  1.3620
  1.3929
  3.4585
  5.3884
  3.7237
  4.9169
  5.1134
  3.4451
  0.1778
  4.8054
  3.5221
 15.7889
  1.3611
  1.8340
  1.9654
  1.2100
  0.3544
  3.6147
  3.0082
  2.3121
  1.7955
  7.8009
  3.3368
  0.2494
  5.5400
  0.2826
  0.1100
  0.0900
  0.1709
  0.1600
  0.0600
  0.1900
  0.2749
  0.1173
  0.2534
  0.2487
  0.2254
  0.0600
  0.3290
  1.0147
  0.6534
  0.4488
  0.9329
  0.9330
  0.1600
  1.3800
  0.4296
  7.6705
  0.9579
  0.9515
  9.0800
  4.9134
  3.0104
  2.7410
  0.0825
  0.2552
  0.3095
  0.1807
  0.1955
  0.3212
  0.8213
  0.3877
  0.1171
  0.3693
  1.2100
  0.1924
  0.0600
  0.0926
  0.3100
  0.2269
  0.0965
  9.0799
 20.6594
  3.3300
  2.7597
  0.0780
  0.0600
  0.0522
  0.3256
  0.1743
  0.1100
  0.1900
  0.1629
  0.0378
  0.1100
  0.2654
  0.2509
  0.1900
  0.2363
  0.2534
  0.1000
  0.0900
  0.0631
  0.2754
  2.1538
  1.2467
  0.9339
  0.8900
  2.7594
  0.8529
  0.5187
  5.1480
  0.1054
  0.3400
  0.3384
  0.0852
  0.3269
  0.2950
  0.2800
  0.6085
  0.7651
  0.4888
  0.2629
  0.1687
  0.3349
  0.2473
  0.0512
  0.2722
  0.2401
  0.0417
  0.1900
 17.1590
  5.5400
  0.1830
  4.8947
  0.0608
  0.0938
  0.0994
  0.2800
  0.1900
  0.1600
  0.1000
  0.1689
  0.2839
  0.1000
  0.1085
  0.1011
  0.2715
  0.1016
  0.3284
  0.2633
  0.0989
  0.1652
  0.0837
  0.0817
  1.6454
  2.3117
  1.3605
  2.5301
  0.2847
  0.3356
  1.3628
  1.3552
  8.4999
  0.9250
  0.4202
  0.2800
  0.0902
  0.4199
  0.5845
  0.3742
  0.6071
  0.1024
  0.2417
  1.8011
  2.2631
  0.0600
  0.1000
  0.2105
  0.0314
  0.0721
  3.3114
  5.0139
  0.4615
 15.3746
  4.2371
 19.9425
 14.7869
  2.9658
  0.2166
  0.1535
  0.1762
  0.1600
  0.1900
  0.1900
  0.2306
  0.1000
  0.1900
  0.3252
  0.1900
  0.0905
  0.0600
  0.1900
  2.6656
  1.3597
  1.6282
  0.6584
  0.0825
  1.3603
  0.3176
  2.2633
  2.3300
  0.1695
  0.0137
  0.6500
  0.8025
  0.2309
  0.1654
  0.3051
  0.2800
  0.2711
  0.4291
  0.6186
  0.0900
  1.3758
  0.2237
  0.2800
  0.3250
  1.3800
  0.0647
  0.1100
  1.0508
  5.2290
  0.4288
  0.9237
  0.3236
  3.6075
 20.6093
  0.1900
  0.2800
  0.0735
  0.0212
  0.1125
  0.0803
  0.1100
  0.0921
  0.2322
  0.0600
  0.2188
  0.0900
  0.1060
  0.3141
  0.0900
  0.2746
  0.0734
  0.3288
  1.8100
  1.1815
  0.3177
  1.9121
  2.1932
  1.6290
  1.3514
  0.9182
  0.8228
  0.5327
  0.4474
  0.3832
  0.1788
  0.0600
  0.2467
  0.2800
  0.2930
  0.0600
  0.2270
  1.2759
  1.7692
  1.6758
  1.3567
  0.1000
  0.0600
  5.4436
  1.1022
  0.7945
  3.4465
  0.1674
  2.7416
  0.2025
  0.0650
  0.2734
  0.2926
  0.1100
  0.0670
  0.1900
  0.1812
  0.1900
  0.3118
  0.1600
  0.0850
  0.2623
  0.1900
  0.3198
  0.1900
  0.1748
  0.0600
  0.1900
  0.1900
  0.1037
  2.5802
  1.5409
  1.9617
  1.7965
  0.6347
  0.4501
  0.3400
  0.2629
  0.2221
  0.3407
  0.3488
  0.0800
  0.1900
  0.0890
  0.0254
  0.2034
  0.1600
  0.1000
  1.8153
  1.9347
  1.7004
  0.1826
  4.0327
 10.3949
  1.2100
  0.3400
  1.3511
  2.3300
  2.1740
  3.1081
  0.0900
  0.1600
  0.1290
  0.2210
  0.2800
  0.1100
  0.1900
  0.1700
  0.3134
  0.1000
  0.1883
  0.3400
  0.1100
  0.1900
  0.1600
  0.2738
  0.1900
  0.1000
  0.0600
  0.1836
  0.1100
  2.1359
  1.9232
  1.8671
  1.1286
  0.8423
  0.6548
  0.5962
  0.3280
  0.2421
  0.4735
  0.1756
  0.1900
  0.2597
  0.1900
  0.1068
  0.1900
  2.3300
  1.8900
  1.2100
  0.0028
  2.1103
  2.1991
 12.7400
  9.6354
  3.3429
  6.5553
  2.5396
  3.3400
  7.9229
  0.1100
  0.2800
  0.3194
  0.2600
  0.3125
  0.2226
  0.0941
  0.1897
  0.1900
  0.2271
  0.1211
  0.1600
  0.1900
  2.4811
  0.3137
  0.0436
  0.0900
  0.1892
  0.0900
  9.2786
  0.1900
  1.2100
  1.9667
  1.3776
  1.0064
  0.0818
  0.9200
  0.4575
  0.5901
  0.1840
  0.0900
  0.6546
  0.2830
  0.1900
  0.0832
  0.2800
  0.2800
  0.1900
  0.2539
  0.1074
  0.3400
  1.2363
  1.3800
  6.4900
 20.3500
  8.9000
  4.0433
  1.8388
 11.9590
  4.0091
  0.2800
  0.0185
  0.0900
  0.0922
  0.1186
  0.1900
  0.1600
  0.1600
  0.0900
  0.2881
  0.1541
  0.2066
  0.1457
  0.2350
  0.2393
  0.2370
  1.1176
  1.2453
  0.2291
  3.3487
  0.0900
  0.2693
  0.0600
  0.0600
  1.9950
  0.9366
  0.3880
  0.1797
  0.0916
  0.0600
  0.0900
  0.1600
  0.1858
  1.9102
  1.3800
  1.7485
  0.0734
  0.1115
  1.1415
  1.2100
  1.9769
  1.1156
  2.3420
 15.7700
  7.5600
  6.2600
  7.9200
  2.3073
  0.3168
  0.1831
  0.2959
  0.4821
  0.0694
  0.1900
  0.2373
  0.1900
  0.1000
  1.1414
  1.2228
  2.1354
  0.0766
  0.2800
  0.2295
  0.0600
  0.3313
  0.0600
  2.3224
  1.9672
  0.1100
  0.0568
 30.0000
  0.1629
  0.0900
  1.7000
  2.8623
  0.6501
  0.1263
  0.1563
  0.0812
  0.9045
  0.2800
  0.1824
  1.7630
  1.7891
  1.3806
  2.2197
  1.2813
  0.0600
  0.0600
  1.6856
  0.9359
  2.3300
  1.2450
  3.0540
  1.9844
  2.5500
  2.1819
  9.0800
  1.2530
  0.3400
  0.7722
  0.3930
  0.4156
  0.3020
  0.0677
  0.1600
  0.2892
  1.8072
  0.3160
  1.3435
  0.2431
  0.1900
  2.7466
  0.0900
  3.3481
  0.3197
  0.1000
  1.7069
  0.1372
  3.3438
  0.0600
  0.1900
  2.3068
  4.7347
  1.2418
  0.9956
  0.1780
  0.1644
  0.9600
  0.8682
  0.3331
  0.9164
  1.3800
  1.7883
  1.3639
  2.6553
  2.4700
  1.9629
  1.3750
  1.2934
  1.2117
  0.9268
  1.9764
  3.9816
  5.2624
  2.3898
  2.6974
  2.1642
  0.3898
  1.3691
  0.9519
  0.8192
  0.2342
  0.1653
  0.1100
  0.1731
  0.2800
  1.7081
  9.3130
  0.2309
  3.6159
  0.1645
  3.8065
  1.8153
 19.1462
  1.3400
  2.8250
  1.9240
  9.0800
  0.2800
  2.3332
  0.2800
  3.0296
  9.0212
  1.7006
  1.9786
  0.3329
  0.2951
  0.8663
  0.8317
  2.1496
  0.7227
  1.3800
  1.1939
  1.8987
  1.4009
  0.1900
  1.2100
  1.9705
  2.5377
  1.3658
  1.8148
  1.1639
  5.2529
  3.3236
  1.7227
  3.0468
  1.3502
  0.9408
  0.2693
  0.7100
  0.1760
  0.3222
  0.1900
  0.3387
  0.1900
  1.2700
 14.4984
  2.4641
  3.2656
  5.1902
  3.5536
  2.8296
  3.6916
  8.3803
  3.4976
  0.6728
  7.5123
  1.2028
  2.7285
  1.9908
  2.9335
  2.3575
  1.7731
  3.3368
  0.9900
  0.3400
  0.8058
  0.4599
  2.3300
  1.9781
  1.3800
  0.4903
  1.3713
  1.9529
  2.3300
  1.1276
  2.2382
  1.4967
  1.7089
  0.8328
  1.2795
  1.3800
  5.0574
 10.2033
  8.7100
  2.9974
  1.6665
  2.4978
  0.9229
  0.3400
  0.9312
  0.0667
  0.3228
  0.2480
  0.7957
  0.8689
  2.7580
  0.6377
  2.9900
  9.3171
  4.9005
  5.2125
  2.7440
  5.1993
  9.3586
  0.2800
  5.2552
  0.6638
  0.1900
 13.3082
  5.2517
  8.4525
 17.7775
  0.0835
  0.5253
  0.7189
  0.9085
  1.7000
  0.9223
  0.9822
  0.1652
  0.3867
  1.6951
  1.9697
  1.3436
  2.2364
  1.8161
  1.0947
  1.6600
  1.2100
  1.7603
  0.6735
  8.9491
  5.5400
 10.2700
  3.6100
  1.3800
  1.0459
  0.7469
  1.1803
  0.6983
  0.0891
  1.4750
  1.3793
  2.2852
  0.7036
  0.4511
  3.0897
  7.7994
  2.9600
  3.3285
  9.0800
  2.8328
  2.7521
  9.3391
  0.0600
  0.1000
  0.1816
  8.0886
  0.0900
  0.2500
  3.6063
  0.0600
  0.2333
  0.6549
  0.0926
  0.9900
  0.9832
  0.0600
  0.1531
  0.6353
  1.8265
  1.2100
  1.2412
  1.6665
  2.3300
  0.6339
  0.6200
  1.8190
  1.7816
  2.1562
  1.7066
  9.4973
  2.7582
  2.7400
  1.3477
  1.2100
  0.7040
  0.9604
  0.6568
  1.1015
  0.9381
  1.3668
  1.1100
  0.8890
  0.9218
  0.7249
  4.9090
 19.4400
  9.0800
  4.9200
  0.0764
 18.1517
  4.1902
  2.7514
  0.0746
  0.1900
  0.0981
  3.1033
  0.1719
  0.3174
  0.1100
  0.1610
  0.2593
  0.3266
  0.4472
  0.1100
  0.3534
  0.5019
  0.6524
  0.8012
  2.1850
  0.9186
  1.7467
  1.8103
  2.1387
  1.7012
  0.8434
  1.3766
  0.9509
  1.7622
  1.9567
  2.1408
  1.8180
  1.9045
  1.7645
  2.1742
  0.6738
  0.3400
  2.2060
  0.9341
  0.2185
  0.1900
  1.0093
  1.1053
  0.3323
  0.6768
 21.3212
  4.8615
  2.9700
  4.4908
  0.1900
  0.1000
  3.3202
  3.4897
  0.2394
  0.2252
  0.2285
  0.2033
  0.1600
  0.2440
  0.2702
  0.0600
  0.2268
  0.1900
  0.2445
  0.1020
  0.1900
  0.8435
  0.6370
  0.1713
  0.1100
  0.1846
  2.3174
  1.7094
  1.7841
  0.9699
  1.0848
  0.6657
  1.3180
  1.8649
  1.7067
  1.8210
  1.7323
  1.9730
  2.3300
  1.9232
  1.2100
  0.2652
  1.8106
  0.2752
  0.0750
  0.9698
  2.5269
  0.7795
  0.7336
  0.5043
  0.7688
  2.9868
  5.5400
  0.1900
  3.5164
  1.6695
  0.1000
  6.3904
  0.1871
  0.1068
  0.1611
  0.1393
  0.0641
  0.2642
  0.2270
  0.2421
  0.2200
  0.3195
  0.1628
  0.2616
  0.1734
  0.0600
  0.1900
  0.7215
  0.0045
  1.3491
  1.3469
  1.7913
  1.3659
  1.7868
  1.0090
  0.5013
  1.3499
 14.0843
  2.5228
  1.3620
  1.7980
  2.0553
  2.3300
  1.9333
  1.3427
  0.9195
  1.0100
  0.2435
  0.0863
  0.0879
  0.1025
  0.2384
  7.7666
  0.6227
  0.3400
  3.1443
  0.1600
  0.2230
  8.9532
  1.9323
  0.1900
  0.8434
  0.1600
  0.0816
  0.0600
  0.1900
  0.2800
  0.1034
  0.2800
  0.3176
  0.2912
  0.0661
  0.0900
  0.2963
  0.2977
  0.4655
  0.0874
  1.1738
  0.0600
  1.3551
  1.7910
  1.3226
  0.2587
  1.3541
  2.5034
  1.7889
  5.1216
  2.5007
  2.0879
 12.8956
  1.2703
  8.0005
  1.9638
  1.7850
  1.6852
  2.1397
  0.3400
  0.3400
  0.1700
  0.2812
  0.1656
  2.9617
  0.9799
  3.3338
  0.7328
  4.7752
 30.0000
  3.2775
  0.0600
  0.0691
  3.3996
  0.8149
  0.7135
  0.6426
  0.1591
  0.1900
  0.1644
  0.2554
  0.1861
  0.1704
  0.1900
  0.2800
  0.2410
  0.2800
  0.0600
  0.8342
  0.4021
  0.1900
  0.1912
  0.3198
  1.8813
  0.1100
  0.2208
  0.2800
  1.3701
  8.0053
  3.3399
  1.2130
  2.9612
  1.6834
  7.6727
  2.2804
  2.4465
  2.4675
  0.8696
  0.6855
  0.4578
  0.3736
  0.4700
  1.1003
  0.4356
  1.1090
  0.0769
  0.8508
  0.6929
  0.7303
  0.0754
  0.0265
  2.1700
  5.6515
  0.3308
  4.7508
  1.1316
  0.6944
  0.6456
  0.1600
  0.2720
  0.2217
  2.4270
  0.2911
  0.2800
  0.0900
  0.1918
  0.2800
  0.1900
  0.0771
  0.1100
  0.0949
  0.2632
  0.0057
  0.0856
  1.8137
  2.3300
  0.9224
  1.3196
  2.8334
 12.4727
  1.8165
  2.3267
  2.8974
  0.0639
  2.9602
  2.2072
  2.0626
  2.9894
  0.9146
  0.1900
  0.0720
  0.5663
  0.7339
  0.8889
  0.5797
  0.3417
  0.3300
  0.9620
  2.1807
  0.4021
  0.1075
  0.0656
  1.7959
  7.8876
  0.9900
  0.0952
  0.4300
  0.6293
  0.1756
  0.5820
  1.2673
  2.1593
  1.2100
  0.1049
  0.2588
  0.1743
  0.0900
  0.1600
  0.1857
  0.2575
  0.1100
  0.1174
  0.1000
  0.1886
  0.3991
  1.9001
  0.9120
  1.2152
  1.0125
  0.9900
  0.5908
  9.3377
  3.4456
  0.2232
  0.1900
  2.0077
  1.1678
  2.3400
  2.3300
  0.1900
  0.7971
  0.3126
  0.9155
  1.6394
  2.5131
  0.2700
  0.2179
  0.0600
  1.3103
  2.0924
  1.3800
  0.2366
  5.2473
 21.8675
 19.6503
  2.9779
  0.8151
  0.9282
  1.0067
  0.7718
  1.9703
  1.3760
  1.3800
  0.3144
  1.2100
  0.2924
  0.0600
  0.1166
  1.3059
  0.0900
  0.2800
  0.8098
  1.2100
  0.1600
  0.6212
  1.0893
  0.5286
  0.9300
  1.5161
  0.3400
  4.4955
  3.6009
  0.0600
  1.9660
  1.3707
  1.3800
  1.0699
  4.9132
  3.3319
  0.1900
  0.2938
  0.3255
  0.2574
  0.7701
  0.6550
  0.6286
  0.1213
  0.2213
  0.3331
  1.3565
  1.8780
  1.2302
  4.4864
  3.6253
  0.8885
  0.0900
  0.1099
  0.0900
  0.7900
  0.3241
  1.7227
  2.1787
  1.2508
  1.9045
  2.0802
  0.9329
  0.0969
  0.1080
  1.3502
  1.7631
  1.7038
  0.8931
  0.1230
  0.3048
  0.8152
  0.7652
  0.6486
  0.7157
  0.9394
  7.7964
  3.7073
  3.5467
  0.2800
  1.2100
  0.1195
  2.7502
  1.3800
  3.3384
  5.1369
  0.3400
  0.1600
  0.4350
  3.5595
  0.3400
  1.0163
  0.8400
  0.0773
  0.0619
  0.6676
  1.5034
  2.4858
  1.2684
  1.3800
  3.0337
  7.9202
  3.0400
  0.0773
  0.2099
  0.4574
  0.1900
  1.0259
  0.0600
  1.9030
  0.4960
  2.2013
  2.5086
  1.2100
  2.9673
  2.3997
  0.1101
  1.7909
  1.3331
  0.1059
  0.5693
  1.7739
  1.3800
  1.0056
  1.0480
  0.5967
  5.1266
  5.5400
 18.2724
  0.1600
  0.2776
  0.0765
  0.1600
  3.6834
  3.5774
  0.1100
  0.1728
  0.3962
 16.1196
  5.0280
  0.2944
  1.9276
  1.5190
  4.6936
  0.9044
  0.6097
  1.9593
  0.3386
  2.1584
  1.6890
 10.0932
  2.3387
  0.9900
  0.3400
  4.8900
  0.0775
  0.1855
  0.0895
  0.0888
  0.6572
  2.3300
  1.0153
  0.5654
  5.0078
  5.2306
  1.1239
  1.9622
  1.7544
  2.6856
  0.8293
  1.2100
  2.3300
  2.3300
  0.6811
  0.3320
  0.6200
  0.9106
  0.9400
  0.8628
  0.1775
  0.0342
  0.1600
  0.1900
  0.0952
  0.1568
  2.8239
  0.1541
  0.5016
  0.6197
  0.4561
  0.9291
  1.2100
  0.6743
  0.8247
  0.9428
  0.8733
  0.3411
  0.9900
  1.0161
  0.9215
  0.9994
  0.4592
  0.9626
  0.6291
  0.1900
  0.3256
  0.3098
  0.1855
  0.2800
  0.8076
  0.4500
  0.6437
  0.7012
  0.9280
  0.4624
  1.3613
  2.5126
  1.7801
  2.0359
  2.0535
  2.1300
  1.3800
  0.3931
  0.4872
  1.0047
  0.0980
  0.8995
  0.8254
  0.4671
  0.3165
  0.0830
  0.1018
  0.0900
  0.0800
  2.7576
  0.1600
  0.1616
  5.3469
  1.1033
 18.2443
 17.1052
  0.5102
  0.6407
  8.1542
  1.0200
 12.2925
  1.0985
  1.0149
  0.0002
  0.8486
  0.3400
  1.3515
  0.9454
  0.5410
  0.1900
  0.1550
  0.1100
  0.1858
  2.4081
  2.5585
  1.3640
  0.8377
  0.3400
  0.5297
  0.3400
  1.1595
  1.2546
  1.8979
  2.3091
  0.8307
  2.3300
  1.2350
  0.9378
  0.9900
  1.0308
  0.1000
  0.3400
  3.9717
  0.8485
  0.2337
  0.0900
  0.2800
  8.6823
  4.9157
 19.4116
 10.4988
  9.0462
  6.6648
  9.2700
  5.1587
  5.2826
  0.3378
  9.2224
 21.8754
  8.5031
  3.0333
  0.5489
  0.2800
  1.0450
  0.9857
  1.0010
  0.8947
  0.8995
  0.0777
  0.0600
  0.3400
  0.2037
  0.1900
  0.9900
  2.1572
  1.7885
  0.4379
  0.5242
  3.3342
  3.4246
  2.7427
  5.3749
  0.5700
  1.3578
  9.0621
 10.2234
  1.8599
  1.6904
  0.3381
  1.7091
  1.1066
  0.9963
  1.4077
  0.6636
  0.2891
  0.2953
  0.1175
  5.3847
  7.9085
 30.0000
  5.0211
  6.3351
  9.0100
  8.0300
  2.5200
  2.9262
  3.3492
 20.3577
  0.4600
  0.7039
  1.0052
  0.3367
  0.4185
  0.3400
  0.4400
  0.9389
  5.6901
  0.0666
  0.9846
  0.3400
  0.4592
  0.3241
 15.7700
  0.0869
  0.1000
  1.8402
  1.3714
  1.9677
  3.2947
  9.0323
  4.3273
  3.5665
  3.0140
  3.5912
  3.0232
 15.7700
 18.7096
  2.2387
  0.9299
  1.2100
  0.5771
  0.1600
  1.0524
  2.1955
 11.9767
  1.3174
  1.4587
  1.4351
  0.6500
  0.3400
  7.5457
  5.1955
  0.3400
  3.5600
  2.7498
  0.9914
  0.9377
 14.3499
 14.4271
  1.8125
  0.8494
  0.4580
  0.9365
  1.0302
  0.3829
  0.3400
  1.2100
  2.7545
  0.5806
  0.6655
  0.7029
  0.1128
  6.9240
  0.2268
  2.2967
  2.3047
  2.2735
  1.9740
  9.5777
  6.3971
  0.9900
  4.8162
  7.9319
  7.9400
  6.3232
  2.8359
  1.2100
  0.9502
  2.3300
  1.1087
  0.3400
 15.3997
  0.3839
  2.3300
  8.4711
  1.8923
  0.6645
  1.2486
  0.6525
  4.9128
  0.9900
  1.2100
  1.8129
  1.3687
  2.1382
  1.3645
 17.4944
  8.9649
  1.8683
  0.3545
  1.9179
  1.2100
  2.7497
  0.7080
  1.0579
  0.9890
  3.3371
  5.2073
  8.4288
  0.7943
  1.0176
 10.1068
  7.5308
  1.8144
  1.6185
  1.3800
  1.8154
  1.9800
  2.5541
  8.4800
  9.0257
  1.0214
 18.6400
  8.3400
  2.5100
  5.2356
  1.5611
  1.6738
  2.9297
  0.4639
  0.9380
  4.9048
 20.5917
  2.3300
  0.2800
  0.3321
  0.4521
  1.3532
  0.6984
  0.5924
  0.7725
  0.3400
  0.3501
  2.8081
  0.4785
  1.7038
  5.1395
  1.3071
  1.6928
  2.0143
  1.7056
  1.1827
  2.3212
  2.7405
  8.8667
  0.9926
  2.8250
  3.2196
  1.3540
  1.6823
  2.5253
  1.7100
  1.6775
  1.6955
  1.9441
  1.3800
  1.8844
  9.3899
  9.4200
 18.7600
  5.2600
  8.9972
  1.9656
  2.2800
  1.4656
  1.3860
  1.7022
  1.8134
 18.8579
  5.8992
  0.7833
  0.6889
  0.7828
  0.9208
  0.1900
  0.3033
  0.7797
  1.1000
  0.7080
  1.1095
  0.6017
  3.1400
  0.6837
  0.9379
  2.1414
  2.1631
  3.5133
  2.4964
  1.9552
  1.6053
  2.5521
  1.2348
  1.3544
  0.6657
  0.8202
  7.9224
 10.4526
  3.5012
 15.3942
 21.5748
  1.2413
  1.7958
  2.5099
 10.9440
  4.9112
  3.2288
  9.2817
 18.8453
  2.3300
  2.8200
 27.1080
  2.7420
  2.1856
  1.2100
  2.2131
  2.3813
  2.1580
  1.3680
  1.3800
 16.3575
 15.5100
  0.9900
  0.3761
  0.6576
  0.1909
  2.9205
  0.6743
  0.9191
  1.0062
  0.3345
 17.2372
  5.4218
  0.9244
  0.8424
  1.3499
  7.7036
  1.7800
  1.3438
  2.4356
  2.1960
  1.8205
  1.3600
  0.3983
  5.1438
  3.0094
  2.8400
  8.8439
  8.8274
  2.7869
 14.4778
  1.3692
  1.8200
  0.6389
  7.9635
  9.3147
  9.0539
  1.3792
  3.7771
  1.9417
  9.1411
  5.1556
  3.4271
  1.9605
  2.5376
  1.8571
  1.7745
  1.1651
  2.3300
  2.2477
  2.9635
  3.8100
  1.7168
  0.4597
  0.8823
  3.0113
  0.2480
  0.4094
  0.6483
  0.0600
  0.1100
  0.2800
  0.9232
  0.6512
  0.4432
  0.5755
  0.6173
  0.1900
  0.6453
  2.1463
  1.3071
  1.1074
  0.9923
  1.7055
  3.3484
  4.6572
  0.3400
  4.5952
  9.0800
  3.4172
 13.7867
  2.1882
  3.3266
  0.7615
  1.6611
  1.9665
  1.9220
  2.3300
  1.7366
  9.0800
  1.3682
  8.5325
 11.0666
  3.5900
  5.0921
  1.7631
  2.4808
  1.8639
  1.7713
  1.3800
  7.8130
  1.4442
  1.8622
  0.3400
  1.2100
  0.2800
  0.0805
  0.0965
  0.1600
  0.5111
  0.1100
  0.2800
  0.4049
 19.7616
  0.8154
  0.3819
  0.8381
  0.1000
  0.3400
  0.8634
  0.9805
  1.0615
  0.9329
  1.9681
  1.1986
 21.3455
  1.2100
  3.3320
  4.2156
  5.3829
  3.8075
  3.5036
  8.8651
  1.2100
  1.3629
  2.5152
  4.2900
  6.4100
  7.7100
  1.9433
  1.3677
  1.4266
  3.6400
  5.3100
  2.2200
  1.9617
  1.9732
  2.0355
  1.7758
  1.8325
  3.3606
  1.8183
  1.9569
  2.5240
  1.7033
  0.1222
  0.1931
  0.1294
  0.1071
  0.3200
  0.0600
  0.5261
  0.8646
  0.2800
  0.3370
  2.1441
  1.1724
  0.1221
  0.3400
  1.3663
  0.3400
  1.0157
  0.6762
  0.9713
  0.5988
  0.6479
 15.7700
  3.4966
  2.7558
  3.8673
  2.7456
  4.6180
 20.0571
  4.9155
  5.3359
  1.3105
  7.9751
  3.2100
  3.6151
  1.9024
  0.8457
  2.3178
  2.8379
  9.0800
  2.9605
  1.7055
  2.3300
  2.2110
  2.3613
  4.7515
  1.4470
  1.8113
  1.1434
 11.8156
  0.8155
  0.2175
  0.3223
  0.1000
  0.3400
  0.0807
  0.2709
  0.5595
  0.6739
  0.9658
  0.7967
  0.6452
  1.7896
  0.1900
  0.8302
  0.6708
  0.9256
  2.2958
  0.3400
  0.5297
  0.9583
  3.0134
  0.3376
  3.4405
 16.8793
  4.9161
  6.3354
  4.9315
  4.2224
  3.3873
  3.5193
  8.4897
  3.7436
  2.9585
  3.3339
  1.0185
  1.8476
  0.8514
  2.3337
 19.7560
  3.5100
  2.3300
  1.9391
  2.0629
  1.8800
  1.2303
  6.4694
  3.3466
  9.3692
  1.7669
  0.7485
  0.0685
  0.3283
  0.0331
  0.1804
  0.3173
  0.4346
  0.2245
  0.4531
  1.0103
  1.2432
  0.1208
  1.3768
  0.8996
  0.9900
  0.6270
  0.7010
  1.8154
  1.3800
  0.6341
 18.6488
  2.9655
 15.3125
  3.4788
  3.0405
  9.5944
  3.2088
  7.9797
  1.7968
  9.2395
  6.4379
  0.4068
  1.1955
  5.0556
  3.5646
  2.8350
 20.9503
  0.7987
  6.2790
  1.9764
  2.5202
  5.3029
  2.3860
  2.1797
  1.7803
  1.3126
  0.1000
  0.3121
  3.3361
  0.2155
  1.2100
  0.3426
  2.1404
  0.2661
  2.0890
  0.1900
  0.4747
  0.1600
  0.5463
  1.8773
  0.0872
  1.8171
  0.9651
  0.9559
 30.0000
  0.3994
  0.8930
  1.9235
 14.0857
  1.2100
  2.7520
  2.9441
  7.6852
  4.6904
  2.3433
  1.3053
  2.7817
 13.9953
  1.4927
  5.0531
  5.2961
 11.0800
  2.8260
  2.7530
 12.9948
  3.5131
  4.1144
  6.3334
  7.6450
  2.8693
  2.1316
  2.7596
  1.8517
  1.2100
  1.5661
  0.1866
  0.6283
  0.2400
  0.1163
  0.0615
  0.9302
  2.3300
  0.1600
  0.4524
  0.5917
  9.4095
  0.3364
  0.6700
  0.2890
  0.3400
  0.1100
  1.6007
  0.1718
  0.8868
  1.0136
  0.3400
  1.0207
  1.7534
  7.5318
  2.9650
  4.4201
  9.3040
  1.3613
  3.3636
  2.7497
  8.0509
  3.5101
  3.6370
 16.9362
  9.0800
 58.3200
 17.1900
 22.7500
  3.1003
  2.9368
  3.3935
  4.1578
  5.2635
  2.1900
  3.0716
  1.8087
  1.3145
  1.3769
  0.3721
  1.3800
  1.1291
  0.1900
  0.1720
  2.8391
  0.1600
  2.2197
  8.4461
  2.7429
  2.3013
  1.3215
  0.0963
  7.9112
  0.0752
  0.3400
  0.0456
  0.0774
  0.3372
  0.0905
  0.6469
  0.6581
  0.8386
  0.8336
 15.7700
  7.2947
  3.7950
  5.1500
  3.9167
  5.5698
  0.1000
  2.3106
  1.3706
  4.2338
  7.0085
  5.1748
  2.7600
  9.3282
 21.0800
  5.8047
  5.0552
  3.3365
  5.2002
  6.2053
  3.2898
 30.0000
  0.2718
  1.9227
  1.8058
  1.9139
  0.6373
  0.4977
  0.9986
  0.9279
  1.3329
  1.2158
  2.5116
  1.7047
  5.1081
  5.7904
  2.7564
 10.2302
  8.6964
  0.4199
  9.0328
  1.1157
  0.2206
  0.3400
  0.0222
  1.7507
  1.3441
  0.9486
  0.5100
  5.0628
  2.8588
 30.0000
  7.5399
  4.6934
  5.1512
  0.1900
  3.0399
  0.1600
  6.3065
  3.4191
  9.2471
  9.1342
  0.0000
  3.7446
  5.1942
  3.3798
  5.2401
  5.1655
 14.6454
  8.2073
  0.1800
  1.3747
  0.2800
  1.3700
  1.6259
  2.3300
  0.7953
  0.8389
  0.5593
  1.8174
  1.2855
  1.3226
  3.8510
  2.4103
  4.6162
  1.4224
  3.3483
  2.9974
  3.9166
  1.8655
  0.9192
  0.9230
  1.0108
  1.1025
  0.2130
  0.7068
  2.5021
  1.7422
 30.0000
  1.7061
  0.1900
  5.0982
  2.7404
  5.9449
  4.8321
  0.1900
  9.0366
  5.4226
  0.2800
  0.1740
  0.1859
  2.2005
  5.0500
  1.6628
  8.0132
  5.3800
  4.2989
  8.9754
  8.4397
 20.4107
  0.1600
  3.2845
  0.0816
  0.2081
  1.5207
  2.2929
  2.5368
  1.1896
  2.1373
  1.8997
  2.1796
  3.3500
  1.3560
  1.7996
 12.0666
  3.8172
  5.4344
  0.0900
  5.0731
  0.4219
  1.1208
  0.7991
  0.8100
  0.1600
  2.2734
  1.9187
  0.9653
  0.6335
  4.8937
  3.7552
  3.0209
  5.0833
  4.2141
  0.1887
  3.9234
  0.2852
  0.1481
  0.2800
  0.0900
  0.2800
  7.6166
  3.1805
  2.7472
  1.2601
  5.5400
  7.5300
 10.2000
  3.6271
  4.9492
  4.6000
  3.5187
  0.0943
  5.0685
  0.0404
  1.7916
  2.7500
  1.4017
  1.3800
  1.6782
  3.2880
  2.7512
 22.1215
  1.3586
  4.5986
 13.2124
  1.7923
  1.8366
  0.1309
  0.8122
  1.0008
  1.3129
  1.5126
  0.0857
  0.1600
  0.2962
  0.4000
  1.7011
  0.7997
  0.8300
  0.2689
  0.2847
  5.1102
 18.7453
 11.0132
  3.0087
  7.5469
 10.2623
  0.3282
  0.2626
  0.2800
  3.3668
  1.2569
  3.5347
  5.0022
 10.3927
 15.7700
  5.5400
  4.8513
  3.5340
  2.9876
  6.4451
  9.1674
  0.1900
  0.2724
  1.8887
  2.3392
  1.6362
  1.7374
  2.1905
  1.3527
  1.7082
  1.3627
  0.8240
  1.3637
  1.1381
  1.9786
  2.1633
  1.9600
  0.9075
  0.9265
  0.4081
  0.1616
  0.0600
  0.3400
  0.0048
  0.1100
  0.6019
  0.3007
  0.3820
  0.4432
  0.0600
  0.2282
  5.5400
  8.0947
  0.2530
  0.2800
  0.1635
  0.2800
  0.1000
  0.1444
  8.9266
  5.5249
  5.1384
  4.7988
  5.2022
  3.0353
  3.3941
 30.0000
  2.7449
  2.8234
  9.0800
  5.0728
  0.1100
  1.2100
  1.3800
  1.8189
  1.3202
  2.0015
  1.3774
  1.8147
  1.3772
  1.2100
  1.9748
  2.3385
  5.5400
  1.3602
  1.8132
  0.2183
  0.8372
  0.7084
  0.2577
  0.2213
  0.0613
  0.1900
  0.1000
  0.0600
  0.2126
  0.4201
  0.6706
  0.4104
  0.2498
  0.3195
  0.2002
  0.1100
  0.2506
  0.2208
  0.3400
  0.1900
  0.0900
  1.2361
  2.7452
  1.9359
  2.7491
  7.9276
  2.2182
  5.2035
  2.9836
 22.5120
  6.8218
  1.7844
  2.9156
  4.9170
 10.8881
  4.9782
  3.2225
  1.9794
  1.5245
  1.1380
  1.9237
  1.0101
  2.2951
  2.3300
  1.7927
  1.8996
  1.2100
  1.3800
  1.1947
  0.4725
  0.1100
  0.5832
  0.6860
  0.1502
  0.1019
  0.2284
  0.2319
  0.1070
  0.3044
  0.4122
  0.0900
  0.2577
  0.3528
  0.2612
  0.1100
  0.0908
  0.1900
  0.1900
  0.0900
 18.9682
  2.7515
  0.0000
  1.6123
  5.1692
  1.3521
  1.9669
  4.0466
  1.2977
  3.3468
  4.5622
  9.2063
  5.5400
  3.8440
  4.9439
  2.7489
  0.2800
 19.4795
  1.3800
  1.9763
  2.4819
  1.2809
  0.4510
  0.7220
  1.8285
  2.3300
  1.7239
