Model Indicator Variogram: cutoff =   -0.674 Direction 
  1    0.000        0.000      1      1.17810      0.00000
  2    1.000        0.114      1      0.46445      0.60576
  3    2.000        0.126      1      0.38598      0.67237
  4    3.000        0.137      1      0.31552      0.73217
  5    4.000        0.147      1      0.25229      0.78585
  6    5.000        0.156      1      0.19589      0.83373
  7    6.000        0.164      1      0.14621      0.87589
  8    7.000        0.171      1      0.10332      0.91230
  9    8.000        0.177      1      0.06740      0.94279
 10    9.000        0.181      1      0.03870      0.96715
 11   10.000        0.185      1      0.01759      0.98507
 12   11.000        0.187      1      0.00451      0.99618
 13   12.000        0.188      1      0.00000      1.00000
 14   13.000        0.188      1      0.00000      1.00000
 15   14.000        0.188      1      0.00000      1.00000
 16   15.000        0.188      1      0.00000      1.00000
 17   16.000        0.188      1      0.00000      1.00000
 18   17.000        0.188      1      0.00000      1.00000
 19   18.000        0.188      1      0.00000      1.00000
 20   19.000        0.188      1      0.00000      1.00000
 21   20.000        0.188      1      0.00000      1.00000
 22   21.000        0.188      1      0.00000      1.00000
 23   22.000        0.188      1      0.00000      1.00000
 24   23.000        0.188      1      0.00000      1.00000
 25   24.000        0.188      1      0.00000      1.00000
 26   25.000        0.188      1      0.00000      1.00000
 27   26.000        0.188      1      0.00000      1.00000
 28   27.000        0.188      1      0.00000      1.00000
 29   28.000        0.188      1      0.00000      1.00000
 30   29.000        0.188      1      0.00000      1.00000
 31   30.000        0.188      1      0.00000      1.00000
 32   31.000        0.188      1      0.00000      1.00000
 33   32.000        0.188      1      0.00000      1.00000
 34   33.000        0.188      1      0.00000      1.00000
 35   34.000        0.188      1      0.00000      1.00000
 36   35.000        0.188      1      0.00000      1.00000
 37   36.000        0.188      1      0.00000      1.00000
 38   37.000        0.188      1      0.00000      1.00000
 39   38.000        0.188      1      0.00000      1.00000
 40   39.000        0.188      1      0.00000      1.00000
 41   40.000        0.188      1      0.00000      1.00000
 42   41.000        0.188      1      0.00000      1.00000
 43   42.000        0.188      1      0.00000      1.00000
 44   43.000        0.188      1      0.00000      1.00000
 45   44.000        0.188      1      0.00000      1.00000
 46   45.000        0.188      1      0.00000      1.00000
 47   46.000        0.188      1      0.00000      1.00000
 48   47.000        0.188      1      0.00000      1.00000
 49   48.000        0.188      1      0.00000      1.00000
 50   49.000        0.188      1      0.00000      1.00000
 51   50.000        0.188      1      0.00000      1.00000
 52   51.000        0.188      1      0.00000      1.00000
 53   52.000        0.188      1      0.00000      1.00000
 54   53.000        0.188      1      0.00000      1.00000
 55   54.000        0.188      1      0.00000      1.00000
 56   55.000        0.188      1      0.00000      1.00000
 57   56.000        0.188      1      0.00000      1.00000
 58   57.000        0.188      1      0.00000      1.00000
 59   58.000        0.188      1      0.00000      1.00000
 60   59.000        0.188      1      0.00000      1.00000
 61   60.000        0.188      1      0.00000      1.00000
 62   61.000        0.188      1      0.00000      1.00000
 63   62.000        0.188      1      0.00000      1.00000
 64   63.000        0.188      1      0.00000      1.00000
 65   64.000        0.188      1      0.00000      1.00000
 66   65.000        0.188      1      0.00000      1.00000
 67   66.000        0.188      1      0.00000      1.00000
 68   67.000        0.188      1      0.00000      1.00000
 69   68.000        0.188      1      0.00000      1.00000
 70   69.000        0.188      1      0.00000      1.00000
 71   70.000        0.188      1      0.00000      1.00000
 72   71.000        0.188      1      0.00000      1.00000
 73   72.000        0.188      1      0.00000      1.00000
 74   73.000        0.188      1      0.00000      1.00000
 75   74.000        0.188      1      0.00000      1.00000
 76   75.000        0.188      1      0.00000      1.00000
 77   76.000        0.188      1      0.00000      1.00000
 78   77.000        0.188      1      0.00000      1.00000
 79   78.000        0.188      1      0.00000      1.00000
 80   79.000        0.188      1      0.00000      1.00000
Model Indicator Variogram: cutoff =    0.000 Direction 
  1    0.000        0.000      1      1.57080      0.00000
  2    1.000        0.145      1      0.65948      0.58016
  3    2.000        0.162      1      0.55462      0.64692
  4    3.000        0.177      1      0.45891      0.70785
  5    4.000        0.191      1      0.37145      0.76353
  6    5.000        0.204      1      0.29195      0.81414
  7    6.000        0.215      1      0.22053      0.85960
  8    7.000        0.225      1      0.15763      0.89965
  9    8.000        0.233      1      0.10389      0.93386
 10    9.000        0.240      1      0.06019      0.96168
 11   10.000        0.246      1      0.02755      0.98246
 12   11.000        0.249      1      0.00709      0.99549
 13   12.000        0.250      1      0.00000      1.00000
 14   13.000        0.250      1      0.00000      1.00000
 15   14.000        0.250      1      0.00000      1.00000
 16   15.000        0.250      1      0.00000      1.00000
 17   16.000        0.250      1      0.00000      1.00000
 18   17.000        0.250      1      0.00000      1.00000
 19   18.000        0.250      1      0.00000      1.00000
 20   19.000        0.250      1      0.00000      1.00000
 21   20.000        0.250      1      0.00000      1.00000
 22   21.000        0.250      1      0.00000      1.00000
 23   22.000        0.250      1      0.00000      1.00000
 24   23.000        0.250      1      0.00000      1.00000
 25   24.000        0.250      1      0.00000      1.00000
 26   25.000        0.250      1      0.00000      1.00000
 27   26.000        0.250      1      0.00000      1.00000
 28   27.000        0.250      1      0.00000      1.00000
 29   28.000        0.250      1      0.00000      1.00000
 30   29.000        0.250      1      0.00000      1.00000
 31   30.000        0.250      1      0.00000      1.00000
 32   31.000        0.250      1      0.00000      1.00000
 33   32.000        0.250      1      0.00000      1.00000
 34   33.000        0.250      1      0.00000      1.00000
 35   34.000        0.250      1      0.00000      1.00000
 36   35.000        0.250      1      0.00000      1.00000
 37   36.000        0.250      1      0.00000      1.00000
 38   37.000        0.250      1      0.00000      1.00000
 39   38.000        0.250      1      0.00000      1.00000
 40   39.000        0.250      1      0.00000      1.00000
 41   40.000        0.250      1      0.00000      1.00000
 42   41.000        0.250      1      0.00000      1.00000
 43   42.000        0.250      1      0.00000      1.00000
 44   43.000        0.250      1      0.00000      1.00000
 45   44.000        0.250      1      0.00000      1.00000
 46   45.000        0.250      1      0.00000      1.00000
 47   46.000        0.250      1      0.00000      1.00000
 48   47.000        0.250      1      0.00000      1.00000
 49   48.000        0.250      1      0.00000      1.00000
 50   49.000        0.250      1      0.00000      1.00000
 51   50.000        0.250      1      0.00000      1.00000
 52   51.000        0.250      1      0.00000      1.00000
 53   52.000        0.250      1      0.00000      1.00000
 54   53.000        0.250      1      0.00000      1.00000
 55   54.000        0.250      1      0.00000      1.00000
 56   55.000        0.250      1      0.00000      1.00000
 57   56.000        0.250      1      0.00000      1.00000
 58   57.000        0.250      1      0.00000      1.00000
 59   58.000        0.250      1      0.00000      1.00000
 60   59.000        0.250      1      0.00000      1.00000
 61   60.000        0.250      1      0.00000      1.00000
 62   61.000        0.250      1      0.00000      1.00000
 63   62.000        0.250      1      0.00000      1.00000
 64   63.000        0.250      1      0.00000      1.00000
 65   64.000        0.250      1      0.00000      1.00000
 66   65.000        0.250      1      0.00000      1.00000
 67   66.000        0.250      1      0.00000      1.00000
 68   67.000        0.250      1      0.00000      1.00000
 69   68.000        0.250      1      0.00000      1.00000
 70   69.000        0.250      1      0.00000      1.00000
 71   70.000        0.250      1      0.00000      1.00000
 72   71.000        0.250      1      0.00000      1.00000
 73   72.000        0.250      1      0.00000      1.00000
 74   73.000        0.250      1      0.00000      1.00000
 75   74.000        0.250      1      0.00000      1.00000
 76   75.000        0.250      1      0.00000      1.00000
 77   76.000        0.250      1      0.00000      1.00000
 78   77.000        0.250      1      0.00000      1.00000
 79   78.000        0.250      1      0.00000      1.00000
 80   79.000        0.250      1      0.00000      1.00000
Model Indicator Variogram: cutoff =    0.674 Direction 
  1    0.000        0.000      1      1.17810      0.00000
  2    1.000        0.114      1      0.46445      0.60576
  3    2.000        0.126      1      0.38598      0.67237
  4    3.000        0.137      1      0.31552      0.73217
  5    4.000        0.147      1      0.25229      0.78585
  6    5.000        0.156      1      0.19589      0.83373
  7    6.000        0.164      1      0.14621      0.87589
  8    7.000        0.171      1      0.10332      0.91230
  9    8.000        0.177      1      0.06740      0.94279
 10    9.000        0.181      1      0.03870      0.96715
 11   10.000        0.185      1      0.01759      0.98507
 12   11.000        0.187      1      0.00451      0.99618
 13   12.000        0.188      1      0.00000      1.00000
 14   13.000        0.188      1      0.00000      1.00000
 15   14.000        0.188      1      0.00000      1.00000
 16   15.000        0.188      1      0.00000      1.00000
 17   16.000        0.188      1      0.00000      1.00000
 18   17.000        0.188      1      0.00000      1.00000
 19   18.000        0.188      1      0.00000      1.00000
 20   19.000        0.188      1      0.00000      1.00000
 21   20.000        0.188      1      0.00000      1.00000
 22   21.000        0.188      1      0.00000      1.00000
 23   22.000        0.188      1      0.00000      1.00000
 24   23.000        0.188      1      0.00000      1.00000
 25   24.000        0.188      1      0.00000      1.00000
 26   25.000        0.188      1      0.00000      1.00000
 27   26.000        0.188      1      0.00000      1.00000
 28   27.000        0.188      1      0.00000      1.00000
 29   28.000        0.188      1      0.00000      1.00000
 30   29.000        0.188      1      0.00000      1.00000
 31   30.000        0.188      1      0.00000      1.00000
 32   31.000        0.188      1      0.00000      1.00000
 33   32.000        0.188      1      0.00000      1.00000
 34   33.000        0.188      1      0.00000      1.00000
 35   34.000        0.188      1      0.00000      1.00000
 36   35.000        0.188      1      0.00000      1.00000
 37   36.000        0.188      1      0.00000      1.00000
 38   37.000        0.188      1      0.00000      1.00000
 39   38.000        0.188      1      0.00000      1.00000
 40   39.000        0.188      1      0.00000      1.00000
 41   40.000        0.188      1      0.00000      1.00000
 42   41.000        0.188      1      0.00000      1.00000
 43   42.000        0.188      1      0.00000      1.00000
 44   43.000        0.188      1      0.00000      1.00000
 45   44.000        0.188      1      0.00000      1.00000
 46   45.000        0.188      1      0.00000      1.00000
 47   46.000        0.188      1      0.00000      1.00000
 48   47.000        0.188      1      0.00000      1.00000
 49   48.000        0.188      1      0.00000      1.00000
 50   49.000        0.188      1      0.00000      1.00000
 51   50.000        0.188      1      0.00000      1.00000
 52   51.000        0.188      1      0.00000      1.00000
 53   52.000        0.188      1      0.00000      1.00000
 54   53.000        0.188      1      0.00000      1.00000
 55   54.000        0.188      1      0.00000      1.00000
 56   55.000        0.188      1      0.00000      1.00000
 57   56.000        0.188      1      0.00000      1.00000
 58   57.000        0.188      1      0.00000      1.00000
 59   58.000        0.188      1      0.00000      1.00000
 60   59.000        0.188      1      0.00000      1.00000
 61   60.000        0.188      1      0.00000      1.00000
 62   61.000        0.188      1      0.00000      1.00000
 63   62.000        0.188      1      0.00000      1.00000
 64   63.000        0.188      1      0.00000      1.00000
 65   64.000        0.188      1      0.00000      1.00000
 66   65.000        0.188      1      0.00000      1.00000
 67   66.000        0.188      1      0.00000      1.00000
 68   67.000        0.188      1      0.00000      1.00000
 69   68.000        0.188      1      0.00000      1.00000
 70   69.000        0.188      1      0.00000      1.00000
 71   70.000        0.188      1      0.00000      1.00000
 72   71.000        0.188      1      0.00000      1.00000
 73   72.000        0.188      1      0.00000      1.00000
 74   73.000        0.188      1      0.00000      1.00000
 75   74.000        0.188      1      0.00000      1.00000
 76   75.000        0.188      1      0.00000      1.00000
 77   76.000        0.188      1      0.00000      1.00000
 78   77.000        0.188      1      0.00000      1.00000
 79   78.000        0.188      1      0.00000      1.00000
 80   79.000        0.188      1      0.00000      1.00000
