Semivariogram           tail:primary - Z  head:primary - Z   direction  1 
   1        1.000     13.03226     2450        2.53364        2.53909
   2        2.000     16.64981     2400        2.49753        2.52300
   3        3.000     20.16062     2350        2.46945        2.50771
   4        4.000     21.73316     2300        2.45293        2.49312
   5        5.000     22.07451     2250        2.46641        2.49146
   6        6.000     23.60346     2200        2.48491        2.50075
   7        7.000     24.93002     2150        2.50757        2.52079
   8        8.000     25.62192     2100        2.53510        2.53821
   9        9.000     26.70175     2050        2.55013        2.56459
  10       10.000     26.42958     2000        2.57868        2.55968
  11       11.000     25.89645     1950        2.59246        2.57515
  12       12.000     25.68485     1900        2.63015        2.56526
  13       13.000     25.44122     1850        2.68092        2.54176
  14       14.000     26.82065     1800        2.73089        2.53918
  15       15.000     28.44593     1750        2.77629        2.52583
  16       16.000     28.75136     1700        2.79862        2.50789
  17       17.000     29.50605     1650        2.80812        2.48125
  18       18.000     27.49497     1600        2.80999        2.40404
  19       19.000     27.78358     1550        2.83630        2.32602
  20       20.000     27.67812     1500        2.87535        2.22932
Semivariogram           tail:primary - Z  head:primary - Z   direction  2 
   1        1.000     13.14910     2450        2.61572        2.51775
   2        2.000     16.80191     2400        2.64921        2.45918
   3        3.000     17.92280     2350        2.68369        2.37889
   4        4.000     19.18491     2300        2.72356        2.34000
   5        5.000     20.01656     2250        2.75722        2.31314
   6        6.000     22.14044     2200        2.79176        2.30304
   7        7.000     22.80859     2150        2.78771        2.27861
   8        8.000     23.68851     2100        2.78614        2.25039
   9        9.000     23.13833     2050        2.79200        2.17433
  10       10.000     23.64797     2000        2.81165        2.15231
  11       11.000     23.45634     1950        2.81330        2.13936
  12       12.000     23.30389     1900        2.80745        2.14270
  13       13.000     22.59971     1850        2.79272        2.11211
  14       14.000     22.48282     1800        2.80217        2.05762
  15       15.000     22.89125     1750        2.84072        2.01293
  16       16.000     23.21532     1700        2.87931        1.94995
  17       17.000     23.41340     1650        2.92879        1.89065
  18       18.000     23.53171     1600        2.99539        1.77568
  19       19.000     23.78989     1550        3.06566        1.67994
  20       20.000     24.10876     1500        3.13565        1.63567
Covariance              tail:primary - Z  head:primary - Z   direction  1 
   1        1.000     12.69870     2450        2.53364        2.53909
   2        2.000      9.05096     2400        2.49753        2.52300
   3        3.000      5.38966     2350        2.46945        2.50771
   4        4.000      3.70148     2300        2.45293        2.49312
   5        5.000      3.67338     2250        2.46641        2.49146
   6        6.000      2.57340     2200        2.48491        2.50075
   7        7.000      1.70601     2150        2.50757        2.52079
   8        8.000      1.53731     2100        2.53510        2.53821
   9        9.000      0.82612     2050        2.55013        2.56459
  10       10.000      1.24504     2000        2.57868        2.55968
  11       11.000      2.08220     1950        2.59246        2.57515
  12       12.000      2.65602     1900        2.63015        2.56526
  13       13.000      3.15603     1850        2.68092        2.54176
  14       14.000      2.12031     1800        2.73089        2.53918
  15       15.000      0.92072     1750        2.77629        2.52583
  16       16.000      0.81949     1700        2.79862        2.50789
  17       17.000      0.18216     1650        2.80812        2.48125
  18       18.000     -0.61078     1600        2.80999        2.40404
  19       19.000     -1.05823     1550        2.83630        2.32602
  20       20.000     -1.25654     1500        2.87535        2.22932
Covariance              tail:primary - Z  head:primary - Z   direction  2 
   1        1.000     13.02354     2450        2.61572        2.51775
   2        2.000      9.25504     2400        2.64921        2.45918
   3        3.000      6.19592     2350        2.68369        2.37889
   4        4.000      5.13209     2300        2.72356        2.34000
   5        5.000      4.56865     2250        2.75722        2.31314
   6        6.000      2.81984     2200        2.79176        2.30304
   7        7.000      1.58865     2150        2.78771        2.27861
   8        8.000      0.71644     2100        2.78614        2.25039
   9        9.000      0.18400     2050        2.79200        2.17433
  10       10.000     -0.36678     2000        2.81165        2.15231
  11       11.000     -0.49322     1950        2.81330        2.13936
  12       12.000     -0.46887     1900        2.80745        2.14270
  13       13.000     -0.09875     1850        2.79272        2.11211
  14       14.000     -0.07413     1800        2.80217        2.05762
  15       15.000     -0.09334     1750        2.84072        2.01293
  16       16.000     -0.22936     1700        2.87931        1.94995
  17       17.000     -0.15195     1650        2.92879        1.89065
  18       18.000     -0.42639     1600        2.99539        1.77568
  19       19.000     -0.69598     1550        3.06566        1.67994
  20       20.000     -0.46143     1500        3.13565        1.63567
Correlogram             tail:primary - Z  head:primary - Z   direction  1 
   1        1.000      0.49386     2450        2.53364        2.53909       24.77946       26.68244
   2        2.000      0.35267     2400        2.49753        2.52300       24.33429       27.06660
   3        3.000      0.21134     2350        2.46945        2.50771       23.99160       27.10748
   4        4.000      0.14590     2300        2.45293        2.49312       23.63398       27.23370
   5        5.000      0.14299     2250        2.46641        2.49146       24.02911       27.46606
   6        6.000      0.09852     2200        2.48491        2.50075       24.45203       27.90143
   7        7.000      0.06420     2150        2.50757        2.52079       24.82824       28.44364
   8        8.000      0.05674     2100        2.53510        2.53821       25.29958       29.01886
   9        9.000      0.03009     2050        2.55013        2.56459       25.46875       29.58677
  10       10.000      0.04508     2000        2.57868        2.55968       25.91320       29.43568
  11       11.000      0.07461     1950        2.59246        2.57515       25.97923       29.97776
  12       12.000      0.09392     1900        2.63015        2.56526       26.49886       30.17867
  13       13.000      0.11055     1850        2.68092        2.54176       27.08008       30.09505
  14       14.000      0.07338     1800        2.73089        2.53918       27.68550       30.15967
  15       15.000      0.03140     1750        2.77629        2.52583       28.32140       30.34916
  16       16.000      0.02776     1700        2.79862        2.50789       28.81724       30.23995
  17       17.000      0.00615     1650        2.80812        2.48125       28.96388       30.30569
  18       18.000     -0.02289     1600        2.80999        2.40404       29.34744       24.25615
  19       19.000     -0.04014     1550        2.83630        2.32602       30.11894       23.07137
  20       20.000     -0.04871     1500        2.87535        2.22932       30.87392       21.55187
Correlogram             tail:primary - Z  head:primary - Z   direction  2 
   1        1.000      0.49794     2450        2.61572        2.51775       26.99231       25.34337
   2        2.000      0.35596     2400        2.64921        2.45918       27.46367       24.61412
   3        3.000      0.26077     2350        2.68369        2.37889       27.93690       20.20763
   4        4.000      0.21491     2300        2.72356        2.34000       28.42551       20.06138
   5        5.000      0.18971     2250        2.75722        2.31314       28.91733       20.05589
   6        6.000      0.11553     2200        2.79176        2.30304       29.45732       20.22440
   7        7.000      0.06660     2150        2.78771        2.27861       28.73200       19.80329
   8        8.000      0.03007     2100        2.78614        2.25039       28.82400       19.69888
   9        9.000      0.00824     2050        2.79200        2.17433       29.15552       17.10762
  10       10.000     -0.01659     2000        2.81165        2.15231       29.65246       16.47518
  11       11.000     -0.02282     1950        2.81330        2.13936       29.80599       15.66606
  12       12.000     -0.02171     1900        2.80745        2.14270       29.30851       15.91964
  13       13.000     -0.00463     1850        2.79272        2.11211       28.66174       15.87695
  14       14.000     -0.00350     1800        2.80217        2.05762       28.59627       15.66675
  15       15.000     -0.00436     1750        2.84072        2.01293       29.22335       15.68723
  16       16.000     -0.01072     1700        2.87931        1.94995       29.71134       15.39686
  17       17.000     -0.00706     1650        2.92879        1.89065       29.99011       15.45505
  18       18.000     -0.02056     1600        2.99539        1.77568       30.71473       14.00822
  19       19.000     -0.03465     1550        3.06566        1.67994       31.43172       12.83587
  20       20.000     -0.02273     1500        3.13565        1.63567       32.27380       12.77090
General Relative        tail:primary - Z  head:primary - Z   direction  1 
   1        1.000      4.05158     2450        2.53364        2.53909
   2        2.000      5.28446     2400        2.49753        2.52300
   3        3.000      6.51076     2350        2.46945        2.50771
   4        4.000      7.10715     2300        2.45293        2.49312
   5        5.000      7.18442     2250        2.46641        2.49146
   6        6.000      7.59662     2200        2.48491        2.50075
   7        7.000      7.88788     2150        2.50757        2.52079
   8        8.000      7.96374     2100        2.53510        2.53821
   9        9.000      8.16557     2050        2.55013        2.56459
  10       10.000      8.00815     2000        2.57868        2.55968
  11       11.000      7.75802     1950        2.59246        2.57515
  12       12.000      7.61251     1900        2.63015        2.56526
  13       13.000      7.46175     1850        2.68092        2.54176
  14       14.000      7.72551     1800        2.73089        2.53918
  15       15.000      8.09491     1750        2.77629        2.52583
  16       16.000      8.16829     1700        2.79862        2.50789
  17       17.000      8.43710     1650        2.80812        2.48125
  18       18.000      8.09088     1600        2.80999        2.40404
  19       19.000      8.34044     1550        2.83630        2.32602
  20       20.000      8.49749     1500        2.87535        2.22932
General Relative        tail:primary - Z  head:primary - Z   direction  2 
   1        1.000      3.99175     2450        2.61572        2.51775
   2        2.000      5.15087     2400        2.64921        2.45918
   3        3.000      5.59438     2350        2.68369        2.37889
   4        4.000      5.98600     2300        2.72356        2.34000
   5        5.000      6.22876     2250        2.75722        2.31314
   6        6.000      6.82375     2200        2.79176        2.30304
   7        7.000      7.10891     2150        2.78771        2.27861
   8        8.000      7.47075     2100        2.78614        2.25039
   9        9.000      7.50498     2050        2.79200        2.17433
  10       10.000      7.67766     2000        2.81165        2.15231
  11       11.000      7.65019     1950        2.81330        2.13936
  12       12.000      7.60821     1900        2.80745        2.14270
  13       13.000      7.51528     1850        2.79272        2.11211
  14       14.000      7.61561     1800        2.80217        2.05762
  15       15.000      7.77362     1750        2.84072        2.01293
  16       16.000      7.96347     1700        2.87931        1.94995
  17       17.000      8.06417     1650        2.92879        1.89065
  18       18.000      8.27011     1600        2.99539        1.77568
  19       19.000      8.45082     1550        3.06566        1.67994
  20       20.000      8.47204     1500        3.13565        1.63567
Pairwise Relative       tail:primary - Z  head:primary - Z   direction  1 
   1        1.000      0.29858     2450        2.53364        2.53909
   2        2.000      0.42991     2400        2.49753        2.52300
   3        3.000      0.52580     2350        2.46945        2.50771
   4        4.000      0.61121     2300        2.45293        2.49312
   5        5.000      0.68226     2250        2.46641        2.49146
   6        6.000      0.72971     2200        2.48491        2.50075
   7        7.000      0.76113     2150        2.50757        2.52079
   8        8.000      0.77310     2100        2.53510        2.53821
   9        9.000      0.78740     2050        2.55013        2.56459
  10       10.000      0.78549     2000        2.57868        2.55968
  11       11.000      0.76598     1950        2.59246        2.57515
  12       12.000      0.74239     1900        2.63015        2.56526
  13       13.000      0.72441     1850        2.68092        2.54176
  14       14.000      0.70786     1800        2.73089        2.53918
  15       15.000      0.71476     1750        2.77629        2.52583
  16       16.000      0.72386     1700        2.79862        2.50789
  17       17.000      0.74472     1650        2.80812        2.48125
  18       18.000      0.76676     1600        2.80999        2.40404
  19       19.000      0.78406     1550        2.83630        2.32602
  20       20.000      0.80276     1500        2.87535        2.22932
Pairwise Relative       tail:primary - Z  head:primary - Z   direction  2 
   1        1.000      0.29681     2450        2.61572        2.51775
   2        2.000      0.42782     2400        2.64921        2.45918
   3        3.000      0.52563     2350        2.68369        2.37889
   4        4.000      0.59943     2300        2.72356        2.34000
   5        5.000      0.66168     2250        2.75722        2.31314
   6        6.000      0.71128     2200        2.79176        2.30304
   7        7.000      0.74947     2150        2.78771        2.27861
   8        8.000      0.78126     2100        2.78614        2.25039
   9        9.000      0.79766     2050        2.79200        2.17433
  10       10.000      0.81381     2000        2.81165        2.15231
  11       11.000      0.81333     1950        2.81330        2.13936
  12       12.000      0.81249     1900        2.80745        2.14270
  13       13.000      0.80624     1850        2.79272        2.11211
  14       14.000      0.79901     1800        2.80217        2.05762
  15       15.000      0.80180     1750        2.84072        2.01293
  16       16.000      0.80346     1700        2.87931        1.94995
  17       17.000      0.80055     1650        2.92879        1.89065
  18       18.000      0.79908     1600        2.99539        1.77568
  19       19.000      0.79686     1550        3.06566        1.67994
  20       20.000      0.79029     1500        3.13565        1.63567
Variogram of Logarithms tail:primary - Z  head:primary - Z   direction  1 
   1        1.000      0.41153     2450        2.53364        2.53909
   2        2.000      0.68232     2400        2.49753        2.52300
   3        3.000      0.94366     2350        2.46945        2.50771
   4        4.000      1.21372     2300        2.45293        2.49312
   5        5.000      1.47602     2250        2.46641        2.49146
   6        6.000      1.67412     2200        2.48491        2.50075
   7        7.000      1.83136     2150        2.50757        2.52079
   8        8.000      1.93061     2100        2.53510        2.53821
   9        9.000      1.99245     2050        2.55013        2.56459
  10       10.000      1.96886     2000        2.57868        2.55968
  11       11.000      1.91651     1950        2.59246        2.57515
  12       12.000      1.81694     1900        2.63015        2.56526
  13       13.000      1.73558     1850        2.68092        2.54176
  14       14.000      1.67364     1800        2.73089        2.53918
  15       15.000      1.66317     1750        2.77629        2.52583
  16       16.000      1.68492     1700        2.79862        2.50789
  17       17.000      1.78797     1650        2.80812        2.48125
  18       18.000      1.88579     1600        2.80999        2.40404
  19       19.000      1.96535     1550        2.83630        2.32602
  20       20.000      2.00710     1500        2.87535        2.22932
Variogram of Logarithms tail:primary - Z  head:primary - Z   direction  2 
   1        1.000      0.40996     2450        2.61572        2.51775
   2        2.000      0.67875     2400        2.64921        2.45918
   3        3.000      0.92571     2350        2.68369        2.37889
   4        4.000      1.17609     2300        2.72356        2.34000
   5        5.000      1.39674     2250        2.75722        2.31314
   6        6.000      1.58739     2200        2.79176        2.30304
   7        7.000      1.73222     2150        2.78771        2.27861
   8        8.000      1.83807     2100        2.78614        2.25039
   9        9.000      1.95000     2050        2.79200        2.17433
  10       10.000      2.02902     2000        2.81165        2.15231
  11       11.000      2.08322     1950        2.81330        2.13936
  12       12.000      2.13481     1900        2.80745        2.14270
  13       13.000      2.14473     1850        2.79272        2.11211
  14       14.000      2.14297     1800        2.80217        2.05762
  15       15.000      2.13377     1750        2.84072        2.01293
  16       16.000      2.11570     1700        2.87931        1.94995
  17       17.000      2.09946     1650        2.92879        1.89065
  18       18.000      2.07214     1600        2.99539        1.77568
  19       19.000      2.03903     1550        3.06566        1.67994
  20       20.000      2.04381     1500        3.13565        1.63567
Semimadogram            tail:primary - Z  head:primary - Z   direction  1 
   1        1.000      0.92768     2450        2.53364        2.53909
   2        2.000      1.12730     2400        2.49753        2.52300
   3        3.000      1.30021     2350        2.46945        2.50771
   4        4.000      1.40063     2300        2.45293        2.49312
   5        5.000      1.47126     2250        2.46641        2.49146
   6        6.000      1.52915     2200        2.48491        2.50075
   7        7.000      1.60130     2150        2.50757        2.52079
   8        8.000      1.62042     2100        2.53510        2.53821
   9        9.000      1.66093     2050        2.55013        2.56459
  10       10.000      1.66655     2000        2.57868        2.55968
  11       11.000      1.63641     1950        2.59246        2.57515
  12       12.000      1.61836     1900        2.63015        2.56526
  13       13.000      1.61183     1850        2.68092        2.54176
  14       14.000      1.63251     1800        2.73089        2.53918
  15       15.000      1.67241     1750        2.77629        2.52583
  16       16.000      1.67325     1700        2.79862        2.50789
  17       17.000      1.71252     1650        2.80812        2.48125
  18       18.000      1.71870     1600        2.80999        2.40404
  19       19.000      1.74418     1550        2.83630        2.32602
  20       20.000      1.75208     1500        2.87535        2.22932
Semimadogram            tail:primary - Z  head:primary - Z   direction  2 
   1        1.000      0.94214     2450        2.61572        2.51775
   2        2.000      1.16358     2400        2.64921        2.45918
   3        3.000      1.28611     2350        2.68369        2.37889
   4        4.000      1.38027     2300        2.72356        2.34000
   5        5.000      1.45333     2250        2.75722        2.31314
   6        6.000      1.55620     2200        2.79176        2.30304
   7        7.000      1.61108     2150        2.78771        2.27861
   8        8.000      1.65701     2100        2.78614        2.25039
   9        9.000      1.65593     2050        2.79200        2.17433
  10       10.000      1.68384     2000        2.81165        2.15231
  11       11.000      1.67927     1950        2.81330        2.13936
  12       12.000      1.68288     1900        2.80745        2.14270
  13       13.000      1.64556     1850        2.79272        2.11211
  14       14.000      1.63687     1800        2.80217        2.05762
  15       15.000      1.64110     1750        2.84072        2.01293
  16       16.000      1.65112     1700        2.87931        1.94995
  17       17.000      1.64072     1650        2.92879        1.89065
  18       18.000      1.63764     1600        2.99539        1.77568
  19       19.000      1.63833     1550        3.06566        1.67994
  20       20.000      1.63538     1500        3.13565        1.63567
