Semivariogram           tail:Primary      head:Primary       direction  1 
   1        0.000      0.00000      280        4.35043        4.35043
   2        1.412     60.62550      256        8.84773        8.84773
   3        4.405     52.95214      886        6.02221        6.02221
   4        8.085     44.15183     1438        4.46609        4.46609
   5       11.903     51.22849     1798        4.43352        4.43352
   6       15.922     37.84546     2042        4.20964        4.20964
   7       19.849     45.76223     1844        3.76399        3.76399
   8       23.966     47.00244     2220        3.99143        3.99143
   9       27.947     42.96206     2168        4.07630        4.07630
  10       31.879     47.26698     2046        4.04337        4.04337
  11       35.896     44.61099     1660        3.78591        3.78591
  12       39.829     51.18836     1468        4.62791        4.62791
Semivariogram           tail:Primary      head:Primary       direction  2 
   1        0.000      0.00000      140        4.35043        4.35043
   2        1.395     22.74783       38        7.80158        8.01868
   3        4.361     63.94893      137        7.83299        6.53131
   4        7.906     39.88619      183        4.21902        5.60978
   5       11.876     28.83377      253        3.08206        4.44700
   6       15.796     35.57732      255        3.30937        4.12937
   7       19.787     40.91345      249        2.58827        5.14161
   8       23.707     38.92186      284        2.06169        5.15736
   9       27.793     37.08881      227        1.98780        4.62493
  10       31.742     63.87635      199        2.89729        5.20030
  11       35.831     88.57642      121        1.92091        6.95430
  12       39.477     64.64303       90        1.83111        5.94356
Semivariogram           tail:Primary      head:Primary       direction  3 
   1        0.000      0.00000      140        4.35043        4.35043
   2        1.425     63.60714       40       11.25425        7.96025
   3        4.307     27.18675      113        5.73292        4.69912
   4        7.670     34.80703      171        4.97889        2.86626
   5       11.802     49.12243      208        4.53212        3.37067
   6       15.926     51.53424      263        4.43011        4.58665
   7       19.599     55.60277      247        3.90296        4.05923
   8       24.027     32.93499      292        3.10380        3.84740
   9       27.892     48.18502      303        3.36109        5.10584
  10       31.725     23.40851      257        3.71121        3.66541
  11       35.775     20.16121      179        2.66838        3.27084
  12       39.491     20.72808      101        4.04752        1.92030
Covariance              tail:Primary      head:Primary       direction  1 
   1        0.000     44.92429      280        4.35043        4.35043
   2        1.412     19.72375      256        8.84773        8.84773
   3        4.405      9.12609      886        6.02221        6.02221
   4        8.085     -0.47429     1438        4.46609        4.46609
   5       11.903      1.70200     1798        4.43352        4.43352
   6       15.922     -0.26902     2042        4.20964        4.20964
   7       19.849     -4.40945     1844        3.76399        3.76399
   8       23.966     -3.23355     2220        3.99143        3.99143
   9       27.947     -1.93703     2168        4.07630        4.07630
  10       31.879     -5.23215     2046        4.04337        4.04337
  11       35.896     -5.55834     1660        3.78591        3.78591
  12       39.829     -0.89137     1468        4.62791        4.62791
Covariance              tail:Primary      head:Primary       direction  2 
   1        0.000     44.92429      140        4.35043        4.35043
   2        1.395      5.06919       38        7.80158        8.01868
   3        4.361     10.80955      137        7.83299        6.53131
   4        7.906      0.70708      183        4.21902        5.60978
   5       11.876     -0.94773      253        3.08206        4.44700
   6       15.796     -1.94247      255        3.30937        4.12937
   7       19.787     -1.38744      249        2.58827        5.14161
   8       23.707     -3.19488      284        2.06169        5.15736
   9       27.793     -4.26811      227        1.98780        4.62493
  10       31.742     -8.32631      199        2.89729        5.20030
  11       35.831     -6.80653      121        1.92091        6.95430
  12       39.477     -4.97732       90        1.83111        5.94356
Covariance              tail:Primary      head:Primary       direction  3 
   1        0.000     44.92429      140        4.35043        4.35043
   2        1.425     34.40230       40       11.25425        7.96025
   3        4.307     12.13128      113        5.73292        4.69912
   4        7.670     -4.13093      171        4.97889        2.86626
   5       11.802     -1.38747      208        4.53212        3.37067
   6       15.926     -4.48508      263        4.43011        4.58665
   7       19.599     -5.91449      247        3.90296        4.05923
   8       24.027     -4.22612      292        3.10380        3.84740
   9       27.892     -4.79547      303        3.36109        5.10584
  10       31.725     -3.26120      257        3.71121        3.66541
  11       35.775     -4.16179      179        2.66838        3.27084
  12       39.491     -3.59654      101        4.04752        1.92030
Correlogram             tail:Primary      head:Primary       direction  1 
   1        0.000      1.00000      280        4.35043        4.35043       44.92429       44.92429
   2        1.412      0.24548      256        8.84773        8.84773       80.34925       80.34925
   3        4.405      0.14701      886        6.02221        6.02221       62.07823       62.07823
   4        8.085     -0.01086     1438        4.46609        4.46609       43.67754       43.67754
   5       11.903      0.03216     1798        4.43352        4.43352       52.93048       52.93048
   6       15.922     -0.00716     2042        4.20964        4.20964       37.57643       37.57643
   7       19.849     -0.10663     1844        3.76399        3.76399       41.35278       41.35278
   8       23.966     -0.07388     2220        3.99143        3.99143       43.76889       43.76889
   9       27.947     -0.04722     2168        4.07630        4.07630       41.02503       41.02503
  10       31.879     -0.12447     2046        4.04337        4.04337       42.03483       42.03483
  11       35.896     -0.14233     1660        3.78591        3.78591       39.05265       39.05265
  12       39.829     -0.01772     1468        4.62791        4.62791       50.29699       50.29699
Correlogram             tail:Primary      head:Primary       direction  2 
   1        0.000      1.00000      140        4.35043        4.35043       44.92429       44.92429
   2        1.395      0.19136       38        7.80158        8.01868       19.38092       36.20599
   3        4.361      0.15441      137        7.83299        6.53131       97.62253       50.20007
   4        7.906      0.02002      183        4.21902        5.60978       21.65040       57.60193
   5       11.876     -0.03711      253        3.08206        4.44700       18.32314       35.58588
   6       15.796     -0.06291      255        3.30937        4.12937       20.82988       45.76743
   7       19.787     -0.04926      249        2.58827        5.14161       13.41692       59.11559
   8       23.707     -0.12419      284        2.06169        5.15736       13.75487       48.11593
   9       27.793     -0.17833      227        1.98780        4.62493       12.36750       46.31941
  10       31.742     -0.20134      199        2.89729        5.20030       19.91346       85.88273
  11       35.831     -0.18636      121        1.92091        6.95430       10.44106      127.76372
  12       39.477     -0.14638       90        1.83111        5.94356       12.91731       89.50192
Correlogram             tail:Primary      head:Primary       direction  3 
   1        0.000      1.00000      140        4.35043        4.35043       44.92429       44.92429
   2        1.425      0.46974       40       11.25425        7.96025      149.22587       35.94258
   3        4.307      0.32912      113        5.73292        4.69912       50.84617       26.72113
   4        7.670     -0.17191      171        4.97889        2.86626       43.66589       13.22309
   5       11.802     -0.03122      208        4.53212        3.37067       62.53112       31.58984
   6       15.926     -0.09836      263        4.43011        4.58665       35.48799       58.58583
   7       19.599     -0.12001      247        3.90296        4.05923       43.42609       55.92604
   8       24.027     -0.16478      292        3.10380        3.84740       16.15987       40.70494
   9       27.892     -0.14271      303        3.36109        5.10584       16.89397       66.84098
  10       31.725     -0.16198      257        3.71121        3.66541       19.42400       20.86852
  11       35.775     -0.26546      179        2.66838        3.27084       13.71547       17.92041
  12       39.491     -0.26355      101        4.04752        1.92030       20.77293        8.96506
General Relative        tail:Primary      head:Primary       direction  1 
   1        0.000      0.00000      280        4.35043        4.35043
   2        1.412      1.54889      256        8.84773        8.84773
   3        4.405      2.92012      886        6.02221        6.02221
   4        8.085      4.42714     1438        4.46609        4.46609
   5       11.903      5.21249     1798        4.43352        4.43352
   6       15.922      4.27123     2042        4.20964        4.20964
   7       19.849      6.46013     1844        3.76399        3.76399
   8       23.966      5.90055     2220        3.99143        3.99143
   9       27.947      5.17110     2168        4.07630        4.07630
  10       31.879      5.78231     2046        4.04337        4.04337
  11       35.896      6.22489     1660        3.78591        3.78591
  12       39.829      4.78004     1468        4.62791        4.62791
General Relative        tail:Primary      head:Primary       direction  2 
   1        0.000      0.00000      140        4.35043        4.35043
   2        1.395      0.72711       38        7.80158        8.01868
   3        4.361      2.47944      137        7.83299        6.53131
   4        7.906      3.30302      183        4.21902        5.60978
   5       11.876      4.06922      253        3.08206        4.44700
   6       15.796      5.14356      255        3.30937        4.12937
   7       19.787      5.47786      249        2.58827        5.14161
   8       23.707      5.97480      284        2.06169        5.15736
   9       27.793      6.78533      227        1.98780        4.62493
  10       31.742      7.79325      199        2.89729        5.20030
  11       35.831      8.99604      121        1.92091        6.95430
  12       39.477      8.55555       90        1.83111        5.94356
General Relative        tail:Primary      head:Primary       direction  3 
   1        0.000      0.00000      140        4.35043        4.35043
   2        1.425      1.37828       40       11.25425        7.96025
   3        4.307      1.99852      113        5.73292        4.69912
   4        7.670      4.52434      171        4.97889        2.86626
   5       11.802      6.29230      208        4.53212        3.37067
   6       15.926      5.07089      263        4.43011        4.58665
   7       19.599      7.01652      247        3.90296        4.05923
   8       24.027      5.45291      292        3.10380        3.84740
   9       27.892      5.37712      303        3.36109        5.10584
  10       31.725      3.44151      257        3.71121        3.66541
  11       35.775      4.57244      179        2.66838        3.27084
  12       39.491      4.65605      101        4.04752        1.92030
Pairwise Relative       tail:Primary      head:Primary       direction  1 
   1        0.000      0.00000      280        4.35043        4.35043
   2        1.412      0.31799      256        8.84773        8.84773
   3        4.405      0.56664      886        6.02221        6.02221
   4        8.085      0.77564     1438        4.46609        4.46609
   5       11.903      0.81541     1798        4.43352        4.43352
   6       15.922      0.79415     2042        4.20964        4.20964
   7       19.849      0.88605     1844        3.76399        3.76399
   8       23.966      0.91572     2220        3.99143        3.99143
   9       27.947      0.86461     2168        4.07630        4.07630
  10       31.879      0.92945     2046        4.04337        4.04337
  11       35.896      0.95949     1660        3.78591        3.78591
  12       39.829      0.90665     1468        4.62791        4.62791
Pairwise Relative       tail:Primary      head:Primary       direction  2 
   1        0.000      0.00000      140        4.35043        4.35043
   2        1.395      0.31262       38        7.80158        8.01868
   3        4.361      0.44502      137        7.83299        6.53131
   4        7.906      0.66156      183        4.21902        5.60978
   5       11.876      0.92144      253        3.08206        4.44700
   6       15.796      0.98361      255        3.30937        4.12937
   7       19.787      0.81844      249        2.58827        5.14161
   8       23.707      0.99447      284        2.06169        5.15736
   9       27.793      1.05628      227        1.98780        4.62493
  10       31.742      1.08035      199        2.89729        5.20030
  11       35.831      1.04099      121        1.92091        6.95430
  12       39.477      1.14864       90        1.83111        5.94356
Pairwise Relative       tail:Primary      head:Primary       direction  3 
   1        0.000      0.00000      140        4.35043        4.35043
   2        1.425      0.29711       40       11.25425        7.96025
   3        4.307      0.58072      113        5.73292        4.69912
   4        7.670      0.78540      171        4.97889        2.86626
   5       11.802      0.74040      208        4.53212        3.37067
   6       15.926      0.78092      263        4.43011        4.58665
   7       19.599      0.91100      247        3.90296        4.05923
   8       24.027      0.91229      292        3.10380        3.84740
   9       27.892      0.90880      303        3.36109        5.10584
  10       31.725      0.87903      257        3.71121        3.66541
  11       35.775      1.02817      179        2.66838        3.27084
  12       39.491      0.97524      101        4.04752        1.92030
Variogram of Logarithms tail:Primary      head:Primary       direction  1 
   1        0.000      0.00000      280        4.35043        4.35043
   2        1.412      0.43358      256        8.84773        8.84773
   3        4.405      1.11510      886        6.02221        6.02221
   4        8.085      1.91753     1438        4.46609        4.46609
   5       11.903      2.10263     1798        4.43352        4.43352
   6       15.922      2.05852     2042        4.20964        4.20964
   7       19.849      2.34682     1844        3.76399        3.76399
   8       23.966      2.50809     2220        3.99143        3.99143
   9       27.947      2.31647     2168        4.07630        4.07630
  10       31.879      2.37775     2046        4.04337        4.04337
  11       35.896      2.71681     1660        3.78591        3.78591
  12       39.829      2.73518     1468        4.62791        4.62791
Variogram of Logarithms tail:Primary      head:Primary       direction  2 
   1        0.000      0.00000      140        4.35043        4.35043
   2        1.395      0.39612       38        7.80158        8.01868
   3        4.361      0.72321      137        7.83299        6.53131
   4        7.906      1.58298      183        4.21902        5.60978
   5       11.876      2.79485      253        3.08206        4.44700
   6       15.796      2.80836      255        3.30937        4.12937
   7       19.787      2.17863      249        2.58827        5.14161
   8       23.707      3.02945      284        2.06169        5.15736
   9       27.793      3.46065      227        1.98780        4.62493
  10       31.742      3.06213      199        2.89729        5.20030
  11       35.831      3.10873      121        1.92091        6.95430
  12       39.477      3.62835       90        1.83111        5.94356
Variogram of Logarithms tail:Primary      head:Primary       direction  3 
   1        0.000      0.00000      140        4.35043        4.35043
   2        1.425      0.38719       40       11.25425        7.96025
   3        4.307      1.23025      113        5.73292        4.69912
   4        7.670      1.99068      171        4.97889        2.86626
   5       11.802      1.70714      208        4.53212        3.37067
   6       15.926      2.02738      263        4.43011        4.58665
   7       19.599      2.39489      247        3.90296        4.05923
   8       24.027      2.37516      292        3.10380        3.84740
   9       27.892      2.35571      303        3.36109        5.10584
  10       31.725      2.14207      257        3.71121        3.66541
  11       35.775      2.94107      179        2.66838        3.27084
  12       39.491      3.60576      101        4.04752        1.92030
Semimadogram            tail:Primary      head:Primary       direction  1 
   1        0.000      0.00000      280        4.35043        4.35043
   2        1.412      3.37070      256        8.84773        8.84773
   3        4.405      2.95102      886        6.02221        6.02221
   4        8.085      2.65448     1438        4.46609        4.46609
   5       11.903      2.77321     1798        4.43352        4.43352
   6       15.922      2.51601     2042        4.20964        4.20964
   7       19.849      2.60838     1844        3.76399        3.76399
   8       23.966      2.74138     2220        3.99143        3.99143
   9       27.947      2.65768     2168        4.07630        4.07630
  10       31.879      2.83871     2046        4.04337        4.04337
  11       35.896      2.73436     1660        3.78591        3.78591
  12       39.829      2.89200     1468        4.62791        4.62791
Semimadogram            tail:Primary      head:Primary       direction  2 
   1        0.000      0.00000      140        4.35043        4.35043
   2        1.395      2.72145       38        7.80158        8.01868
   3        4.361      3.21843      137        7.83299        6.53131
   4        7.906      2.55227      183        4.21902        5.60978
   5       11.876      2.43789      253        3.08206        4.44700
   6       15.796      2.57114      255        3.30937        4.12937
   7       19.787      2.45193      249        2.58827        5.14161
   8       23.707      2.68294      284        2.06169        5.15736
   9       27.793      2.52064      227        1.98780        4.62493
  10       31.742      3.26915      199        2.89729        5.20030
  11       35.831      3.70000      121        1.92091        6.95430
  12       39.477      3.20511       90        1.83111        5.94356
Semimadogram            tail:Primary      head:Primary       direction  3 
   1        0.000      0.00000      140        4.35043        4.35043
   2        1.425      3.66125       40       11.25425        7.96025
   3        4.307      2.33310      113        5.73292        4.69912
   4        7.670      2.50456      171        4.97889        2.86626
   5       11.802      2.55260      208        4.53212        3.37067
   6       15.926      2.81584      263        4.43011        4.58665
   7       19.599      2.86943      247        3.90296        4.05923
   8       24.027      2.38269      292        3.10380        3.84740
   9       27.892      2.89300      303        3.36109        5.10584
  10       31.725      2.38465      257        3.71121        3.66541
  11       35.775      2.20961      179        2.66838        3.27084
  12       39.491      2.16015      101        4.04752        1.92030
