DRAW output
  2
Z-value     
Log10 Z-valu
       2.915       0.4646
      0.2595      -0.5859
       1.668       0.2222
      0.4132      -0.3838
      0.2848      -0.5455
      0.5995      -0.2222
      0.7221      -0.1414
      0.6579      -0.1818
       1.668       0.2222
      0.1963      -0.7071
      0.4977      -0.3030
      0.2154      -0.6667
      0.7221      -0.1414
     0.07050       -1.151
      0.7925      -0.1010
      0.3430      -0.4646
       1.668       0.2222
      0.4535      -0.3434
      0.1789      -0.7475
      0.1353      -0.8687
      0.4132      -0.3838
      0.1963      -0.7071
     0.05340       -1.273
       1.385       0.1414
      0.3765      -0.4242
       2.205       0.3434
      0.6579      -0.1818
       1.048      0.02020
      0.7925      -0.1010
      0.2848      -0.5455
       1.668       0.2222
      0.6579      -0.1818
      0.7925      -0.1010
      0.8697     -0.06060
      0.8697     -0.06060
      0.1024       -0.990
      0.7221      -0.1414
     0.08500       -1.071
      0.3126      -0.5051
      0.6579      -0.1818
      0.1630      -0.7879
       1.150      0.06060
      0.5995      -0.2222
      0.3430      -0.4646
      0.4535      -0.3434
       1.150      0.06060
       1.150      0.06060
      0.7221      -0.1414
       0.955     -0.02020
      0.1485      -0.8283
      0.2848      -0.5455
     0.07050       -1.151
       2.205       0.3434
       3.199       0.5051
       0.955     -0.02020
      0.4535      -0.3434
     0.03680       -1.434
      0.1963      -0.7071
     0.06430       -1.192
       1.520       0.1818
      0.4132      -0.3838
      0.1123       -0.950
      0.3765      -0.4242
       0.955     -0.02020
       1.262       0.1010
       1.831       0.2626
      0.6579      -0.1818
     0.04040       -1.394
       2.420       0.3838
       2.420       0.3838
       0.955     -0.02020
      0.5462      -0.2626
       1.385       0.1414
       1.668       0.2222
      0.7221      -0.1414
     0.08500       -1.071
       1.262       0.1010
      0.5995      -0.2222
       2.009       0.3030
      0.4535      -0.3434
       1.520       0.1818
       1.048      0.02020
       2.420       0.3838
      0.1233       -0.909
      0.0933       -1.030
       1.048      0.02020
       2.915       0.4646
     0.05860       -1.232
      0.5462      -0.2626
       2.420       0.3838
      0.4535      -0.3434
      0.3765      -0.4242
      0.4132      -0.3838
      0.2154      -0.6667
      0.5995      -0.2222
      0.7925      -0.1010
      0.1789      -0.7475
      0.6579      -0.1818
      0.4977      -0.3030
       1.150      0.06060
      0.5995      -0.2222
      0.3430      -0.4646
       1.385       0.1414
      0.4132      -0.3838
     0.07050       -1.151
       1.048      0.02020
      0.1789      -0.7475
      0.2595      -0.5859
      0.7221      -0.1414
       1.048      0.02020
       1.048      0.02020
       1.048      0.02020
       1.385       0.1414
      0.0933       -1.030
      0.8697     -0.06060
       1.385       0.1414
      0.1123       -0.950
      0.7925      -0.1010
       1.048      0.02020
       1.385       0.1414
      0.1789      -0.7475
       1.385       0.1414
      0.8697     -0.06060
     0.06430       -1.192
      0.5995      -0.2222
      0.8697     -0.06060
      0.1233       -0.909
      0.7925      -0.1010
      0.1485      -0.8283
       1.262       0.1010
      0.8697     -0.06060
      0.1485      -0.8283
       1.048      0.02020
      0.2848      -0.5455
      0.4535      -0.3434
     0.08500       -1.071
      0.8697     -0.06060
      0.4977      -0.3030
       2.205       0.3434
      0.1789      -0.7475
      0.4535      -0.3434
      0.3430      -0.4646
      0.2154      -0.6667
      0.2595      -0.5859
      0.2154      -0.6667
       2.915       0.4646
       1.520       0.1818
      0.8697     -0.06060
       1.385       0.1414
       1.262       0.1010
      0.1024       -0.990
      0.1233       -0.909
      0.3430      -0.4646
       0.955     -0.02020
      0.1123       -0.950
       2.009       0.3030
       1.048      0.02020
       1.048      0.02020
      0.8697     -0.06060
      0.4535      -0.3434
       1.668       0.2222
       1.831       0.2626
      0.5995      -0.2222
     0.05860       -1.232
      0.3765      -0.4242
       1.668       0.2222
       1.262       0.1010
       1.668       0.2222
      0.2848      -0.5455
      0.2848      -0.5455
       1.831       0.2626
      0.4132      -0.3838
      0.5462      -0.2626
      0.3126      -0.5051
      0.5462      -0.2626
       2.656       0.4242
      0.2595      -0.5859
      0.2595      -0.5859
      0.8697     -0.06060
      0.2848      -0.5455
      0.4977      -0.3030
      0.1630      -0.7879
      0.7925      -0.1010
     0.06430       -1.192
      0.1353      -0.8687
      0.1789      -0.7475
       1.150      0.06060
      0.4977      -0.3030
      0.6579      -0.1818
       2.205       0.3434
      0.4977      -0.3030
      0.4977      -0.3030
      0.2595      -0.5859
       1.150      0.06060
      0.4132      -0.3838
      0.4132      -0.3838
       1.262       0.1010
     0.06430       -1.192
      0.7221      -0.1414
       2.009       0.3030
      0.2595      -0.5859
      0.2595      -0.5859
      0.1233       -0.909
      0.2595      -0.5859
      0.6579      -0.1818
       2.420       0.3838
      0.7221      -0.1414
      0.2848      -0.5455
     0.08500       -1.071
       0.955     -0.02020
       1.831       0.2626
     0.08500       -1.071
      0.1789      -0.7475
      0.1789      -0.7475
       1.520       0.1818
      0.5462      -0.2626
      0.5995      -0.2222
       1.385       0.1414
      0.1630      -0.7879
      0.4132      -0.3838
       3.511       0.5455
      0.1123       -0.950
      0.1630      -0.7879
       1.668       0.2222
     0.07050       -1.151
       2.915       0.4646
      0.2154      -0.6667
       1.150      0.06060
      0.4977      -0.3030
      0.4535      -0.3434
     0.05860       -1.232
     0.05340       -1.273
       2.420       0.3838
      0.4977      -0.3030
      0.2154      -0.6667
      0.2154      -0.6667
     0.08500       -1.071
       2.009       0.3030
      0.6579      -0.1818
      0.1630      -0.7879
      0.6579      -0.1818
       1.262       0.1010
      0.4132      -0.3838
      0.4132      -0.3838
      0.7925      -0.1010
      0.1789      -0.7475
      0.3765      -0.4242
      0.1485      -0.8283
      0.3430      -0.4646
      0.8697     -0.06060
       2.205       0.3434
       1.150      0.06060
       3.199       0.5051
       2.420       0.3838
      0.2154      -0.6667
      0.5462      -0.2626
       1.385       0.1414
      0.2364      -0.6263
       1.262       0.1010
       1.831       0.2626
     0.04430       -1.354
      0.7221      -0.1414
       1.520       0.1818
      0.1353      -0.8687
      0.7221      -0.1414
       2.915       0.4646
       4.642       0.6667
      0.1353      -0.8687
      0.5995      -0.2222
       1.668       0.2222
       2.656       0.4242
      0.4132      -0.3838
      0.3430      -0.4646
      0.3765      -0.4242
       1.385       0.1414
       3.199       0.5051
       2.420       0.3838
      0.3430      -0.4646
      0.5462      -0.2626
       2.205       0.3434
      0.3126      -0.5051
       0.955     -0.02020
       1.048      0.02020
      0.8697     -0.06060
       1.385       0.1414
      0.1789      -0.7475
       0.955     -0.02020
       1.262       0.1010
       1.262       0.1010
       2.205       0.3434
       2.915       0.4646
       0.955     -0.02020
       1.831       0.2626
       2.915       0.4646
       1.668       0.2222
       1.048      0.02020
       1.048      0.02020
      0.2595      -0.5859
     0.04430       -1.354
      0.5462      -0.2626
       1.831       0.2626
      0.2595      -0.5859
      0.1485      -0.8283
     0.08500       -1.071
      0.3430      -0.4646
      0.2848      -0.5455
      0.3765      -0.4242
       1.385       0.1414
      0.7221      -0.1414
      0.8697     -0.06060
       2.009       0.3030
     0.04860       -1.313
     0.07050       -1.151
      0.7221      -0.1414
       1.520       0.1818
      0.4132      -0.3838
       2.205       0.3434
     0.08500       -1.071
      0.1789      -0.7475
      0.4132      -0.3838
      0.4977      -0.3030
       3.511       0.5455
       2.205       0.3434
      0.5462      -0.2626
       1.385       0.1414
       1.385       0.1414
      0.1630      -0.7879
      0.2595      -0.5859
      0.1485      -0.8283
      0.5462      -0.2626
      0.7221      -0.1414
     0.07050       -1.151
     0.08500       -1.071
       1.520       0.1818
      0.1963      -0.7071
       2.915       0.4646
       2.915       0.4646
      0.2595      -0.5859
      0.7925      -0.1010
       1.048      0.02020
       2.420       0.3838
     0.05340       -1.273
      0.5462      -0.2626
       1.150      0.06060
       3.853       0.5859
      0.3765      -0.4242
      0.7925      -0.1010
      0.5995      -0.2222
      0.3765      -0.4242
      0.4132      -0.3838
      0.1963      -0.7071
      0.1233       -0.909
       1.668       0.2222
      0.4535      -0.3434
       1.668       0.2222
      0.3430      -0.4646
      0.3430      -0.4646
      0.4132      -0.3838
      0.6579      -0.1818
      0.1123       -0.950
      0.2848      -0.5455
      0.7925      -0.1010
      0.7221      -0.1414
       1.668       0.2222
       1.262       0.1010
      0.2154      -0.6667
      0.7925      -0.1010
       1.150      0.06060
      0.1963      -0.7071
      0.4977      -0.3030
      0.7925      -0.1010
     0.05340       -1.273
       1.048      0.02020
       2.009       0.3030
       1.385       0.1414
       2.009       0.3030
      0.8697     -0.06060
      0.1963      -0.7071
       2.205       0.3434
       0.955     -0.02020
      0.0933       -1.030
       1.520       0.1818
      0.4132      -0.3838
      0.1024       -0.990
       0.955     -0.02020
       1.831       0.2626
       1.150      0.06060
       3.853       0.5859
      0.1630      -0.7879
      0.3765      -0.4242
      0.7221      -0.1414
      0.1485      -0.8283
      0.1353      -0.8687
     0.08500       -1.071
      0.2595      -0.5859
     0.05340       -1.273
      0.2595      -0.5859
      0.7925      -0.1010
      0.8697     -0.06060
     0.04430       -1.354
      0.7221      -0.1414
       1.520       0.1818
      0.4132      -0.3838
      0.7925      -0.1010
      0.6579      -0.1818
       1.262       0.1010
       1.150      0.06060
       2.420       0.3838
      0.5462      -0.2626
      0.1353      -0.8687
       1.668       0.2222
       0.955     -0.02020
      0.7925      -0.1010
     0.07050       -1.151
      0.1485      -0.8283
      0.4977      -0.3030
       3.199       0.5051
      0.6579      -0.1818
       1.520       0.1818
      0.7221      -0.1414
      0.3430      -0.4646
      0.4977      -0.3030
       1.831       0.2626
     0.02310       -1.636
      0.8697     -0.06060
      0.2364      -0.6263
      0.7221      -0.1414
       1.150      0.06060
      0.4535      -0.3434
      0.1123       -0.950
      0.3430      -0.4646
      0.3430      -0.4646
      0.7925      -0.1010
      0.8697     -0.06060
       3.511       0.5455
      0.1485      -0.8283
      0.1353      -0.8687
       3.511       0.5455
     0.07050       -1.151
      0.4535      -0.3434
      0.1789      -0.7475
      0.1963      -0.7071
      0.2848      -0.5455
       0.955     -0.02020
      0.5995      -0.2222
       1.048      0.02020
      0.6579      -0.1818
      0.6579      -0.1818
      0.1123       -0.950
      0.6579      -0.1818
      0.1353      -0.8687
      0.1789      -0.7475
      0.5462      -0.2626
      0.1024       -0.990
      0.1963      -0.7071
       2.420       0.3838
       1.262       0.1010
      0.1123       -0.950
       1.831       0.2626
     0.07740       -1.111
       1.150      0.06060
      0.1485      -0.8283
      0.5995      -0.2222
      0.1963      -0.7071
      0.4132      -0.3838
      0.2364      -0.6263
      0.1233       -0.909
      0.7221      -0.1414
      0.8697     -0.06060
       1.262       0.1010
       1.262       0.1010
      0.7221      -0.1414
      0.7925      -0.1010
      0.2848      -0.5455
       2.009       0.3030
       2.915       0.4646
      0.7221      -0.1414
      0.7925      -0.1010
      0.1485      -0.8283
      0.1789      -0.7475
       1.262       0.1010
      0.6579      -0.1818
      0.5995      -0.2222
      0.1485      -0.8283
       1.048      0.02020
      0.7925      -0.1010
      0.8697     -0.06060
      0.3765      -0.4242
       3.853       0.5859
       0.955     -0.02020
      0.4977      -0.3030
     0.05860       -1.232
       1.262       0.1010
      0.1353      -0.8687
       2.656       0.4242
      0.8697     -0.06060
      0.5995      -0.2222
      0.2154      -0.6667
      0.2848      -0.5455
       1.831       0.2626
      0.6579      -0.1818
      0.6579      -0.1818
       1.262       0.1010
      0.0933       -1.030
       2.205       0.3434
      0.4132      -0.3838
      0.7925      -0.1010
      0.3126      -0.5051
      0.3765      -0.4242
       0.955     -0.02020
      0.4535      -0.3434
       0.955     -0.02020
      0.4535      -0.3434
      0.7925      -0.1010
       1.048      0.02020
     0.06430       -1.192
      0.6579      -0.1818
      0.2364      -0.6263
      0.4535      -0.3434
     0.07740       -1.111
      0.2154      -0.6667
      0.0933       -1.030
      0.8697     -0.06060
      0.4132      -0.3838
      0.4977      -0.3030
      0.4535      -0.3434
       1.668       0.2222
     0.04860       -1.313
      0.1353      -0.8687
     0.06430       -1.192
     0.07740       -1.111
      0.2364      -0.6263
       1.831       0.2626
      0.2364      -0.6263
     0.08500       -1.071
       1.262       0.1010
       1.668       0.2222
      0.7221      -0.1414
       4.229       0.6263
       2.420       0.3838
       1.150      0.06060
       1.668       0.2222
       3.511       0.5455
       1.831       0.2626
       2.915       0.4646
      0.7925      -0.1010
      0.2154      -0.6667
      0.5462      -0.2626
       1.668       0.2222
       1.520       0.1818
      0.1963      -0.7071
       1.385       0.1414
      0.4132      -0.3838
      0.1485      -0.8283
      0.1123       -0.950
       1.831       0.2626
       0.955     -0.02020
     0.05340       -1.273
      0.5995      -0.2222
      0.5995      -0.2222
      0.7925      -0.1010
      0.6579      -0.1818
      0.7925      -0.1010
      0.2848      -0.5455
       1.668       0.2222
     0.07740       -1.111
      0.1353      -0.8687
       2.205       0.3434
       0.955     -0.02020
      0.4132      -0.3838
       1.385       0.1414
      0.5995      -0.2222
       1.262       0.1010
      0.1353      -0.8687
      0.2848      -0.5455
     0.05340       -1.273
       1.048      0.02020
       1.520       0.1818
     0.05340       -1.273
       1.385       0.1414
      0.4132      -0.3838
     0.04860       -1.313
       1.150      0.06060
      0.1123       -0.950
      0.4132      -0.3838
      0.5462      -0.2626
      0.4132      -0.3838
       1.520       0.1818
     0.05340       -1.273
      0.5462      -0.2626
     0.07740       -1.111
       0.955     -0.02020
       1.668       0.2222
      0.6579      -0.1818
       1.150      0.06060
       0.955     -0.02020
       1.831       0.2626
      0.1630      -0.7879
      0.3126      -0.5051
     0.06430       -1.192
      0.6579      -0.1818
      0.1630      -0.7879
      0.5462      -0.2626
      0.4535      -0.3434
      0.3430      -0.4646
      0.2154      -0.6667
      0.5462      -0.2626
      0.7221      -0.1414
      0.5462      -0.2626
       1.385       0.1414
       2.420       0.3838
      0.2364      -0.6263
      0.5462      -0.2626
      0.5995      -0.2222
       3.853       0.5859
       2.656       0.4242
       1.150      0.06060
      0.3430      -0.4646
      0.3126      -0.5051
      0.6579      -0.1818
      0.5462      -0.2626
      0.4132      -0.3838
      0.7925      -0.1010
      0.8697     -0.06060
       1.048      0.02020
       1.831       0.2626
      0.2848      -0.5455
       1.520       0.1818
       1.831       0.2626
       2.009       0.3030
       3.511       0.5455
      0.4535      -0.3434
      0.4977      -0.3030
      0.3765      -0.4242
       2.420       0.3838
       1.668       0.2222
      0.6579      -0.1818
      0.7221      -0.1414
      0.2595      -0.5859
       1.262       0.1010
      0.2154      -0.6667
      0.8697     -0.06060
      0.1233       -0.909
      0.2154      -0.6667
      0.3430      -0.4646
       1.150      0.06060
       1.385       0.1414
       1.668       0.2222
      0.6579      -0.1818
       1.385       0.1414
      0.7925      -0.1010
       2.205       0.3434
      0.7925      -0.1010
      0.4132      -0.3838
      0.4535      -0.3434
      0.4535      -0.3434
       1.150      0.06060
      0.6579      -0.1818
      0.7925      -0.1010
      0.3430      -0.4646
      0.2595      -0.5859
       1.831       0.2626
       1.150      0.06060
      0.4132      -0.3838
       0.955     -0.02020
     0.07740       -1.111
      0.1353      -0.8687
       2.915       0.4646
      0.5995      -0.2222
       2.420       0.3838
      0.3430      -0.4646
      0.2154      -0.6667
      0.7221      -0.1414
      0.8697     -0.06060
      0.1485      -0.8283
     0.06430       -1.192
       0.955     -0.02020
      0.3126      -0.5051
       2.915       0.4646
       2.915       0.4646
      0.1024       -0.990
       1.150      0.06060
      0.5995      -0.2222
       2.205       0.3434
      0.4977      -0.3030
      0.3765      -0.4242
      0.5462      -0.2626
     0.04040       -1.394
      0.1353      -0.8687
      0.7925      -0.1010
      0.5462      -0.2626
      0.1123       -0.950
       4.229       0.6263
      0.5995      -0.2222
      0.7925      -0.1010
     0.08500       -1.071
       1.262       0.1010
      0.7221      -0.1414
      0.1123       -0.950
       3.199       0.5051
     0.07050       -1.151
      0.2595      -0.5859
       1.048      0.02020
      0.4535      -0.3434
       3.511       0.5455
      0.2154      -0.6667
     0.04430       -1.354
      0.7925      -0.1010
       1.262       0.1010
      0.3430      -0.4646
      0.7221      -0.1414
      0.2364      -0.6263
     0.04430       -1.354
      0.2364      -0.6263
      0.5462      -0.2626
      0.2154      -0.6667
       3.199       0.5051
      0.3765      -0.4242
       2.915       0.4646
      0.4132      -0.3838
     0.07740       -1.111
       1.385       0.1414
      0.7221      -0.1414
       3.199       0.5051
      0.0933       -1.030
      0.7925      -0.1010
      0.1963      -0.7071
       1.150      0.06060
       3.853       0.5859
     0.04040       -1.394
      0.7221      -0.1414
      0.4535      -0.3434
       1.150      0.06060
      0.2848      -0.5455
      0.1963      -0.7071
       2.420       0.3838
       1.831       0.2626
      0.1233       -0.909
       2.205       0.3434
       1.831       0.2626
      0.8697     -0.06060
      0.1024       -0.990
      0.1963      -0.7071
       3.511       0.5455
       1.385       0.1414
       1.831       0.2626
      0.1485      -0.8283
      0.8697     -0.06060
      0.3765      -0.4242
       1.668       0.2222
      0.2364      -0.6263
      0.5462      -0.2626
     0.07050       -1.151
      0.1630      -0.7879
       2.420       0.3838
       1.385       0.1414
       1.150      0.06060
      0.3430      -0.4646
      0.8697     -0.06060
     0.07740       -1.111
      0.3126      -0.5051
      0.1123       -0.950
      0.1630      -0.7879
      0.3126      -0.5051
       2.656       0.4242
      0.1123       -0.950
      0.7221      -0.1414
       1.150      0.06060
      0.2595      -0.5859
       3.199       0.5051
     0.07740       -1.111
       2.915       0.4646
      0.1233       -0.909
       1.150      0.06060
      0.1630      -0.7879
      0.2154      -0.6667
     0.08500       -1.071
       2.915       0.4646
     0.04860       -1.313
       1.150      0.06060
      0.8697     -0.06060
      0.5462      -0.2626
       1.831       0.2626
       1.668       0.2222
       2.656       0.4242
      0.4977      -0.3030
       2.420       0.3838
      0.6579      -0.1818
      0.8697     -0.06060
      0.1789      -0.7475
       0.955     -0.02020
       1.262       0.1010
       2.420       0.3838
       1.668       0.2222
      0.3765      -0.4242
      0.4535      -0.3434
      0.1353      -0.8687
       1.668       0.2222
      0.2595      -0.5859
      0.2595      -0.5859
      0.5995      -0.2222
      0.2848      -0.5455
       1.520       0.1818
      0.0933       -1.030
       1.520       0.1818
      0.7925      -0.1010
      0.4535      -0.3434
      0.6579      -0.1818
       2.656       0.4242
      0.1024       -0.990
      0.5995      -0.2222
      0.5995      -0.2222
      0.1630      -0.7879
      0.2154      -0.6667
       2.205       0.3434
      0.5462      -0.2626
       1.385       0.1414
      0.1789      -0.7475
      0.6579      -0.1818
       0.955     -0.02020
      0.8697     -0.06060
      0.2154      -0.6667
      0.8697     -0.06060
     0.05860       -1.232
      0.3126      -0.5051
      0.7925      -0.1010
       0.955     -0.02020
      0.3430      -0.4646
      0.0933       -1.030
      0.1789      -0.7475
       1.831       0.2626
      0.4977      -0.3030
      0.3765      -0.4242
       0.955     -0.02020
      0.4977      -0.3030
      0.1963      -0.7071
       1.831       0.2626
      0.1024       -0.990
       2.205       0.3434
       1.262       0.1010
      0.6579      -0.1818
       1.048      0.02020
     0.06430       -1.192
       2.205       0.3434
       1.262       0.1010
       2.915       0.4646
      0.2848      -0.5455
      0.1963      -0.7071
      0.3126      -0.5051
       1.520       0.1818
       2.205       0.3434
       2.656       0.4242
       3.199       0.5051
      0.7925      -0.1010
      0.3126      -0.5051
      0.4977      -0.3030
       0.955     -0.02020
       1.048      0.02020
       0.955     -0.02020
       2.009       0.3030
      0.7925      -0.1010
       1.262       0.1010
      0.4535      -0.3434
      0.8697     -0.06060
      0.3126      -0.5051
      0.2364      -0.6263
       1.831       0.2626
       1.048      0.02020
      0.8697     -0.06060
      0.5462      -0.2626
      0.3765      -0.4242
     0.06430       -1.192
      0.3430      -0.4646
      0.7925      -0.1010
     0.08500       -1.071
      0.5995      -0.2222
      0.3430      -0.4646
       0.955     -0.02020
      0.8697     -0.06060
      0.4132      -0.3838
      0.3430      -0.4646
      0.5462      -0.2626
      0.3430      -0.4646
      0.3126      -0.5051
       1.150      0.06060
      0.2154      -0.6667
       2.915       0.4646
       1.262       0.1010
      0.0933       -1.030
       1.668       0.2222
      0.7221      -0.1414
      0.3430      -0.4646
      0.1123       -0.950
       0.955     -0.02020
     0.08500       -1.071
      0.2154      -0.6667
      0.1485      -0.8283
       1.520       0.1818
       1.262       0.1010
      0.2595      -0.5859
      0.3430      -0.4646
      0.2154      -0.6667
      0.4977      -0.3030
       1.520       0.1818
      0.8697     -0.06060
       1.520       0.1818
      0.3430      -0.4646
      0.1485      -0.8283
      0.3126      -0.5051
       2.205       0.3434
       2.009       0.3030
      0.1123       -0.950
       1.150      0.06060
       1.150      0.06060
      0.4977      -0.3030
      0.2154      -0.6667
       1.831       0.2626
      0.7925      -0.1010
       2.205       0.3434
      0.1353      -0.8687
       2.656       0.4242
       2.420       0.3838
      0.2848      -0.5455
      0.7925      -0.1010
      0.3765      -0.4242
       2.009       0.3030
       3.199       0.5051
      0.7925      -0.1010
       1.520       0.1818
       1.520       0.1818
      0.4535      -0.3434
      0.2595      -0.5859
      0.7925      -0.1010
      0.1123       -0.950
      0.6579      -0.1818
      0.2154      -0.6667
       2.915       0.4646
      0.1963      -0.7071
      0.1963      -0.7071
      0.5462      -0.2626
      0.7221      -0.1414
       1.385       0.1414
       1.262       0.1010
      0.3430      -0.4646
      0.5995      -0.2222
     0.07740       -1.111
       1.520       0.1818
      0.1024       -0.990
      0.3765      -0.4242
       2.420       0.3838
      0.6579      -0.1818
       2.915       0.4646
      0.3765      -0.4242
      0.5462      -0.2626
      0.1485      -0.8283
      0.8697     -0.06060
      0.5462      -0.2626
      0.5995      -0.2222
      0.3430      -0.4646
      0.3765      -0.4242
      0.7925      -0.1010
     0.07740       -1.111
      0.2154      -0.6667
      0.2154      -0.6667
       0.955     -0.02020
       3.511       0.5455
       1.048      0.02020
      0.2848      -0.5455
      0.7221      -0.1414
      0.3430      -0.4646
       1.520       0.1818
       1.831       0.2626
      0.1024       -0.990
      0.5462      -0.2626
      0.6579      -0.1818
      0.4132      -0.3838
      0.1963      -0.7071
      0.1630      -0.7879
       1.831       0.2626
     0.07050       -1.151
      0.1024       -0.990
      0.3430      -0.4646
       3.199       0.5051
       0.955     -0.02020
      0.2595      -0.5859
      0.7925      -0.1010
      0.1353      -0.8687
       0.955     -0.02020
     0.06430       -1.192
      0.1353      -0.8687
       0.955     -0.02020
      0.1789      -0.7475
      0.4132      -0.3838
      0.4132      -0.3838
      0.1963      -0.7071
      0.4977      -0.3030
       2.420       0.3838
      0.3765      -0.4242
      0.4977      -0.3030
      0.8697     -0.06060
     0.04040       -1.394
      0.5995      -0.2222
       1.150      0.06060
       1.520       0.1818
      0.2364      -0.6263
     0.04040       -1.394
     0.08500       -1.071
      0.8697     -0.06060
      0.4977      -0.3030
      0.2154      -0.6667
      0.0933       -1.030
     0.04430       -1.354
       1.150      0.06060
      0.4977      -0.3030
      0.8697     -0.06060
       1.150      0.06060
     0.08500       -1.071
      0.8697     -0.06060
       1.262       0.1010
      0.5995      -0.2222
      0.1353      -0.8687
      0.0933       -1.030
      0.1630      -0.7879
       1.150      0.06060
      0.5462      -0.2626
      0.1789      -0.7475
      0.2848      -0.5455
      0.4132      -0.3838
       1.385       0.1414
      0.7221      -0.1414
       1.262       0.1010
       3.199       0.5051
      0.4132      -0.3838
      0.8697     -0.06060
      0.3765      -0.4242
       2.915       0.4646
       1.048      0.02020
       1.048      0.02020
       2.420       0.3838
      0.5462      -0.2626
     0.08500       -1.071
       1.385       0.1414
      0.7221      -0.1414
     0.04040       -1.394
      0.5462      -0.2626
       2.656       0.4242
      0.1233       -0.909
       1.048      0.02020
       1.150      0.06060
      0.3765      -0.4242
      0.6579      -0.1818
     0.02780       -1.556
     0.06430       -1.192
      0.7925      -0.1010
      0.5462      -0.2626
      0.2595      -0.5859
      0.3765      -0.4242
       0.955     -0.02020
      0.2848      -0.5455
      0.7925      -0.1010
       2.915       0.4646
      0.8697     -0.06060
      0.4535      -0.3434
     0.05860       -1.232
      0.2364      -0.6263
      0.4535      -0.3434
      0.6579      -0.1818
      0.4132      -0.3838
     0.07740       -1.111
     0.05340       -1.273
       1.520       0.1818
      0.3126      -0.5051
       2.656       0.4242
       0.955     -0.02020
     0.03050       -1.515
       0.955     -0.02020
       0.955     -0.02020
      0.7221      -0.1414
      0.6579      -0.1818
      0.7221      -0.1414
      0.5995      -0.2222
       1.048      0.02020
       1.385       0.1414
      0.1789      -0.7475
      0.3126      -0.5051
     0.05860       -1.232
      0.6579      -0.1818
      0.5995      -0.2222
     0.05860       -1.232
       1.385       0.1414
     0.08500       -1.071
      0.7925      -0.1010
      0.2364      -0.6263
       2.205       0.3434
      0.1630      -0.7879
      0.4535      -0.3434
       1.048      0.02020
      0.5995      -0.2222
      0.1630      -0.7879
       2.009       0.3030
       1.262       0.1010
      0.8697     -0.06060
      0.1963      -0.7071
      0.0933       -1.030
       1.668       0.2222
      0.6579      -0.1818
       1.262       0.1010
      0.1353      -0.8687
      0.2154      -0.6667
      0.1485      -0.8283
      0.2595      -0.5859
       2.205       0.3434
     0.08500       -1.071
       2.420       0.3838
      0.6579      -0.1818
       2.009       0.3030
       1.831       0.2626
       1.831       0.2626
      0.7221      -0.1414
       1.520       0.1818
      0.1963      -0.7071
      0.6579      -0.1818
       3.511       0.5455
      0.4977      -0.3030
      0.5462      -0.2626
      0.5995      -0.2222
       1.831       0.2626
       1.385       0.1414
      0.2848      -0.5455
      0.8697     -0.06060
     0.07050       -1.151
      0.1630      -0.7879
      0.4535      -0.3434
      0.4132      -0.3838
       4.229       0.6263
       1.831       0.2626
       1.262       0.1010
      0.4535      -0.3434
      0.5995      -0.2222
      0.1123       -0.950
      0.2364      -0.6263
       1.831       0.2626
      0.3765      -0.4242
       1.520       0.1818
     0.08500       -1.071
       1.520       0.1818
      0.3430      -0.4646
       2.656       0.4242
      0.3430      -0.4646
       2.420       0.3838
      0.4977      -0.3030
     0.06430       -1.192
      0.3430      -0.4646
      0.3126      -0.5051
       1.262       0.1010
      0.1789      -0.7475
      0.1630      -0.7879
      0.1123       -0.950
       0.955     -0.02020
     0.07050       -1.151
      0.3126      -0.5051
     0.07740       -1.111
      0.7221      -0.1414
      0.1024       -0.990
       1.262       0.1010
      0.2154      -0.6667
      0.8697     -0.06060
      0.5995      -0.2222
      0.1963      -0.7071
     0.08500       -1.071
      0.1485      -0.8283
      0.1963      -0.7071
     0.05340       -1.273
       2.009       0.3030
     0.05860       -1.232
      0.1233       -0.909
      0.7221      -0.1414
       2.915       0.4646
      0.2595      -0.5859
      0.7925      -0.1010
      0.4535      -0.3434
      0.2364      -0.6263
      0.1123       -0.950
      0.2848      -0.5455
      0.4977      -0.3030
       1.668       0.2222
       1.150      0.06060
       1.385       0.1414
      0.1963      -0.7071
       1.385       0.1414
       2.656       0.4242
      0.7221      -0.1414
       0.955     -0.02020
       2.009       0.3030
       1.520       0.1818
     0.07050       -1.151
      0.1963      -0.7071
       2.656       0.4242
      0.2595      -0.5859
       1.150      0.06060
      0.1024       -0.990
       2.656       0.4242
       1.520       0.1818
       0.955     -0.02020
      0.5462      -0.2626
       1.831       0.2626
       2.420       0.3838
      0.6579      -0.1818
      0.6579      -0.1818
       1.385       0.1414
      0.1123       -0.950
     0.07740       -1.111
      0.5995      -0.2222
      0.1123       -0.950
      0.2364      -0.6263
       0.955     -0.02020
      0.2595      -0.5859
      0.4132      -0.3838
      0.1485      -0.8283
      0.2154      -0.6667
      0.2154      -0.6667
      0.7221      -0.1414
      0.4132      -0.3838
       2.915       0.4646
      0.1353      -0.8687
      0.8697     -0.06060
      0.3430      -0.4646
      0.1233       -0.909
      0.2154      -0.6667
      0.2848      -0.5455
      0.2154      -0.6667
       1.048      0.02020
      0.8697     -0.06060
      0.3765      -0.4242
       0.955     -0.02020
      0.1485      -0.8283
      0.1024       -0.990
       3.511       0.5455
       1.262       0.1010
      0.5462      -0.2626
      0.1963      -0.7071
      0.4132      -0.3838
      0.2364      -0.6263
       1.048      0.02020
      0.2595      -0.5859
       2.420       0.3838
      0.2154      -0.6667
       2.205       0.3434
     0.03050       -1.515
      0.1485      -0.8283
      0.2154      -0.6667
     0.06430       -1.192
      0.1963      -0.7071
      0.2848      -0.5455
       4.642       0.6667
      0.5462      -0.2626
      0.2364      -0.6263
      0.8697     -0.06060
      0.3126      -0.5051
      0.7221      -0.1414
      0.1353      -0.8687
      0.3126      -0.5051
      0.4132      -0.3838
       1.831       0.2626
       1.150      0.06060
      0.1630      -0.7879
      0.5995      -0.2222
       2.420       0.3838
       2.915       0.4646
     0.03050       -1.515
      0.3430      -0.4646
      0.1630      -0.7879
       1.048      0.02020
      0.6579      -0.1818
      0.2154      -0.6667
       1.385       0.1414
       1.048      0.02020
      0.2364      -0.6263
      0.1123       -0.950
       0.955     -0.02020
       1.385       0.1414
      0.1963      -0.7071
     0.07740       -1.111
       0.955     -0.02020
      0.5995      -0.2222
      0.8697     -0.06060
       1.385       0.1414
     0.03680       -1.434
       1.048      0.02020
       1.150      0.06060
      0.8697     -0.06060
     0.03680       -1.434
       1.150      0.06060
      0.7925      -0.1010
      0.3765      -0.4242
      0.2595      -0.5859
      0.4535      -0.3434
      0.3430      -0.4646
      0.1353      -0.8687
      0.4535      -0.3434
      0.7221      -0.1414
      0.7221      -0.1414
     0.07050       -1.151
       1.520       0.1818
      0.5462      -0.2626
      0.7925      -0.1010
       1.048      0.02020
       1.048      0.02020
       2.009       0.3030
      0.3765      -0.4242
       2.205       0.3434
     0.08500       -1.071
      0.1233       -0.909
      0.7221      -0.1414
      0.2595      -0.5859
       1.831       0.2626
      0.2848      -0.5455
      0.8697     -0.06060
      0.0933       -1.030
       1.262       0.1010
      0.2595      -0.5859
      0.1485      -0.8283
      0.1789      -0.7475
       1.520       0.1818
      0.3765      -0.4242
      0.4132      -0.3838
      0.1123       -0.950
      0.2848      -0.5455
       1.048      0.02020
      0.6579      -0.1818
       1.385       0.1414
      0.8697     -0.06060
      0.7925      -0.1010
       1.520       0.1818
       1.831       0.2626
      0.1485      -0.8283
       1.668       0.2222
       1.831       0.2626
      0.1485      -0.8283
      0.5995      -0.2222
      0.4132      -0.3838
      0.2595      -0.5859
      0.2154      -0.6667
       1.520       0.1818
       1.262       0.1010
       1.150      0.06060
       1.048      0.02020
      0.4977      -0.3030
      0.4977      -0.3030
       1.262       0.1010
       1.150      0.06060
      0.7925      -0.1010
      0.1353      -0.8687
       3.511       0.5455
      0.1233       -0.909
      0.5462      -0.2626
       2.420       0.3838
       1.262       0.1010
      0.5462      -0.2626
      0.7925      -0.1010
      0.5995      -0.2222
      0.2595      -0.5859
       3.511       0.5455
      0.4535      -0.3434
      0.6579      -0.1818
       2.915       0.4646
       1.385       0.1414
       1.048      0.02020
      0.5462      -0.2626
      0.6579      -0.1818
       2.656       0.4242
      0.5995      -0.2222
      0.1353      -0.8687
      0.3126      -0.5051
       1.520       0.1818
      0.6579      -0.1818
      0.7925      -0.1010
      0.5995      -0.2222
       0.955     -0.02020
     0.07050       -1.151
      0.6579      -0.1818
      0.1485      -0.8283
      0.6579      -0.1818
      0.1233       -0.909
       1.385       0.1414
      0.2595      -0.5859
      0.1123       -0.950
     0.04860       -1.313
      0.1233       -0.909
       1.262       0.1010
      0.3765      -0.4242
       1.385       0.1414
      0.3126      -0.5051
      0.0933       -1.030
       1.048      0.02020
      0.4977      -0.3030
      0.2595      -0.5859
      0.1963      -0.7071
       1.048      0.02020
       1.150      0.06060
      0.1024       -0.990
      0.1630      -0.7879
      0.3430      -0.4646
      0.8697     -0.06060
      0.2595      -0.5859
       2.205       0.3434
      0.5462      -0.2626
      0.5995      -0.2222
      0.3765      -0.4242
      0.1123       -0.950
      0.2154      -0.6667
      0.7925      -0.1010
       1.150      0.06060
       2.915       0.4646
      0.4535      -0.3434
       2.009       0.3030
       0.955     -0.02020
       1.831       0.2626
       5.094       0.7071
      0.2154      -0.6667
       0.955     -0.02020
      0.2595      -0.5859
       0.955     -0.02020
       4.229       0.6263
      0.3765      -0.4242
      0.4535      -0.3434
       2.656       0.4242
       2.009       0.3030
      0.2848      -0.5455
     0.05340       -1.273
      0.8697     -0.06060
       1.150      0.06060
       1.520       0.1818
       2.009       0.3030
      0.8697     -0.06060
     0.08500       -1.071
      0.3126      -0.5051
      0.2154      -0.6667
      0.2364      -0.6263
       2.420       0.3838
       1.520       0.1818
      0.7925      -0.1010
      0.2595      -0.5859
       1.048      0.02020
      0.5995      -0.2222
       1.668       0.2222
      0.5462      -0.2626
      0.1789      -0.7475
       1.385       0.1414
      0.7221      -0.1414
      0.1485      -0.8283
      0.3765      -0.4242
      0.0933       -1.030
      0.2595      -0.5859
      0.7925      -0.1010
      0.3765      -0.4242
       1.520       0.1818
      0.4535      -0.3434
      0.4535      -0.3434
     0.06430       -1.192
      0.3765      -0.4242
      0.2364      -0.6263
       1.048      0.02020
      0.8697     -0.06060
     0.03680       -1.434
     0.06430       -1.192
      0.2154      -0.6667
       0.955     -0.02020
      0.1789      -0.7475
      0.8697     -0.06060
      0.7221      -0.1414
      0.4132      -0.3838
     0.04860       -1.313
       1.385       0.1414
      0.2364      -0.6263
      0.5462      -0.2626
      0.2595      -0.5859
      0.1024       -0.990
      0.4535      -0.3434
      0.4535      -0.3434
      0.5995      -0.2222
       3.199       0.5051
      0.1630      -0.7879
      0.2154      -0.6667
       3.199       0.5051
      0.5462      -0.2626
      0.3126      -0.5051
      0.6579      -0.1818
       1.048      0.02020
      0.6579      -0.1818
       1.385       0.1414
      0.3126      -0.5051
      0.4132      -0.3838
       1.831       0.2626
      0.1353      -0.8687
       0.955     -0.02020
      0.8697     -0.06060
      0.3430      -0.4646
      0.1233       -0.909
       0.955     -0.02020
       0.955     -0.02020
      0.4535      -0.3434
       3.853       0.5859
       2.420       0.3838
       2.656       0.4242
      0.3126      -0.5051
       2.915       0.4646
      0.3765      -0.4242
       1.831       0.2626
      0.1353      -0.8687
      0.2364      -0.6263
     0.08500       -1.071
      0.3765      -0.4242
       2.205       0.3434
      0.5995      -0.2222
       2.009       0.3030
      0.1024       -0.990
      0.5995      -0.2222
      0.8697     -0.06060
       1.831       0.2626
      0.5995      -0.2222
       1.831       0.2626
      0.1963      -0.7071
       1.048      0.02020
       1.048      0.02020
      0.6579      -0.1818
      0.1630      -0.7879
       1.150      0.06060
     0.08500       -1.071
       2.420       0.3838
       3.511       0.5455
      0.1630      -0.7879
       1.385       0.1414
      0.1789      -0.7475
      0.7925      -0.1010
      0.2595      -0.5859
      0.7925      -0.1010
     0.07050       -1.151
      0.1024       -0.990
       1.385       0.1414
      0.1024       -0.990
      0.2595      -0.5859
       1.150      0.06060
      0.3765      -0.4242
      0.7925      -0.1010
      0.7221      -0.1414
      0.2848      -0.5455
       2.205       0.3434
     0.08500       -1.071
      0.5995      -0.2222
       1.385       0.1414
      0.5995      -0.2222
      0.7221      -0.1414
      0.5462      -0.2626
     0.05340       -1.273
      0.1963      -0.7071
       2.205       0.3434
      0.7221      -0.1414
       4.642       0.6667
      0.8697     -0.06060
      0.7925      -0.1010
      0.7925      -0.1010
       1.520       0.1818
       1.048      0.02020
      0.7221      -0.1414
      0.3126      -0.5051
      0.2154      -0.6667
       0.955     -0.02020
       2.009       0.3030
       2.009       0.3030
      0.5462      -0.2626
      0.3430      -0.4646
       1.262       0.1010
       0.955     -0.02020
     0.06430       -1.192
      0.8697     -0.06060
      0.1353      -0.8687
       1.668       0.2222
     0.07740       -1.111
     0.07740       -1.111
      0.7221      -0.1414
      0.2154      -0.6667
       2.656       0.4242
      0.7221      -0.1414
      0.2848      -0.5455
      0.4977      -0.3030
       2.205       0.3434
      0.7925      -0.1010
       2.915       0.4646
      0.1630      -0.7879
      0.7221      -0.1414
       1.262       0.1010
      0.1353      -0.8687
       2.205       0.3434
      0.2848      -0.5455
       1.668       0.2222
      0.6579      -0.1818
      0.4977      -0.3030
      0.3126      -0.5051
       2.420       0.3838
      0.3765      -0.4242
     0.06430       -1.192
      0.4132      -0.3838
       2.205       0.3434
      0.2154      -0.6667
      0.2595      -0.5859
       1.668       0.2222
      0.2595      -0.5859
      0.1963      -0.7071
       1.385       0.1414
       1.262       0.1010
      0.5462      -0.2626
      0.5462      -0.2626
      0.4132      -0.3838
      0.0933       -1.030
      0.1024       -0.990
     0.07050       -1.151
       1.048      0.02020
      0.5462      -0.2626
      0.8697     -0.06060
      0.8697     -0.06060
      0.8697     -0.06060
      0.4132      -0.3838
      0.5462      -0.2626
       1.831       0.2626
       1.150      0.06060
      0.5995      -0.2222
       2.205       0.3434
       1.668       0.2222
       1.048      0.02020
      0.4535      -0.3434
     0.07050       -1.151
      0.7925      -0.1010
      0.1353      -0.8687
      0.4977      -0.3030
      0.5462      -0.2626
      0.1630      -0.7879
      0.3430      -0.4646
      0.2364      -0.6263
      0.1630      -0.7879
      0.2848      -0.5455
     0.07740       -1.111
       1.262       0.1010
      0.7925      -0.1010
      0.1963      -0.7071
       1.831       0.2626
       1.831       0.2626
       1.262       0.1010
       1.831       0.2626
       1.831       0.2626
       2.656       0.4242
      0.3126      -0.5051
      0.5995      -0.2222
       2.915       0.4646
      0.3430      -0.4646
      0.1233       -0.909
       2.656       0.4242
      0.2848      -0.5455
      0.3430      -0.4646
      0.5995      -0.2222
      0.1963      -0.7071
      0.1485      -0.8283
      0.7925      -0.1010
       2.656       0.4242
      0.4535      -0.3434
      0.2848      -0.5455
      0.6579      -0.1818
       1.520       0.1818
       1.150      0.06060
       1.262       0.1010
      0.8697     -0.06060
      0.1485      -0.8283
       1.385       0.1414
      0.4535      -0.3434
       2.009       0.3030
      0.1963      -0.7071
      0.1353      -0.8687
       2.009       0.3030
      0.2848      -0.5455
       1.262       0.1010
      0.1024       -0.990
       1.150      0.06060
      0.2595      -0.5859
      0.6579      -0.1818
      0.1789      -0.7475
      0.7925      -0.1010
      0.2595      -0.5859
       1.150      0.06060
      0.1485      -0.8283
      0.1485      -0.8283
      0.7925      -0.1010
      0.1789      -0.7475
      0.1024       -0.990
       2.205       0.3434
      0.2154      -0.6667
     0.04040       -1.394
       3.853       0.5859
     0.08500       -1.071
      0.3765      -0.4242
       1.150      0.06060
      0.3430      -0.4646
     0.07050       -1.151
      0.2364      -0.6263
      0.8697     -0.06060
       2.915       0.4646
      0.8697     -0.06060
      0.7221      -0.1414
      0.3765      -0.4242
      0.3126      -0.5051
     0.08500       -1.071
      0.8697     -0.06060
      0.2848      -0.5455
      0.2595      -0.5859
       1.048      0.02020
      0.8697     -0.06060
       3.511       0.5455
     0.05860       -1.232
      0.4535      -0.3434
       1.150      0.06060
      0.3765      -0.4242
      0.7221      -0.1414
      0.2364      -0.6263
      0.5462      -0.2626
      0.1353      -0.8687
       2.656       0.4242
      0.7221      -0.1414
       1.668       0.2222
      0.5995      -0.2222
      0.3430      -0.4646
       2.009       0.3030
      0.1123       -0.950
      0.3430      -0.4646
      0.5462      -0.2626
       1.520       0.1818
      0.3765      -0.4242
      0.3430      -0.4646
       0.955     -0.02020
       1.668       0.2222
     0.06430       -1.192
      0.8697     -0.06060
      0.2154      -0.6667
      0.7221      -0.1414
      0.6579      -0.1818
      0.1630      -0.7879
      0.5995      -0.2222
       2.420       0.3838
      0.1789      -0.7475
      0.1630      -0.7879
      0.1789      -0.7475
       1.385       0.1414
      0.7221      -0.1414
     0.05860       -1.232
      0.5995      -0.2222
     0.03350       -1.475
      0.8697     -0.06060
       1.520       0.1818
       2.009       0.3030
      0.1233       -0.909
      0.3765      -0.4242
       2.656       0.4242
      0.1789      -0.7475
       2.205       0.3434
      0.5995      -0.2222
       1.831       0.2626
      0.3126      -0.5051
      0.5995      -0.2222
      0.7925      -0.1010
      0.2154      -0.6667
      0.3430      -0.4646
       1.048      0.02020
       0.955     -0.02020
       2.915       0.4646
      0.7925      -0.1010
     0.08500       -1.071
      0.5995      -0.2222
      0.1630      -0.7879
     0.04860       -1.313
      0.4132      -0.3838
      0.2595      -0.5859
     0.06430       -1.192
      0.1233       -0.909
     0.04430       -1.354
      0.4535      -0.3434
      0.1630      -0.7879
       2.656       0.4242
      0.7221      -0.1414
      0.1024       -0.990
       1.520       0.1818
       3.853       0.5859
      0.2848      -0.5455
      0.3126      -0.5051
      0.3126      -0.5051
       1.520       0.1818
       1.831       0.2626
      0.2364      -0.6263
      0.3430      -0.4646
      0.1963      -0.7071
      0.1233       -0.909
       2.205       0.3434
      0.6579      -0.1818
       1.262       0.1010
     0.05340       -1.273
      0.4977      -0.3030
       2.009       0.3030
      0.5462      -0.2626
       1.262       0.1010
      0.3430      -0.4646
      0.3126      -0.5051
       1.150      0.06060
       1.385       0.1414
       0.955     -0.02020
      0.4535      -0.3434
      0.4977      -0.3030
       1.385       0.1414
      0.4132      -0.3838
      0.1233       -0.909
      0.6579      -0.1818
      0.1233       -0.909
      0.3765      -0.4242
      0.2595      -0.5859
      0.2364      -0.6263
      0.5995      -0.2222
      0.4977      -0.3030
     0.07050       -1.151
      0.7221      -0.1414
       1.262       0.1010
       1.520       0.1818
     0.07740       -1.111
      0.1789      -0.7475
      0.2364      -0.6263
       1.668       0.2222
       1.831       0.2626
      0.0933       -1.030
       1.262       0.1010
      0.2848      -0.5455
      0.7221      -0.1414
      0.5995      -0.2222
      0.2595      -0.5859
     0.03680       -1.434
      0.1485      -0.8283
      0.8697     -0.06060
      0.1963      -0.7071
      0.5995      -0.2222
      0.1485      -0.8283
      0.1233       -0.909
      0.1123       -0.950
      0.3430      -0.4646
       1.385       0.1414
      0.2595      -0.5859
      0.2595      -0.5859
      0.5995      -0.2222
       1.668       0.2222
      0.3765      -0.4242
       2.915       0.4646
      0.5995      -0.2222
      0.2595      -0.5859
      0.2154      -0.6667
      0.4132      -0.3838
      0.3126      -0.5051
       1.150      0.06060
      0.2848      -0.5455
      0.4535      -0.3434
      0.6579      -0.1818
       0.955     -0.02020
      0.4535      -0.3434
      0.2595      -0.5859
      0.8697     -0.06060
       2.205       0.3434
     0.07740       -1.111
      0.7221      -0.1414
      0.4535      -0.3434
      0.8697     -0.06060
       1.150      0.06060
      0.8697     -0.06060
      0.2848      -0.5455
      0.1963      -0.7071
      0.1485      -0.8283
      0.1024       -0.990
      0.5462      -0.2626
      0.2364      -0.6263
      0.2595      -0.5859
      0.3765      -0.4242
      0.3430      -0.4646
      0.4535      -0.3434
       1.385       0.1414
      0.7221      -0.1414
     0.07050       -1.151
      0.5462      -0.2626
       2.420       0.3838
      0.5995      -0.2222
     0.07740       -1.111
      0.6579      -0.1818
       1.048      0.02020
      0.4132      -0.3838
       1.520       0.1818
      0.6579      -0.1818
      0.2595      -0.5859
      0.1024       -0.990
      0.1485      -0.8283
       1.048      0.02020
       1.668       0.2222
       1.048      0.02020
       2.420       0.3838
      0.2595      -0.5859
     0.04860       -1.313
      0.4132      -0.3838
      0.3765      -0.4242
      0.1789      -0.7475
      0.7925      -0.1010
      0.2154      -0.6667
      0.5995      -0.2222
       2.205       0.3434
      0.7925      -0.1010
      0.2848      -0.5455
       1.150      0.06060
       1.262       0.1010
       1.668       0.2222
       3.511       0.5455
      0.8697     -0.06060
      0.4977      -0.3030
      0.2364      -0.6263
      0.1353      -0.8687
      0.1123       -0.950
       1.150      0.06060
       1.668       0.2222
       2.205       0.3434
     0.07740       -1.111
       2.205       0.3434
       3.199       0.5051
      0.3765      -0.4242
      0.2595      -0.5859
       1.385       0.1414
      0.7221      -0.1414
       1.385       0.1414
      0.3126      -0.5051
       2.009       0.3030
       1.668       0.2222
      0.1630      -0.7879
      0.8697     -0.06060
     0.03050       -1.515
     0.07050       -1.151
       1.150      0.06060
      0.2595      -0.5859
      0.2364      -0.6263
      0.1233       -0.909
       1.262       0.1010
     0.05860       -1.232
      0.3126      -0.5051
      0.1024       -0.990
      0.3126      -0.5051
      0.3126      -0.5051
       1.668       0.2222
      0.6579      -0.1818
      0.4132      -0.3838
      0.5995      -0.2222
      0.2595      -0.5859
      0.5995      -0.2222
      0.5462      -0.2626
      0.2364      -0.6263
       1.520       0.1818
       3.853       0.5859
      0.1233       -0.909
      0.1233       -0.909
     0.07740       -1.111
      0.4977      -0.3030
      0.5995      -0.2222
       0.955     -0.02020
      0.5462      -0.2626
      0.8697     -0.06060
      0.1789      -0.7475
      0.8697     -0.06060
       2.656       0.4242
      0.2154      -0.6667
      0.1024       -0.990
       1.150      0.06060
      0.3430      -0.4646
      0.2595      -0.5859
      0.2154      -0.6667
      0.3126      -0.5051
      0.1630      -0.7879
      0.7925      -0.1010
      0.2154      -0.6667
       3.511       0.5455
       1.831       0.2626
      0.5995      -0.2222
      0.5995      -0.2222
      0.4535      -0.3434
       2.656       0.4242
      0.5995      -0.2222
      0.5995      -0.2222
       1.262       0.1010
      0.8697     -0.06060
      0.7925      -0.1010
      0.4132      -0.3838
      0.2364      -0.6263
       1.831       0.2626
      0.3126      -0.5051
     0.04860       -1.313
       2.915       0.4646
      0.7925      -0.1010
      0.8697     -0.06060
       2.205       0.3434
       2.420       0.3838
     0.03680       -1.434
      0.5995      -0.2222
       1.668       0.2222
      0.3430      -0.4646
       1.385       0.1414
       2.656       0.4242
      0.6579      -0.1818
      0.2364      -0.6263
      0.7221      -0.1414
       1.831       0.2626
      0.5995      -0.2222
      0.1963      -0.7071
      0.7221      -0.1414
      0.1963      -0.7071
      0.1233       -0.909
      0.1123       -0.950
      0.6579      -0.1818
       1.048      0.02020
      0.4132      -0.3838
      0.2848      -0.5455
      0.2848      -0.5455
      0.2364      -0.6263
       2.656       0.4242
       1.150      0.06060
      0.0933       -1.030
      0.6579      -0.1818
      0.3765      -0.4242
      0.1789      -0.7475
      0.1963      -0.7071
     0.08500       -1.071
       1.668       0.2222
       1.831       0.2626
      0.2154      -0.6667
      0.2364      -0.6263
       1.048      0.02020
      0.2848      -0.5455
      0.8697     -0.06060
      0.3765      -0.4242
       1.668       0.2222
      0.2154      -0.6667
     0.04040       -1.394
      0.1353      -0.8687
       2.009       0.3030
      0.1963      -0.7071
      0.3126      -0.5051
      0.1233       -0.909
     0.08500       -1.071
      0.7221      -0.1414
      0.5995      -0.2222
      0.4535      -0.3434
      0.2154      -0.6667
      0.5995      -0.2222
      0.2848      -0.5455
      0.1024       -0.990
      0.7221      -0.1414
       2.205       0.3434
      0.2595      -0.5859
      0.1630      -0.7879
      0.4977      -0.3030
      0.3765      -0.4242
       1.385       0.1414
       0.955     -0.02020
       1.831       0.2626
       1.048      0.02020
       1.048      0.02020
       2.009       0.3030
      0.4535      -0.3434
      0.6579      -0.1818
      0.7221      -0.1414
       3.199       0.5051
      0.5462      -0.2626
      0.5995      -0.2222
       1.668       0.2222
      0.5995      -0.2222
       1.668       0.2222
     0.07740       -1.111
       2.915       0.4646
      0.6579      -0.1818
      0.4132      -0.3838
      0.3430      -0.4646
      0.8697     -0.06060
      0.1963      -0.7071
      0.1789      -0.7475
     0.04430       -1.354
      0.1123       -0.950
      0.4535      -0.3434
       1.262       0.1010
       1.385       0.1414
       2.420       0.3838
      0.3126      -0.5051
      0.1353      -0.8687
      0.1789      -0.7475
       2.009       0.3030
      0.2154      -0.6667
       1.150      0.06060
       1.262       0.1010
      0.7221      -0.1414
      0.3126      -0.5051
      0.5995      -0.2222
       2.205       0.3434
       2.205       0.3434
      0.2595      -0.5859
       2.656       0.4242
      0.7221      -0.1414
      0.4132      -0.3838
       2.009       0.3030
      0.1024       -0.990
       1.831       0.2626
      0.1123       -0.950
      0.3765      -0.4242
       1.048      0.02020
       1.150      0.06060
      0.2848      -0.5455
      0.1485      -0.8283
      0.8697     -0.06060
       1.048      0.02020
      0.5462      -0.2626
      0.4535      -0.3434
      0.3126      -0.5051
       2.915       0.4646
       1.831       0.2626
      0.7925      -0.1010
      0.1123       -0.950
      0.2848      -0.5455
      0.1963      -0.7071
      0.7925      -0.1010
     0.07740       -1.111
      0.5995      -0.2222
      0.2364      -0.6263
      0.6579      -0.1818
      0.8697     -0.06060
      0.2595      -0.5859
      0.4977      -0.3030
       1.520       0.1818
     0.04860       -1.313
      0.2595      -0.5859
      0.5995      -0.2222
      0.1630      -0.7879
      0.2848      -0.5455
       0.955     -0.02020
       1.668       0.2222
       2.656       0.4242
       1.668       0.2222
      0.2154      -0.6667
      0.5995      -0.2222
      0.1963      -0.7071
       2.915       0.4646
       1.831       0.2626
      0.1963      -0.7071
      0.4132      -0.3838
      0.1630      -0.7879
     0.03350       -1.475
      0.1789      -0.7475
      0.8697     -0.06060
      0.1123       -0.950
      0.3430      -0.4646
      0.8697     -0.06060
       1.668       0.2222
      0.3430      -0.4646
      0.2595      -0.5859
      0.1963      -0.7071
     0.06430       -1.192
      0.5995      -0.2222
      0.3430      -0.4646
      0.4977      -0.3030
      0.1024       -0.990
       1.831       0.2626
      0.5462      -0.2626
       1.150      0.06060
      0.3126      -0.5051
      0.8697     -0.06060
       1.262       0.1010
     0.08500       -1.071
      0.3126      -0.5051
     0.03680       -1.434
      0.4977      -0.3030
       2.009       0.3030
      0.7221      -0.1414
      0.1024       -0.990
      0.3430      -0.4646
       1.150      0.06060
      0.8697     -0.06060
      0.1024       -0.990
       0.955     -0.02020
       1.520       0.1818
       1.668       0.2222
      0.6579      -0.1818
       1.520       0.1818
      0.4132      -0.3838
       1.520       0.1818
       1.831       0.2626
       1.262       0.1010
       1.150      0.06060
     0.07050       -1.151
       1.262       0.1010
       1.668       0.2222
       1.385       0.1414
      0.4977      -0.3030
      0.3765      -0.4242
      0.3126      -0.5051
       3.853       0.5859
      0.1123       -0.950
      0.2595      -0.5859
      0.1233       -0.909
       1.262       0.1010
       1.048      0.02020
       1.668       0.2222
      0.1789      -0.7475
      0.2595      -0.5859
      0.6579      -0.1818
       1.048      0.02020
      0.3765      -0.4242
      0.0933       -1.030
       1.385       0.1414
       1.048      0.02020
      0.4535      -0.3434
      0.6579      -0.1818
      0.3765      -0.4242
       0.955     -0.02020
      0.3765      -0.4242
       1.150      0.06060
       1.150      0.06060
      0.2848      -0.5455
       1.262       0.1010
     0.05340       -1.273
       1.048      0.02020
      0.2848      -0.5455
      0.2364      -0.6263
      0.4535      -0.3434
      0.1353      -0.8687
      0.2848      -0.5455
       3.511       0.5455
      0.8697     -0.06060
      0.3765      -0.4242
       1.668       0.2222
      0.2154      -0.6667
      0.2154      -0.6667
      0.3126      -0.5051
      0.5462      -0.2626
     0.08500       -1.071
       2.915       0.4646
       1.385       0.1414
      0.1630      -0.7879
       2.205       0.3434
       1.048      0.02020
      0.7221      -0.1414
      0.3430      -0.4646
       1.668       0.2222
      0.7925      -0.1010
       2.420       0.3838
      0.0933       -1.030
     0.08500       -1.071
       1.385       0.1414
      0.3765      -0.4242
     0.04040       -1.394
      0.1963      -0.7071
       0.955     -0.02020
      0.3126      -0.5051
      0.7221      -0.1414
       1.048      0.02020
      0.7925      -0.1010
      0.1630      -0.7879
       1.262       0.1010
      0.1123       -0.950
      0.4132      -0.3838
     0.04430       -1.354
       1.831       0.2626
       1.048      0.02020
      0.1963      -0.7071
      0.1963      -0.7071
      0.1963      -0.7071
      0.1123       -0.950
     0.07740       -1.111
      0.1233       -0.909
      0.1485      -0.8283
      0.3765      -0.4242
       2.205       0.3434
      0.2364      -0.6263
      0.1789      -0.7475
      0.1789      -0.7475
       0.955     -0.02020
      0.1233       -0.909
       1.262       0.1010
      0.1485      -0.8283
      0.2364      -0.6263
      0.1485      -0.8283
      0.5995      -0.2222
      0.4132      -0.3838
      0.2595      -0.5859
     0.07050       -1.151
      0.2595      -0.5859
       1.520       0.1818
       0.955     -0.02020
      0.4977      -0.3030
       1.385       0.1414
       1.150      0.06060
      0.1233       -0.909
      0.6579      -0.1818
      0.1630      -0.7879
       1.048      0.02020
       1.150      0.06060
       1.048      0.02020
     0.03050       -1.515
      0.1630      -0.7879
      0.1963      -0.7071
      0.1963      -0.7071
     0.04040       -1.394
      0.7925      -0.1010
       2.009       0.3030
      0.5462      -0.2626
      0.4535      -0.3434
     0.07050       -1.151
      0.4977      -0.3030
      0.7925      -0.1010
      0.8697     -0.06060
       1.150      0.06060
       1.385       0.1414
       1.668       0.2222
      0.7221      -0.1414
       1.520       0.1818
      0.4132      -0.3838
       3.199       0.5051
      0.0933       -1.030
      0.7221      -0.1414
       0.955     -0.02020
      0.8697     -0.06060
      0.8697     -0.06060
     0.02780       -1.556
       3.511       0.5455
      0.3126      -0.5051
      0.1123       -0.950
       1.262       0.1010
      0.1233       -0.909
       2.205       0.3434
     0.07740       -1.111
      0.1630      -0.7879
      0.4977      -0.3030
      0.4132      -0.3838
       1.048      0.02020
       1.262       0.1010
      0.2848      -0.5455
       0.955     -0.02020
      0.2595      -0.5859
     0.02780       -1.556
       1.831       0.2626
      0.8697     -0.06060
      0.3126      -0.5051
       2.009       0.3030
      0.7925      -0.1010
      0.1963      -0.7071
      0.1123       -0.950
      0.1233       -0.909
       1.048      0.02020
       1.048      0.02020
       0.955     -0.02020
       1.262       0.1010
      0.2848      -0.5455
      0.2848      -0.5455
      0.8697     -0.06060
       4.229       0.6263
      0.3430      -0.4646
      0.5995      -0.2222
       2.915       0.4646
       2.205       0.3434
      0.7925      -0.1010
      0.4977      -0.3030
       1.831       0.2626
      0.1024       -0.990
      0.7925      -0.1010
      0.1963      -0.7071
      0.8697     -0.06060
      0.1789      -0.7475
       1.150      0.06060
       2.205       0.3434
      0.5462      -0.2626
      0.5462      -0.2626
      0.7221      -0.1414
      0.5995      -0.2222
       1.150      0.06060
       1.520       0.1818
       1.048      0.02020
      0.2154      -0.6667
       2.915       0.4646
      0.4535      -0.3434
      0.4535      -0.3434
      0.2154      -0.6667
     0.04040       -1.394
       2.205       0.3434
       1.520       0.1818
       1.385       0.1414
       1.150      0.06060
       1.048      0.02020
       1.048      0.02020
      0.5462      -0.2626
      0.1353      -0.8687
       0.955     -0.02020
      0.1123       -0.950
      0.7925      -0.1010
      0.6579      -0.1818
       2.205       0.3434
      0.3430      -0.4646
       1.262       0.1010
      0.1233       -0.909
       3.199       0.5051
      0.5995      -0.2222
      0.4132      -0.3838
      0.8697     -0.06060
       0.955     -0.02020
     0.05860       -1.232
      0.4535      -0.3434
       1.262       0.1010
      0.3430      -0.4646
      0.1485      -0.8283
      0.2154      -0.6667
      0.6579      -0.1818
     0.05340       -1.273
      0.1789      -0.7475
      0.1233       -0.909
       0.955     -0.02020
       1.520       0.1818
      0.4535      -0.3434
      0.7221      -0.1414
      0.3765      -0.4242
      0.2154      -0.6667
       1.668       0.2222
     0.08500       -1.071
      0.2595      -0.5859
      0.6579      -0.1818
      0.7925      -0.1010
       0.955     -0.02020
      0.3765      -0.4242
      0.3126      -0.5051
      0.5462      -0.2626
      0.2154      -0.6667
      0.4132      -0.3838
     0.04430       -1.354
      0.5462      -0.2626
      0.3126      -0.5051
      0.5995      -0.2222
      0.2595      -0.5859
      0.2848      -0.5455
      0.1630      -0.7879
      0.7925      -0.1010
      0.2848      -0.5455
      0.1024       -0.990
       1.048      0.02020
      0.2364      -0.6263
      0.3765      -0.4242
       1.668       0.2222
      0.2848      -0.5455
      0.6579      -0.1818
      0.1233       -0.909
      0.2154      -0.6667
       2.420       0.3838
      0.2364      -0.6263
      0.7221      -0.1414
       1.150      0.06060
      0.2364      -0.6263
      0.5995      -0.2222
      0.7221      -0.1414
       1.520       0.1818
      0.4535      -0.3434
       1.520       0.1818
      0.1789      -0.7475
      0.3765      -0.4242
       3.199       0.5051
      0.8697     -0.06060
      0.3430      -0.4646
     0.08500       -1.071
      0.4132      -0.3838
       0.955     -0.02020
       1.385       0.1414
      0.1353      -0.8687
      0.2848      -0.5455
      0.5462      -0.2626
       1.262       0.1010
       1.385       0.1414
     0.06430       -1.192
       1.048      0.02020
      0.4977      -0.3030
       1.520       0.1818
     0.06430       -1.192
      0.6579      -0.1818
       1.262       0.1010
       2.656       0.4242
      0.3765      -0.4242
      0.4977      -0.3030
      0.1789      -0.7475
      0.7221      -0.1414
       1.262       0.1010
      0.5462      -0.2626
      0.2595      -0.5859
      0.1353      -0.8687
      0.2154      -0.6667
       1.831       0.2626
       3.853       0.5859
       1.048      0.02020
