Smooth Results
3
Z-value
Log10 Z-value
P-value
    0.0100    -2.0000  0.000000
    0.0110    -1.9596  0.000000
    0.0120    -1.9192  0.000000
    0.0132    -1.8788  0.000000
    0.0145    -1.8384  0.000000
    0.0159    -1.7980  0.000000
    0.0175    -1.7576  0.000000
    0.0192    -1.7172  0.000000
    0.0210    -1.6768  0.000000
    0.0231    -1.6364  0.000000
    0.0254    -1.5960  0.000000
    0.0278    -1.5556  0.000000
    0.0305    -1.5152  0.000000
    0.0335    -1.4747  0.000000
    0.0368    -1.4343  0.000000
    0.0404    -1.3939  0.000000
    0.0443    -1.3535  0.000000
    0.0486    -1.3131  0.000000
    0.0534    -1.2727  0.000000
    0.0586    -1.2323  0.000000
    0.0643    -1.1919  0.000000
    0.0705    -1.1515  0.000000
    0.0774    -1.1111  0.000000
    0.0850    -1.0707  0.000000
    0.0933    -1.0303  0.000001
    0.1024    -0.9899  0.000250
    0.1123    -0.9495  0.000638
    0.1233    -0.9091  0.001135
    0.1353    -0.8687  0.001750
    0.1485    -0.8283  0.002501
    0.1630    -0.7879  0.003395
    0.1789    -0.7475  0.004389
    0.1963    -0.7071  0.005466
    0.2154    -0.6667  0.006608
    0.2364    -0.6263  0.007802
    0.2595    -0.5859  0.009040
    0.2848    -0.5455  0.010266
    0.3126    -0.5051  0.011498
    0.3430    -0.4646  0.012679
    0.3765    -0.4242  0.013806
    0.4132    -0.3838  0.014928
    0.4535    -0.3434  0.015912
    0.4977    -0.3030  0.016819
    0.5462    -0.2626  0.017608
    0.5995    -0.2222  0.018234
    0.6579    -0.1818  0.018873
    0.7221    -0.1414  0.019447
    0.7925    -0.1010  0.019951
    0.8697    -0.0606  0.020290
    0.9545    -0.0202  0.020744
    1.0476     0.0202  0.021204
    1.1498     0.0606  0.021650
    1.2619     0.1010  0.022114
    1.3849     0.1414  0.022640
    1.5199     0.1818  0.023155
    1.6681     0.2222  0.023655
    1.8307     0.2626  0.024166
    2.0092     0.3030  0.024791
    2.2051     0.3434  0.025277
    2.4201     0.3838  0.025716
    2.6561     0.4242  0.026153
    2.9151     0.4646  0.026471
    3.1993     0.5051  0.026733
    3.5112     0.5455  0.026914
    3.8535     0.5859  0.026948
    4.2292     0.6263  0.026868
    4.6416     0.6667  0.026642
    5.0941     0.7071  0.026518
    5.5908     0.7475  0.026002
    6.1359     0.7879  0.025357
    6.7342     0.8283  0.024571
    7.3907     0.8687  0.023623
    8.1113     0.9091  0.022534
    8.9022     0.9495  0.021272
    9.7701     0.9899  0.020134
   10.7227     1.0303  0.018619
   11.7681     1.0707  0.016997
   12.9155     1.1111  0.015325
   14.1747     1.1515  0.013563
   15.5568     1.1919  0.011794
   17.0735     1.2323  0.009988
   18.7382     1.2727  0.008250
   20.5651     1.3131  0.006594
   22.5702     1.3535  0.005041
   24.7708     1.3939  0.003668
   27.1859     1.4343  0.002514
   29.8365     1.4747  0.001552
   32.7455     1.5152  0.000778
   35.9381     1.5556  0.000178
   39.4421     1.5960  0.000000
   43.2876     1.6364  0.000000
   47.5081     1.6768  0.000000
   52.1401     1.7172  0.000000
   57.2237     1.7576  0.000000
   62.8029     1.7980  0.000000
   68.9261     1.8384  0.000000
   75.6463     1.8788  0.000000
   83.0218     1.9192  0.000000
   91.1163     1.9596  0.000000
  100.0000     2.0000  0.000000
