Smooth Results
3
Z-value
Log10 Z-value
P-value
    0.0100    -2.0000  0.000380
    0.0110    -1.9596  0.000261
    0.0120    -1.9192  0.000539
    0.0132    -1.8788  0.000489
    0.0145    -1.8384  0.000365
    0.0159    -1.7980  0.000573
    0.0175    -1.7576  0.000371
    0.0192    -1.7172  0.000609
    0.0210    -1.6768  0.000522
    0.0231    -1.6364  0.000678
    0.0254    -1.5960  0.000690
    0.0278    -1.5556  0.000663
    0.0305    -1.5152  0.001043
    0.0335    -1.4747  0.000974
    0.0368    -1.4343  0.001353
    0.0404    -1.3939  0.001415
    0.0443    -1.3535  0.001537
    0.0486    -1.3131  0.001743
    0.0534    -1.2727  0.001992
    0.0586    -1.2323  0.002523
    0.0643    -1.1919  0.002866
    0.0705    -1.1515  0.003126
    0.0774    -1.1111  0.003712
    0.0850    -1.0707  0.004236
    0.0933    -1.0303  0.004571
    0.1024    -0.9899  0.005265
    0.1123    -0.9495  0.005839
    0.1233    -0.9091  0.006211
    0.1353    -0.8687  0.006646
    0.1485    -0.8283  0.007395
    0.1630    -0.7879  0.008018
    0.1789    -0.7475  0.008454
    0.1963    -0.7071  0.009112
    0.2154    -0.6667  0.009666
    0.2364    -0.6263  0.010304
    0.2595    -0.5859  0.010611
    0.2848    -0.5455  0.011160
    0.3126    -0.5051  0.011733
    0.3430    -0.4646  0.011844
    0.3765    -0.4242  0.012596
    0.4132    -0.3838  0.013137
    0.4535    -0.3434  0.013566
    0.4977    -0.3030  0.014273
    0.5462    -0.2626  0.014846
    0.5995    -0.2222  0.015433
    0.6579    -0.1818  0.016129
    0.7221    -0.1414  0.016778
    0.7925    -0.1010  0.017518
    0.8697    -0.0606  0.018053
    0.9545    -0.0202  0.018732
    1.0476     0.0202  0.019253
    1.1498     0.0606  0.019787
    1.2619     0.1010  0.020433
    1.3849     0.1414  0.020949
    1.5199     0.1818  0.021431
    1.6681     0.2222  0.022001
    1.8307     0.2626  0.022583
    2.0092     0.3030  0.022995
    2.2051     0.3434  0.023550
    2.4201     0.3838  0.024121
    2.6561     0.4242  0.024436
    2.9151     0.4646  0.024726
    3.1993     0.5051  0.025114
    3.5112     0.5455  0.025172
    3.8535     0.5859  0.024906
    4.2292     0.6263  0.024834
    4.6416     0.6667  0.024552
    5.0941     0.7071  0.024157
    5.5908     0.7475  0.023557
    6.1359     0.7879  0.023180
    6.7342     0.8283  0.022443
    7.3907     0.8687  0.021451
    8.1113     0.9091  0.020410
    8.9022     0.9495  0.019495
    9.7701     0.9899  0.018141
   10.7227     1.0303  0.016640
   11.7681     1.0707  0.014921
   12.9155     1.1111  0.013358
   14.1747     1.1515  0.011703
   15.5568     1.1919  0.010040
   17.0735     1.2323  0.008429
   18.7382     1.2727  0.006925
   20.5651     1.3131  0.005517
   22.5702     1.3535  0.004284
   24.7708     1.3939  0.003220
   27.1859     1.4343  0.002395
   29.8365     1.4747  0.001656
   32.7455     1.5152  0.001186
   35.9381     1.5556  0.000806
   39.4421     1.5960  0.000755
   43.2876     1.6364  0.000599
   47.5081     1.6768  0.000441
   52.1401     1.7172  0.000442
   57.2237     1.7576  0.000479
   62.8029     1.7980  0.000296
   68.9261     1.8384  0.000598
   75.6463     1.8788  0.000215
   83.0218     1.9192  0.000389
   91.1163     1.9596  0.000216
  100.0000     2.0000  0.000262
