%!PS                                 %    Remove     
90 234 translate 1.5 1.5 scale       %  these lines  
                                     % for EPSF file 
%!PS-Adobe-3.0 EPSF-3.0
%%BoundingBox: 0 0 288 216
%%Creator: GSLIB
%%Title:   Clustered Data      
%%CreationDate: 
%%EndComments


%
%
%

/m {moveto} def /l {lineto} def /r {rlineto} def
/s {stroke} def /n {newpath} def /c {closepath} def
/rtext{ dup stringwidth pop -1 div 0 rmoveto show } def
/ctext{ dup stringwidth pop -2 div 0 rmoveto show } def
/ltext{show} def /gr{grestore} def /gs{gsave} def
/tr{translate} def /setc{setrgbcolor} def
/bullet{ 6 0 360 arc c fill } def


%72 72 translate


0.240000 0.240000 scale
/Helvetica             findfont   31 scalefont setfont
   38   501 translate
   90 rotate
    0     0 m
(Cumulative Probability) ctext
  -90 rotate
  -38  -501 translate
  690    16 m
(Primary) ctext
/Helvetica-BoldOblique findfont   37 scalefont setfont
  188   881 m
(Clustered Data) ltext
 2.917 setlinewidth
n
  188   128 m
  188   874 l
 1191   874 l
 1191   128 l
  188   128 l
s
 1.667 setlinewidth
n
  188   128 m
 1191   128 l
s
/Helvetica             findfont   29 scalefont setfont
  178   121 m
(0.01) rtext
n
  188   191 m
 1191   191 l
s
  178   184 m
(0.1) rtext
n
  188   212 m
 1191   212 l
s
  178   205 m
(0.2) rtext
n
  188   268 m
 1191   268 l
s
  178   260 m
(1) rtext
n
  188   295 m
 1191   295 l
s
  178   288 m
(2) rtext
n
  188   336 m
 1191   336 l
s
  178   329 m
(5) rtext
n
  188   372 m
 1191   372 l
s
  178   365 m
(10) rtext
n
  188   417 m
 1191   417 l
s
  178   409 m
(20) rtext
n
  188   448 m
 1191   448 l
s
  178   441 m
(30) rtext
n
  188   476 m
 1191   476 l
s
  178   468 m
(40) rtext
n
  188   501 m
 1191   501 l
s
  178   493 m
(50) rtext
n
  188   526 m
 1191   526 l
s
  178   519 m
(60) rtext
n
  188   554 m
 1191   554 l
s
  178   546 m
(70) rtext
n
  188   585 m
 1191   585 l
s
  178   578 m
(80) rtext
n
  188   629 m
 1191   629 l
s
  178   622 m
(90) rtext
n
  188   666 m
 1191   666 l
s
  178   658 m
(95) rtext
n
  188   707 m
 1191   707 l
s
  178   699 m
(98) rtext
n
  188   734 m
 1191   734 l
s
  178   727 m
(99) rtext
n
  188   789 m
 1191   789 l
s
  178   782 m
(99.8) rtext
n
  188   811 m
 1191   811 l
s
  178   803 m
(99.9) rtext
n
  188   874 m
 1191   874 l
s
  178   866 m
(99.99) rtext
  188    90 m
(0.010) ctext
n
  188   128 m
  188   874 l
s
n
  264   128 m
  264   874 l
s
n
  308   128 m
  308   874 l
s
n
  339   128 m
  339   874 l
s
n
  363   128 m
  363   874 l
s
n
  383   128 m
  383   874 l
s
n
  400   128 m
  400   874 l
s
n
  414   128 m
  414   874 l
s
n
  427   128 m
  427   874 l
s
  439    90 m
(0.100) ctext
n
  439   128 m
  439   874 l
s
n
  514   128 m
  514   874 l
s
n
  558   128 m
  558   874 l
s
n
  590   128 m
  590   874 l
s
n
  614   128 m
  614   874 l
s
n
  634   128 m
  634   874 l
s
n
  651   128 m
  651   874 l
s
n
  665   128 m
  665   874 l
s
n
  678   128 m
  678   874 l
s
  690    90 m
(1.00) ctext
n
  690   128 m
  690   874 l
s
n
  765   128 m
  765   874 l
s
n
  809   128 m
  809   874 l
s
n
  840   128 m
  840   874 l
s
n
  865   128 m
  865   874 l
s
n
  885   128 m
  885   874 l
s
n
  901   128 m
  901   874 l
s
n
  916   128 m
  916   874 l
s
n
  929   128 m
  929   874 l
s
  940    90 m
(10.0) ctext
n
  940   128 m
  940   874 l
s
n
 1016   128 m
 1016   874 l
s
n
 1060   128 m
 1060   874 l
s
n
 1091   128 m
 1091   874 l
s
n
 1115   128 m
 1115   874 l
s
n
 1135   128 m
 1135   874 l
s
n
 1152   128 m
 1152   874 l
s
n
 1167   128 m
 1167   874 l
s
n
 1179   128 m
 1179   874 l
s
 1191    90 m
(100.) ctext
n 0383 0243 bullet
n 0404 0284 bullet
n 0427 0305 bullet
n 0433 0320 bullet
n 0439 0331 bullet
n 0449 0341 bullet
n 0479 0350 bullet
n 0491 0357 bullet
n 0500 0364 bullet
n 0508 0370 bullet
n 0509 0376 bullet
n 0521 0381 bullet
n 0536 0386 bullet
n 0548 0391 bullet
n 0551 0395 bullet
n 0563 0400 bullet
n 0568 0404 bullet
n 0572 0408 bullet
n 0572 0412 bullet
n 0591 0415 bullet
n 0604 0419 bullet
n 0615 0423 bullet
n 0631 0426 bullet
n 0641 0429 bullet
n 0647 0433 bullet
n 0659 0436 bullet
n 0666 0439 bullet
n 0670 0442 bullet
n 0676 0445 bullet
n 0681 0448 bullet
n 0682 0451 bullet
n 0685 0454 bullet
n 0688 0456 bullet
n 0690 0459 bullet
n 0694 0462 bullet
n 0701 0465 bullet
n 0710 0467 bullet
n 0713 0470 bullet
n 0721 0473 bullet
n 0723 0475 bullet
n 0724 0478 bullet
n 0729 0480 bullet
n 0746 0483 bullet
n 0748 0486 bullet
n 0753 0488 bullet
n 0755 0491 bullet
n 0760 0493 bullet
n 0764 0496 bullet
n 0772 0498 bullet
n 0775 0501 bullet
n 0779 0503 bullet
n 0782 0506 bullet
n 0782 0509 bullet
n 0788 0511 bullet
n 0790 0514 bullet
n 0791 0516 bullet
n 0799 0519 bullet
n 0800 0521 bullet
n 0803 0524 bullet
n 0806 0527 bullet
n 0808 0529 bullet
n 0810 0532 bullet
n 0816 0535 bullet
n 0821 0537 bullet
n 0825 0540 bullet
n 0828 0543 bullet
n 0829 0546 bullet
n 0830 0548 bullet
n 0840 0551 bullet
n 0854 0554 bullet
n 0862 0557 bullet
n 0865 0560 bullet
n 0868 0563 bullet
n 0871 0566 bullet
n 0873 0569 bullet
n 0876 0573 bullet
n 0885 0576 bullet
n 0892 0579 bullet
n 0902 0583 bullet
n 0910 0586 bullet
n 0913 0590 bullet
n 0915 0594 bullet
n 0917 0598 bullet
n 0922 0602 bullet
n 0925 0606 bullet
n 0928 0611 bullet
n 0930 0616 bullet
n 0930 0621 bullet
n 0933 0626 bullet
n 0942 0632 bullet
n 0947 0638 bullet
n 0965 0645 bullet
n 0990 0652 bullet
n 0997 0661 bullet
n 1008 0670 bullet
n 1011 0682 bullet
n 1017 0697 bullet
n 1025 0718 bullet
n 1118 0759 bullet
%END OF POSTSCRIPT FILE
4.166667 4.166667 scale

%%EOF
showpage
